#
# There is insufficient memory for the Java Runtime Environment to continue.
# Native memory allocation (malloc) failed to allocate 670336 bytes. Error detail: Chunk::new
# Possible reasons:
#   The system is out of physical RAM or swap space
#   This process is running with CompressedOops enabled, and the Java Heap may be blocking the growth of the native heap
# Possible solutions:
#   Reduce memory load on the system
#   Increase physical memory or swap space
#   Check if swap backing store is full
#   Decrease Java heap size (-Xmx/-Xms)
#   Decrease number of Java threads
#   Decrease Java thread stack sizes (-Xss)
#   Set larger code cache with -XX:ReservedCodeCacheSize=
#   JVM is running with Unscaled Compressed Oops mode in which the Java heap is
#     placed in the first 4GB address space. The Java Heap base address is the
#     maximum limit for the native heap growth. Please use -XX:HeapBaseMinAddress
#     to set the Java Heap base and to place the Java Heap above 4GB virtual address.
# This output file may be truncated or incomplete.
#
#  Out of Memory Error (arena.cpp:168), pid=10112, tid=14964
#
# JRE version: OpenJDK Runtime Environment Temurin-21.0.10+7 (21.0.10+7) (build 21.0.10+7-LTS)
# Java VM: OpenJDK 64-Bit Server VM Temurin-21.0.10+7 (21.0.10+7-LTS, mixed mode, sharing, tiered, compressed oops, compressed class ptrs, parallel gc, windows-amd64)
# No core dump will be written. Minidumps are not enabled by default on client versions of Windows
#

---------------  S U M M A R Y ------------

Command Line: --add-modules=ALL-SYSTEM --add-opens=java.base/java.util=ALL-UNNAMED --add-opens=java.base/java.lang=ALL-UNNAMED --add-opens=java.base/sun.nio.fs=ALL-UNNAMED -Declipse.application=org.eclipse.jdt.ls.core.id1 -Dosgi.bundles.defaultStartLevel=4 -Declipse.product=org.eclipse.jdt.ls.core.product -Djava.import.generatesMetadataFilesAtProjectRoot=false -DDetectVMInstallationsJob.disabled=true -Dfile.encoding=utf8 -XX:+UseParallelGC -XX:GCTimeRatio=4 -XX:AdaptiveSizePolicyWeight=90 -Dsun.zip.disableMemoryMapping=true -Xmx2G -Xms100m -Xlog:disable -javaagent:c:\Users\haria\.vscode\extensions\redhat.java-1.54.0-win32-x64\lombok\lombok-1.18.39-4050.jar c:\Users\haria\.vscode\extensions\redhat.java-1.54.0-win32-x64\server\plugins\org.eclipse.equinox.launcher_1.7.100.v20251111-0406.jar -configuration c:\Users\haria\AppData\Roaming\Code\User\globalStorage\redhat.java\1.54.0\config_ss_win -data c:\Users\haria\AppData\Roaming\Code\User\workspaceStorage\b368a157e7aa87000e8219b57c792138\redhat.java\ss_ws --pipe=\\.\pipe\lsp-42eb940bd050b693021744a98e91409f-sock

Host: 11th Gen Intel(R) Core(TM) i3-1115G4 @ 3.00GHz, 4 cores, 7G,  Windows 11 , 64 bit Build 22621 (10.0.22621.5262)
Time: Mon Jun  1 16:13:24 2026 India Standard Time elapsed time: 9.719524 seconds (0d 0h 0m 9s)

---------------  T H R E A D  ---------------

Current thread (0x000002015f045e70):  JavaThread "C2 CompilerThread0" daemon [_thread_in_native, id=14964, stack(0x000000f0b7200000,0x000000f0b7300000) (1024K)]


Current CompileTask:
C2:9719 5445 %     4       org.lombokweb.asm.ClassReader::readCode @ 92 (5117 bytes)

Stack: [0x000000f0b7200000,0x000000f0b7300000]
Native frames: (J=compiled Java code, j=interpreted, Vv=VM code, C=native code)
V  [jvm.dll+0x6d7a39]
V  [jvm.dll+0x8b4b26]
V  [jvm.dll+0x8b70de]
V  [jvm.dll+0x8b77c3]
V  [jvm.dll+0x284346]
V  [jvm.dll+0xc66ed]
V  [jvm.dll+0xc6c31]
V  [jvm.dll+0x2fb29e]
V  [jvm.dll+0x5fe884]
V  [jvm.dll+0x255b17]
V  [jvm.dll+0x24e12a]
V  [jvm.dll+0x24ba42]
V  [jvm.dll+0x1cb34e]
V  [jvm.dll+0x25b85d]
V  [jvm.dll+0x259dea]
V  [jvm.dll+0x3f857e]
V  [jvm.dll+0x85f59d]
V  [jvm.dll+0x6d626d]
C  [ucrtbase.dll+0x29333]
C  [KERNEL32.DLL+0x1259d]
C  [ntdll.dll+0x5af58]


---------------  P R O C E S S  ---------------

Threads class SMR info:
_java_thread_list=0x000002017bbbc310, length=40, elements={
0x000002015f147420, 0x000002015f035380, 0x000002015f1dca50, 0x000002015f1de0d0,
0x000002015f03b640, 0x000002015f03c360, 0x000002015f03f4b0, 0x000002015f045e70,
0x000002015f085110, 0x0000020176867570, 0x00000201769a2ad0, 0x000002017b7073d0,
0x000002017b6c0830, 0x000002017b66bd50, 0x000002017b34e6e0, 0x000002017b9a9430,
0x000002017b564a30, 0x000002017b9da5c0, 0x000002017b533740, 0x000002017b5330b0,
0x000002017b535810, 0x000002017b535ea0, 0x000002017b533dd0, 0x000002017b536530,
0x000002017b534460, 0x000002017b534af0, 0x000002017b535180, 0x000002017cc12590,
0x000002017cc17ae0, 0x000002017cc14660, 0x000002017cc18170, 0x000002017cc16dc0,
0x000002017cc15a10, 0x000002017cc14cf0, 0x000002017cc13fd0, 0x000002017cc11870,
0x000002017cc17450, 0x000002017c531000, 0x000002017cc16730, 0x000002017cc12c20
}

Java Threads: ( => current thread )
  0x000002015f147420 JavaThread "main"                              [_thread_blocked, id=10808, stack(0x000000f0b6800000,0x000000f0b6900000) (1024K)]
  0x000002015f035380 JavaThread "Reference Handler"          daemon [_thread_blocked, id=15692, stack(0x000000f0b6c00000,0x000000f0b6d00000) (1024K)]
  0x000002015f1dca50 JavaThread "Finalizer"                  daemon [_thread_blocked, id=4880, stack(0x000000f0b6d00000,0x000000f0b6e00000) (1024K)]
  0x000002015f1de0d0 JavaThread "Signal Dispatcher"          daemon [_thread_blocked, id=14664, stack(0x000000f0b6e00000,0x000000f0b6f00000) (1024K)]
  0x000002015f03b640 JavaThread "Attach Listener"            daemon [_thread_blocked, id=2444, stack(0x000000f0b6f00000,0x000000f0b7000000) (1024K)]
  0x000002015f03c360 JavaThread "Service Thread"             daemon [_thread_blocked, id=1640, stack(0x000000f0b7000000,0x000000f0b7100000) (1024K)]
  0x000002015f03f4b0 JavaThread "Monitor Deflation Thread"   daemon [_thread_blocked, id=1604, stack(0x000000f0b7100000,0x000000f0b7200000) (1024K)]
=>0x000002015f045e70 JavaThread "C2 CompilerThread0"         daemon [_thread_in_native, id=14964, stack(0x000000f0b7200000,0x000000f0b7300000) (1024K)]
  0x000002015f085110 JavaThread "C1 CompilerThread0"         daemon [_thread_blocked, id=11248, stack(0x000000f0b7300000,0x000000f0b7400000) (1024K)]
  0x0000020176867570 JavaThread "Common-Cleaner"             daemon [_thread_blocked, id=11236, stack(0x000000f0b7400000,0x000000f0b7500000) (1024K)]
  0x00000201769a2ad0 JavaThread "Notification Thread"        daemon [_thread_blocked, id=14700, stack(0x000000f0b7500000,0x000000f0b7600000) (1024K)]
  0x000002017b7073d0 JavaThread "Active Thread: Equinox Container: 99a9b1f5-a2d1-49d4-84ba-591d7dbab8f6"        [_thread_blocked, id=7740, stack(0x000000f0b7a00000,0x000000f0b7b00000) (1024K)]
  0x000002017b6c0830 JavaThread "Framework Event Dispatcher: Equinox Container: 99a9b1f5-a2d1-49d4-84ba-591d7dbab8f6" daemon [_thread_blocked, id=9244, stack(0x000000f0b7b00000,0x000000f0b7c00000) (1024K)]
  0x000002017b66bd50 JavaThread "Start Level: Equinox Container: 99a9b1f5-a2d1-49d4-84ba-591d7dbab8f6" daemon [_thread_blocked, id=5684, stack(0x000000f0b7c00000,0x000000f0b7d00000) (1024K)]
  0x000002017b34e6e0 JavaThread "SCR Component Actor"        daemon [_thread_blocked, id=9508, stack(0x000000f0b7600000,0x000000f0b7700000) (1024K)]
  0x000002017b9a9430 JavaThread "Worker-JM"                         [_thread_blocked, id=3272, stack(0x000000f0b7d00000,0x000000f0b7e00000) (1024K)]
  0x000002017b564a30 JavaThread "JNA Cleaner"                daemon [_thread_blocked, id=15792, stack(0x000000f0b7f00000,0x000000f0b8000000) (1024K)]
  0x000002017b9da5c0 JavaThread "Worker-0: Publish Diagnostics"        [_thread_in_native, id=9256, stack(0x000000f0b8000000,0x000000f0b8100000) (1024K)]
  0x000002017b533740 JavaThread "Worker-1: Building"                [_thread_blocked, id=15780, stack(0x000000f0b8100000,0x000000f0b8200000) (1024K)]
  0x000002017b5330b0 JavaThread "Thread-1"                   daemon [_thread_in_native, id=12164, stack(0x000000f0b8200000,0x000000f0b8300000) (1024K)]
  0x000002017b535810 JavaThread "Thread-2"                   daemon [_thread_in_native, id=14612, stack(0x000000f0b8300000,0x000000f0b8400000) (1024K)]
  0x000002017b535ea0 JavaThread "Thread-3"                   daemon [_thread_in_native, id=2272, stack(0x000000f0b8400000,0x000000f0b8500000) (1024K)]
  0x000002017b533dd0 JavaThread "Thread-4"                   daemon [_thread_in_native, id=2108, stack(0x000000f0b8500000,0x000000f0b8600000) (1024K)]
  0x000002017b536530 JavaThread "Thread-5"                   daemon [_thread_in_native, id=14536, stack(0x000000f0b8600000,0x000000f0b8700000) (1024K)]
  0x000002017b534460 JavaThread "pool-2-thread-1"                   [_thread_blocked, id=12396, stack(0x000000f0b8700000,0x000000f0b8800000) (1024K)]
  0x000002017b534af0 JavaThread "Worker-2"                          [_thread_blocked, id=10620, stack(0x000000f0b8800000,0x000000f0b8900000) (1024K)]
  0x000002017b535180 JavaThread "WorkspaceEventsHandler"            [_thread_blocked, id=6640, stack(0x000000f0b8900000,0x000000f0b8a00000) (1024K)]
  0x000002017cc12590 JavaThread "pool-1-thread-1"                   [_thread_blocked, id=12864, stack(0x000000f0b8a00000,0x000000f0b8b00000) (1024K)]
  0x000002017cc17ae0 JavaThread "ForkJoinPool.commonPool-worker-1" daemon [_thread_blocked, id=15176, stack(0x000000f0b8b00000,0x000000f0b8c00000) (1024K)]
  0x000002017cc14660 JavaThread "ForkJoinPool.commonPool-worker-2" daemon [_thread_blocked, id=7072, stack(0x000000f0b8c00000,0x000000f0b8d00000) (1024K)]
  0x000002017cc18170 JavaThread "ForkJoinPool.commonPool-worker-3" daemon [_thread_blocked, id=11132, stack(0x000000f0b8d00000,0x000000f0b8e00000) (1024K)]
  0x000002017cc16dc0 JavaThread "LocalFile Deleter"          daemon [_thread_blocked, id=4316, stack(0x000000f0b8e00000,0x000000f0b8f00000) (1024K)]
  0x000002017cc15a10 JavaThread "LocalFile Deleter"          daemon [_thread_blocked, id=16100, stack(0x000000f0b8f00000,0x000000f0b9000000) (1024K)]
  0x000002017cc14cf0 JavaThread "LocalFile Deleter"          daemon [_thread_blocked, id=11540, stack(0x000000f0b9000000,0x000000f0b9100000) (1024K)]
  0x000002017cc13fd0 JavaThread "LocalFile Deleter"          daemon [_thread_blocked, id=13764, stack(0x000000f0b9100000,0x000000f0b9200000) (1024K)]
  0x000002017cc11870 JavaThread "Compiler Source File Reader" daemon [_thread_blocked, id=124, stack(0x000000f0b7e00000,0x000000f0b7f00000) (1024K)]
  0x000002017cc17450 JavaThread "Compiler Source File Reader" daemon [_thread_blocked, id=4532, stack(0x000000f0b9200000,0x000000f0b9300000) (1024K)]
  0x000002017c531000 JavaThread "C2 CompilerThread1"         daemon [_thread_in_native, id=3868, stack(0x000000f0b9300000,0x000000f0b9400000) (1024K)]
  0x000002017cc16730 JavaThread "Compiler Processing Task"   daemon [_thread_blocked, id=11628, stack(0x000000f0b9400000,0x000000f0b9500000) (1024K)]
  0x000002017cc12c20 JavaThread "Compiler Class File Writer" daemon [_thread_in_native, id=10908, stack(0x000000f0b9500000,0x000000f0b9600000) (1024K)]
Total: 40

Other Threads:
  0x000002015f030740 VMThread "VM Thread"                           [id=15560, stack(0x000000f0b6b00000,0x000000f0b6c00000) (1024K)]
  0x000002015f1b4d80 WatcherThread "VM Periodic Task Thread"        [id=6200, stack(0x000000f0b6a00000,0x000000f0b6b00000) (1024K)]
  0x000002015f166eb0 WorkerThread "GC Thread#0"                     [id=14728, stack(0x000000f0b6900000,0x000000f0b6a00000) (1024K)]
  0x000002017b5e0010 WorkerThread "GC Thread#1"                     [id=2328, stack(0x000000f0b7700000,0x000000f0b7800000) (1024K)]
  0x000002017b389020 WorkerThread "GC Thread#2"                     [id=13924, stack(0x000000f0b7800000,0x000000f0b7900000) (1024K)]
  0x000002017b3893d0 WorkerThread "GC Thread#3"                     [id=15480, stack(0x000000f0b7900000,0x000000f0b7a00000) (1024K)]
Total: 6

Threads with active compile tasks:
C2 CompilerThread0  9762 5445 %     4       org.lombokweb.asm.ClassReader::readCode @ 92 (5117 bytes)
C2 CompilerThread1  9762 5427       4       org.lombokweb.asm.ClassReader::readMethod (1070 bytes)
Total: 2

VM state: not at safepoint (normal execution)

VM Mutex/Monitor currently owned by a thread: None

Heap address: 0x0000000080000000, size: 2048 MB, Compressed Oops mode: 32-bit

CDS archive(s) mapped at: [0x0000020100000000-0x0000020100ba0000-0x0000020100ba0000), size 12189696, SharedBaseAddress: 0x0000020100000000, ArchiveRelocationMode: 1.
Compressed class space mapped at: 0x0000020101000000-0x0000020141000000, reserved size: 1073741824
Narrow klass base: 0x0000020100000000, Narrow klass shift: 0, Narrow klass range: 0x100000000

GC Precious Log:
 CardTable entry size: 512
 CPUs: 4 total, 4 available
 Memory: 7886M
 Large Page Support: Disabled
 NUMA Support: Disabled
 Compressed Oops: Enabled (32-bit)
 Alignments: Space 512K, Generation 512K, Heap 2M
 Heap Min Capacity: 100M
 Heap Initial Capacity: 100M
 Heap Max Capacity: 2G
 Pre-touch: Disabled
 Parallel Workers: 4

Heap:
 PSYoungGen      total 19968K, used 2557K [0x00000000d5580000, 0x00000000d6b00000, 0x0000000100000000)
  eden space 18944K, 8% used [0x00000000d5580000,0x00000000d570cad0,0x00000000d6800000)
  from space 1024K, 94% used [0x00000000d6a00000,0x00000000d6af2998,0x00000000d6b00000)
  to   space 1536K, 0% used [0x00000000d6800000,0x00000000d6800000,0x00000000d6980000)
 ParOldGen       total 68608K, used 31149K [0x0000000080000000, 0x0000000084300000, 0x00000000d5580000)
  object space 68608K, 45% used [0x0000000080000000,0x0000000081e6b598,0x0000000084300000)
 Metaspace       used 40881K, committed 41920K, reserved 1114112K
  class space    used 4108K, committed 4544K, reserved 1048576K

Card table byte_map: [0x000002015eac0000,0x000002015eed0000] _byte_map_base: 0x000002015e6c0000

Marking Bits: (ParMarkBitMap*) 0x00007ff8c34c3450
 Begin Bits: [0x00000201715d0000, 0x00000201735d0000)
 End Bits:   [0x00000201735d0000, 0x00000201755d0000)

Polling page: 0x000002015cf10000

Metaspace:

Usage:
  Non-class:     35.91 MB used.
      Class:      4.01 MB used.
       Both:     39.92 MB used.

Virtual space:
  Non-class space:       64.00 MB reserved,      36.50 MB ( 57%) committed,  1 nodes.
      Class space:        1.00 GB reserved,       4.44 MB ( <1%) committed,  1 nodes.
             Both:        1.06 GB reserved,      40.94 MB (  4%) committed. 

Chunk freelists:
   Non-Class:  11.47 MB
       Class:  11.53 MB
        Both:  23.00 MB

MaxMetaspaceSize: unlimited
CompressedClassSpaceSize: 1.00 GB
Initial GC threshold: 21.00 MB
Current GC threshold: 58.38 MB
CDS: on
 - commit_granule_bytes: 65536.
 - commit_granule_words: 8192.
 - virtual_space_node_default_size: 8388608.
 - enlarge_chunks_in_place: 1.
 - use_allocation_guard: 0.


Internal statistics:

num_allocs_failed_limit: 6.
num_arena_births: 776.
num_arena_deaths: 14.
num_vsnodes_births: 2.
num_vsnodes_deaths: 0.
num_space_committed: 655.
num_space_uncommitted: 0.
num_chunks_returned_to_freelist: 20.
num_chunks_taken_from_freelist: 2473.
num_chunk_merges: 12.
num_chunk_splits: 1578.
num_chunks_enlarged: 993.
num_inconsistent_stats: 0.

CodeHeap 'non-profiled nmethods': size=120000Kb used=2863Kb max_used=2863Kb free=117136Kb
 bounds [0x0000020169df0000, 0x000002016a0c0000, 0x0000020171320000]
CodeHeap 'profiled nmethods': size=120000Kb used=10824Kb max_used=10824Kb free=109175Kb
 bounds [0x0000020162320000, 0x0000020162dc0000, 0x0000020169850000]
CodeHeap 'non-nmethods': size=5760Kb used=1414Kb max_used=1446Kb free=4345Kb
 bounds [0x0000020169850000, 0x0000020169ac0000, 0x0000020169df0000]
CodeCache: size=245760Kb, used=15101Kb, max_used=15133Kb, free=230656Kb
 total_blobs=5783, nmethods=5068, adapters=621, full_count=0
Compilation: enabled, stopped_count=0, restarted_count=0

Compilation events (20 events):
Event: 9.669 Thread 0x000002015f085110 5450       3       org.lombokweb.asm.MethodWriter::visitEnd (1 bytes)
Event: 9.669 Thread 0x000002015f085110 nmethod 5450 0x000002016235c090 code [0x000002016235c220, 0x000002016235c328]
Event: 9.669 Thread 0x000002015f085110 5451       3       org.lombokweb.asm.MethodWriter::visitCode (1 bytes)
Event: 9.669 Thread 0x000002015f085110 nmethod 5451 0x0000020162414210 code [0x00000201624143a0, 0x00000201624144a8]
Event: 9.669 Thread 0x000002015f085110 5452       3       org.lombokweb.asm.MethodWriter::visitMaxs (60 bytes)
Event: 9.669 Thread 0x000002015f085110 nmethod 5452 0x0000020162dab090 code [0x0000020162dab260, 0x0000020162dab518]
Event: 9.670 Thread 0x000002015f085110 5453       3       lombok.patcher.MethodLogistics::loadOpcodeFor (145 bytes)
Event: 9.671 Thread 0x000002015f085110 nmethod 5453 0x0000020162dab610 code [0x0000020162dab8c0, 0x0000020162dac538]
Event: 9.671 Thread 0x000002015f085110 5454       3       lombok.patcher.MethodLogistics::generateLoadOpcodeForParam (37 bytes)
Event: 9.671 Thread 0x000002015f085110 nmethod 5454 0x0000020162daca10 code [0x0000020162dacc00, 0x0000020162dad1b8]
Event: 9.673 Thread 0x000002015f085110 5456       3       org.lombokweb.asm.Handler::getExceptionTableSize (10 bytes)
Event: 9.674 Thread 0x000002015f085110 nmethod 5456 0x0000020162dad390 code [0x0000020162dad540, 0x0000020162dad738]
Event: 9.674 Thread 0x000002015f085110 5457       3       org.lombokweb.asm.Handler::putExceptionTable (63 bytes)
Event: 9.674 Thread 0x000002015f085110 nmethod 5457 0x0000020162dad890 code [0x0000020162dadaa0, 0x0000020162dadee0]
Event: 9.679 Thread 0x000002015f085110 5460       3       org.lombokweb.asm.MethodWriter::visitIntInsn (113 bytes)
Event: 9.679 Thread 0x000002015f085110 nmethod 5460 0x0000020162dae190 code [0x0000020162dae380, 0x0000020162dae7d0]
Event: 9.684 Thread 0x000002015f085110 5461       3       org.lombokweb.asm.MethodVisitor::visitIntInsn (17 bytes)
Event: 9.684 Thread 0x000002015f085110 nmethod 5461 0x0000020162dae910 code [0x0000020162daeac0, 0x0000020162daecc8]
Event: 9.711 Thread 0x000002015f085110 5463       3       org.eclipse.core.runtime.Path::toOSString (224 bytes)
Event: 9.712 Thread 0x000002015f085110 nmethod 5463 0x0000020162daed90 code [0x0000020162daf000, 0x0000020162dafa10]

GC Heap History (20 events):
Event: 6.912 GC heap before
{Heap before GC invocations=14 (full 1):
 PSYoungGen      total 25088K, used 24658K [0x00000000d5580000, 0x00000000d7100000, 0x0000000100000000)
  eden space 22016K, 100% used [0x00000000d5580000,0x00000000d6b00000,0x00000000d6b00000)
  from space 3072K, 86% used [0x00000000d6e00000,0x00000000d7094840,0x00000000d7100000)
  to   space 3072K, 0% used [0x00000000d6b00000,0x00000000d6b00000,0x00000000d6e00000)
 ParOldGen       total 68608K, used 18470K [0x0000000080000000, 0x0000000084300000, 0x00000000d5580000)
  object space 68608K, 26% used [0x0000000080000000,0x0000000081209928,0x0000000084300000)
 Metaspace       used 32540K, committed 33536K, reserved 1114112K
  class space    used 3275K, committed 3712K, reserved 1048576K
}
Event: 6.923 GC heap after
{Heap after GC invocations=14 (full 1):
 PSYoungGen      total 24576K, used 2468K [0x00000000d5580000, 0x00000000d7000000, 0x0000000100000000)
  eden space 22016K, 0% used [0x00000000d5580000,0x00000000d5580000,0x00000000d6b00000)
  from space 2560K, 96% used [0x00000000d6b00000,0x00000000d6d69020,0x00000000d6d80000)
  to   space 2560K, 0% used [0x00000000d6d80000,0x00000000d6d80000,0x00000000d7000000)
 ParOldGen       total 68608K, used 20950K [0x0000000080000000, 0x0000000084300000, 0x00000000d5580000)
  object space 68608K, 30% used [0x0000000080000000,0x0000000081475958,0x0000000084300000)
 Metaspace       used 32540K, committed 33536K, reserved 1114112K
  class space    used 3275K, committed 3712K, reserved 1048576K
}
Event: 7.100 GC heap before
{Heap before GC invocations=15 (full 1):
 PSYoungGen      total 24576K, used 24484K [0x00000000d5580000, 0x00000000d7000000, 0x0000000100000000)
  eden space 22016K, 100% used [0x00000000d5580000,0x00000000d6b00000,0x00000000d6b00000)
  from space 2560K, 96% used [0x00000000d6b00000,0x00000000d6d69020,0x00000000d6d80000)
  to   space 2560K, 0% used [0x00000000d6d80000,0x00000000d6d80000,0x00000000d7000000)
 ParOldGen       total 68608K, used 20950K [0x0000000080000000, 0x0000000084300000, 0x00000000d5580000)
  object space 68608K, 30% used [0x0000000080000000,0x0000000081475958,0x0000000084300000)
 Metaspace       used 32640K, committed 33664K, reserved 1114112K
  class space    used 3275K, committed 3712K, reserved 1048576K
}
Event: 7.107 GC heap after
{Heap after GC invocations=15 (full 1):
 PSYoungGen      total 21504K, used 2528K [0x00000000d5580000, 0x00000000d7600000, 0x0000000100000000)
  eden space 18944K, 0% used [0x00000000d5580000,0x00000000d5580000,0x00000000d6800000)
  from space 2560K, 98% used [0x00000000d6d80000,0x00000000d6ff8030,0x00000000d7000000)
  to   space 5632K, 0% used [0x00000000d6800000,0x00000000d6800000,0x00000000d6d80000)
 ParOldGen       total 68608K, used 23499K [0x0000000080000000, 0x0000000084300000, 0x00000000d5580000)
  object space 68608K, 34% used [0x0000000080000000,0x00000000816f2fa0,0x0000000084300000)
 Metaspace       used 32640K, committed 33664K, reserved 1114112K
  class space    used 3275K, committed 3712K, reserved 1048576K
}
Event: 7.174 GC heap before
{Heap before GC invocations=16 (full 1):
 PSYoungGen      total 21504K, used 21472K [0x00000000d5580000, 0x00000000d7600000, 0x0000000100000000)
  eden space 18944K, 100% used [0x00000000d5580000,0x00000000d6800000,0x00000000d6800000)
  from space 2560K, 98% used [0x00000000d6d80000,0x00000000d6ff8030,0x00000000d7000000)
  to   space 5632K, 0% used [0x00000000d6800000,0x00000000d6800000,0x00000000d6d80000)
 ParOldGen       total 68608K, used 23499K [0x0000000080000000, 0x0000000084300000, 0x00000000d5580000)
  object space 68608K, 34% used [0x0000000080000000,0x00000000816f2fa0,0x0000000084300000)
 Metaspace       used 32714K, committed 33664K, reserved 1114112K
  class space    used 3275K, committed 3712K, reserved 1048576K
}
Event: 7.179 GC heap after
{Heap after GC invocations=16 (full 1):
 PSYoungGen      total 20992K, used 1912K [0x00000000d5580000, 0x00000000d6e00000, 0x0000000100000000)
  eden space 18944K, 0% used [0x00000000d5580000,0x00000000d5580000,0x00000000d6800000)
  from space 2048K, 93% used [0x00000000d6800000,0x00000000d69de200,0x00000000d6a00000)
  to   space 3072K, 0% used [0x00000000d6b00000,0x00000000d6b00000,0x00000000d6e00000)
 ParOldGen       total 68608K, used 26027K [0x0000000080000000, 0x0000000084300000, 0x00000000d5580000)
  object space 68608K, 37% used [0x0000000080000000,0x000000008196aff0,0x0000000084300000)
 Metaspace       used 32714K, committed 33664K, reserved 1114112K
  class space    used 3275K, committed 3712K, reserved 1048576K
}
Event: 7.351 GC heap before
{Heap before GC invocations=17 (full 1):
 PSYoungGen      total 20992K, used 20853K [0x00000000d5580000, 0x00000000d6e00000, 0x0000000100000000)
  eden space 18944K, 99% used [0x00000000d5580000,0x00000000d67ff208,0x00000000d6800000)
  from space 2048K, 93% used [0x00000000d6800000,0x00000000d69de200,0x00000000d6a00000)
  to   space 3072K, 0% used [0x00000000d6b00000,0x00000000d6b00000,0x00000000d6e00000)
 ParOldGen       total 68608K, used 26027K [0x0000000080000000, 0x0000000084300000, 0x00000000d5580000)
  object space 68608K, 37% used [0x0000000080000000,0x000000008196aff0,0x0000000084300000)
 Metaspace       used 34005K, committed 34944K, reserved 1114112K
  class space    used 3439K, committed 3840K, reserved 1048576K
}
Event: 7.355 GC heap after
{Heap after GC invocations=17 (full 1):
 PSYoungGen      total 20992K, used 1681K [0x00000000d5580000, 0x00000000d6d00000, 0x0000000100000000)
  eden space 18944K, 0% used [0x00000000d5580000,0x00000000d5580000,0x00000000d6800000)
  from space 2048K, 82% used [0x00000000d6b00000,0x00000000d6ca4630,0x00000000d6d00000)
  to   space 2048K, 0% used [0x00000000d6800000,0x00000000d6800000,0x00000000d6a00000)
 ParOldGen       total 68608K, used 27900K [0x0000000080000000, 0x0000000084300000, 0x00000000d5580000)
  object space 68608K, 40% used [0x0000000080000000,0x0000000081b3f1f0,0x0000000084300000)
 Metaspace       used 34005K, committed 34944K, reserved 1114112K
  class space    used 3439K, committed 3840K, reserved 1048576K
}
Event: 7.456 GC heap before
{Heap before GC invocations=18 (full 1):
 PSYoungGen      total 20992K, used 6934K [0x00000000d5580000, 0x00000000d6d00000, 0x0000000100000000)
  eden space 18944K, 27% used [0x00000000d5580000,0x00000000d5aa1270,0x00000000d6800000)
  from space 2048K, 82% used [0x00000000d6b00000,0x00000000d6ca4630,0x00000000d6d00000)
  to   space 2048K, 0% used [0x00000000d6800000,0x00000000d6800000,0x00000000d6a00000)
 ParOldGen       total 68608K, used 27900K [0x0000000080000000, 0x0000000084300000, 0x00000000d5580000)
  object space 68608K, 40% used [0x0000000080000000,0x0000000081b3f1f0,0x0000000084300000)
 Metaspace       used 34849K, committed 35840K, reserved 1114112K
  class space    used 3497K, committed 3968K, reserved 1048576K
}
Event: 7.460 GC heap after
{Heap after GC invocations=18 (full 1):
 PSYoungGen      total 20992K, used 523K [0x00000000d5580000, 0x00000000d6b80000, 0x0000000100000000)
  eden space 18944K, 0% used [0x00000000d5580000,0x00000000d5580000,0x00000000d6800000)
  from space 2048K, 25% used [0x00000000d6800000,0x00000000d6882e78,0x00000000d6a00000)
  to   space 1024K, 0% used [0x00000000d6a80000,0x00000000d6a80000,0x00000000d6b80000)
 ParOldGen       total 68608K, used 29146K [0x0000000080000000, 0x0000000084300000, 0x00000000d5580000)
  object space 68608K, 42% used [0x0000000080000000,0x0000000081c76b38,0x0000000084300000)
 Metaspace       used 34849K, committed 35840K, reserved 1114112K
  class space    used 3497K, committed 3968K, reserved 1048576K
}
Event: 7.460 GC heap before
{Heap before GC invocations=19 (full 2):
 PSYoungGen      total 20992K, used 523K [0x00000000d5580000, 0x00000000d6b80000, 0x0000000100000000)
  eden space 18944K, 0% used [0x00000000d5580000,0x00000000d5580000,0x00000000d6800000)
  from space 2048K, 25% used [0x00000000d6800000,0x00000000d6882e78,0x00000000d6a00000)
  to   space 1024K, 0% used [0x00000000d6a80000,0x00000000d6a80000,0x00000000d6b80000)
 ParOldGen       total 68608K, used 29146K [0x0000000080000000, 0x0000000084300000, 0x00000000d5580000)
  object space 68608K, 42% used [0x0000000080000000,0x0000000081c76b38,0x0000000084300000)
 Metaspace       used 34849K, committed 35840K, reserved 1114112K
  class space    used 3497K, committed 3968K, reserved 1048576K
}
Event: 7.525 GC heap after
{Heap after GC invocations=19 (full 2):
 PSYoungGen      total 20992K, used 0K [0x00000000d5580000, 0x00000000d6b80000, 0x0000000100000000)
  eden space 18944K, 0% used [0x00000000d5580000,0x00000000d5580000,0x00000000d6800000)
  from space 2048K, 0% used [0x00000000d6800000,0x00000000d6800000,0x00000000d6a00000)
  to   space 1024K, 0% used [0x00000000d6a80000,0x00000000d6a80000,0x00000000d6b80000)
 ParOldGen       total 68608K, used 27814K [0x0000000080000000, 0x0000000084300000, 0x00000000d5580000)
  object space 68608K, 40% used [0x0000000080000000,0x0000000081b29860,0x0000000084300000)
 Metaspace       used 34849K, committed 35840K, reserved 1114112K
  class space    used 3497K, committed 3968K, reserved 1048576K
}
Event: 8.024 GC heap before
{Heap before GC invocations=20 (full 2):
 PSYoungGen      total 20992K, used 18891K [0x00000000d5580000, 0x00000000d6b80000, 0x0000000100000000)
  eden space 18944K, 99% used [0x00000000d5580000,0x00000000d67f2da0,0x00000000d6800000)
  from space 2048K, 0% used [0x00000000d6800000,0x00000000d6800000,0x00000000d6a00000)
  to   space 1024K, 0% used [0x00000000d6a80000,0x00000000d6a80000,0x00000000d6b80000)
 ParOldGen       total 68608K, used 27814K [0x0000000080000000, 0x0000000084300000, 0x00000000d5580000)
  object space 68608K, 40% used [0x0000000080000000,0x0000000081b29860,0x0000000084300000)
 Metaspace       used 36287K, committed 37312K, reserved 1114112K
  class space    used 3652K, committed 4096K, reserved 1048576K
}
Event: 8.026 GC heap after
{Heap after GC invocations=20 (full 2):
 PSYoungGen      total 19456K, used 432K [0x00000000d5580000, 0x00000000d6b00000, 0x0000000100000000)
  eden space 18944K, 0% used [0x00000000d5580000,0x00000000d5580000,0x00000000d6800000)
  from space 512K, 84% used [0x00000000d6a80000,0x00000000d6aec010,0x00000000d6b00000)
  to   space 1024K, 0% used [0x00000000d6900000,0x00000000d6900000,0x00000000d6a00000)
 ParOldGen       total 68608K, used 27822K [0x0000000080000000, 0x0000000084300000, 0x00000000d5580000)
  object space 68608K, 40% used [0x0000000080000000,0x0000000081b2b860,0x0000000084300000)
 Metaspace       used 36287K, committed 37312K, reserved 1114112K
  class space    used 3652K, committed 4096K, reserved 1048576K
}
Event: 8.439 GC heap before
{Heap before GC invocations=21 (full 2):
 PSYoungGen      total 19456K, used 19376K [0x00000000d5580000, 0x00000000d6b00000, 0x0000000100000000)
  eden space 18944K, 100% used [0x00000000d5580000,0x00000000d6800000,0x00000000d6800000)
  from space 512K, 84% used [0x00000000d6a80000,0x00000000d6aec010,0x00000000d6b00000)
  to   space 1024K, 0% used [0x00000000d6900000,0x00000000d6900000,0x00000000d6a00000)
 ParOldGen       total 68608K, used 27822K [0x0000000080000000, 0x0000000084300000, 0x00000000d5580000)
  object space 68608K, 40% used [0x0000000080000000,0x0000000081b2b860,0x0000000084300000)
 Metaspace       used 37829K, committed 38848K, reserved 1114112K
  class space    used 3817K, committed 4288K, reserved 1048576K
}
Event: 8.440 GC heap after
{Heap after GC invocations=21 (full 2):
 PSYoungGen      total 19968K, used 416K [0x00000000d5580000, 0x00000000d6b00000, 0x0000000100000000)
  eden space 18944K, 0% used [0x00000000d5580000,0x00000000d5580000,0x00000000d6800000)
  from space 1024K, 40% used [0x00000000d6900000,0x00000000d6968000,0x00000000d6a00000)
  to   space 512K, 0% used [0x00000000d6a80000,0x00000000d6a80000,0x00000000d6b00000)
 ParOldGen       total 68608K, used 28110K [0x0000000080000000, 0x0000000084300000, 0x00000000d5580000)
  object space 68608K, 40% used [0x0000000080000000,0x0000000081b73860,0x0000000084300000)
 Metaspace       used 37829K, committed 38848K, reserved 1114112K
  class space    used 3817K, committed 4288K, reserved 1048576K
}
Event: 9.460 GC heap before
{Heap before GC invocations=22 (full 2):
 PSYoungGen      total 19968K, used 19360K [0x00000000d5580000, 0x00000000d6b00000, 0x0000000100000000)
  eden space 18944K, 100% used [0x00000000d5580000,0x00000000d6800000,0x00000000d6800000)
  from space 1024K, 40% used [0x00000000d6900000,0x00000000d6968000,0x00000000d6a00000)
  to   space 512K, 0% used [0x00000000d6a80000,0x00000000d6a80000,0x00000000d6b00000)
 ParOldGen       total 68608K, used 28110K [0x0000000080000000, 0x0000000084300000, 0x00000000d5580000)
  object space 68608K, 40% used [0x0000000080000000,0x0000000081b73860,0x0000000084300000)
 Metaspace       used 40206K, committed 41152K, reserved 1114112K
  class space    used 4052K, committed 4480K, reserved 1048576K
}
Event: 9.464 GC heap after
{Heap after GC invocations=22 (full 2):
 PSYoungGen      total 19456K, used 480K [0x00000000d5580000, 0x00000000d6d00000, 0x0000000100000000)
  eden space 18944K, 0% used [0x00000000d5580000,0x00000000d5580000,0x00000000d6800000)
  from space 512K, 93% used [0x00000000d6a80000,0x00000000d6af8020,0x00000000d6b00000)
  to   space 2560K, 0% used [0x00000000d6800000,0x00000000d6800000,0x00000000d6a80000)
 ParOldGen       total 68608K, used 29657K [0x0000000080000000, 0x0000000084300000, 0x00000000d5580000)
  object space 68608K, 43% used [0x0000000080000000,0x0000000081cf65e8,0x0000000084300000)
 Metaspace       used 40206K, committed 41152K, reserved 1114112K
  class space    used 4052K, committed 4480K, reserved 1048576K
}
Event: 9.608 GC heap before
{Heap before GC invocations=23 (full 2):
 PSYoungGen      total 19456K, used 19395K [0x00000000d5580000, 0x00000000d6d00000, 0x0000000100000000)
  eden space 18944K, 99% used [0x00000000d5580000,0x00000000d67f8e40,0x00000000d6800000)
  from space 512K, 93% used [0x00000000d6a80000,0x00000000d6af8020,0x00000000d6b00000)
  to   space 2560K, 0% used [0x00000000d6800000,0x00000000d6800000,0x00000000d6a80000)
 ParOldGen       total 68608K, used 29657K [0x0000000080000000, 0x0000000084300000, 0x00000000d5580000)
  object space 68608K, 43% used [0x0000000080000000,0x0000000081cf65e8,0x0000000084300000)
 Metaspace       used 40697K, committed 41728K, reserved 1114112K
  class space    used 4106K, committed 4544K, reserved 1048576K
}
Event: 9.613 GC heap after
{Heap after GC invocations=23 (full 2):
 PSYoungGen      total 20992K, used 1918K [0x00000000d5580000, 0x00000000d6c00000, 0x0000000100000000)
  eden space 18944K, 0% used [0x00000000d5580000,0x00000000d5580000,0x00000000d6800000)
  from space 2048K, 93% used [0x00000000d6800000,0x00000000d69dfb38,0x00000000d6a00000)
  to   space 2048K, 0% used [0x00000000d6a00000,0x00000000d6a00000,0x00000000d6c00000)
 ParOldGen       total 68608K, used 30146K [0x0000000080000000, 0x0000000084300000, 0x00000000d5580000)
  object space 68608K, 43% used [0x0000000080000000,0x0000000081d70b10,0x0000000084300000)
 Metaspace       used 40697K, committed 41728K, reserved 1114112K
  class space    used 4106K, committed 4544K, reserved 1048576K
}

Dll operation events (10 events):
Event: 0.010 Loaded shared library c:\Users\haria\.vscode\extensions\redhat.java-1.54.0-win32-x64\jre\21.0.10-win32-x86_64\bin\java.dll
Event: 0.088 Loaded shared library c:\Users\haria\.vscode\extensions\redhat.java-1.54.0-win32-x64\jre\21.0.10-win32-x86_64\bin\zip.dll
Event: 0.116 Loaded shared library C:\Users\haria\.vscode\extensions\redhat.java-1.54.0-win32-x64\jre\21.0.10-win32-x86_64\bin\instrument.dll
Event: 0.124 Loaded shared library C:\Users\haria\.vscode\extensions\redhat.java-1.54.0-win32-x64\jre\21.0.10-win32-x86_64\bin\net.dll
Event: 0.128 Loaded shared library C:\Users\haria\.vscode\extensions\redhat.java-1.54.0-win32-x64\jre\21.0.10-win32-x86_64\bin\nio.dll
Event: 0.132 Loaded shared library C:\Users\haria\.vscode\extensions\redhat.java-1.54.0-win32-x64\jre\21.0.10-win32-x86_64\bin\zip.dll
Event: 0.152 Loaded shared library C:\Users\haria\.vscode\extensions\redhat.java-1.54.0-win32-x64\jre\21.0.10-win32-x86_64\bin\jimage.dll
Event: 0.235 Loaded shared library c:\Users\haria\.vscode\extensions\redhat.java-1.54.0-win32-x64\jre\21.0.10-win32-x86_64\bin\verify.dll
Event: 2.077 Loaded shared library C:\Users\haria\AppData\Roaming\Code\User\globalStorage\redhat.java\1.54.0\config_ss_win\org.eclipse.equinox.launcher\org.eclipse.equinox.launcher.win32.win32.x86_64_1.3.0.v20260203-2149\eclipse_11919.dll
Event: 3.190 Loaded shared library C:\Users\haria\AppData\Local\Temp\jna-99048817\jna9138071521201691450.dll

Deoptimization events (20 events):
Event: 9.591 Thread 0x000002017cc18170 DEOPT PACKING pc=0x0000020169f4ef84 sp=0x000000f0b8dfbb20
Event: 9.591 Thread 0x000002017cc18170 DEOPT UNPACKING pc=0x00000201698a6da2 sp=0x000000f0b8dfba88 mode 2
Event: 9.591 Thread 0x000002017cc18170 Uncommon trap: trap_request=0xffffffde fr.pc=0x0000020169f4ef84 relative=0x0000000000006b24
Event: 9.591 Thread 0x000002017cc18170 Uncommon trap: reason=class_check action=maybe_recompile pc=0x0000020169f4ef84 method=lombok.patcher.PatchScript$MethodPatcher.visitMethod(ILjava/lang/String;Ljava/lang/String;Ljava/lang/String;[Ljava/lang/String;)Lorg/lombokweb/asm/MethodVisitor; @ 101 c
Event: 9.591 Thread 0x000002017cc18170 DEOPT PACKING pc=0x0000020169f4ef84 sp=0x000000f0b8dfbb20
Event: 9.591 Thread 0x000002017cc18170 DEOPT UNPACKING pc=0x00000201698a6da2 sp=0x000000f0b8dfba88 mode 2
Event: 9.591 Thread 0x000002017cc18170 Uncommon trap: trap_request=0xffffffde fr.pc=0x0000020169f3042c relative=0x000000000000116c
Event: 9.591 Thread 0x000002017cc18170 Uncommon trap: reason=class_check action=maybe_recompile pc=0x0000020169f3042c method=lombok.patcher.PatchScript$MethodPatcher.visitMethod(ILjava/lang/String;Ljava/lang/String;Ljava/lang/String;[Ljava/lang/String;)Lorg/lombokweb/asm/MethodVisitor; @ 101 c
Event: 9.591 Thread 0x000002017cc18170 DEOPT PACKING pc=0x0000020169f3042c sp=0x000000f0b8dfba90
Event: 9.592 Thread 0x000002017cc18170 DEOPT UNPACKING pc=0x00000201698a6da2 sp=0x000000f0b8dfba88 mode 2
Event: 9.675 Thread 0x000002017cc18170 DEOPT PACKING pc=0x0000020162844f79 sp=0x000000f0b8dfbbb0
Event: 9.675 Thread 0x000002017cc18170 DEOPT UNPACKING pc=0x00000201698a78e2 sp=0x000000f0b8dfb158 mode 0
Event: 9.682 Thread 0x000002017cc18170 DEOPT PACKING pc=0x0000020162844f79 sp=0x000000f0b8dfbbb0
Event: 9.682 Thread 0x000002017cc18170 DEOPT UNPACKING pc=0x00000201698a78e2 sp=0x000000f0b8dfb158 mode 0
Event: 9.688 Thread 0x000002017cc18170 DEOPT PACKING pc=0x0000020162844f79 sp=0x000000f0b8dfbbb0
Event: 9.688 Thread 0x000002017cc18170 DEOPT UNPACKING pc=0x00000201698a78e2 sp=0x000000f0b8dfb158 mode 0
Event: 9.713 Thread 0x000002017cc18170 DEOPT PACKING pc=0x0000020162844f79 sp=0x000000f0b8dfbbb0
Event: 9.713 Thread 0x000002017cc18170 DEOPT UNPACKING pc=0x00000201698a78e2 sp=0x000000f0b8dfb158 mode 0
Event: 9.716 Thread 0x000002017cc18170 DEOPT PACKING pc=0x0000020162844f79 sp=0x000000f0b8dfbbb0
Event: 9.716 Thread 0x000002017cc18170 DEOPT UNPACKING pc=0x00000201698a78e2 sp=0x000000f0b8dfb158 mode 0

Classes loaded (20 events):
Event: 8.705 Loading class sun/util/logging/resources/logging_en_IN
Event: 8.705 Loading class sun/util/logging/resources/logging_en_IN done
Event: 8.705 Loading class java/util/Formatter$DateTime
Event: 8.705 Loading class java/util/Formatter$DateTime done
Event: 8.705 Loading class java/time/ZonedDateTime$1
Event: 8.705 Loading class java/time/ZonedDateTime$1 done
Event: 9.157 Loading class java/io/FileReader
Event: 9.157 Loading class java/io/FileReader done
Event: 9.159 Loading class java/lang/UnsupportedClassVersionError
Event: 9.159 Loading class java/lang/UnsupportedClassVersionError done
Event: 9.306 Loading class java/util/stream/ReduceOps$4
Event: 9.306 Loading class java/util/stream/ReduceOps$4 done
Event: 9.306 Loading class java/util/stream/ReduceOps$4ReducingSink
Event: 9.306 Loading class java/util/stream/ReduceOps$4ReducingSink done
Event: 9.437 Loading class java/nio/file/Files$2
Event: 9.437 Loading class java/nio/file/Files$2 done
Event: 9.449 Loading class java/util/concurrent/ArrayBlockingQueue
Event: 9.449 Loading class java/util/concurrent/ArrayBlockingQueue done
Event: 9.524 Loading class java/util/concurrent/ConcurrentHashMap$KeySpliterator
Event: 9.524 Loading class java/util/concurrent/ConcurrentHashMap$KeySpliterator done

Classes unloaded (7 events):
Event: 3.938 Thread 0x000002015f030740 Unloading class 0x0000020101190c00 'java/lang/invoke/LambdaForm$MH+0x0000020101190c00'
Event: 3.938 Thread 0x000002015f030740 Unloading class 0x0000020101190800 'java/lang/invoke/LambdaForm$MH+0x0000020101190800'
Event: 3.938 Thread 0x000002015f030740 Unloading class 0x0000020101190400 'java/lang/invoke/LambdaForm$MH+0x0000020101190400'
Event: 3.938 Thread 0x000002015f030740 Unloading class 0x0000020101190000 'java/lang/invoke/LambdaForm$MH+0x0000020101190000'
Event: 3.938 Thread 0x000002015f030740 Unloading class 0x000002010118fc00 'java/lang/invoke/LambdaForm$BMH+0x000002010118fc00'
Event: 3.938 Thread 0x000002015f030740 Unloading class 0x000002010118f800 'java/lang/invoke/LambdaForm$DMH+0x000002010118f800'
Event: 3.938 Thread 0x000002015f030740 Unloading class 0x000002010118e400 'java/lang/invoke/LambdaForm$DMH+0x000002010118e400'

Classes redefined (0 events):
No events

Internal exceptions (20 events):
Event: 8.211 Thread 0x000002017cc16dc0 Exception <a 'sun/nio/fs/WindowsException'{0x00000000d5e41ee0}> (0x00000000d5e41ee0) 
thrown [s\src\hotspot\share\prims\jni.cpp, line 520]
Event: 8.225 Thread 0x000002017b534af0 Exception <a 'sun/nio/fs/WindowsException'{0x00000000d60196e8}> (0x00000000d60196e8) 
thrown [s\src\hotspot\share\prims\jni.cpp, line 520]
Event: 8.225 Thread 0x000002017b534af0 Exception <a 'sun/nio/fs/WindowsException'{0x00000000d6019d18}> (0x00000000d6019d18) 
thrown [s\src\hotspot\share\prims\jni.cpp, line 520]
Event: 8.249 Thread 0x000002017b534af0 Exception <a 'java/io/FileNotFoundException'{0x00000000d6219768}> (0x00000000d6219768) 
thrown [s\src\hotspot\share\prims\jni.cpp, line 520]
Event: 8.250 Thread 0x000002017b534af0 Exception <a 'java/io/FileNotFoundException'{0x00000000d621a758}> (0x00000000d621a758) 
thrown [s\src\hotspot\share\prims\jni.cpp, line 520]
Event: 8.250 Thread 0x000002017b534af0 Exception <a 'java/io/FileNotFoundException'{0x00000000d621b4c0}> (0x00000000d621b4c0) 
thrown [s\src\hotspot\share\prims\jni.cpp, line 520]
Event: 8.411 Thread 0x000002017cc17ae0 Exception <a 'java/lang/NoSuchMethodError'{0x00000000d676da18}: 'java.lang.Object java.lang.invoke.DirectMethodHandle$Holder.invokeSpecial(java.lang.Object, java.lang.Object, java.lang.Object, java.lang.Object, int, java.lang.Object, java.lang.Object)'> (0x00000000d676da18) 
thrown [s\src\hotspot\share\interpreter\linkResolver.cpp, line 773]
Event: 8.704 Thread 0x000002017cc12590 Exception <a 'java/lang/ClassNotFoundException'{0x00000000d5b4f598}: sun/util/logging/resources/spi/loggingProvider> (0x00000000d5b4f598) 
thrown [s\src\hotspot\share\classfile\systemDictionary.cpp, line 312]
Event: 8.710 Thread 0x000002017cc12590 Exception <a 'java/lang/IncompatibleClassChangeError'{0x00000000d5b8e468}: Found class java.lang.Object, but interface was expected> (0x00000000d5b8e468) 
thrown [s\src\hotspot\share\interpreter\linkResolver.cpp, line 840]
Event: 8.741 Thread 0x000002017cc12590 Exception <a 'java/lang/IncompatibleClassChangeError'{0x00000000d5b9e018}: Found class java.lang.Object, but interface was expected> (0x00000000d5b9e018) 
thrown [s\src\hotspot\share\interpreter\linkResolver.cpp, line 840]
Event: 9.035 Thread 0x000002017b9da5c0 Exception <a 'java/lang/NoSuchMethodError'{0x00000000d5bfc5d0}: 'java.lang.Object java.lang.invoke.DirectMethodHandle$Holder.invokeSpecial(java.lang.Object, java.lang.Object, int, long)'> (0x00000000d5bfc5d0) 
thrown [s\src\hotspot\share\interpreter\linkResolver.cpp, line 773]
Event: 9.133 Thread 0x000002017cc14660 Exception <a 'java/lang/ArrayIndexOutOfBoundsException'{0x00000000d5d597d8}: Index 496 out of bounds for length 495> (0x00000000d5d597d8) 
thrown [s\src\hotspot\share\interpreter\interpreterRuntime.cpp, line 439]
Event: 9.186 Thread 0x000002017cc18170 Exception <a 'java/lang/NoSuchMethodError'{0x00000000d5f48e18}: 'int java.lang.invoke.Invokers$Holder.invokeExact_MT(java.lang.Object, java.lang.Object)'> (0x00000000d5f48e18) 
thrown [s\src\hotspot\share\interpreter\linkResolver.cpp, line 773]
Event: 9.254 Thread 0x000002017cc18170 Exception <a 'java/lang/NoSuchMethodError'{0x00000000d60dc1e0}: 'int java.lang.invoke.DirectMethodHandle$Holder.invokeInterface(java.lang.Object, java.lang.Object)'> (0x00000000d60dc1e0) 
thrown [s\src\hotspot\share\interpreter\linkResolver.cpp, line 773]
Event: 9.254 Thread 0x000002017cc18170 Exception <a 'java/lang/IncompatibleClassChangeError'{0x00000000d60df708}: Found class java.lang.Object, but interface was expected> (0x00000000d60df708) 
thrown [s\src\hotspot\share\interpreter\linkResolver.cpp, line 840]
Event: 9.311 Thread 0x000002017cc18170 Exception <a 'java/lang/NoSuchMethodError'{0x00000000d6391948}: 'int java.lang.invoke.DirectMethodHandle$Holder.invokeSpecialIFC(java.lang.Object, java.lang.Object, java.lang.Object)'> (0x00000000d6391948) 
thrown [s\src\hotspot\share\interpreter\linkResolver.cpp, line 773]
Event: 9.314 Thread 0x000002017b533740 Exception <a 'sun/nio/fs/WindowsException'{0x00000000d6346488}> (0x00000000d6346488) 
thrown [s\src\hotspot\share\prims\jni.cpp, line 520]
Event: 9.358 Thread 0x000002017cc18170 Implicit null exception at 0x0000020169e78a4f to 0x0000020169e78cc8
Event: 9.368 Thread 0x000002017cc16dc0 Exception <a 'sun/nio/fs/WindowsException'{0x00000000d63ab0d8}> (0x00000000d63ab0d8) 
thrown [s\src\hotspot\share\prims\jni.cpp, line 520]
Event: 9.525 Thread 0x000002017b533740 Exception <a 'java/lang/NoSuchMethodError'{0x00000000d59e9238}: 'java.lang.Object java.lang.invoke.DirectMethodHandle$Holder.newInvokeSpecial(java.lang.Object, java.lang.Object, int, int, java.lang.Object)'> (0x00000000d59e9238) 
thrown [s\src\hotspot\share\interpreter\linkResolver.cpp, line 773]

ZGC Phase Switch (0 events):
No events

VM Operations (20 events):
Event: 8.097 Executing non-safepoint VM operation: HandshakeAllThreads (Deoptimize)
Event: 8.097 Executing non-safepoint VM operation: HandshakeAllThreads (Deoptimize) done
Event: 8.136 Executing non-safepoint VM operation: HandshakeAllThreads (Deoptimize)
Event: 8.136 Executing non-safepoint VM operation: HandshakeAllThreads (Deoptimize) done
Event: 8.138 Executing non-safepoint VM operation: HandshakeAllThreads (Deoptimize)
Event: 8.138 Executing non-safepoint VM operation: HandshakeAllThreads (Deoptimize) done
Event: 8.428 Executing safepoint VM operation: ParallelGCFailedAllocation (Allocation Failure)
Event: 8.440 Executing safepoint VM operation: ParallelGCFailedAllocation (Allocation Failure) done
Event: 9.182 Executing non-safepoint VM operation: HandshakeAllThreads (Deoptimize)
Event: 9.182 Executing non-safepoint VM operation: HandshakeAllThreads (Deoptimize) done
Event: 9.315 Executing non-safepoint VM operation: HandshakeAllThreads (Deoptimize)
Event: 9.315 Executing non-safepoint VM operation: HandshakeAllThreads (Deoptimize) done
Event: 9.445 Executing non-safepoint VM operation: HandshakeAllThreads (Deoptimize)
Event: 9.445 Executing non-safepoint VM operation: HandshakeAllThreads (Deoptimize) done
Event: 9.445 Executing safepoint VM operation: Cleanup
Event: 9.445 Executing safepoint VM operation: Cleanup done
Event: 9.460 Executing safepoint VM operation: ParallelGCFailedAllocation (Allocation Failure)
Event: 9.464 Executing safepoint VM operation: ParallelGCFailedAllocation (Allocation Failure) done
Event: 9.608 Executing safepoint VM operation: ParallelGCFailedAllocation (Allocation Failure)
Event: 9.613 Executing safepoint VM operation: ParallelGCFailedAllocation (Allocation Failure) done

Memory protections (0 events):
No events

Nmethod flushes (20 events):
Event: 7.489 Thread 0x000002015f030740 flushing  nmethod 0x0000020162660390
Event: 7.489 Thread 0x000002015f030740 flushing  nmethod 0x0000020162679990
Event: 7.489 Thread 0x000002015f030740 flushing  nmethod 0x0000020162688790
Event: 7.489 Thread 0x000002015f030740 flushing  nmethod 0x0000020162688a90
Event: 7.489 Thread 0x000002015f030740 flushing  nmethod 0x000002016269e410
Event: 7.489 Thread 0x000002015f030740 flushing  nmethod 0x000002016269e790
Event: 7.489 Thread 0x000002015f030740 flushing  nmethod 0x0000020162704b90
Event: 7.489 Thread 0x000002015f030740 flushing  nmethod 0x0000020162705010
Event: 7.489 Thread 0x000002015f030740 flushing  nmethod 0x0000020162709610
Event: 7.489 Thread 0x000002015f030740 flushing  nmethod 0x0000020162761f90
Event: 7.489 Thread 0x000002015f030740 flushing  nmethod 0x000002016277b010
Event: 7.489 Thread 0x000002015f030740 flushing  nmethod 0x000002016277ba10
Event: 7.489 Thread 0x000002015f030740 flushing  nmethod 0x0000020162782190
Event: 7.489 Thread 0x000002015f030740 flushing  nmethod 0x0000020162786f90
Event: 7.489 Thread 0x000002015f030740 flushing  nmethod 0x00000201627b0690
Event: 7.489 Thread 0x000002015f030740 flushing  nmethod 0x00000201627b1010
Event: 7.489 Thread 0x000002015f030740 flushing  nmethod 0x00000201627b4410
Event: 7.489 Thread 0x000002015f030740 flushing  nmethod 0x00000201627f1410
Event: 7.489 Thread 0x000002015f030740 flushing  nmethod 0x00000201627f8690
Event: 7.489 Thread 0x000002015f030740 flushing  nmethod 0x0000020162813290

Events (20 events):
Event: 4.801 Thread 0x000002015f147420 Thread added: 0x000002017cc12590
Event: 5.564 Thread 0x000002017b979ea0 Thread exited: 0x000002017b979ea0
Event: 6.158 Thread 0x000002015f085110 Thread added: 0x000002017b0228a0
Event: 6.688 Thread 0x000002017cc12590 Thread added: 0x000002017cc17ae0
Event: 6.807 Thread 0x000002017cc12590 Thread added: 0x000002017cc14660
Event: 6.945 Thread 0x000002017cc12590 Thread added: 0x000002017cc18170
Event: 7.714 Thread 0x000002017b534af0 Thread added: 0x000002017cc16dc0
Event: 7.794 Thread 0x000002017cc16dc0 Thread added: 0x000002017cc15a10
Event: 7.808 Thread 0x000002017cc15a10 Thread added: 0x000002017cc14cf0
Event: 7.808 Thread 0x000002017cc16dc0 Thread added: 0x000002017cc13fd0
Event: 7.826 Thread 0x000002017b0228a0 Thread exited: 0x000002017b0228a0
Event: 8.121 Thread 0x000002017b534af0 Thread added: 0x000002017cc11870
Event: 8.121 Thread 0x000002017b534af0 Thread added: 0x000002017cc17450
Event: 8.172 Thread 0x000002015f085110 Thread added: 0x000002017b0228a0
Event: 8.347 Thread 0x000002017b0228a0 Thread exited: 0x000002017b0228a0
Event: 8.599 Thread 0x000002015f085110 Thread added: 0x000002017b5f3ee0
Event: 9.015 Thread 0x000002017b5f3ee0 Thread exited: 0x000002017b5f3ee0
Event: 9.255 Thread 0x000002015f085110 Thread added: 0x000002017c531000
Event: 9.450 Thread 0x000002017b533740 Thread added: 0x000002017cc16730
Event: 9.526 Thread 0x000002017b533740 Thread added: 0x000002017cc12c20


Dynamic libraries:
0x00007ff665e90000 - 0x00007ff665e9e000 	c:\Users\haria\.vscode\extensions\redhat.java-1.54.0-win32-x64\jre\21.0.10-win32-x86_64\bin\java.exe
0x00007ff96d0d0000 - 0x00007ff96d2e7000 	C:\Windows\SYSTEM32\ntdll.dll
0x00007ff96bfc0000 - 0x00007ff96c084000 	C:\Windows\System32\KERNEL32.DLL
0x00007ff96a8a0000 - 0x00007ff96ac73000 	C:\Windows\System32\KERNELBASE.dll
0x00007ff96a1c0000 - 0x00007ff96a2d1000 	C:\Windows\System32\ucrtbase.dll
0x00007ff9211c0000 - 0x00007ff9211d8000 	c:\Users\haria\.vscode\extensions\redhat.java-1.54.0-win32-x64\jre\21.0.10-win32-x86_64\bin\jli.dll
0x00007ff96c2b0000 - 0x00007ff96c461000 	C:\Windows\System32\USER32.dll
0x00007ff96ac80000 - 0x00007ff96aca6000 	C:\Windows\System32\win32u.dll
0x00007ff96c480000 - 0x00007ff96c4a9000 	C:\Windows\System32\GDI32.dll
0x00007ff96a600000 - 0x00007ff96a722000 	C:\Windows\System32\gdi32full.dll
0x00007ff96a4e0000 - 0x00007ff96a57a000 	C:\Windows\System32\msvcp_win.dll
0x00007ff91ef20000 - 0x00007ff91ef3e000 	c:\Users\haria\.vscode\extensions\redhat.java-1.54.0-win32-x64\jre\21.0.10-win32-x86_64\bin\VCRUNTIME140.dll
0x00007ff953fc0000 - 0x00007ff95425b000 	C:\Windows\WinSxS\amd64_microsoft.windows.common-controls_6595b64144ccf1df_6.0.22621.5262_none_2712bde373830908\COMCTL32.dll
0x00007ff96c4d0000 - 0x00007ff96c577000 	C:\Windows\System32\msvcrt.dll
0x00007ff96b010000 - 0x00007ff96b041000 	C:\Windows\System32\IMM32.DLL
0x000000006d5f0000 - 0x000000006d5fc000 	C:\Program Files (x86)\360\Total Security\safemon\SafeWrapper.dll
0x00007ff96ad60000 - 0x00007ff96ae11000 	C:\Windows\System32\ADVAPI32.dll
0x00007ff96ca00000 - 0x00007ff96caa7000 	C:\Windows\System32\sechost.dll
0x00007ff96acb0000 - 0x00007ff96acd8000 	C:\Windows\System32\bcrypt.dll
0x00007ff96bd80000 - 0x00007ff96be94000 	C:\Windows\System32\RPCRT4.dll
0x00007ff913c40000 - 0x00007ff913cec000 	C:\Program Files (x86)\360\Total Security\safemon\libzdtp64.dll
0x00007ff96b470000 - 0x00007ff96bd0d000 	C:\Windows\System32\SHELL32.dll
0x00007ff96a3a0000 - 0x00007ff96a4df000 	C:\Windows\System32\wintypes.dll
0x00007ff96cce0000 - 0x00007ff96d073000 	C:\Windows\System32\combase.dll
0x00007ff96bd10000 - 0x00007ff96bd76000 	C:\Windows\System32\SHLWAPI.dll
0x00007ff969bc0000 - 0x00007ff969bca000 	C:\Windows\SYSTEM32\VERSION.dll
0x00007ff94dab0000 - 0x00007ff94dabc000 	c:\Users\haria\.vscode\extensions\redhat.java-1.54.0-win32-x64\jre\21.0.10-win32-x86_64\bin\vcruntime140_1.dll
0x00007ff914290000 - 0x00007ff91431d000 	c:\Users\haria\.vscode\extensions\redhat.java-1.54.0-win32-x64\jre\21.0.10-win32-x86_64\bin\msvcp140.dll
0x00007ff8c2800000 - 0x00007ff8c35a1000 	c:\Users\haria\.vscode\extensions\redhat.java-1.54.0-win32-x64\jre\21.0.10-win32-x86_64\bin\server\jvm.dll
0x00007ff96cc60000 - 0x00007ff96ccd1000 	C:\Windows\System32\WS2_32.dll
0x00007ff969e90000 - 0x00007ff969edd000 	C:\Windows\SYSTEM32\POWRPROF.dll
0x00007ff960de0000 - 0x00007ff960e14000 	C:\Windows\SYSTEM32\WINMM.dll
0x00007ff969e70000 - 0x00007ff969e83000 	C:\Windows\SYSTEM32\UMPDC.dll
0x00007ff969190000 - 0x00007ff9691a8000 	C:\Windows\SYSTEM32\kernel.appcore.dll
0x00007ff92def0000 - 0x00007ff92defa000 	c:\Users\haria\.vscode\extensions\redhat.java-1.54.0-win32-x64\jre\21.0.10-win32-x86_64\bin\jimage.dll
0x00007ff967aa0000 - 0x00007ff967cd2000 	C:\Windows\SYSTEM32\DBGHELP.DLL
0x00007ff96b050000 - 0x00007ff96b127000 	C:\Windows\System32\OLEAUT32.dll
0x00007ff94d230000 - 0x00007ff94d262000 	C:\Windows\SYSTEM32\dbgcore.DLL
0x00007ff96ace0000 - 0x00007ff96ad5b000 	C:\Windows\System32\bcryptPrimitives.dll
0x00007ff92d400000 - 0x00007ff92d40f000 	c:\Users\haria\.vscode\extensions\redhat.java-1.54.0-win32-x64\jre\21.0.10-win32-x86_64\bin\instrument.dll
0x00007ff9160c0000 - 0x00007ff9160e0000 	c:\Users\haria\.vscode\extensions\redhat.java-1.54.0-win32-x64\jre\21.0.10-win32-x86_64\bin\java.dll
0x00007ff968090000 - 0x00007ff9689ad000 	C:\Windows\SYSTEM32\windows.storage.dll
0x00007ff96c110000 - 0x00007ff96c21b000 	C:\Windows\System32\SHCORE.dll
0x00007ff96a0f0000 - 0x00007ff96a11b000 	C:\Windows\SYSTEM32\profapi.dll
0x00007ff9141e0000 - 0x00007ff9141f8000 	c:\Users\haria\.vscode\extensions\redhat.java-1.54.0-win32-x64\jre\21.0.10-win32-x86_64\bin\zip.dll
0x00007ff921de0000 - 0x00007ff921df0000 	C:\Users\haria\.vscode\extensions\redhat.java-1.54.0-win32-x64\jre\21.0.10-win32-x86_64\bin\net.dll
0x00007ff962aa0000 - 0x00007ff962bcc000 	C:\Windows\SYSTEM32\WINHTTP.dll
0x00007ff969610000 - 0x00007ff96967a000 	C:\Windows\system32\mswsock.dll
0x00007ff913c20000 - 0x00007ff913c36000 	C:\Users\haria\.vscode\extensions\redhat.java-1.54.0-win32-x64\jre\21.0.10-win32-x86_64\bin\nio.dll
0x00007ff920e40000 - 0x00007ff920e50000 	c:\Users\haria\.vscode\extensions\redhat.java-1.54.0-win32-x64\jre\21.0.10-win32-x86_64\bin\verify.dll
0x00007ff95e4d0000 - 0x00007ff95e515000 	C:\Users\haria\AppData\Roaming\Code\User\globalStorage\redhat.java\1.54.0\config_ss_win\org.eclipse.equinox.launcher\org.eclipse.equinox.launcher.win32.win32.x86_64_1.3.0.v20260203-2149\eclipse_11919.dll
0x00007ff96cab0000 - 0x00007ff96cc51000 	C:\Windows\System32\ole32.dll
0x00007ff969870000 - 0x00007ff96988b000 	C:\Windows\SYSTEM32\CRYPTSP.dll
0x00007ff9690f0000 - 0x00007ff969127000 	C:\Windows\system32\rsaenh.dll
0x00007ff969700000 - 0x00007ff969728000 	C:\Windows\SYSTEM32\USERENV.dll
0x00007ff969860000 - 0x00007ff96986c000 	C:\Windows\SYSTEM32\CRYPTBASE.dll
0x00007ff968c50000 - 0x00007ff968c7d000 	C:\Windows\SYSTEM32\IPHLPAPI.DLL
0x00007ff96bfb0000 - 0x00007ff96bfb9000 	C:\Windows\System32\NSI.dll
0x00007ff9382d0000 - 0x00007ff938319000 	C:\Users\haria\AppData\Local\Temp\jna-99048817\jna9138071521201691450.dll
0x00007ff96b350000 - 0x00007ff96b358000 	C:\Windows\System32\PSAPI.DLL
0x00007ff961150000 - 0x00007ff961169000 	C:\Windows\SYSTEM32\dhcpcsvc6.DLL
0x00007ff961130000 - 0x00007ff96114f000 	C:\Windows\SYSTEM32\dhcpcsvc.DLL

JVMTI agents:
c:\Users\haria\.vscode\extensions\redhat.java-1.54.0-win32-x64\lombok\lombok-1.18.39-4050.jar path:c:\Users\haria\.vscode\extensions\redhat.java-1.54.0-win32-x64\jre\21.0.10-win32-x86_64\bin\instrument.dll, loaded, initialized, instrumentlib options:none

dbghelp: loaded successfully - version: 4.0.5 - missing functions: none
symbol engine: initialized successfully - sym options: 0x614 - pdb path: .;c:\Users\haria\.vscode\extensions\redhat.java-1.54.0-win32-x64\jre\21.0.10-win32-x86_64\bin;C:\Windows\SYSTEM32;C:\Windows\WinSxS\amd64_microsoft.windows.common-controls_6595b64144ccf1df_6.0.22621.5262_none_2712bde373830908;C:\Program Files (x86)\360\Total Security\safemon;c:\Users\haria\.vscode\extensions\redhat.java-1.54.0-win32-x64\jre\21.0.10-win32-x86_64\bin\server;C:\Users\haria\AppData\Roaming\Code\User\globalStorage\redhat.java\1.54.0\config_ss_win\org.eclipse.equinox.launcher\org.eclipse.equinox.launcher.win32.win32.x86_64_1.3.0.v20260203-2149;C:\Users\haria\AppData\Local\Temp\jna-99048817

VM Arguments:
jvm_args: --add-modules=ALL-SYSTEM --add-opens=java.base/java.util=ALL-UNNAMED --add-opens=java.base/java.lang=ALL-UNNAMED --add-opens=java.base/sun.nio.fs=ALL-UNNAMED -Declipse.application=org.eclipse.jdt.ls.core.id1 -Dosgi.bundles.defaultStartLevel=4 -Declipse.product=org.eclipse.jdt.ls.core.product -Djava.import.generatesMetadataFilesAtProjectRoot=false -DDetectVMInstallationsJob.disabled=true -Dfile.encoding=utf8 -XX:+UseParallelGC -XX:GCTimeRatio=4 -XX:AdaptiveSizePolicyWeight=90 -Dsun.zip.disableMemoryMapping=true -Xmx2G -Xms100m -Xlog:disable -javaagent:c:\Users\haria\.vscode\extensions\redhat.java-1.54.0-win32-x64\lombok\lombok-1.18.39-4050.jar 
java_command: c:\Users\haria\.vscode\extensions\redhat.java-1.54.0-win32-x64\server\plugins\org.eclipse.equinox.launcher_1.7.100.v20251111-0406.jar -configuration c:\Users\haria\AppData\Roaming\Code\User\globalStorage\redhat.java\1.54.0\config_ss_win -data c:\Users\haria\AppData\Roaming\Code\User\workspaceStorage\b368a157e7aa87000e8219b57c792138\redhat.java\ss_ws --pipe=\\.\pipe\lsp-42eb940bd050b693021744a98e91409f-sock
java_class_path (initial): c:\Users\haria\.vscode\extensions\redhat.java-1.54.0-win32-x64\server\plugins\org.eclipse.equinox.launcher_1.7.100.v20251111-0406.jar
Launcher Type: SUN_STANDARD

[Global flags]
    uintx AdaptiveSizePolicyWeight                 = 90                                        {product} {command line}
     intx CICompilerCount                          = 3                                         {product} {ergonomic}
    uintx GCTimeRatio                              = 4                                         {product} {command line}
   size_t InitialHeapSize                          = 104857600                                 {product} {command line}
   size_t MaxHeapSize                              = 2147483648                                {product} {command line}
   size_t MaxNewSize                               = 715653120                                 {product} {ergonomic}
   size_t MinHeapDeltaBytes                        = 524288                                    {product} {ergonomic}
   size_t MinHeapSize                              = 104857600                                 {product} {command line}
   size_t NewSize                                  = 34603008                                  {product} {ergonomic}
    uintx NonNMethodCodeHeapSize                   = 5832780                                {pd product} {ergonomic}
    uintx NonProfiledCodeHeapSize                  = 122912730                              {pd product} {ergonomic}
   size_t OldSize                                  = 70254592                                  {product} {ergonomic}
    uintx ProfiledCodeHeapSize                     = 122912730                              {pd product} {ergonomic}
    uintx ReservedCodeCacheSize                    = 251658240                              {pd product} {ergonomic}
     bool SegmentedCodeCache                       = true                                      {product} {ergonomic}
   size_t SoftMaxHeapSize                          = 2147483648                             {manageable} {ergonomic}
     bool UseCompressedOops                        = true                           {product lp64_product} {ergonomic}
     bool UseLargePagesIndividualAllocation        = false                                  {pd product} {ergonomic}
     bool UseParallelGC                            = true                                      {product} {command line}

Logging:
Log output configuration:
 #0: stdout all=off uptime,level,tags foldmultilines=false
 #1: stderr all=off uptime,level,tags foldmultilines=false

Release file:
JAVA_VERSION="21.0.10" 
MODULES="java.base java.compiler java.datatransfer java.xml java.prefs java.desktop java.instrument java.logging java.management java.security.sasl java.naming java.rmi java.management.rmi java.net.http java.scripting java.security.jgss java.transaction.xa java.sql java.sql.rowset java.xml.crypto java.se java.smartcardio jdk.accessibility jdk.internal.jvmstat jdk.attach jdk.charsets jdk.internal.opt jdk.zipfs jdk.compiler jdk.crypto.ec jdk.crypto.cryptoki jdk.crypto.mscapi jdk.dynalink jdk.internal.ed jdk.editpad jdk.hotspot.agent jdk.httpserver jdk.internal.le jdk.internal.vm.ci jdk.internal.vm.compiler jdk.internal.vm.compiler.management jdk.jartool jdk.javadoc jdk.jcmd jdk.management jdk.management.agent jdk.jconsole jdk.jdeps jdk.jdwp.agent jdk.jdi jdk.jfr jdk.jshell jdk.jsobject jdk.jstatd jdk.localedata jdk.management.jfr jdk.naming.dns jdk.naming.rmi jdk.net jdk.nio.mapmode jdk.random jdk.sctp jdk.security.auth jdk.security.jgss jdk.unsupported jdk.unsupported.desktop jdk.xml.dom" 

Environment Variables:
JAVA_HOME=C:\Program Files\Java\jdk-17
PATH=C:\Program Files (x86)\Common Files\Intel\Shared Libraries\redist\intel64\compiler;C:\Program Files\Java\jdk-23\bin;C:\Program Files\Java\jdk-17\bin;C:\Windows\system32;C:\Windows;C:\Windows\System32\Wbem;C:\Windows\System32\WindowsPowerShell\v1.0\;C:\Windows\System32\OpenSSH\;C:\Program Files\Java\jdk-17\bin;C:\Program Files\Common Files\Oracle\Java\javapath;C:\Program Files\Java\jdk-20;C:\Program Files\MySQL\MySQL Server 8.0\bin;C:\Program Files\dotnet\;C:\Program Files\MySQL\MySQL Server 8.0\bin;C:\Program Files\nodejs\;C:\Program Files\apache-maven-3.9.11\bin;C:\Program Files\apache-maven-3.9.11\bin;C:\Program Files\Java\jdk-17\bin;C:\Program Files\Git\cmd;C:\Program Files\MySQL\MySQL Shell 8.0\bin\;C:\Users\haria\AppData\Local\Programs\Python\Launcher\;C:\Users\haria\AppData\Local\Microsoft\WindowsApps;C:\Users\haria\AppData\Local\Programs\Microsoft VS Code\bin;C:\Users\haria\AppData\Roaming\npm;C:\Program Files\Apache\Maven\apache-maven-3.9.9;
USERNAME=haria
OS=Windows_NT
PROCESSOR_IDENTIFIER=Intel64 Family 6 Model 140 Stepping 1, GenuineIntel
TMP=C:\Users\haria\AppData\Local\Temp
TEMP=C:\Users\haria\AppData\Local\Temp




Periodic native trim disabled

---------------  S Y S T E M  ---------------

OS:
 Windows 11 , 64 bit Build 22621 (10.0.22621.5262)
OS uptime: 0 days 0:44 hours

CPU: total 4 (initial active 4) (2 cores per cpu, 2 threads per core) family 6 model 140 stepping 1 microcode 0xa4, cx8, cmov, fxsr, ht, mmx, 3dnowpref, sse, sse2, sse3, ssse3, sse4.1, sse4.2, popcnt, lzcnt, tsc, tscinvbit, avx, avx2, aes, erms, clmul, bmi1, bmi2, adx, avx512f, avx512dq, avx512cd, avx512bw, avx512vl, sha, fma, vzeroupper, avx512_vpopcntdq, avx512_vpclmulqdq, avx512_vaes, avx512_vnni, clflush, clflushopt, clwb, avx512_vbmi2, avx512_vbmi, rdtscp, rdpid, fsrm, gfni, avx512_bitalg, f16c, pku, cet_ibt, cet_ss, avx512_ifma
Processor Information for the first 4 processors :
  Max Mhz: 2995, Current Mhz: 2995, Mhz Limit: 2995

Memory: 4k page, system-wide physical 7886M (461M free)
TotalPageFile size 10886M (AvailPageFile size 4M)
current process WorkingSet (physical memory assigned to process): 195M, peak: 195M
current process commit charge ("private bytes"): 291M, peak: 293M

vm_info: OpenJDK 64-Bit Server VM (21.0.10+7-LTS) for windows-amd64 JRE (21.0.10+7-LTS), built on 2026-01-20T00:00:00Z by "admin" with MS VC++ 17.12 (VS2022)

END.
