#
# There is insufficient memory for the Java Runtime Environment to continue.
# Native memory allocation (malloc) failed to allocate 646736 bytes. Error detail: Chunk::new
# Possible reasons:
#   The system is out of physical RAM or swap space
#   This process is running with CompressedOops enabled, and the Java Heap may be blocking the growth of the native heap
# Possible solutions:
#   Reduce memory load on the system
#   Increase physical memory or swap space
#   Check if swap backing store is full
#   Decrease Java heap size (-Xmx/-Xms)
#   Decrease number of Java threads
#   Decrease Java thread stack sizes (-Xss)
#   Set larger code cache with -XX:ReservedCodeCacheSize=
#   JVM is running with Unscaled Compressed Oops mode in which the Java heap is
#     placed in the first 4GB address space. The Java Heap base address is the
#     maximum limit for the native heap growth. Please use -XX:HeapBaseMinAddress
#     to set the Java Heap base and to place the Java Heap above 4GB virtual address.
# This output file may be truncated or incomplete.
#
#  Out of Memory Error (arena.cpp:168), pid=14644, tid=14712
#
# JRE version: OpenJDK Runtime Environment Temurin-21.0.10+7 (21.0.10+7) (build 21.0.10+7-LTS)
# Java VM: OpenJDK 64-Bit Server VM Temurin-21.0.10+7 (21.0.10+7-LTS, mixed mode, sharing, tiered, compressed oops, compressed class ptrs, parallel gc, windows-amd64)
# No core dump will be written. Minidumps are not enabled by default on client versions of Windows
#

---------------  S U M M A R Y ------------

Command Line: --add-modules=ALL-SYSTEM --add-opens=java.base/java.util=ALL-UNNAMED --add-opens=java.base/java.lang=ALL-UNNAMED --add-opens=java.base/sun.nio.fs=ALL-UNNAMED -Declipse.application=org.eclipse.jdt.ls.core.id1 -Dosgi.bundles.defaultStartLevel=4 -Declipse.product=org.eclipse.jdt.ls.core.product -Djava.import.generatesMetadataFilesAtProjectRoot=false -DDetectVMInstallationsJob.disabled=true -Dfile.encoding=utf8 -XX:+UseParallelGC -XX:GCTimeRatio=4 -XX:AdaptiveSizePolicyWeight=90 -Dsun.zip.disableMemoryMapping=true -Xmx2G -Xms100m -Xlog:disable -javaagent:c:\Users\haria\.vscode\extensions\redhat.java-1.54.0-win32-x64\lombok\lombok-1.18.39-4050.jar c:\Users\haria\.vscode\extensions\redhat.java-1.54.0-win32-x64\server\plugins\org.eclipse.equinox.launcher_1.7.100.v20251111-0406.jar -configuration c:\Users\haria\AppData\Roaming\Code\User\globalStorage\redhat.java\1.54.0\config_ss_win -data c:\Users\haria\AppData\Roaming\Code\User\workspaceStorage\b368a157e7aa87000e8219b57c792138\redhat.java\ss_ws --pipe=\\.\pipe\lsp-78e45e7f967a1adeaf31f8a410b82062-sock

Host: 11th Gen Intel(R) Core(TM) i3-1115G4 @ 3.00GHz, 4 cores, 7G,  Windows 11 , 64 bit Build 22621 (10.0.22621.5262)
Time: Mon Jun  1 13:58:37 2026 India Standard Time elapsed time: 1.667602 seconds (0d 0h 0m 1s)

---------------  T H R E A D  ---------------

Current thread (0x000001813ef4cbe0):  JavaThread "C2 CompilerThread0" daemon [_thread_in_native, id=14712, stack(0x000000430af00000,0x000000430b000000) (1024K)]


Current CompileTask:
C2:1667 1286       4       java.io.DataInputStream::readUTF (501 bytes)

Stack: [0x000000430af00000,0x000000430b000000]
Native frames: (J=compiled Java code, j=interpreted, Vv=VM code, C=native code)
V  [jvm.dll+0x6d7a39]
V  [jvm.dll+0x8b4b26]
V  [jvm.dll+0x8b70de]
V  [jvm.dll+0x8b77c3]
V  [jvm.dll+0x284346]
V  [jvm.dll+0xc66ed]
V  [jvm.dll+0xc6c31]
V  [jvm.dll+0x3bec01]
V  [jvm.dll+0x38b162]
V  [jvm.dll+0x38a5aa]
V  [jvm.dll+0x24c560]
V  [jvm.dll+0x24bb40]
V  [jvm.dll+0x1cb34e]
V  [jvm.dll+0x25b85d]
V  [jvm.dll+0x259dea]
V  [jvm.dll+0x3f857e]
V  [jvm.dll+0x85f59d]
V  [jvm.dll+0x6d626d]
C  [ucrtbase.dll+0x29333]
C  [KERNEL32.DLL+0x1259d]
C  [ntdll.dll+0x5af58]


---------------  P R O C E S S  ---------------

Threads class SMR info:
_java_thread_list=0x0000018180d90880, length=11, elements={
0x0000018126270990, 0x00000181285eb0c0, 0x00000181285ec230, 0x000001813ef41d20,
0x000001813ef42e60, 0x000001813ef464d0, 0x000001813ef48f40, 0x000001813ef4cbe0,
0x000001813ef64d30, 0x0000018180d16980, 0x0000018180e5f4a0
}

Java Threads: ( => current thread )
  0x0000018126270990 JavaThread "main"                              [_thread_in_native, id=13484, stack(0x000000430a500000,0x000000430a600000) (1024K)]
  0x00000181285eb0c0 JavaThread "Reference Handler"          daemon [_thread_blocked, id=12784, stack(0x000000430a900000,0x000000430aa00000) (1024K)]
  0x00000181285ec230 JavaThread "Finalizer"                  daemon [_thread_blocked, id=14664, stack(0x000000430aa00000,0x000000430ab00000) (1024K)]
  0x000001813ef41d20 JavaThread "Signal Dispatcher"          daemon [_thread_blocked, id=14048, stack(0x000000430ab00000,0x000000430ac00000) (1024K)]
  0x000001813ef42e60 JavaThread "Attach Listener"            daemon [_thread_blocked, id=6744, stack(0x000000430ac00000,0x000000430ad00000) (1024K)]
  0x000001813ef464d0 JavaThread "Service Thread"             daemon [_thread_blocked, id=9596, stack(0x000000430ad00000,0x000000430ae00000) (1024K)]
  0x000001813ef48f40 JavaThread "Monitor Deflation Thread"   daemon [_thread_blocked, id=13944, stack(0x000000430ae00000,0x000000430af00000) (1024K)]
=>0x000001813ef4cbe0 JavaThread "C2 CompilerThread0"         daemon [_thread_in_native, id=14712, stack(0x000000430af00000,0x000000430b000000) (1024K)]
  0x000001813ef64d30 JavaThread "C1 CompilerThread0"         daemon [_thread_blocked, id=3188, stack(0x000000430b000000,0x000000430b100000) (1024K)]
  0x0000018180d16980 JavaThread "Common-Cleaner"             daemon [_thread_blocked, id=14072, stack(0x000000430b100000,0x000000430b200000) (1024K)]
  0x0000018180e5f4a0 JavaThread "Notification Thread"        daemon [_thread_blocked, id=12504, stack(0x000000430b200000,0x000000430b300000) (1024K)]
Total: 11

Other Threads:
  0x000001813ef409b0 VMThread "VM Thread"                           [id=4708, stack(0x000000430a800000,0x000000430a900000) (1024K)]
  0x00000181285bff70 WatcherThread "VM Periodic Task Thread"        [id=2640, stack(0x000000430a700000,0x000000430a800000) (1024K)]
  0x00000181285712f0 WorkerThread "GC Thread#0"                     [id=15140, stack(0x000000430a600000,0x000000430a700000) (1024K)]
  0x00000181851240f0 WorkerThread "GC Thread#1"                     [id=9220, stack(0x000000430b300000,0x000000430b400000) (1024K)]
  0x00000181852c9d30 WorkerThread "GC Thread#2"                     [id=15420, stack(0x000000430b400000,0x000000430b500000) (1024K)]
  0x000001818514e330 WorkerThread "GC Thread#3"                     [id=14792, stack(0x000000430b500000,0x000000430b600000) (1024K)]
Total: 6

Threads with active compile tasks:
C2 CompilerThread0  1701 1286       4       java.io.DataInputStream::readUTF (501 bytes)
Total: 1

VM state: not at safepoint (normal execution)

VM Mutex/Monitor currently owned by a thread: None

Heap address: 0x0000000080000000, size: 2048 MB, Compressed Oops mode: 32-bit

CDS archive(s) mapped at: [0x000001813f000000-0x000001813fba0000-0x000001813fba0000), size 12189696, SharedBaseAddress: 0x000001813f000000, ArchiveRelocationMode: 1.
Compressed class space mapped at: 0x0000018140000000-0x0000018180000000, reserved size: 1073741824
Narrow klass base: 0x000001813f000000, Narrow klass shift: 0, Narrow klass range: 0x100000000

GC Precious Log:
 CardTable entry size: 512
 CPUs: 4 total, 4 available
 Memory: 7886M
 Large Page Support: Disabled
 NUMA Support: Disabled
 Compressed Oops: Enabled (32-bit)
 Alignments: Space 512K, Generation 512K, Heap 2M
 Heap Min Capacity: 100M
 Heap Initial Capacity: 100M
 Heap Max Capacity: 2G
 Pre-touch: Disabled
 Parallel Workers: 4

Heap:
 PSYoungGen      total 29696K, used 11321K [0x00000000d5580000, 0x00000000d7680000, 0x0000000100000000)
  eden space 25600K, 31% used [0x00000000d5580000,0x00000000d5d54688,0x00000000d6e80000)
  from space 4096K, 80% used [0x00000000d6e80000,0x00000000d71b9e98,0x00000000d7280000)
  to   space 4096K, 0% used [0x00000000d7280000,0x00000000d7280000,0x00000000d7680000)
 ParOldGen       total 68608K, used 0K [0x0000000080000000, 0x0000000084300000, 0x00000000d5580000)
  object space 68608K, 0% used [0x0000000080000000,0x0000000080000000,0x0000000084300000)
 Metaspace       used 6006K, committed 6272K, reserved 1114112K
  class space    used 617K, committed 768K, reserved 1048576K

Card table byte_map: [0x0000018127ee0000,0x00000181282f0000] _byte_map_base: 0x0000018127ae0000

Marking Bits: (ParMarkBitMap*) 0x00007ffee4b23450
 Begin Bits: [0x000001813a9e0000, 0x000001813c9e0000)
 End Bits:   [0x000001813c9e0000, 0x000001813e9e0000)

Polling page: 0x0000018127bb0000

Metaspace:

Usage:
  Non-class:      5.26 MB used.
      Class:    617.00 KB used.
       Both:      5.87 MB used.

Virtual space:
  Non-class space:       64.00 MB reserved,       5.38 MB (  8%) committed,  1 nodes.
      Class space:        1.00 GB reserved,     768.00 KB ( <1%) committed,  1 nodes.
             Both:        1.06 GB reserved,       6.12 MB ( <1%) committed. 

Chunk freelists:
   Non-Class:  10.08 MB
       Class:  15.08 MB
        Both:  25.16 MB

MaxMetaspaceSize: unlimited
CompressedClassSpaceSize: 1.00 GB
Initial GC threshold: 21.00 MB
Current GC threshold: 21.00 MB
CDS: on
 - commit_granule_bytes: 65536.
 - commit_granule_words: 8192.
 - virtual_space_node_default_size: 8388608.
 - enlarge_chunks_in_place: 1.
 - use_allocation_guard: 0.


Internal statistics:

num_allocs_failed_limit: 0.
num_arena_births: 190.
num_arena_deaths: 0.
num_vsnodes_births: 2.
num_vsnodes_deaths: 0.
num_space_committed: 98.
num_space_uncommitted: 0.
num_chunks_returned_to_freelist: 0.
num_chunks_taken_from_freelist: 313.
num_chunk_merges: 0.
num_chunk_splits: 200.
num_chunks_enlarged: 125.
num_inconsistent_stats: 0.

CodeHeap 'non-profiled nmethods': size=120000Kb used=487Kb max_used=487Kb free=119512Kb
 bounds [0x0000018133200000, 0x0000018133470000, 0x000001813a730000]
CodeHeap 'profiled nmethods': size=120000Kb used=2231Kb max_used=2231Kb free=117768Kb
 bounds [0x000001812b730000, 0x000001812b9a0000, 0x0000018132c60000]
CodeHeap 'non-nmethods': size=5760Kb used=1215Kb max_used=1229Kb free=4544Kb
 bounds [0x0000018132c60000, 0x0000018132ed0000, 0x0000018133200000]
CodeCache: size=245760Kb, used=3933Kb, max_used=3947Kb, free=241824Kb
 total_blobs=1781, nmethods=1310, adapters=378, full_count=0
Compilation: enabled, stopped_count=0, restarted_count=0

Compilation events (20 events):
Event: 1.638 Thread 0x000001813ef64d30 1296       3       java.lang.StringLatin1::toChars (16 bytes)
Event: 1.638 Thread 0x000001813ef64d30 nmethod 1296 0x000001812b94ca10 code [0x000001812b94cbc0, 0x000001812b94cda0]
Event: 1.638 Thread 0x000001813ef64d30 1297       3       org.eclipse.osgi.container.ModuleDatabase$Persistence::readString (7 bytes)
Event: 1.638 Thread 0x000001813ef64d30 nmethod 1297 0x000001812b94ce90 code [0x000001812b94d040, 0x000001812b94d160]
Event: 1.638 Thread 0x000001813ef64d30 1298       3       org.eclipse.osgi.container.ModuleDatabase$Persistence::readMapValue (111 bytes)
Event: 1.639 Thread 0x000001813ef64d30 nmethod 1298 0x000001812b94d210 code [0x000001812b94d5c0, 0x000001812b94ebe8]
Event: 1.639 Thread 0x000001813ef64d30 1299       3       org.eclipse.osgi.container.ModuleDatabase$Persistence::readVersion0 (96 bytes)
Event: 1.640 Thread 0x000001813ef64d30 nmethod 1299 0x000001812b94f310 code [0x000001812b94f760, 0x000001812b951580]
Event: 1.640 Thread 0x000001813ef64d30 1302       3       org.eclipse.osgi.container.ModuleDatabase$Persistence::readIndexedMap (16 bytes)
Event: 1.641 Thread 0x000001813ef64d30 nmethod 1302 0x000001812b951f90 code [0x000001812b9521c0, 0x000001812b9528b8]
Event: 1.643 Thread 0x000001813ef64d30 1303       3       java.util.Collections::unmodifiableMap (22 bytes)
Event: 1.643 Thread 0x000001813ef64d30 nmethod 1303 0x000001812b952c10 code [0x000001812b952e00, 0x000001812b953250]
Event: 1.643 Thread 0x000001813ef64d30 1306       3       org.eclipse.osgi.container.ModuleDatabase$Persistence::readMap (118 bytes)
Event: 1.644 Thread 0x000001813ef64d30 nmethod 1306 0x000001812b953410 code [0x000001812b9537c0, 0x000001812b954d48]
Event: 1.644 Thread 0x000001813ef64d30 1304       3       java.util.Collections$UnmodifiableMap::<init> (22 bytes)
Event: 1.645 Thread 0x000001813ef64d30 nmethod 1304 0x000001812b955690 code [0x000001812b955840, 0x000001812b955ac0]
Event: 1.645 Thread 0x000001813ef64d30 1308       3       org.eclipse.osgi.container.ModuleDatabase$Persistence::readListValue (97 bytes)
Event: 1.646 Thread 0x000001813ef64d30 nmethod 1308 0x000001812b955c10 code [0x000001812b955fa0, 0x000001812b957540]
Event: 1.647 Thread 0x000001813ef64d30 1311       3       org.eclipse.osgi.container.ModuleDatabase$Persistence::readList (78 bytes)
Event: 1.648 Thread 0x000001813ef64d30 nmethod 1311 0x000001812b957c10 code [0x000001812b957f40, 0x000001812b9590e8]

GC Heap History (2 events):
Event: 1.288 GC heap before
{Heap before GC invocations=1 (full 0):
 PSYoungGen      total 29696K, used 25600K [0x00000000d5580000, 0x00000000d7680000, 0x0000000100000000)
  eden space 25600K, 100% used [0x00000000d5580000,0x00000000d6e80000,0x00000000d6e80000)
  from space 4096K, 0% used [0x00000000d7280000,0x00000000d7280000,0x00000000d7680000)
  to   space 4096K, 0% used [0x00000000d6e80000,0x00000000d6e80000,0x00000000d7280000)
 ParOldGen       total 68608K, used 0K [0x0000000080000000, 0x0000000084300000, 0x00000000d5580000)
  object space 68608K, 0% used [0x0000000080000000,0x0000000080000000,0x0000000084300000)
 Metaspace       used 4362K, committed 4608K, reserved 1114112K
  class space    used 474K, committed 576K, reserved 1048576K
}
Event: 1.300 GC heap after
{Heap after GC invocations=1 (full 0):
 PSYoungGen      total 29696K, used 3303K [0x00000000d5580000, 0x00000000d7680000, 0x0000000100000000)
  eden space 25600K, 0% used [0x00000000d5580000,0x00000000d5580000,0x00000000d6e80000)
  from space 4096K, 80% used [0x00000000d6e80000,0x00000000d71b9e98,0x00000000d7280000)
  to   space 4096K, 0% used [0x00000000d7280000,0x00000000d7280000,0x00000000d7680000)
 ParOldGen       total 68608K, used 0K [0x0000000080000000, 0x0000000084300000, 0x00000000d5580000)
  object space 68608K, 0% used [0x0000000080000000,0x0000000080000000,0x0000000084300000)
 Metaspace       used 4362K, committed 4608K, reserved 1114112K
  class space    used 474K, committed 576K, reserved 1048576K
}

Dll operation events (8 events):
Event: 0.018 Loaded shared library c:\Users\haria\.vscode\extensions\redhat.java-1.54.0-win32-x64\jre\21.0.10-win32-x86_64\bin\java.dll
Event: 0.160 Loaded shared library c:\Users\haria\.vscode\extensions\redhat.java-1.54.0-win32-x64\jre\21.0.10-win32-x86_64\bin\zip.dll
Event: 0.204 Loaded shared library C:\Users\haria\.vscode\extensions\redhat.java-1.54.0-win32-x64\jre\21.0.10-win32-x86_64\bin\instrument.dll
Event: 0.234 Loaded shared library C:\Users\haria\.vscode\extensions\redhat.java-1.54.0-win32-x64\jre\21.0.10-win32-x86_64\bin\net.dll
Event: 0.237 Loaded shared library C:\Users\haria\.vscode\extensions\redhat.java-1.54.0-win32-x64\jre\21.0.10-win32-x86_64\bin\nio.dll
Event: 0.240 Loaded shared library C:\Users\haria\.vscode\extensions\redhat.java-1.54.0-win32-x64\jre\21.0.10-win32-x86_64\bin\zip.dll
Event: 0.269 Loaded shared library C:\Users\haria\.vscode\extensions\redhat.java-1.54.0-win32-x64\jre\21.0.10-win32-x86_64\bin\jimage.dll
Event: 0.421 Loaded shared library c:\Users\haria\.vscode\extensions\redhat.java-1.54.0-win32-x64\jre\21.0.10-win32-x86_64\bin\verify.dll

Deoptimization events (20 events):
Event: 1.349 Thread 0x0000018126270990 Uncommon trap: trap_request=0xffffff45 fr.pc=0x000001813326ffb8 relative=0x0000000000000278
Event: 1.349 Thread 0x0000018126270990 Uncommon trap: reason=unstable_if action=reinterpret pc=0x000001813326ffb8 method=java.util.HashMap.hash(Ljava/lang/Object;)I @ 1 c2
Event: 1.349 Thread 0x0000018126270990 DEOPT PACKING pc=0x000001813326ffb8 sp=0x000000430a5fe710
Event: 1.349 Thread 0x0000018126270990 DEOPT UNPACKING pc=0x0000018132cb6da2 sp=0x000000430a5fe5a8 mode 2
Event: 1.350 Thread 0x0000018126270990 Uncommon trap: trap_request=0xffffff45 fr.pc=0x000001813325f5bc relative=0x000000000000027c
Event: 1.350 Thread 0x0000018126270990 Uncommon trap: reason=unstable_if action=reinterpret pc=0x000001813325f5bc method=java.util.HashMap.hash(Ljava/lang/Object;)I @ 1 c2
Event: 1.350 Thread 0x0000018126270990 DEOPT PACKING pc=0x000001813325f5bc sp=0x000000430a5fe680
Event: 1.350 Thread 0x0000018126270990 DEOPT UNPACKING pc=0x0000018132cb6da2 sp=0x000000430a5fe588 mode 2
Event: 1.351 Thread 0x0000018126270990 Uncommon trap: trap_request=0xffffff45 fr.pc=0x0000018133259bd0 relative=0x00000000000000b0
Event: 1.351 Thread 0x0000018126270990 Uncommon trap: reason=unstable_if action=reinterpret pc=0x0000018133259bd0 method=java.util.HashMap.hash(Ljava/lang/Object;)I @ 1 c2
Event: 1.351 Thread 0x0000018126270990 DEOPT PACKING pc=0x0000018133259bd0 sp=0x000000430a5fe730
Event: 1.351 Thread 0x0000018126270990 DEOPT UNPACKING pc=0x0000018132cb6da2 sp=0x000000430a5fe6c8 mode 2
Event: 1.351 Thread 0x0000018126270990 Uncommon trap: trap_request=0xffffffde fr.pc=0x00000181332570b0 relative=0x0000000000000590
Event: 1.351 Thread 0x0000018126270990 Uncommon trap: reason=class_check action=maybe_recompile pc=0x00000181332570b0 method=java.util.Collections$UnmodifiableCollection$1.<init>(Ljava/util/Collections$UnmodifiableCollection;)V @ 17 c2
Event: 1.351 Thread 0x0000018126270990 DEOPT PACKING pc=0x00000181332570b0 sp=0x000000430a5fe760
Event: 1.351 Thread 0x0000018126270990 DEOPT UNPACKING pc=0x0000018132cb6da2 sp=0x000000430a5fe6a8 mode 2
Event: 1.469 Thread 0x0000018126270990 Uncommon trap: trap_request=0xffffff45 fr.pc=0x0000018133244a78 relative=0x0000000000000198
Event: 1.469 Thread 0x0000018126270990 Uncommon trap: reason=unstable_if action=reinterpret pc=0x0000018133244a78 method=java.lang.invoke.VarHandle.checkAccessModeThenIsDirect(Ljava/lang/invoke/VarHandle$AccessDescriptor;)Z @ 4 c2
Event: 1.469 Thread 0x0000018126270990 DEOPT PACKING pc=0x0000018133244a78 sp=0x000000430a5fe710
Event: 1.469 Thread 0x0000018126270990 DEOPT UNPACKING pc=0x0000018132cb6da2 sp=0x000000430a5fe668 mode 2

Classes loaded (20 events):
Event: 1.552 Loading class java/util/AbstractQueue done
Event: 1.552 Loading class java/util/concurrent/SynchronousQueue done
Event: 1.553 Loading class java/util/concurrent/SynchronousQueue$Transferer
Event: 1.553 Loading class java/util/concurrent/LinkedTransferQueue
Event: 1.553 Loading class java/util/concurrent/TransferQueue
Event: 1.554 Loading class java/util/concurrent/TransferQueue done
Event: 1.554 Loading class java/util/concurrent/LinkedTransferQueue done
Event: 1.554 Loading class java/util/concurrent/SynchronousQueue$Transferer done
Event: 1.554 Loading class java/util/concurrent/LinkedTransferQueue$DualNode
Event: 1.554 Loading class java/util/concurrent/LinkedTransferQueue$DualNode done
Event: 1.555 Loading class java/util/concurrent/RejectedExecutionHandler
Event: 1.555 Loading class java/util/concurrent/RejectedExecutionHandler done
Event: 1.555 Loading class java/util/concurrent/LinkedBlockingQueue
Event: 1.555 Loading class java/util/concurrent/LinkedBlockingQueue done
Event: 1.560 Loading class java/util/concurrent/LinkedBlockingQueue$Node
Event: 1.561 Loading class java/util/concurrent/LinkedBlockingQueue$Node done
Event: 1.578 Loading class java/util/concurrent/Semaphore$NonfairSync
Event: 1.578 Loading class java/util/concurrent/Semaphore$Sync
Event: 1.578 Loading class java/util/concurrent/Semaphore$Sync done
Event: 1.578 Loading class java/util/concurrent/Semaphore$NonfairSync done

Classes unloaded (0 events):
No events

Classes redefined (0 events):
No events

Internal exceptions (20 events):
Event: 0.888 Thread 0x0000018126270990 Exception <a 'java/io/FileNotFoundException'{0x00000000d64ca2d8}> (0x00000000d64ca2d8) 
thrown [s\src\hotspot\share\prims\jni.cpp, line 520]
Event: 0.888 Thread 0x0000018126270990 Exception <a 'java/io/FileNotFoundException'{0x00000000d64caf50}> (0x00000000d64caf50) 
thrown [s\src\hotspot\share\prims\jni.cpp, line 520]
Event: 0.888 Thread 0x0000018126270990 Exception <a 'java/io/FileNotFoundException'{0x00000000d64cba90}> (0x00000000d64cba90) 
thrown [s\src\hotspot\share\prims\jni.cpp, line 520]
Event: 0.892 Thread 0x0000018126270990 Implicit null exception at 0x00000181332323a4 to 0x00000181332329a4
Event: 0.895 Thread 0x0000018126270990 Exception <a 'java/io/FileNotFoundException'{0x00000000d6505c20}> (0x00000000d6505c20) 
thrown [s\src\hotspot\share\prims\jni.cpp, line 520]
Event: 0.903 Thread 0x0000018126270990 Exception <a 'java/lang/NoSuchMethodError'{0x00000000d65425f8}: 'java.lang.Object java.lang.invoke.DirectMethodHandle$Holder.invokeInterface(java.lang.Object, java.lang.Object)'> (0x00000000d65425f8) 
thrown [s\src\hotspot\share\interpreter\linkResolver.cpp, line 773]
Event: 0.906 Thread 0x0000018126270990 Exception <a 'java/lang/NoSuchMethodError'{0x00000000d6556068}: 'java.lang.Object java.lang.invoke.Invokers$Holder.invokeExact_MT(java.lang.Object, java.lang.Object, java.lang.Object, java.lang.Object, java.lang.Object, java.lang.Object)'> (0x00000000d6556068) 
thrown [s\src\hotspot\share\interpreter\linkResolver.cpp, line 773]
Event: 0.921 Thread 0x0000018126270990 Exception <a 'java/lang/NoSuchMethodError'{0x00000000d656d140}: 'int java.lang.invoke.DirectMethodHandle$Holder.invokeStatic(java.lang.Object, java.lang.Object, java.lang.Object, java.lang.Object, java.lang.Object)'> (0x00000000d656d140) 
thrown [s\src\hotspot\share\interpreter\linkResolver.cpp, line 773]
Event: 0.939 Thread 0x0000018126270990 Exception <a 'java/lang/NoSuchMethodError'{0x00000000d6602ac0}: 'java.lang.Object java.lang.invoke.DirectMethodHandle$Holder.invokeInterface(java.lang.Object, java.lang.Object, int)'> (0x00000000d6602ac0) 
thrown [s\src\hotspot\share\interpreter\linkResolver.cpp, line 773]
Event: 1.181 Thread 0x0000018126270990 Exception <a 'java/lang/NoSuchMethodError'{0x00000000d6a6b848}: 'java.lang.ClassLoader java.lang.ClassLoader.getPlatformClassLoader(java.lang.Class)'> (0x00000000d6a6b848) 
thrown [s\src\hotspot\share\interpreter\linkResolver.cpp, line 773]
Event: 1.302 Thread 0x0000018126270990 Exception <a 'java/lang/ClassNotFoundException'{0x00000000d5588528}: sun/net/www/protocol/c/Handler> (0x00000000d5588528) 
thrown [s\src\hotspot\share\classfile\systemDictionary.cpp, line 312]
Event: 1.302 Thread 0x0000018126270990 Exception <a 'java/lang/ClassNotFoundException'{0x00000000d55898e8}: sun/net/www/protocol/c/Handler> (0x00000000d55898e8) 
thrown [s\src\hotspot\share\classfile\systemDictionary.cpp, line 312]
Event: 1.302 Thread 0x0000018126270990 Exception <a 'java/lang/ClassNotFoundException'{0x00000000d558ab18}: sun/net/www/protocol/c/Handler> (0x00000000d558ab18) 
thrown [s\src\hotspot\share\classfile\systemDictionary.cpp, line 312]
Event: 1.319 Thread 0x0000018126270990 Exception <a 'java/io/FileNotFoundException'{0x00000000d55b3040}> (0x00000000d55b3040) 
thrown [s\src\hotspot\share\prims\jni.cpp, line 520]
Event: 1.348 Thread 0x0000018126270990 Implicit null exception at 0x000001813326ab29 to 0x000001813326b3c8
Event: 1.349 Thread 0x0000018126270990 Implicit null exception at 0x000001813326fd9a to 0x000001813326ffa0
Event: 1.349 Thread 0x0000018126270990 Exception <a 'java/lang/NoSuchMethodError'{0x00000000d56e2c90}: 'void java.lang.invoke.DirectMethodHandle$Holder.invokeStatic(java.lang.Object, java.lang.Object, java.lang.Object, java.lang.Object)'> (0x00000000d56e2c90) 
thrown [s\src\hotspot\share\interpreter\linkResolver.cpp, line 773]
Event: 1.350 Thread 0x0000018126270990 Implicit null exception at 0x000001813325f39a to 0x000001813325f5a4
Event: 1.351 Thread 0x0000018126270990 Implicit null exception at 0x0000018133259b3d to 0x0000018133259bc1
Event: 1.485 Thread 0x0000018126270990 Exception <a 'java/lang/NoSuchMethodError'{0x00000000d59a6748}: 'void java.lang.invoke.DirectMethodHandle$Holder.invokeSpecial(java.lang.Object, java.lang.Object, java.lang.Object)'> (0x00000000d59a6748) 
thrown [s\src\hotspot\share\interpreter\linkResolver.cpp, line 773]

ZGC Phase Switch (0 events):
No events

VM Operations (10 events):
Event: 0.156 Executing non-safepoint VM operation: HandshakeAllThreads (Deoptimize)
Event: 0.156 Executing non-safepoint VM operation: HandshakeAllThreads (Deoptimize) done
Event: 0.288 Executing non-safepoint VM operation: HandshakeAllThreads (Deoptimize)
Event: 0.288 Executing non-safepoint VM operation: HandshakeAllThreads (Deoptimize) done
Event: 0.838 Executing non-safepoint VM operation: HandshakeAllThreads (Deoptimize)
Event: 0.838 Executing non-safepoint VM operation: HandshakeAllThreads (Deoptimize) done
Event: 0.853 Executing non-safepoint VM operation: HandshakeAllThreads (Deoptimize)
Event: 0.853 Executing non-safepoint VM operation: HandshakeAllThreads (Deoptimize) done
Event: 1.288 Executing safepoint VM operation: ParallelGCFailedAllocation (Allocation Failure)
Event: 1.300 Executing safepoint VM operation: ParallelGCFailedAllocation (Allocation Failure) done

Memory protections (0 events):
No events

Nmethod flushes (0 events):
No events

Events (11 events):
Event: 0.102 Thread 0x0000018126270990 Thread added: 0x0000018126270990
Event: 0.119 Thread 0x0000018126270990 Thread added: 0x00000181285eb0c0
Event: 0.119 Thread 0x0000018126270990 Thread added: 0x00000181285ec230
Event: 0.119 Thread 0x0000018126270990 Thread added: 0x000001813ef41d20
Event: 0.119 Thread 0x0000018126270990 Thread added: 0x000001813ef42e60
Event: 0.119 Thread 0x0000018126270990 Thread added: 0x000001813ef464d0
Event: 0.119 Thread 0x0000018126270990 Thread added: 0x000001813ef48f40
Event: 0.119 Thread 0x0000018126270990 Thread added: 0x000001813ef4cbe0
Event: 0.119 Thread 0x0000018126270990 Thread added: 0x000001813ef64d30
Event: 0.215 Thread 0x0000018126270990 Thread added: 0x0000018180d16980
Event: 0.553 Thread 0x0000018126270990 Thread added: 0x0000018180e5f4a0


Dynamic libraries:
0x00007ff6476e0000 - 0x00007ff6476ee000 	c:\Users\haria\.vscode\extensions\redhat.java-1.54.0-win32-x64\jre\21.0.10-win32-x86_64\bin\java.exe
0x00007fff614b0000 - 0x00007fff616c7000 	C:\Windows\SYSTEM32\ntdll.dll
0x00007fff5fac0000 - 0x00007fff5fb84000 	C:\Windows\System32\KERNEL32.DLL
0x00007fff5e810000 - 0x00007fff5ebe3000 	C:\Windows\System32\KERNELBASE.dll
0x00007fff5eef0000 - 0x00007fff5f001000 	C:\Windows\System32\ucrtbase.dll
0x00007fff05700000 - 0x00007fff05718000 	c:\Users\haria\.vscode\extensions\redhat.java-1.54.0-win32-x64\jre\21.0.10-win32-x86_64\bin\jli.dll
0x00007fff5f140000 - 0x00007fff5f2f1000 	C:\Windows\System32\USER32.dll
0x00007fff5ec90000 - 0x00007fff5ecb6000 	C:\Windows\System32\win32u.dll
0x00007fff5f890000 - 0x00007fff5f8b9000 	C:\Windows\System32\GDI32.dll
0x00007fff5f010000 - 0x00007fff5f132000 	C:\Windows\System32\gdi32full.dll
0x00007fff5ebf0000 - 0x00007fff5ec8a000 	C:\Windows\System32\msvcp_win.dll
0x00007fff056e0000 - 0x00007fff056fe000 	c:\Users\haria\.vscode\extensions\redhat.java-1.54.0-win32-x64\jre\21.0.10-win32-x86_64\bin\VCRUNTIME140.dll
0x00007fff46ab0000 - 0x00007fff46d4b000 	C:\Windows\WinSxS\amd64_microsoft.windows.common-controls_6595b64144ccf1df_6.0.22621.5262_none_2712bde373830908\COMCTL32.dll
0x00007fff5f8d0000 - 0x00007fff5f977000 	C:\Windows\System32\msvcrt.dll
0x00007fff5fa30000 - 0x00007fff5fa61000 	C:\Windows\System32\IMM32.DLL
0x000000006a710000 - 0x000000006a71c000 	C:\Program Files (x86)\360\Total Security\safemon\SafeWrapper.dll
0x00007fff604f0000 - 0x00007fff605a1000 	C:\Windows\System32\ADVAPI32.dll
0x00007fff61030000 - 0x00007fff610d7000 	C:\Windows\System32\sechost.dll
0x00007fff5e6a0000 - 0x00007fff5e6c8000 	C:\Windows\System32\bcrypt.dll
0x00007fff610e0000 - 0x00007fff611f4000 	C:\Windows\System32\RPCRT4.dll
0x00007ffee4ca0000 - 0x00007ffee4d4c000 	C:\Program Files (x86)\360\Total Security\safemon\libzdtp64.dll
0x00007fff60790000 - 0x00007fff6102d000 	C:\Windows\System32\SHELL32.dll
0x00007fff5e6d0000 - 0x00007fff5e80f000 	C:\Windows\System32\wintypes.dll
0x00007fff60070000 - 0x00007fff60403000 	C:\Windows\System32\combase.dll
0x00007fff5ffe0000 - 0x00007fff60046000 	C:\Windows\System32\SHLWAPI.dll
0x00007fff5dfa0000 - 0x00007fff5dfaa000 	C:\Windows\SYSTEM32\VERSION.dll
0x00007fff21910000 - 0x00007fff2191c000 	c:\Users\haria\.vscode\extensions\redhat.java-1.54.0-win32-x64\jre\21.0.10-win32-x86_64\bin\vcruntime140_1.dll
0x00007ffee4c10000 - 0x00007ffee4c9d000 	c:\Users\haria\.vscode\extensions\redhat.java-1.54.0-win32-x64\jre\21.0.10-win32-x86_64\bin\msvcp140.dll
0x00007ffee3e60000 - 0x00007ffee4c01000 	c:\Users\haria\.vscode\extensions\redhat.java-1.54.0-win32-x64\jre\21.0.10-win32-x86_64\bin\server\jvm.dll
0x00007fff5ff40000 - 0x00007fff5ffb1000 	C:\Windows\System32\WS2_32.dll
0x00007fff5e270000 - 0x00007fff5e2bd000 	C:\Windows\SYSTEM32\POWRPROF.dll
0x00007fff57cf0000 - 0x00007fff57d24000 	C:\Windows\SYSTEM32\WINMM.dll
0x00007fff5e250000 - 0x00007fff5e263000 	C:\Windows\SYSTEM32\UMPDC.dll
0x00007fff5d570000 - 0x00007fff5d588000 	C:\Windows\SYSTEM32\kernel.appcore.dll
0x00007fff1f120000 - 0x00007fff1f12a000 	c:\Users\haria\.vscode\extensions\redhat.java-1.54.0-win32-x64\jre\21.0.10-win32-x86_64\bin\jimage.dll
0x00007fff5be50000 - 0x00007fff5c082000 	C:\Windows\SYSTEM32\DBGHELP.DLL
0x00007fff60410000 - 0x00007fff604e7000 	C:\Windows\System32\OLEAUT32.dll
0x00007fff44c20000 - 0x00007fff44c52000 	C:\Windows\SYSTEM32\dbgcore.DLL
0x00007fff5e5a0000 - 0x00007fff5e61b000 	C:\Windows\System32\bcryptPrimitives.dll
0x00007fff04760000 - 0x00007fff0476f000 	c:\Users\haria\.vscode\extensions\redhat.java-1.54.0-win32-x64\jre\21.0.10-win32-x86_64\bin\instrument.dll
0x00007ffef0840000 - 0x00007ffef0860000 	c:\Users\haria\.vscode\extensions\redhat.java-1.54.0-win32-x64\jre\21.0.10-win32-x86_64\bin\java.dll
0x00007fff5c470000 - 0x00007fff5cd8d000 	C:\Windows\SYSTEM32\windows.storage.dll
0x00007fff5f780000 - 0x00007fff5f88b000 	C:\Windows\System32\SHCORE.dll
0x00007fff5e4d0000 - 0x00007fff5e4fb000 	C:\Windows\SYSTEM32\profapi.dll
0x00007ffeed0c0000 - 0x00007ffeed0d8000 	c:\Users\haria\.vscode\extensions\redhat.java-1.54.0-win32-x64\jre\21.0.10-win32-x86_64\bin\zip.dll
0x00007fff04360000 - 0x00007fff04370000 	C:\Users\haria\.vscode\extensions\redhat.java-1.54.0-win32-x64\jre\21.0.10-win32-x86_64\bin\net.dll
0x00007fff5ad50000 - 0x00007fff5ae7c000 	C:\Windows\SYSTEM32\WINHTTP.dll
0x00007fff5d9f0000 - 0x00007fff5da5a000 	C:\Windows\system32\mswsock.dll
0x00007ffee4d60000 - 0x00007ffee4d76000 	C:\Users\haria\.vscode\extensions\redhat.java-1.54.0-win32-x64\jre\21.0.10-win32-x86_64\bin\nio.dll
0x00007ffef3080000 - 0x00007ffef3090000 	c:\Users\haria\.vscode\extensions\redhat.java-1.54.0-win32-x64\jre\21.0.10-win32-x86_64\bin\verify.dll

JVMTI agents:
c:\Users\haria\.vscode\extensions\redhat.java-1.54.0-win32-x64\lombok\lombok-1.18.39-4050.jar path:c:\Users\haria\.vscode\extensions\redhat.java-1.54.0-win32-x64\jre\21.0.10-win32-x86_64\bin\instrument.dll, loaded, initialized, instrumentlib options:none

dbghelp: loaded successfully - version: 4.0.5 - missing functions: none
symbol engine: initialized successfully - sym options: 0x614 - pdb path: .;c:\Users\haria\.vscode\extensions\redhat.java-1.54.0-win32-x64\jre\21.0.10-win32-x86_64\bin;C:\Windows\SYSTEM32;C:\Windows\WinSxS\amd64_microsoft.windows.common-controls_6595b64144ccf1df_6.0.22621.5262_none_2712bde373830908;C:\Program Files (x86)\360\Total Security\safemon;c:\Users\haria\.vscode\extensions\redhat.java-1.54.0-win32-x64\jre\21.0.10-win32-x86_64\bin\server

VM Arguments:
jvm_args: --add-modules=ALL-SYSTEM --add-opens=java.base/java.util=ALL-UNNAMED --add-opens=java.base/java.lang=ALL-UNNAMED --add-opens=java.base/sun.nio.fs=ALL-UNNAMED -Declipse.application=org.eclipse.jdt.ls.core.id1 -Dosgi.bundles.defaultStartLevel=4 -Declipse.product=org.eclipse.jdt.ls.core.product -Djava.import.generatesMetadataFilesAtProjectRoot=false -DDetectVMInstallationsJob.disabled=true -Dfile.encoding=utf8 -XX:+UseParallelGC -XX:GCTimeRatio=4 -XX:AdaptiveSizePolicyWeight=90 -Dsun.zip.disableMemoryMapping=true -Xmx2G -Xms100m -Xlog:disable -javaagent:c:\Users\haria\.vscode\extensions\redhat.java-1.54.0-win32-x64\lombok\lombok-1.18.39-4050.jar 
java_command: c:\Users\haria\.vscode\extensions\redhat.java-1.54.0-win32-x64\server\plugins\org.eclipse.equinox.launcher_1.7.100.v20251111-0406.jar -configuration c:\Users\haria\AppData\Roaming\Code\User\globalStorage\redhat.java\1.54.0\config_ss_win -data c:\Users\haria\AppData\Roaming\Code\User\workspaceStorage\b368a157e7aa87000e8219b57c792138\redhat.java\ss_ws --pipe=\\.\pipe\lsp-78e45e7f967a1adeaf31f8a410b82062-sock
java_class_path (initial): c:\Users\haria\.vscode\extensions\redhat.java-1.54.0-win32-x64\server\plugins\org.eclipse.equinox.launcher_1.7.100.v20251111-0406.jar
Launcher Type: SUN_STANDARD

[Global flags]
    uintx AdaptiveSizePolicyWeight                 = 90                                        {product} {command line}
     intx CICompilerCount                          = 3                                         {product} {ergonomic}
    uintx GCTimeRatio                              = 4                                         {product} {command line}
   size_t InitialHeapSize                          = 104857600                                 {product} {command line}
   size_t MaxHeapSize                              = 2147483648                                {product} {command line}
   size_t MaxNewSize                               = 715653120                                 {product} {ergonomic}
   size_t MinHeapDeltaBytes                        = 524288                                    {product} {ergonomic}
   size_t MinHeapSize                              = 104857600                                 {product} {command line}
   size_t NewSize                                  = 34603008                                  {product} {ergonomic}
    uintx NonNMethodCodeHeapSize                   = 5832780                                {pd product} {ergonomic}
    uintx NonProfiledCodeHeapSize                  = 122912730                              {pd product} {ergonomic}
   size_t OldSize                                  = 70254592                                  {product} {ergonomic}
    uintx ProfiledCodeHeapSize                     = 122912730                              {pd product} {ergonomic}
    uintx ReservedCodeCacheSize                    = 251658240                              {pd product} {ergonomic}
     bool SegmentedCodeCache                       = true                                      {product} {ergonomic}
   size_t SoftMaxHeapSize                          = 2147483648                             {manageable} {ergonomic}
     bool UseCompressedOops                        = true                           {product lp64_product} {ergonomic}
     bool UseLargePagesIndividualAllocation        = false                                  {pd product} {ergonomic}
     bool UseParallelGC                            = true                                      {product} {command line}

Logging:
Log output configuration:
 #0: stdout all=off uptime,level,tags foldmultilines=false
 #1: stderr all=off uptime,level,tags foldmultilines=false

Release file:
JAVA_VERSION="21.0.10" 
MODULES="java.base java.compiler java.datatransfer java.xml java.prefs java.desktop java.instrument java.logging java.management java.security.sasl java.naming java.rmi java.management.rmi java.net.http java.scripting java.security.jgss java.transaction.xa java.sql java.sql.rowset java.xml.crypto java.se java.smartcardio jdk.accessibility jdk.internal.jvmstat jdk.attach jdk.charsets jdk.internal.opt jdk.zipfs jdk.compiler jdk.crypto.ec jdk.crypto.cryptoki jdk.crypto.mscapi jdk.dynalink jdk.internal.ed jdk.editpad jdk.hotspot.agent jdk.httpserver jdk.internal.le jdk.internal.vm.ci jdk.internal.vm.compiler jdk.internal.vm.compiler.management jdk.jartool jdk.javadoc jdk.jcmd jdk.management jdk.management.agent jdk.jconsole jdk.jdeps jdk.jdwp.agent jdk.jdi jdk.jfr jdk.jshell jdk.jsobject jdk.jstatd jdk.localedata jdk.management.jfr jdk.naming.dns jdk.naming.rmi jdk.net jdk.nio.mapmode jdk.random jdk.sctp jdk.security.auth jdk.security.jgss jdk.unsupported jdk.unsupported.desktop jdk.xml.dom" 

Environment Variables:
JAVA_HOME=C:\Program Files\Java\jdk-17
PATH=C:\Program Files (x86)\Common Files\Intel\Shared Libraries\redist\intel64\compiler;C:\Program Files\Java\jdk-23\bin;C:\Program Files\Java\jdk-17\bin;C:\Windows\system32;C:\Windows;C:\Windows\System32\Wbem;C:\Windows\System32\WindowsPowerShell\v1.0\;C:\Windows\System32\OpenSSH\;C:\Program Files\Java\jdk-17\bin;C:\Program Files\Common Files\Oracle\Java\javapath;C:\Program Files\Java\jdk-20;C:\Program Files\MySQL\MySQL Server 8.0\bin;C:\Program Files\dotnet\;C:\Program Files\MySQL\MySQL Server 8.0\bin;C:\Program Files\nodejs\;C:\Program Files\apache-maven-3.9.11\bin;C:\Program Files\apache-maven-3.9.11\bin;C:\Program Files\Java\jdk-17\bin;C:\Program Files\Git\cmd;C:\Program Files\MySQL\MySQL Shell 8.0\bin\;C:\Users\haria\AppData\Local\Programs\Python\Launcher\;C:\Users\haria\AppData\Local\Microsoft\WindowsApps;C:\Users\haria\AppData\Local\Programs\Microsoft VS Code\bin;C:\Users\haria\AppData\Roaming\npm;C:\Program Files\Apache\Maven\apache-maven-3.9.9;
USERNAME=haria
OS=Windows_NT
PROCESSOR_IDENTIFIER=Intel64 Family 6 Model 140 Stepping 1, GenuineIntel
TMP=C:\Users\haria\AppData\Local\Temp
TEMP=C:\Users\haria\AppData\Local\Temp




Periodic native trim disabled

---------------  S Y S T E M  ---------------

OS:
 Windows 11 , 64 bit Build 22621 (10.0.22621.5262)
OS uptime: 0 days 0:05 hours

CPU: total 4 (initial active 4) (2 cores per cpu, 2 threads per core) family 6 model 140 stepping 1 microcode 0xa4, cx8, cmov, fxsr, ht, mmx, 3dnowpref, sse, sse2, sse3, ssse3, sse4.1, sse4.2, popcnt, lzcnt, tsc, tscinvbit, avx, avx2, aes, erms, clmul, bmi1, bmi2, adx, avx512f, avx512dq, avx512cd, avx512bw, avx512vl, sha, fma, vzeroupper, avx512_vpopcntdq, avx512_vpclmulqdq, avx512_vaes, avx512_vnni, clflush, clflushopt, clwb, avx512_vbmi2, avx512_vbmi, rdtscp, rdpid, fsrm, gfni, avx512_bitalg, f16c, pku, cet_ibt, cet_ss, avx512_ifma
Processor Information for the first 4 processors :
  Max Mhz: 2995, Current Mhz: 2995, Mhz Limit: 2995

Memory: 4k page, system-wide physical 7886M (264M free)
TotalPageFile size 10886M (AvailPageFile size 11M)
current process WorkingSet (physical memory assigned to process): 83M, peak: 83M
current process commit charge ("private bytes"): 223M, peak: 223M

vm_info: OpenJDK 64-Bit Server VM (21.0.10+7-LTS) for windows-amd64 JRE (21.0.10+7-LTS), built on 2026-01-20T00:00:00Z by "admin" with MS VC++ 17.12 (VS2022)

END.
