#
# There is insufficient memory for the Java Runtime Environment to continue.
# Native memory allocation (malloc) failed to allocate 335376 bytes. Error detail: Chunk::new
# Possible reasons:
#   The system is out of physical RAM or swap space
#   This process is running with CompressedOops enabled, and the Java Heap may be blocking the growth of the native heap
# Possible solutions:
#   Reduce memory load on the system
#   Increase physical memory or swap space
#   Check if swap backing store is full
#   Decrease Java heap size (-Xmx/-Xms)
#   Decrease number of Java threads
#   Decrease Java thread stack sizes (-Xss)
#   Set larger code cache with -XX:ReservedCodeCacheSize=
#   JVM is running with Unscaled Compressed Oops mode in which the Java heap is
#     placed in the first 4GB address space. The Java Heap base address is the
#     maximum limit for the native heap growth. Please use -XX:HeapBaseMinAddress
#     to set the Java Heap base and to place the Java Heap above 4GB virtual address.
# This output file may be truncated or incomplete.
#
#  Out of Memory Error (arena.cpp:168), pid=15176, tid=1656
#
# JRE version: OpenJDK Runtime Environment Temurin-21.0.10+7 (21.0.10+7) (build 21.0.10+7-LTS)
# Java VM: OpenJDK 64-Bit Server VM Temurin-21.0.10+7 (21.0.10+7-LTS, mixed mode, sharing, tiered, compressed oops, compressed class ptrs, parallel gc, windows-amd64)
# No core dump will be written. Minidumps are not enabled by default on client versions of Windows
#

---------------  S U M M A R Y ------------

Command Line: --add-modules=ALL-SYSTEM --add-opens=java.base/java.util=ALL-UNNAMED --add-opens=java.base/java.lang=ALL-UNNAMED --add-opens=java.base/sun.nio.fs=ALL-UNNAMED -Declipse.application=org.eclipse.jdt.ls.core.id1 -Dosgi.bundles.defaultStartLevel=4 -Declipse.product=org.eclipse.jdt.ls.core.product -Djava.import.generatesMetadataFilesAtProjectRoot=false -DDetectVMInstallationsJob.disabled=true -Dfile.encoding=utf8 -XX:+UseParallelGC -XX:GCTimeRatio=4 -XX:AdaptiveSizePolicyWeight=90 -Dsun.zip.disableMemoryMapping=true -Xmx2G -Xms100m -Xlog:disable -javaagent:c:\Users\haria\.vscode\extensions\redhat.java-1.54.0-win32-x64\lombok\lombok-1.18.39-4050.jar c:\Users\haria\.vscode\extensions\redhat.java-1.54.0-win32-x64\server\plugins\org.eclipse.equinox.launcher_1.7.100.v20251111-0406.jar -configuration c:\Users\haria\AppData\Roaming\Code\User\globalStorage\redhat.java\1.54.0\config_ss_win -data c:\Users\haria\AppData\Roaming\Code\User\workspaceStorage\b368a157e7aa87000e8219b57c792138\redhat.java\ss_ws --pipe=\\.\pipe\lsp-9af3596d32bae05e6e4838fdf8f7e662-sock

Host: 11th Gen Intel(R) Core(TM) i3-1115G4 @ 3.00GHz, 4 cores, 7G,  Windows 11 , 64 bit Build 22621 (10.0.22621.5262)
Time: Mon Jun  1 13:58:45 2026 India Standard Time elapsed time: 3.158025 seconds (0d 0h 0m 3s)

---------------  T H R E A D  ---------------

Current thread (0x0000022bd00ded60):  JavaThread "C2 CompilerThread0" daemon [_thread_in_native, id=1656, stack(0x0000009595600000,0x0000009595700000) (1024K)]


Current CompileTask:
C2:3158 2437       4       jdk.internal.org.objectweb.asm.Frame::execute (2305 bytes)

Stack: [0x0000009595600000,0x0000009595700000]
Native frames: (J=compiled Java code, j=interpreted, Vv=VM code, C=native code)
V  [jvm.dll+0x6d7a39]
V  [jvm.dll+0x8b4b26]
V  [jvm.dll+0x8b70de]
V  [jvm.dll+0x8b77c3]
V  [jvm.dll+0x284346]
V  [jvm.dll+0xc66ed]
V  [jvm.dll+0xc6c31]
V  [jvm.dll+0x3bec01]
V  [jvm.dll+0x38b162]
V  [jvm.dll+0x38a5aa]
V  [jvm.dll+0x24c560]
V  [jvm.dll+0x24bb40]
V  [jvm.dll+0x1cb34e]
V  [jvm.dll+0x25b85d]
V  [jvm.dll+0x259dea]
V  [jvm.dll+0x3f857e]
V  [jvm.dll+0x85f59d]
V  [jvm.dll+0x6d626d]
C  [ucrtbase.dll+0x29333]
C  [KERNEL32.DLL+0x1259d]
C  [ntdll.dll+0x5af58]


---------------  P R O C E S S  ---------------

Threads class SMR info:
_java_thread_list=0x0000022bec98d3b0, length=17, elements={
0x0000022bcde108e0, 0x0000022bd027bde0, 0x0000022bd027cf50, 0x0000022bd00d78b0,
0x0000022bd00d87d0, 0x0000022bd00dd4c0, 0x0000022bd00ddf20, 0x0000022bd00ded60,
0x0000022bd0145c40, 0x0000022be7894b20, 0x0000022be7a96680, 0x0000022bec57e2e0,
0x0000022bec536220, 0x0000022bec536cd0, 0x0000022bec67b5e0, 0x0000022bec3c5050,
0x0000022bec98e7c0
}

Java Threads: ( => current thread )
  0x0000022bcde108e0 JavaThread "main"                              [_thread_blocked, id=5892, stack(0x0000009594c00000,0x0000009594d00000) (1024K)]
  0x0000022bd027bde0 JavaThread "Reference Handler"          daemon [_thread_blocked, id=12380, stack(0x0000009595000000,0x0000009595100000) (1024K)]
  0x0000022bd027cf50 JavaThread "Finalizer"                  daemon [_thread_blocked, id=9804, stack(0x0000009595100000,0x0000009595200000) (1024K)]
  0x0000022bd00d78b0 JavaThread "Signal Dispatcher"          daemon [_thread_blocked, id=15196, stack(0x0000009595200000,0x0000009595300000) (1024K)]
  0x0000022bd00d87d0 JavaThread "Attach Listener"            daemon [_thread_blocked, id=1860, stack(0x0000009595300000,0x0000009595400000) (1024K)]
  0x0000022bd00dd4c0 JavaThread "Service Thread"             daemon [_thread_blocked, id=3528, stack(0x0000009595400000,0x0000009595500000) (1024K)]
  0x0000022bd00ddf20 JavaThread "Monitor Deflation Thread"   daemon [_thread_blocked, id=7256, stack(0x0000009595500000,0x0000009595600000) (1024K)]
=>0x0000022bd00ded60 JavaThread "C2 CompilerThread0"         daemon [_thread_in_native, id=1656, stack(0x0000009595600000,0x0000009595700000) (1024K)]
  0x0000022bd0145c40 JavaThread "C1 CompilerThread0"         daemon [_thread_blocked, id=11652, stack(0x0000009595700000,0x0000009595800000) (1024K)]
  0x0000022be7894b20 JavaThread "Common-Cleaner"             daemon [_thread_blocked, id=6848, stack(0x0000009595800000,0x0000009595900000) (1024K)]
  0x0000022be7a96680 JavaThread "Notification Thread"        daemon [_thread_blocked, id=4420, stack(0x0000009595900000,0x0000009595a00000) (1024K)]
  0x0000022bec57e2e0 JavaThread "Active Thread: Equinox Container: 549a8a77-eb0f-4626-88b3-839c5f404e1e"        [_thread_blocked, id=15452, stack(0x0000009595d00000,0x0000009595e00000) (1024K)]
  0x0000022bec536220 JavaThread "Framework Event Dispatcher: Equinox Container: 549a8a77-eb0f-4626-88b3-839c5f404e1e" daemon [_thread_blocked, id=4384, stack(0x0000009595e00000,0x0000009595f00000) (1024K)]
  0x0000022bec536cd0 JavaThread "Start Level: Equinox Container: 549a8a77-eb0f-4626-88b3-839c5f404e1e" daemon [_thread_blocked, id=2232, stack(0x0000009595f00000,0x0000009596000000) (1024K)]
  0x0000022bec67b5e0 JavaThread "SCR Component Actor"        daemon [_thread_blocked, id=13272, stack(0x0000009596000000,0x0000009596100000) (1024K)]
  0x0000022bec3c5050 JavaThread "Worker-JM"                         [_thread_blocked, id=2184, stack(0x0000009596100000,0x0000009596200000) (1024K)]
  0x0000022bec98e7c0 JavaThread "SeedGenerator Thread"       daemon [_thread_new, id=13284, stack(0x0000000000000000,0x0000000000000000) (0B)]
Total: 17

Other Threads:
  0x0000022bd00d08e0 VMThread "VM Thread"                           [id=14380, stack(0x0000009594f00000,0x0000009595000000) (1024K)] _threads_hazard_ptr=0x0000022bec98d3b0
  0x0000022bd0250e80 WatcherThread "VM Periodic Task Thread"        [id=11868, stack(0x0000009594e00000,0x0000009594f00000) (1024K)]
  0x0000022bd0201370 WorkerThread "GC Thread#0"                     [id=6368, stack(0x0000009594d00000,0x0000009594e00000) (1024K)]
  0x0000022be79a7f30 WorkerThread "GC Thread#1"                     [id=13548, stack(0x0000009595a00000,0x0000009595b00000) (1024K)]
  0x0000022be79a82e0 WorkerThread "GC Thread#2"                     [id=16292, stack(0x0000009595b00000,0x0000009595c00000) (1024K)]
  0x0000022be79a91a0 WorkerThread "GC Thread#3"                     [id=15492, stack(0x0000009595c00000,0x0000009595d00000) (1024K)]
Total: 6

Threads with active compile tasks:
C2 CompilerThread0  3182 2437       4       jdk.internal.org.objectweb.asm.Frame::execute (2305 bytes)
Total: 1

VM state: not at safepoint (normal execution)

VM Mutex/Monitor currently owned by a thread: None

Heap address: 0x0000000080000000, size: 2048 MB, Compressed Oops mode: 32-bit

CDS archive(s) mapped at: [0x0000022b80000000-0x0000022b80ba0000-0x0000022b80ba0000), size 12189696, SharedBaseAddress: 0x0000022b80000000, ArchiveRelocationMode: 1.
Compressed class space mapped at: 0x0000022b81000000-0x0000022bc1000000, reserved size: 1073741824
Narrow klass base: 0x0000022b80000000, Narrow klass shift: 0, Narrow klass range: 0x100000000

GC Precious Log:
 CardTable entry size: 512
 CPUs: 4 total, 4 available
 Memory: 7886M
 Large Page Support: Disabled
 NUMA Support: Disabled
 Compressed Oops: Enabled (32-bit)
 Alignments: Space 512K, Generation 512K, Heap 2M
 Heap Min Capacity: 100M
 Heap Initial Capacity: 100M
 Heap Max Capacity: 2G
 Pre-touch: Disabled
 Parallel Workers: 4

Heap:
 PSYoungGen      total 29696K, used 17132K [0x00000000d5580000, 0x00000000d7680000, 0x0000000100000000)
  eden space 25600K, 50% used [0x00000000d5580000,0x00000000d623ffe0,0x00000000d6e80000)
  from space 4096K, 99% used [0x00000000d6e80000,0x00000000d727b0a8,0x00000000d7280000)
  to   space 4096K, 0% used [0x00000000d7280000,0x00000000d7280000,0x00000000d7680000)
 ParOldGen       total 68608K, used 2906K [0x0000000080000000, 0x0000000084300000, 0x00000000d5580000)
  object space 68608K, 4% used [0x0000000080000000,0x00000000802d69b8,0x0000000084300000)
 Metaspace       used 15063K, committed 15680K, reserved 1114112K
  class space    used 1584K, committed 1856K, reserved 1048576K

Card table byte_map: [0x0000022bcfb60000,0x0000022bcff70000] _byte_map_base: 0x0000022bcf760000

Marking Bits: (ParMarkBitMap*) 0x00007ffee4b23450
 Begin Bits: [0x0000022be2670000, 0x0000022be4670000)
 End Bits:   [0x0000022be4670000, 0x0000022be6670000)

Polling page: 0x0000022bce050000

Metaspace:

Usage:
  Non-class:     13.16 MB used.
      Class:      1.55 MB used.
       Both:     14.71 MB used.

Virtual space:
  Non-class space:       64.00 MB reserved,      13.50 MB ( 21%) committed,  1 nodes.
      Class space:        1.00 GB reserved,       1.81 MB ( <1%) committed,  1 nodes.
             Both:        1.06 GB reserved,      15.31 MB (  1%) committed. 

Chunk freelists:
   Non-Class:  1.98 MB
       Class:  14.01 MB
        Both:  15.99 MB

MaxMetaspaceSize: unlimited
CompressedClassSpaceSize: 1.00 GB
Initial GC threshold: 21.00 MB
Current GC threshold: 21.00 MB
CDS: on
 - commit_granule_bytes: 65536.
 - commit_granule_words: 8192.
 - virtual_space_node_default_size: 8388608.
 - enlarge_chunks_in_place: 1.
 - use_allocation_guard: 0.


Internal statistics:

num_allocs_failed_limit: 0.
num_arena_births: 426.
num_arena_deaths: 0.
num_vsnodes_births: 2.
num_vsnodes_deaths: 0.
num_space_committed: 245.
num_space_uncommitted: 0.
num_chunks_returned_to_freelist: 0.
num_chunks_taken_from_freelist: 963.
num_chunk_merges: 0.
num_chunk_splits: 608.
num_chunks_enlarged: 381.
num_inconsistent_stats: 0.

CodeHeap 'non-profiled nmethods': size=120000Kb used=972Kb max_used=972Kb free=119027Kb
 bounds [0x0000022bdae90000, 0x0000022bdb100000, 0x0000022be23c0000]
CodeHeap 'profiled nmethods': size=120000Kb used=4773Kb max_used=4773Kb free=115226Kb
 bounds [0x0000022bd33c0000, 0x0000022bd3870000, 0x0000022bda8f0000]
CodeHeap 'non-nmethods': size=5760Kb used=1282Kb max_used=1296Kb free=4477Kb
 bounds [0x0000022bda8f0000, 0x0000022bdab60000, 0x0000022bdae90000]
CodeCache: size=245760Kb, used=7027Kb, max_used=7041Kb, free=238730Kb
 total_blobs=2990, nmethods=2445, adapters=451, full_count=0
Compilation: enabled, stopped_count=0, restarted_count=0

Compilation events (20 events):
Event: 3.090 Thread 0x0000022bd0145c40 nmethod 2426 0x0000022bd385fd10 code [0x0000022bd385fea0, 0x0000022bd3860010]
Event: 3.090 Thread 0x0000022bd00ded60 2427   !   4       java.util.zip.ZipFile$Source::checkAndAddEntry (295 bytes)
Event: 3.096 Thread 0x0000022bd00ded60 nmethod 2427 0x0000022bdaf7fe90 code [0x0000022bdaf800c0, 0x0000022bdaf80d38]
Event: 3.096 Thread 0x0000022bd00ded60 2429       4       java.lang.ref.Reference::refersToImpl (6 bytes)
Event: 3.097 Thread 0x0000022bd00ded60 nmethod 2429 0x0000022bdaf81590 code [0x0000022bdaf81720, 0x0000022bdaf817b8]
Event: 3.097 Thread 0x0000022bd00ded60 2428       4       java.util.zip.ZipCoder$UTF8ZipCoder::checkedHash (79 bytes)
Event: 3.098 Thread 0x0000022bd00ded60 nmethod 2428 0x0000022bdaf81890 code [0x0000022bdaf81a60, 0x0000022bdaf81e60]
Event: 3.099 Thread 0x0000022bd0145c40 2430   !   3       java.lang.invoke.MethodHandleNatives::linkMethodHandleConstant (50 bytes)
Event: 3.099 Thread 0x0000022bd0145c40 nmethod 2430 0x0000022bd3860090 code [0x0000022bd3860260, 0x0000022bd3860468]
Event: 3.099 Thread 0x0000022bd0145c40 2431       3       java.lang.invoke.MethodHandles$Lookup::linkMethodHandleConstant (223 bytes)
Event: 3.100 Thread 0x0000022bd0145c40 nmethod 2431 0x0000022bd3860610 code [0x0000022bd3860a00, 0x0000022bd38621b0]
Event: 3.112 Thread 0x0000022bd00ded60 2432       4       java.util.Arrays::copyOf (40 bytes)
Event: 3.114 Thread 0x0000022bd00ded60 nmethod 2432 0x0000022bdaf81f90 code [0x0000022bdaf82140, 0x0000022bdaf82620]
Event: 3.147 Thread 0x0000022bd0145c40 2433       3       java.lang.invoke.MethodHandles$Lookup::findBoundCallerLookup (30 bytes)
Event: 3.147 Thread 0x0000022bd00ded60 2437       4       jdk.internal.org.objectweb.asm.Frame::execute (2305 bytes)
Event: 3.147 Thread 0x0000022bd0145c40 nmethod 2433 0x0000022bd3862910 code [0x0000022bd3862b20, 0x0000022bd3863158]
Event: 3.147 Thread 0x0000022bd0145c40 2434       3       java.lang.invoke.MethodHandles$Lookup::getDirectMethodCommon (300 bytes)
Event: 3.148 Thread 0x0000022bd0145c40 nmethod 2434 0x0000022bd3863390 code [0x0000022bd3863700, 0x0000022bd3864810]
Event: 3.148 Thread 0x0000022bd0145c40 2435       3       java.lang.invoke.MethodHandles$Lookup::checkMethod (87 bytes)
Event: 3.149 Thread 0x0000022bd0145c40 nmethod 2435 0x0000022bd3864e10 code [0x0000022bd3865020, 0x0000022bd3865678]

GC Heap History (6 events):
Event: 0.863 GC heap before
{Heap before GC invocations=1 (full 0):
 PSYoungGen      total 29696K, used 25600K [0x00000000d5580000, 0x00000000d7680000, 0x0000000100000000)
  eden space 25600K, 100% used [0x00000000d5580000,0x00000000d6e80000,0x00000000d6e80000)
  from space 4096K, 0% used [0x00000000d7280000,0x00000000d7280000,0x00000000d7680000)
  to   space 4096K, 0% used [0x00000000d6e80000,0x00000000d6e80000,0x00000000d7280000)
 ParOldGen       total 68608K, used 0K [0x0000000080000000, 0x0000000084300000, 0x00000000d5580000)
  object space 68608K, 0% used [0x0000000080000000,0x0000000080000000,0x0000000084300000)
 Metaspace       used 4387K, committed 4608K, reserved 1114112K
  class space    used 475K, committed 576K, reserved 1048576K
}
Event: 0.875 GC heap after
{Heap after GC invocations=1 (full 0):
 PSYoungGen      total 29696K, used 3303K [0x00000000d5580000, 0x00000000d7680000, 0x0000000100000000)
  eden space 25600K, 0% used [0x00000000d5580000,0x00000000d5580000,0x00000000d6e80000)
  from space 4096K, 80% used [0x00000000d6e80000,0x00000000d71b9e98,0x00000000d7280000)
  to   space 4096K, 0% used [0x00000000d7280000,0x00000000d7280000,0x00000000d7680000)
 ParOldGen       total 68608K, used 0K [0x0000000080000000, 0x0000000084300000, 0x00000000d5580000)
  object space 68608K, 0% used [0x0000000080000000,0x0000000080000000,0x0000000084300000)
 Metaspace       used 4387K, committed 4608K, reserved 1114112K
  class space    used 475K, committed 576K, reserved 1048576K
}
Event: 1.645 GC heap before
{Heap before GC invocations=2 (full 0):
 PSYoungGen      total 29696K, used 28903K [0x00000000d5580000, 0x00000000d7680000, 0x0000000100000000)
  eden space 25600K, 100% used [0x00000000d5580000,0x00000000d6e80000,0x00000000d6e80000)
  from space 4096K, 80% used [0x00000000d6e80000,0x00000000d71b9e98,0x00000000d7280000)
  to   space 4096K, 0% used [0x00000000d7280000,0x00000000d7280000,0x00000000d7680000)
 ParOldGen       total 68608K, used 0K [0x0000000080000000, 0x0000000084300000, 0x00000000d5580000)
  object space 68608K, 0% used [0x0000000080000000,0x0000000080000000,0x0000000084300000)
 Metaspace       used 8158K, committed 8448K, reserved 1114112K
  class space    used 863K, committed 960K, reserved 1048576K
}
Event: 1.650 GC heap after
{Heap after GC invocations=2 (full 0):
 PSYoungGen      total 29696K, used 4070K [0x00000000d5580000, 0x00000000d7680000, 0x0000000100000000)
  eden space 25600K, 0% used [0x00000000d5580000,0x00000000d5580000,0x00000000d6e80000)
  from space 4096K, 99% used [0x00000000d7280000,0x00000000d7679820,0x00000000d7680000)
  to   space 4096K, 0% used [0x00000000d6e80000,0x00000000d6e80000,0x00000000d7280000)
 ParOldGen       total 68608K, used 1151K [0x0000000080000000, 0x0000000084300000, 0x00000000d5580000)
  object space 68608K, 1% used [0x0000000080000000,0x000000008011fea8,0x0000000084300000)
 Metaspace       used 8158K, committed 8448K, reserved 1114112K
  class space    used 863K, committed 960K, reserved 1048576K
}
Event: 2.711 GC heap before
{Heap before GC invocations=3 (full 0):
 PSYoungGen      total 29696K, used 29670K [0x00000000d5580000, 0x00000000d7680000, 0x0000000100000000)
  eden space 25600K, 100% used [0x00000000d5580000,0x00000000d6e80000,0x00000000d6e80000)
  from space 4096K, 99% used [0x00000000d7280000,0x00000000d7679820,0x00000000d7680000)
  to   space 4096K, 0% used [0x00000000d6e80000,0x00000000d6e80000,0x00000000d7280000)
 ParOldGen       total 68608K, used 1151K [0x0000000080000000, 0x0000000084300000, 0x00000000d5580000)
  object space 68608K, 1% used [0x0000000080000000,0x000000008011fea8,0x0000000084300000)
 Metaspace       used 13031K, committed 13504K, reserved 1114112K
  class space    used 1374K, committed 1600K, reserved 1048576K
}
Event: 2.715 GC heap after
{Heap after GC invocations=3 (full 0):
 PSYoungGen      total 29696K, used 4076K [0x00000000d5580000, 0x00000000d7680000, 0x0000000100000000)
  eden space 25600K, 0% used [0x00000000d5580000,0x00000000d5580000,0x00000000d6e80000)
  from space 4096K, 99% used [0x00000000d6e80000,0x00000000d727b0a8,0x00000000d7280000)
  to   space 4096K, 0% used [0x00000000d7280000,0x00000000d7280000,0x00000000d7680000)
 ParOldGen       total 68608K, used 2906K [0x0000000080000000, 0x0000000084300000, 0x00000000d5580000)
  object space 68608K, 4% used [0x0000000080000000,0x00000000802d69b8,0x0000000084300000)
 Metaspace       used 13031K, committed 13504K, reserved 1114112K
  class space    used 1374K, committed 1600K, reserved 1048576K
}

Dll operation events (9 events):
Event: 0.025 Loaded shared library c:\Users\haria\.vscode\extensions\redhat.java-1.54.0-win32-x64\jre\21.0.10-win32-x86_64\bin\java.dll
Event: 0.126 Loaded shared library c:\Users\haria\.vscode\extensions\redhat.java-1.54.0-win32-x64\jre\21.0.10-win32-x86_64\bin\zip.dll
Event: 0.146 Loaded shared library C:\Users\haria\.vscode\extensions\redhat.java-1.54.0-win32-x64\jre\21.0.10-win32-x86_64\bin\instrument.dll
Event: 0.150 Loaded shared library C:\Users\haria\.vscode\extensions\redhat.java-1.54.0-win32-x64\jre\21.0.10-win32-x86_64\bin\net.dll
Event: 0.152 Loaded shared library C:\Users\haria\.vscode\extensions\redhat.java-1.54.0-win32-x64\jre\21.0.10-win32-x86_64\bin\nio.dll
Event: 0.157 Loaded shared library C:\Users\haria\.vscode\extensions\redhat.java-1.54.0-win32-x64\jre\21.0.10-win32-x86_64\bin\zip.dll
Event: 0.193 Loaded shared library C:\Users\haria\.vscode\extensions\redhat.java-1.54.0-win32-x64\jre\21.0.10-win32-x86_64\bin\jimage.dll
Event: 0.263 Loaded shared library c:\Users\haria\.vscode\extensions\redhat.java-1.54.0-win32-x64\jre\21.0.10-win32-x86_64\bin\verify.dll
Event: 1.632 Loaded shared library C:\Users\haria\AppData\Roaming\Code\User\globalStorage\redhat.java\1.54.0\config_ss_win\org.eclipse.equinox.launcher\org.eclipse.equinox.launcher.win32.win32.x86_64_1.3.0.v20260203-2149\eclipse_11919.dll

Deoptimization events (20 events):
Event: 3.005 Thread 0x0000022bec536cd0 Uncommon trap: trap_request=0xffffff45 fr.pc=0x0000022bdaf58f70 relative=0x0000000000000cf0
Event: 3.005 Thread 0x0000022bec536cd0 Uncommon trap: reason=unstable_if action=reinterpret pc=0x0000022bdaf58f70 method=java.io.DataInputStream.readFully([BII)V @ 37 c2
Event: 3.005 Thread 0x0000022bec536cd0 DEOPT PACKING pc=0x0000022bdaf58f70 sp=0x0000009595ff9290
Event: 3.005 Thread 0x0000022bec536cd0 DEOPT UNPACKING pc=0x0000022bda946da2 sp=0x0000009595ff9170 mode 2
Event: 3.047 Thread 0x0000022bec536cd0 Uncommon trap: trap_request=0xffffff45 fr.pc=0x0000022bdaf78ba0 relative=0x0000000000000660
Event: 3.047 Thread 0x0000022bec536cd0 Uncommon trap: reason=unstable_if action=reinterpret pc=0x0000022bdaf78ba0 method=java.util.regex.Matcher.search(I)Z @ 30 c2
Event: 3.047 Thread 0x0000022bec536cd0 DEOPT PACKING pc=0x0000022bdaf78ba0 sp=0x0000009595ff7d60
Event: 3.047 Thread 0x0000022bec536cd0 DEOPT UNPACKING pc=0x0000022bda946da2 sp=0x0000009595ff7d50 mode 2
Event: 3.048 Thread 0x0000022bec536cd0 Uncommon trap: trap_request=0xffffff45 fr.pc=0x0000022bdaf3816c relative=0x000000000000004c
Event: 3.048 Thread 0x0000022bec536cd0 Uncommon trap: reason=unstable_if action=reinterpret pc=0x0000022bdaf3816c method=sun.nio.fs.WindowsPathParser.isSlash(C)Z @ 9 c2
Event: 3.048 Thread 0x0000022bec536cd0 DEOPT PACKING pc=0x0000022bdaf3816c sp=0x0000009595ff8d50
Event: 3.048 Thread 0x0000022bec536cd0 DEOPT UNPACKING pc=0x0000022bda946da2 sp=0x0000009595ff8cd8 mode 2
Event: 3.083 Thread 0x0000022bec536cd0 Uncommon trap: trap_request=0xffffff45 fr.pc=0x0000022bdaf0fad0 relative=0x0000000000000610
Event: 3.083 Thread 0x0000022bec536cd0 Uncommon trap: reason=unstable_if action=reinterpret pc=0x0000022bdaf0fad0 method=java.io.BufferedInputStream.implRead([BII)I @ 55 c2
Event: 3.083 Thread 0x0000022bec536cd0 DEOPT PACKING pc=0x0000022bdaf0fad0 sp=0x0000009595ff8c00
Event: 3.083 Thread 0x0000022bec536cd0 DEOPT UNPACKING pc=0x0000022bda946da2 sp=0x0000009595ff8bd8 mode 2
Event: 3.144 Thread 0x0000022bec536cd0 Uncommon trap: trap_request=0xffffff45 fr.pc=0x0000022bdaec77ac relative=0x000000000000068c
Event: 3.144 Thread 0x0000022bec536cd0 Uncommon trap: reason=unstable_if action=reinterpret pc=0x0000022bdaec77ac method=java.lang.String.replace(Ljava/lang/CharSequence;Ljava/lang/CharSequence;)Ljava/lang/String; @ 42 c2
Event: 3.144 Thread 0x0000022bec536cd0 DEOPT PACKING pc=0x0000022bdaec77ac sp=0x0000009595ff74c0
Event: 3.144 Thread 0x0000022bec536cd0 DEOPT UNPACKING pc=0x0000022bda946da2 sp=0x0000009595ff7440 mode 2

Classes loaded (20 events):
Event: 3.146 Loading class java/security/DrbgParameters
Event: 3.146 Loading class java/security/DrbgParameters done
Event: 3.146 Loading class java/security/DrbgParameters$Instantiation
Event: 3.146 Loading class java/security/DrbgParameters$Instantiation done
Event: 3.146 Loading class sun/security/provider/HashDrbg
Event: 3.146 Loading class sun/security/provider/AbstractHashDrbg
Event: 3.146 Loading class sun/security/provider/AbstractDrbg
Event: 3.147 Loading class sun/security/provider/AbstractDrbg done
Event: 3.147 Loading class sun/security/provider/AbstractHashDrbg done
Event: 3.147 Loading class sun/security/provider/HashDrbg done
Event: 3.147 Loading class sun/security/provider/EntropySource
Event: 3.147 Loading class sun/security/provider/EntropySource done
Event: 3.153 Loading class java/security/DrbgParameters$NextBytes
Event: 3.153 Loading class java/security/DrbgParameters$NextBytes done
Event: 3.153 Loading class sun/security/provider/AbstractDrbg$SeederHolder
Event: 3.154 Loading class sun/security/provider/AbstractDrbg$SeederHolder done
Event: 3.154 Loading class sun/security/provider/SeedGenerator
Event: 3.155 Loading class sun/security/provider/SeedGenerator done
Event: 3.155 Loading class sun/security/provider/NativeSeedGenerator
Event: 3.155 Loading class sun/security/provider/NativeSeedGenerator done

Classes unloaded (0 events):
No events

Classes redefined (0 events):
No events

Internal exceptions (20 events):
Event: 1.432 Thread 0x0000022bcde108e0 Exception <a 'java/lang/NoSuchMethodError'{0x00000000d66db910}: 'java.lang.Object java.lang.invoke.DirectMethodHandle$Holder.newInvokeSpecial(java.lang.Object, int, java.lang.Object)'> (0x00000000d66db910) 
thrown [s\src\hotspot\share\interpreter\linkResolver.cpp, line 773]
Event: 1.483 Thread 0x0000022bcde108e0 Exception <a 'java/lang/ClassNotFoundException'{0x00000000d68f9e30}: sun/net/www/protocol/plurl/Handler> (0x00000000d68f9e30) 
thrown [s\src\hotspot\share\classfile\systemDictionary.cpp, line 312]
Event: 1.483 Thread 0x0000022bcde108e0 Exception <a 'java/lang/ClassNotFoundException'{0x00000000d68facb0}: sun/net/www/protocol/plurl/Handler> (0x00000000d68facb0) 
thrown [s\src\hotspot\share\classfile\systemDictionary.cpp, line 312]
Event: 1.624 Thread 0x0000022bcde108e0 Exception <a 'java/lang/UnsatisfiedLinkError'{0x00000000d6d4b3b0}: 'void org.eclipse.equinox.launcher.JNIBridge._update_splash()'> (0x00000000d6d4b3b0) 
thrown [s\src\hotspot\share\prims\nativeLookup.cpp, line 415]
Event: 1.708 Thread 0x0000022bec536cd0 Exception <a 'java/lang/NullPointerException'{0x00000000d58403c8}> (0x00000000d58403c8) 
thrown [s\src\hotspot\share\interpreter\linkResolver.cpp, line 1372]
Event: 1.708 Thread 0x0000022bec536cd0 Exception <a 'java/lang/NullPointerException'{0x00000000d58406a8}> (0x00000000d58406a8) 
thrown [s\src\hotspot\share\interpreter\linkResolver.cpp, line 1372]
Event: 2.158 Thread 0x0000022bec536cd0 Exception <a 'java/lang/NoSuchMethodError'{0x00000000d61382a0}: 'long java.lang.invoke.DirectMethodHandle$Holder.invokeSpecial(java.lang.Object, java.lang.Object)'> (0x00000000d61382a0) 
thrown [s\src\hotspot\share\interpreter\linkResolver.cpp, line 773]
Event: 2.222 Thread 0x0000022bec536cd0 Exception <a 'java/io/FileNotFoundException'{0x00000000d62fc7e8}> (0x00000000d62fc7e8) 
thrown [s\src\hotspot\share\prims\jni.cpp, line 520]
Event: 2.369 Thread 0x0000022bec536cd0 Exception <a 'java/lang/NoSuchMethodError'{0x00000000d66150f0}: 'java.lang.Object java.lang.invoke.Invokers$Holder.linkToTargetMethod(java.lang.Object, long, java.lang.Object)'> (0x00000000d66150f0) 
thrown [s\src\hotspot\share\interpreter\linkResolver.cpp, line 773]
Event: 2.444 Thread 0x0000022bec536cd0 Exception <a 'java/lang/NoSuchMethodError'{0x00000000d699d008}: 'void java.lang.invoke.DirectMethodHandle$Holder.invokeInterface(java.lang.Object, java.lang.Object, java.lang.Object)'> (0x00000000d699d008) 
thrown [s\src\hotspot\share\interpreter\linkResolver.cpp, line 773]
Event: 2.502 Thread 0x0000022bec536cd0 Exception <a 'java/lang/NoSuchMethodError'{0x00000000d6baf988}: 'void java.lang.invoke.Invokers$Holder.invokeExact_MT(java.lang.Object, java.lang.Object, java.lang.Object)'> (0x00000000d6baf988) 
thrown [s\src\hotspot\share\interpreter\linkResolver.cpp, line 773]
Event: 2.711 Thread 0x0000022bec536cd0 Exception <a 'java/lang/NoSuchMethodError'{0x00000000d6e7e9d0}: 'java.lang.Object java.lang.invoke.DirectMethodHandle$Holder.invokeVirtual(java.lang.Object, java.lang.Object, java.lang.Object)'> (0x00000000d6e7e9d0) 
thrown [s\src\hotspot\share\interpreter\linkResolver.cpp, line 773]
Event: 2.718 Thread 0x0000022bec536cd0 Exception <a 'java/lang/NoSuchMethodError'{0x00000000d5596870}: 'java.lang.Object java.lang.invoke.DelegatingMethodHandle$Holder.reinvoke_L(java.lang.Object, java.lang.Object, java.lang.Object, java.lang.Object, int, int)'> (0x00000000d5596870) 
thrown [s\src\hotspot\share\interpreter\linkResolver.cpp, line 773]
Event: 2.723 Thread 0x0000022bec536cd0 Exception <a 'java/lang/NoSuchMethodError'{0x00000000d55b2a78}: 'java.lang.Object java.lang.invoke.DirectMethodHandle$Holder.newInvokeSpecial(java.lang.Object, java.lang.Object, java.lang.Object, java.lang.Object, java.lang.Object, java.lang.Object)'> (0x00000000d55b2a78) 
thrown [s\src\hotspot\share\interpreter\linkResolver.cpp, line 773]
Event: 2.726 Thread 0x0000022bec536cd0 Exception <a 'java/lang/NoSuchMethodError'{0x00000000d5648e28}: 'void java.lang.invoke.Invokers$Holder.invokeExact_MT(java.lang.Object, java.lang.Object, java.lang.Object, java.lang.Object)'> (0x00000000d5648e28) 
thrown [s\src\hotspot\share\interpreter\linkResolver.cpp, line 773]
Event: 2.856 Thread 0x0000022bec536cd0 Exception <a 'java/io/FileNotFoundException'{0x00000000d5a63c58}> (0x00000000d5a63c58) 
thrown [s\src\hotspot\share\prims\jni.cpp, line 520]
Event: 2.858 Thread 0x0000022bec536cd0 Exception <a 'java/io/FileNotFoundException'{0x00000000d5a6a8c0}> (0x00000000d5a6a8c0) 
thrown [s\src\hotspot\share\prims\jni.cpp, line 520]
Event: 2.994 Thread 0x0000022bec536cd0 Exception <a 'java/lang/NoSuchMethodError'{0x00000000d5d0d358}: 'java.lang.Object java.lang.invoke.DirectMethodHandle$Holder.newInvokeSpecial(java.lang.Object, java.lang.Object, java.lang.Object, java.lang.Object, java.lang.Object)'> (0x00000000d5d0d358) 
thrown [s\src\hotspot\share\interpreter\linkResolver.cpp, line 773]
Event: 3.060 Thread 0x0000022bec536cd0 Exception <a 'java/lang/NoSuchMethodError'{0x00000000d5eb5a90}: 'java.lang.Object java.lang.invoke.DirectMethodHandle$Holder.invokeStaticInit(java.lang.Object, int)'> (0x00000000d5eb5a90) 
thrown [s\src\hotspot\share\interpreter\linkResolver.cpp, line 773]
Event: 3.150 Thread 0x0000022bec536cd0 Exception <a 'java/lang/NoSuchMethodError'{0x00000000d6185510}: 'java.lang.Object java.lang.invoke.DirectMethodHandle$Holder.invokeStaticInit(java.lang.Object, int, int, int, int)'> (0x00000000d6185510) 
thrown [s\src\hotspot\share\interpreter\linkResolver.cpp, line 773]

ZGC Phase Switch (0 events):
No events

VM Operations (20 events):
Event: 1.459 Executing non-safepoint VM operation: HandshakeAllThreads (Deoptimize)
Event: 1.459 Executing non-safepoint VM operation: HandshakeAllThreads (Deoptimize) done
Event: 1.476 Executing non-safepoint VM operation: HandshakeAllThreads (Deoptimize)
Event: 1.476 Executing non-safepoint VM operation: HandshakeAllThreads (Deoptimize) done
Event: 1.625 Executing safepoint VM operation: ICBufferFull
Event: 1.626 Executing safepoint VM operation: ICBufferFull done
Event: 1.645 Executing safepoint VM operation: ParallelGCFailedAllocation (Allocation Failure)
Event: 1.650 Executing safepoint VM operation: ParallelGCFailedAllocation (Allocation Failure) done
Event: 1.944 Executing non-safepoint VM operation: HandshakeAllThreads (Deoptimize)
Event: 1.944 Executing non-safepoint VM operation: HandshakeAllThreads (Deoptimize) done
Event: 2.412 Executing non-safepoint VM operation: HandshakeAllThreads (Deoptimize)
Event: 2.412 Executing non-safepoint VM operation: HandshakeAllThreads (Deoptimize) done
Event: 2.711 Executing safepoint VM operation: ParallelGCFailedAllocation (Allocation Failure)
Event: 2.715 Executing safepoint VM operation: ParallelGCFailedAllocation (Allocation Failure) done
Event: 2.780 Executing non-safepoint VM operation: HandshakeAllThreads (Deoptimize)
Event: 2.781 Executing non-safepoint VM operation: HandshakeAllThreads (Deoptimize) done
Event: 2.832 Executing non-safepoint VM operation: HandshakeAllThreads (Deoptimize)
Event: 2.832 Executing non-safepoint VM operation: HandshakeAllThreads (Deoptimize) done
Event: 2.848 Executing non-safepoint VM operation: HandshakeAllThreads (Deoptimize)
Event: 2.848 Executing non-safepoint VM operation: HandshakeAllThreads (Deoptimize) done

Memory protections (0 events):
No events

Nmethod flushes (0 events):
No events

Events (16 events):
Event: 0.040 Thread 0x0000022bcde108e0 Thread added: 0x0000022bcde108e0
Event: 0.056 Thread 0x0000022bcde108e0 Thread added: 0x0000022bd027bde0
Event: 0.057 Thread 0x0000022bcde108e0 Thread added: 0x0000022bd027cf50
Event: 0.064 Thread 0x0000022bcde108e0 Thread added: 0x0000022bd00d78b0
Event: 0.064 Thread 0x0000022bcde108e0 Thread added: 0x0000022bd00d87d0
Event: 0.064 Thread 0x0000022bcde108e0 Thread added: 0x0000022bd00dd4c0
Event: 0.064 Thread 0x0000022bcde108e0 Thread added: 0x0000022bd00ddf20
Event: 0.064 Thread 0x0000022bcde108e0 Thread added: 0x0000022bd00ded60
Event: 0.067 Thread 0x0000022bcde108e0 Thread added: 0x0000022bd0145c40
Event: 0.147 Thread 0x0000022bcde108e0 Thread added: 0x0000022be7894b20
Event: 0.363 Thread 0x0000022bcde108e0 Thread added: 0x0000022be7a96680
Event: 1.367 Thread 0x0000022bcde108e0 Thread added: 0x0000022bec57e2e0
Event: 1.615 Thread 0x0000022bcde108e0 Thread added: 0x0000022bec536220
Event: 1.623 Thread 0x0000022bcde108e0 Thread added: 0x0000022bec536cd0
Event: 1.868 Thread 0x0000022bec536cd0 Thread added: 0x0000022bec67b5e0
Event: 2.459 Thread 0x0000022bec536cd0 Thread added: 0x0000022bec3c5050


Dynamic libraries:
0x00007ff6476e0000 - 0x00007ff6476ee000 	c:\Users\haria\.vscode\extensions\redhat.java-1.54.0-win32-x64\jre\21.0.10-win32-x86_64\bin\java.exe
0x00007fff614b0000 - 0x00007fff616c7000 	C:\Windows\SYSTEM32\ntdll.dll
0x00007fff5fac0000 - 0x00007fff5fb84000 	C:\Windows\System32\KERNEL32.DLL
0x00007fff5e810000 - 0x00007fff5ebe3000 	C:\Windows\System32\KERNELBASE.dll
0x00007fff5eef0000 - 0x00007fff5f001000 	C:\Windows\System32\ucrtbase.dll
0x00007fff05700000 - 0x00007fff05718000 	c:\Users\haria\.vscode\extensions\redhat.java-1.54.0-win32-x64\jre\21.0.10-win32-x86_64\bin\jli.dll
0x00007fff5f140000 - 0x00007fff5f2f1000 	C:\Windows\System32\USER32.dll
0x00007fff5ec90000 - 0x00007fff5ecb6000 	C:\Windows\System32\win32u.dll
0x00007fff5f890000 - 0x00007fff5f8b9000 	C:\Windows\System32\GDI32.dll
0x00007fff5f010000 - 0x00007fff5f132000 	C:\Windows\System32\gdi32full.dll
0x00007fff5ebf0000 - 0x00007fff5ec8a000 	C:\Windows\System32\msvcp_win.dll
0x00007fff056e0000 - 0x00007fff056fe000 	c:\Users\haria\.vscode\extensions\redhat.java-1.54.0-win32-x64\jre\21.0.10-win32-x86_64\bin\VCRUNTIME140.dll
0x00007fff46ab0000 - 0x00007fff46d4b000 	C:\Windows\WinSxS\amd64_microsoft.windows.common-controls_6595b64144ccf1df_6.0.22621.5262_none_2712bde373830908\COMCTL32.dll
0x00007fff5f8d0000 - 0x00007fff5f977000 	C:\Windows\System32\msvcrt.dll
0x00007fff5fa30000 - 0x00007fff5fa61000 	C:\Windows\System32\IMM32.DLL
0x000000006a710000 - 0x000000006a71c000 	C:\Program Files (x86)\360\Total Security\safemon\SafeWrapper.dll
0x00007fff604f0000 - 0x00007fff605a1000 	C:\Windows\System32\ADVAPI32.dll
0x00007fff61030000 - 0x00007fff610d7000 	C:\Windows\System32\sechost.dll
0x00007fff5e6a0000 - 0x00007fff5e6c8000 	C:\Windows\System32\bcrypt.dll
0x00007fff610e0000 - 0x00007fff611f4000 	C:\Windows\System32\RPCRT4.dll
0x00007ffee4ca0000 - 0x00007ffee4d4c000 	C:\Program Files (x86)\360\Total Security\safemon\libzdtp64.dll
0x00007fff60790000 - 0x00007fff6102d000 	C:\Windows\System32\SHELL32.dll
0x00007fff5e6d0000 - 0x00007fff5e80f000 	C:\Windows\System32\wintypes.dll
0x00007fff60070000 - 0x00007fff60403000 	C:\Windows\System32\combase.dll
0x00007fff5ffe0000 - 0x00007fff60046000 	C:\Windows\System32\SHLWAPI.dll
0x00007fff5dfa0000 - 0x00007fff5dfaa000 	C:\Windows\SYSTEM32\VERSION.dll
0x00007fff21910000 - 0x00007fff2191c000 	c:\Users\haria\.vscode\extensions\redhat.java-1.54.0-win32-x64\jre\21.0.10-win32-x86_64\bin\vcruntime140_1.dll
0x00007ffee4c10000 - 0x00007ffee4c9d000 	c:\Users\haria\.vscode\extensions\redhat.java-1.54.0-win32-x64\jre\21.0.10-win32-x86_64\bin\msvcp140.dll
0x00007ffee3e60000 - 0x00007ffee4c01000 	c:\Users\haria\.vscode\extensions\redhat.java-1.54.0-win32-x64\jre\21.0.10-win32-x86_64\bin\server\jvm.dll
0x00007fff5ff40000 - 0x00007fff5ffb1000 	C:\Windows\System32\WS2_32.dll
0x00007fff5e270000 - 0x00007fff5e2bd000 	C:\Windows\SYSTEM32\POWRPROF.dll
0x00007fff57cf0000 - 0x00007fff57d24000 	C:\Windows\SYSTEM32\WINMM.dll
0x00007fff5e250000 - 0x00007fff5e263000 	C:\Windows\SYSTEM32\UMPDC.dll
0x00007fff5d570000 - 0x00007fff5d588000 	C:\Windows\SYSTEM32\kernel.appcore.dll
0x00007fff1f120000 - 0x00007fff1f12a000 	c:\Users\haria\.vscode\extensions\redhat.java-1.54.0-win32-x64\jre\21.0.10-win32-x86_64\bin\jimage.dll
0x00007fff5be50000 - 0x00007fff5c082000 	C:\Windows\SYSTEM32\DBGHELP.DLL
0x00007fff60410000 - 0x00007fff604e7000 	C:\Windows\System32\OLEAUT32.dll
0x00007fff44c20000 - 0x00007fff44c52000 	C:\Windows\SYSTEM32\dbgcore.DLL
0x00007fff5e5a0000 - 0x00007fff5e61b000 	C:\Windows\System32\bcryptPrimitives.dll
0x00007fff04760000 - 0x00007fff0476f000 	c:\Users\haria\.vscode\extensions\redhat.java-1.54.0-win32-x64\jre\21.0.10-win32-x86_64\bin\instrument.dll
0x00007ffef0840000 - 0x00007ffef0860000 	c:\Users\haria\.vscode\extensions\redhat.java-1.54.0-win32-x64\jre\21.0.10-win32-x86_64\bin\java.dll
0x00007fff5c470000 - 0x00007fff5cd8d000 	C:\Windows\SYSTEM32\windows.storage.dll
0x00007fff5f780000 - 0x00007fff5f88b000 	C:\Windows\System32\SHCORE.dll
0x00007fff5e4d0000 - 0x00007fff5e4fb000 	C:\Windows\SYSTEM32\profapi.dll
0x00007ffeed0c0000 - 0x00007ffeed0d8000 	c:\Users\haria\.vscode\extensions\redhat.java-1.54.0-win32-x64\jre\21.0.10-win32-x86_64\bin\zip.dll
0x00007fff04360000 - 0x00007fff04370000 	C:\Users\haria\.vscode\extensions\redhat.java-1.54.0-win32-x64\jre\21.0.10-win32-x86_64\bin\net.dll
0x00007fff5ad50000 - 0x00007fff5ae7c000 	C:\Windows\SYSTEM32\WINHTTP.dll
0x00007fff5d9f0000 - 0x00007fff5da5a000 	C:\Windows\system32\mswsock.dll
0x00007ffee4d60000 - 0x00007ffee4d76000 	C:\Users\haria\.vscode\extensions\redhat.java-1.54.0-win32-x64\jre\21.0.10-win32-x86_64\bin\nio.dll
0x00007ffef3080000 - 0x00007ffef3090000 	c:\Users\haria\.vscode\extensions\redhat.java-1.54.0-win32-x64\jre\21.0.10-win32-x86_64\bin\verify.dll
0x00007fff47b20000 - 0x00007fff47b65000 	C:\Users\haria\AppData\Roaming\Code\User\globalStorage\redhat.java\1.54.0\config_ss_win\org.eclipse.equinox.launcher\org.eclipse.equinox.launcher.win32.win32.x86_64_1.3.0.v20260203-2149\eclipse_11919.dll
0x00007fff5fcb0000 - 0x00007fff5fe51000 	C:\Windows\System32\ole32.dll
0x00007fff5dc50000 - 0x00007fff5dc6b000 	C:\Windows\SYSTEM32\CRYPTSP.dll
0x00007fff5d4d0000 - 0x00007fff5d507000 	C:\Windows\system32\rsaenh.dll
0x00007fff5dae0000 - 0x00007fff5db08000 	C:\Windows\SYSTEM32\USERENV.dll
0x00007fff5d030000 - 0x00007fff5d05d000 	C:\Windows\SYSTEM32\IPHLPAPI.DLL
0x00007fff5fca0000 - 0x00007fff5fca9000 	C:\Windows\System32\NSI.dll

JVMTI agents:
c:\Users\haria\.vscode\extensions\redhat.java-1.54.0-win32-x64\lombok\lombok-1.18.39-4050.jar path:c:\Users\haria\.vscode\extensions\redhat.java-1.54.0-win32-x64\jre\21.0.10-win32-x86_64\bin\instrument.dll, loaded, initialized, instrumentlib options:none

dbghelp: loaded successfully - version: 4.0.5 - missing functions: none
symbol engine: initialized successfully - sym options: 0x614 - pdb path: .;c:\Users\haria\.vscode\extensions\redhat.java-1.54.0-win32-x64\jre\21.0.10-win32-x86_64\bin;C:\Windows\SYSTEM32;C:\Windows\WinSxS\amd64_microsoft.windows.common-controls_6595b64144ccf1df_6.0.22621.5262_none_2712bde373830908;C:\Program Files (x86)\360\Total Security\safemon;c:\Users\haria\.vscode\extensions\redhat.java-1.54.0-win32-x64\jre\21.0.10-win32-x86_64\bin\server;C:\Users\haria\AppData\Roaming\Code\User\globalStorage\redhat.java\1.54.0\config_ss_win\org.eclipse.equinox.launcher\org.eclipse.equinox.launcher.win32.win32.x86_64_1.3.0.v20260203-2149

VM Arguments:
jvm_args: --add-modules=ALL-SYSTEM --add-opens=java.base/java.util=ALL-UNNAMED --add-opens=java.base/java.lang=ALL-UNNAMED --add-opens=java.base/sun.nio.fs=ALL-UNNAMED -Declipse.application=org.eclipse.jdt.ls.core.id1 -Dosgi.bundles.defaultStartLevel=4 -Declipse.product=org.eclipse.jdt.ls.core.product -Djava.import.generatesMetadataFilesAtProjectRoot=false -DDetectVMInstallationsJob.disabled=true -Dfile.encoding=utf8 -XX:+UseParallelGC -XX:GCTimeRatio=4 -XX:AdaptiveSizePolicyWeight=90 -Dsun.zip.disableMemoryMapping=true -Xmx2G -Xms100m -Xlog:disable -javaagent:c:\Users\haria\.vscode\extensions\redhat.java-1.54.0-win32-x64\lombok\lombok-1.18.39-4050.jar 
java_command: c:\Users\haria\.vscode\extensions\redhat.java-1.54.0-win32-x64\server\plugins\org.eclipse.equinox.launcher_1.7.100.v20251111-0406.jar -configuration c:\Users\haria\AppData\Roaming\Code\User\globalStorage\redhat.java\1.54.0\config_ss_win -data c:\Users\haria\AppData\Roaming\Code\User\workspaceStorage\b368a157e7aa87000e8219b57c792138\redhat.java\ss_ws --pipe=\\.\pipe\lsp-9af3596d32bae05e6e4838fdf8f7e662-sock
java_class_path (initial): c:\Users\haria\.vscode\extensions\redhat.java-1.54.0-win32-x64\server\plugins\org.eclipse.equinox.launcher_1.7.100.v20251111-0406.jar
Launcher Type: SUN_STANDARD

[Global flags]
    uintx AdaptiveSizePolicyWeight                 = 90                                        {product} {command line}
     intx CICompilerCount                          = 3                                         {product} {ergonomic}
    uintx GCTimeRatio                              = 4                                         {product} {command line}
   size_t InitialHeapSize                          = 104857600                                 {product} {command line}
   size_t MaxHeapSize                              = 2147483648                                {product} {command line}
   size_t MaxNewSize                               = 715653120                                 {product} {ergonomic}
   size_t MinHeapDeltaBytes                        = 524288                                    {product} {ergonomic}
   size_t MinHeapSize                              = 104857600                                 {product} {command line}
   size_t NewSize                                  = 34603008                                  {product} {ergonomic}
    uintx NonNMethodCodeHeapSize                   = 5832780                                {pd product} {ergonomic}
    uintx NonProfiledCodeHeapSize                  = 122912730                              {pd product} {ergonomic}
   size_t OldSize                                  = 70254592                                  {product} {ergonomic}
    uintx ProfiledCodeHeapSize                     = 122912730                              {pd product} {ergonomic}
    uintx ReservedCodeCacheSize                    = 251658240                              {pd product} {ergonomic}
     bool SegmentedCodeCache                       = true                                      {product} {ergonomic}
   size_t SoftMaxHeapSize                          = 2147483648                             {manageable} {ergonomic}
     bool UseCompressedOops                        = true                           {product lp64_product} {ergonomic}
     bool UseLargePagesIndividualAllocation        = false                                  {pd product} {ergonomic}
     bool UseParallelGC                            = true                                      {product} {command line}

Logging:
Log output configuration:
 #0: stdout all=off uptime,level,tags foldmultilines=false
 #1: stderr all=off uptime,level,tags foldmultilines=false

Release file:
JAVA_VERSION="21.0.10" 
MODULES="java.base java.compiler java.datatransfer java.xml java.prefs java.desktop java.instrument java.logging java.management java.security.sasl java.naming java.rmi java.management.rmi java.net.http java.scripting java.security.jgss java.transaction.xa java.sql java.sql.rowset java.xml.crypto java.se java.smartcardio jdk.accessibility jdk.internal.jvmstat jdk.attach jdk.charsets jdk.internal.opt jdk.zipfs jdk.compiler jdk.crypto.ec jdk.crypto.cryptoki jdk.crypto.mscapi jdk.dynalink jdk.internal.ed jdk.editpad jdk.hotspot.agent jdk.httpserver jdk.internal.le jdk.internal.vm.ci jdk.internal.vm.compiler jdk.internal.vm.compiler.management jdk.jartool jdk.javadoc jdk.jcmd jdk.management jdk.management.agent jdk.jconsole jdk.jdeps jdk.jdwp.agent jdk.jdi jdk.jfr jdk.jshell jdk.jsobject jdk.jstatd jdk.localedata jdk.management.jfr jdk.naming.dns jdk.naming.rmi jdk.net jdk.nio.mapmode jdk.random jdk.sctp jdk.security.auth jdk.security.jgss jdk.unsupported jdk.unsupported.desktop jdk.xml.dom" 

Environment Variables:
JAVA_HOME=C:\Program Files\Java\jdk-17
PATH=C:\Program Files (x86)\Common Files\Intel\Shared Libraries\redist\intel64\compiler;C:\Program Files\Java\jdk-23\bin;C:\Program Files\Java\jdk-17\bin;C:\Windows\system32;C:\Windows;C:\Windows\System32\Wbem;C:\Windows\System32\WindowsPowerShell\v1.0\;C:\Windows\System32\OpenSSH\;C:\Program Files\Java\jdk-17\bin;C:\Program Files\Common Files\Oracle\Java\javapath;C:\Program Files\Java\jdk-20;C:\Program Files\MySQL\MySQL Server 8.0\bin;C:\Program Files\dotnet\;C:\Program Files\MySQL\MySQL Server 8.0\bin;C:\Program Files\nodejs\;C:\Program Files\apache-maven-3.9.11\bin;C:\Program Files\apache-maven-3.9.11\bin;C:\Program Files\Java\jdk-17\bin;C:\Program Files\Git\cmd;C:\Program Files\MySQL\MySQL Shell 8.0\bin\;C:\Users\haria\AppData\Local\Programs\Python\Launcher\;C:\Users\haria\AppData\Local\Microsoft\WindowsApps;C:\Users\haria\AppData\Local\Programs\Microsoft VS Code\bin;C:\Users\haria\AppData\Roaming\npm;C:\Program Files\Apache\Maven\apache-maven-3.9.9;
USERNAME=haria
OS=Windows_NT
PROCESSOR_IDENTIFIER=Intel64 Family 6 Model 140 Stepping 1, GenuineIntel
TMP=C:\Users\haria\AppData\Local\Temp
TEMP=C:\Users\haria\AppData\Local\Temp




Periodic native trim disabled

---------------  S Y S T E M  ---------------

OS:
 Windows 11 , 64 bit Build 22621 (10.0.22621.5262)
OS uptime: 0 days 0:05 hours

CPU: total 4 (initial active 4) (2 cores per cpu, 2 threads per core) family 6 model 140 stepping 1 microcode 0xa4, cx8, cmov, fxsr, ht, mmx, 3dnowpref, sse, sse2, sse3, ssse3, sse4.1, sse4.2, popcnt, lzcnt, tsc, tscinvbit, avx, avx2, aes, erms, clmul, bmi1, bmi2, adx, avx512f, avx512dq, avx512cd, avx512bw, avx512vl, sha, fma, vzeroupper, avx512_vpopcntdq, avx512_vpclmulqdq, avx512_vaes, avx512_vnni, clflush, clflushopt, clwb, avx512_vbmi2, avx512_vbmi, rdtscp, rdpid, fsrm, gfni, avx512_bitalg, f16c, pku, cet_ibt, cet_ss, avx512_ifma
Processor Information for the first 4 processors :
  Max Mhz: 2995, Current Mhz: 2995, Mhz Limit: 2995

Memory: 4k page, system-wide physical 7886M (287M free)
TotalPageFile size 10886M (AvailPageFile size 3M)
current process WorkingSet (physical memory assigned to process): 110M, peak: 110M
current process commit charge ("private bytes"): 239M, peak: 239M

vm_info: OpenJDK 64-Bit Server VM (21.0.10+7-LTS) for windows-amd64 JRE (21.0.10+7-LTS), built on 2026-01-20T00:00:00Z by "admin" with MS VC++ 17.12 (VS2022)

END.
