#
# There is insufficient memory for the Java Runtime Environment to continue.
# Native memory allocation (malloc) failed to allocate 1048576 bytes. Error detail: AllocateHeap
# Possible reasons:
#   The system is out of physical RAM or swap space
#   This process is running with CompressedOops enabled, and the Java Heap may be blocking the growth of the native heap
# Possible solutions:
#   Reduce memory load on the system
#   Increase physical memory or swap space
#   Check if swap backing store is full
#   Decrease Java heap size (-Xmx/-Xms)
#   Decrease number of Java threads
#   Decrease Java thread stack sizes (-Xss)
#   Set larger code cache with -XX:ReservedCodeCacheSize=
#   JVM is running with Unscaled Compressed Oops mode in which the Java heap is
#     placed in the first 4GB address space. The Java Heap base address is the
#     maximum limit for the native heap growth. Please use -XX:HeapBaseMinAddress
#     to set the Java Heap base and to place the Java Heap above 4GB virtual address.
# This output file may be truncated or incomplete.
#
#  Out of Memory Error (allocation.cpp:44), pid=13020, tid=6072
#
# JRE version: OpenJDK Runtime Environment Temurin-21.0.10+7 (21.0.10+7) (build 21.0.10+7-LTS)
# Java VM: OpenJDK 64-Bit Server VM Temurin-21.0.10+7 (21.0.10+7-LTS, mixed mode, sharing, tiered, compressed oops, compressed class ptrs, parallel gc, windows-amd64)
# No core dump will be written. Minidumps are not enabled by default on client versions of Windows
#

---------------  S U M M A R Y ------------

Command Line: --add-modules=ALL-SYSTEM --add-opens=java.base/java.util=ALL-UNNAMED --add-opens=java.base/java.lang=ALL-UNNAMED --add-opens=java.base/sun.nio.fs=ALL-UNNAMED -Declipse.application=org.eclipse.jdt.ls.core.id1 -Dosgi.bundles.defaultStartLevel=4 -Declipse.product=org.eclipse.jdt.ls.core.product -Djava.import.generatesMetadataFilesAtProjectRoot=false -DDetectVMInstallationsJob.disabled=true -Dfile.encoding=utf8 -XX:+UseParallelGC -XX:GCTimeRatio=4 -XX:AdaptiveSizePolicyWeight=90 -Dsun.zip.disableMemoryMapping=true -Xmx2G -Xms100m -Xlog:disable -javaagent:c:\Users\haria\.vscode\extensions\redhat.java-1.54.0-win32-x64\lombok\lombok-1.18.39-4050.jar -XX:+HeapDumpOnOutOfMemoryError -XX:HeapDumpPath=c:\Users\haria\AppData\Roaming\Code\User\workspaceStorage\b368a157e7aa87000e8219b57c792138\redhat.java -Daether.dependencyCollector.impl=bf c:\Users\haria\.vscode\extensions\redhat.java-1.54.0-win32-x64\server\plugins\org.eclipse.equinox.launcher_1.7.100.v20251111-0406.jar -configuration c:\Users\haria\AppData\Roaming\Code\User\globalStorage\redhat.java\1.54.0\config_win -data c:\Users\haria\AppData\Roaming\Code\User\workspaceStorage\b368a157e7aa87000e8219b57c792138\redhat.java\jdt_ws --pipe=\\.\pipe\lsp-4ab8cc5d129918798547ad82bcdf757e-sock

Host: 11th Gen Intel(R) Core(TM) i3-1115G4 @ 3.00GHz, 4 cores, 7G,  Windows 11 , 64 bit Build 22621 (10.0.22621.5262)
Time: Mon Jun  1 13:13:00 2026 India Standard Time elapsed time: 774.188008 seconds (0d 0h 12m 54s)

---------------  T H R E A D  ---------------

Current thread (0x000001e4b2bd4f00):  JavaThread "Attach Listener" daemon [_thread_in_vm, id=6072, stack(0x00000012b8600000,0x00000012b8700000) (1024K)]

Stack: [0x00000012b8600000,0x00000012b8700000]
Native frames: (J=compiled Java code, j=interpreted, Vv=VM code, C=native code)
V  [jvm.dll+0x6d7a39]
V  [jvm.dll+0x8b4b26]
V  [jvm.dll+0x8b70de]
V  [jvm.dll+0x8b77c3]
V  [jvm.dll+0x284346]
V  [jvm.dll+0xc1277]
V  [jvm.dll+0x6d82e9]
V  [jvm.dll+0x1334a6]
V  [jvm.dll+0x3f857e]
V  [jvm.dll+0x85f59d]
V  [jvm.dll+0x6d626d]
C  [ucrtbase.dll+0x29333]
C  [KERNEL32.DLL+0x1259d]
C  [ntdll.dll+0x5af58]


---------------  P R O C E S S  ---------------

Threads class SMR info:
_java_thread_list=0x000001e5103e9590, length=37, elements={
0x000001e4b08a1b00, 0x000001e4b2d7b2f0, 0x000001e4b2d7c940, 0x000001e4b2bd42a0,
0x000001e4b2bd4f00, 0x000001e4b2bd97a0, 0x000001e4b2bdd060, 0x000001e4b2be8a30,
0x000001e4b2be9730, 0x000001e50b480b20, 0x000001e50b6f3200, 0x000001e51018b630,
0x000001e51018a910, 0x000001e510189bf0, 0x000001e51018a280, 0x000001e510188840,
0x000001e5101881b0, 0x000001e510189560, 0x000001e51018afa0, 0x000001e510b18dc0,
0x000001e510b14c20, 0x000001e510b13870, 0x000001e510b180a0, 0x000001e510b152b0,
0x000001e510b15940, 0x000001e510b19450, 0x000001e510b13f00, 0x000001e510b17380,
0x000001e510b15fd0, 0x000001e510b19ae0, 0x000001e513094fc0, 0x000001e513096370,
0x000001e513099160, 0x000001e513097090, 0x000001e513095ce0, 0x000001e51309bf50,
0x000001e51309a510
}

Java Threads: ( => current thread )
  0x000001e4b08a1b00 JavaThread "main"                              [_thread_blocked, id=14244, stack(0x00000012b7f00000,0x00000012b8000000) (1024K)]
  0x000001e4b2d7b2f0 JavaThread "Reference Handler"          daemon [_thread_blocked, id=1688, stack(0x00000012b8300000,0x00000012b8400000) (1024K)]
  0x000001e4b2d7c940 JavaThread "Finalizer"                  daemon [_thread_blocked, id=11344, stack(0x00000012b8400000,0x00000012b8500000) (1024K)]
  0x000001e4b2bd42a0 JavaThread "Signal Dispatcher"          daemon [_thread_blocked, id=10508, stack(0x00000012b8500000,0x00000012b8600000) (1024K)]
=>0x000001e4b2bd4f00 JavaThread "Attach Listener"            daemon [_thread_in_vm, id=6072, stack(0x00000012b8600000,0x00000012b8700000) (1024K)]
  0x000001e4b2bd97a0 JavaThread "Service Thread"             daemon [_thread_blocked, id=6572, stack(0x00000012b8700000,0x00000012b8800000) (1024K)]
  0x000001e4b2bdd060 JavaThread "Monitor Deflation Thread"   daemon [_thread_blocked, id=14184, stack(0x00000012b8800000,0x00000012b8900000) (1024K)]
  0x000001e4b2be8a30 JavaThread "C2 CompilerThread0"         daemon [_thread_blocked, id=9236, stack(0x00000012b8900000,0x00000012b8a00000) (1024K)]
  0x000001e4b2be9730 JavaThread "C1 CompilerThread0"         daemon [_thread_blocked, id=9536, stack(0x00000012b8a00000,0x00000012b8b00000) (1024K)]
  0x000001e50b480b20 JavaThread "Common-Cleaner"             daemon [_thread_blocked, id=1096, stack(0x00000012b8b00000,0x00000012b8c00000) (1024K)]
  0x000001e50b6f3200 JavaThread "Notification Thread"        daemon [_thread_blocked, id=4784, stack(0x00000012b8d00000,0x00000012b8e00000) (1024K)]
  0x000001e51018b630 JavaThread "Active Thread: Equinox Container: 5059ab86-3a29-4445-8011-31ce86489d0a"        [_thread_blocked, id=9932, stack(0x00000012b9100000,0x00000012b9200000) (1024K)]
  0x000001e51018a910 JavaThread "Refresh Thread: Equinox Container: 5059ab86-3a29-4445-8011-31ce86489d0a" daemon [_thread_blocked, id=12020, stack(0x00000012b8c00000,0x00000012b8d00000) (1024K)]
  0x000001e510189bf0 JavaThread "Framework Event Dispatcher: Equinox Container: 5059ab86-3a29-4445-8011-31ce86489d0a" daemon [_thread_blocked, id=12860, stack(0x00000012b9200000,0x00000012b9300000) (1024K)]
  0x000001e51018a280 JavaThread "Start Level: Equinox Container: 5059ab86-3a29-4445-8011-31ce86489d0a" daemon [_thread_blocked, id=10612, stack(0x00000012b9300000,0x00000012b9400000) (1024K)]
  0x000001e510188840 JavaThread "Bundle File Closer"         daemon [_thread_blocked, id=3568, stack(0x00000012b9500000,0x00000012b9600000) (1024K)]
  0x000001e5101881b0 JavaThread "SCR Component Actor"        daemon [_thread_blocked, id=13144, stack(0x00000012b9400000,0x00000012b9500000) (1024K)]
  0x000001e510189560 JavaThread "Worker-JM"                         [_thread_blocked, id=5768, stack(0x00000012b9700000,0x00000012b9800000) (1024K)]
  0x000001e51018afa0 JavaThread "JNA Cleaner"                daemon [_thread_blocked, id=10176, stack(0x00000012b9800000,0x00000012b9900000) (1024K)]
  0x000001e510b18dc0 JavaThread "Worker-2"                          [_thread_blocked, id=6112, stack(0x00000012b9b00000,0x00000012b9c00000) (1024K)]
  0x000001e510b14c20 JavaThread "Java indexing"              daemon [_thread_blocked, id=11360, stack(0x00000012b9c00000,0x00000012b9d00000) (1024K)]
  0x000001e510b13870 JavaThread "Thread-1"                   daemon [_thread_in_native, id=6236, stack(0x00000012b9d00000,0x00000012b9e00000) (1024K)]
  0x000001e510b180a0 JavaThread "Thread-2"                   daemon [_thread_in_native, id=14220, stack(0x00000012b9e00000,0x00000012b9f00000) (1024K)]
  0x000001e510b152b0 JavaThread "Thread-3"                   daemon [_thread_in_native, id=11900, stack(0x00000012b9f00000,0x00000012ba000000) (1024K)]
  0x000001e510b15940 JavaThread "Thread-4"                   daemon [_thread_in_native, id=5952, stack(0x00000012ba000000,0x00000012ba100000) (1024K)]
  0x000001e510b19450 JavaThread "Thread-5"                   daemon [_thread_in_native, id=10136, stack(0x00000012ba100000,0x00000012ba200000) (1024K)]
  0x000001e510b13f00 JavaThread "pool-2-thread-1"                   [_thread_blocked, id=7768, stack(0x00000012ba300000,0x00000012ba400000) (1024K)]
  0x000001e510b17380 JavaThread "Worker-4"                          [_thread_blocked, id=4176, stack(0x00000012ba400000,0x00000012ba500000) (1024K)]
  0x000001e510b15fd0 JavaThread "WorkspaceEventsHandler"            [_thread_blocked, id=2312, stack(0x00000012ba500000,0x00000012ba600000) (1024K)]
  0x000001e510b19ae0 JavaThread "pool-1-thread-1"                   [_thread_blocked, id=1184, stack(0x00000012ba600000,0x00000012ba700000) (1024K)]
  0x000001e513094fc0 JavaThread "Cleaner-0"                  daemon [_thread_blocked, id=9732, stack(0x00000012baa00000,0x00000012bab00000) (1024K)]
  0x000001e513096370 JavaThread "Java Debug Server"          daemon [_thread_in_native, id=10684, stack(0x00000012bab00000,0x00000012bac00000) (1024K)]
  0x000001e513099160 JavaThread "pool-4-thread-1"                   [_thread_in_native, id=8608, stack(0x00000012bac00000,0x00000012bad00000) (1024K)]
  0x000001e513097090 JavaThread "RxSchedulerPurge-1"         daemon [_thread_blocked, id=13280, stack(0x00000012bad00000,0x00000012bae00000) (1024K)]
  0x000001e513095ce0 JavaThread "RxCachedWorkerPoolEvictor-1" daemon [_thread_blocked, id=11468, stack(0x00000012bae00000,0x00000012baf00000) (1024K)]
  0x000001e51309bf50 JavaThread "RxNewThreadScheduler-1"     daemon [_thread_blocked, id=9192, stack(0x00000012baf00000,0x00000012bb000000) (1024K)]
  0x000001e51309a510 JavaThread "process reaper (pid 11016)" daemon [_thread_in_native, id=7496, stack(0x00000012b79c0000,0x00000012b79e0000) (128K)]
Total: 37

Other Threads:
  0x000001e4b2bcfe70 VMThread "VM Thread"                           [id=10300, stack(0x00000012b8200000,0x00000012b8300000) (1024K)]
  0x000001e4b2d513f0 WatcherThread "VM Periodic Task Thread"        [id=7440, stack(0x00000012b8100000,0x00000012b8200000) (1024K)]
  0x000001e4b2d01880 WorkerThread "GC Thread#0"                     [id=6092, stack(0x00000012b8000000,0x00000012b8100000) (1024K)]
  0x000001e50b920fb0 WorkerThread "GC Thread#1"                     [id=14128, stack(0x00000012b8e00000,0x00000012b8f00000) (1024K)]
  0x000001e50b921760 WorkerThread "GC Thread#2"                     [id=4276, stack(0x00000012b8f00000,0x00000012b9000000) (1024K)]
  0x000001e50b830ee0 WorkerThread "GC Thread#3"                     [id=7680, stack(0x00000012b9000000,0x00000012b9100000) (1024K)]
Total: 6

Threads with active compile tasks:
Total: 0

VM state: not at safepoint (normal execution)

VM Mutex/Monitor currently owned by a thread: None

Heap address: 0x0000000080000000, size: 2048 MB, Compressed Oops mode: 32-bit

CDS archive(s) mapped at: [0x000001e4ca000000-0x000001e4caba0000-0x000001e4caba0000), size 12189696, SharedBaseAddress: 0x000001e4ca000000, ArchiveRelocationMode: 1.
Compressed class space mapped at: 0x000001e4cb000000-0x000001e50b000000, reserved size: 1073741824
Narrow klass base: 0x000001e4ca000000, Narrow klass shift: 0, Narrow klass range: 0x100000000

GC Precious Log:
 CardTable entry size: 512
 CPUs: 4 total, 4 available
 Memory: 7886M
 Large Page Support: Disabled
 NUMA Support: Disabled
 Compressed Oops: Enabled (32-bit)
 Alignments: Space 512K, Generation 512K, Heap 2M
 Heap Min Capacity: 100M
 Heap Initial Capacity: 100M
 Heap Max Capacity: 2G
 Pre-touch: Disabled
 Parallel Workers: 4

Heap:
 PSYoungGen      total 2560K, used 1285K [0x00000000d5580000, 0x00000000d5b00000, 0x0000000100000000)
  eden space 2048K, 54% used [0x00000000d5580000,0x00000000d5699650,0x00000000d5780000)
  from space 512K, 31% used [0x00000000d5780000,0x00000000d57a8000,0x00000000d5800000)
  to   space 512K, 0% used [0x00000000d5a80000,0x00000000d5a80000,0x00000000d5b00000)
 ParOldGen       total 163328K, used 136473K [0x0000000080000000, 0x0000000089f80000, 0x00000000d5580000)
  object space 163328K, 83% used [0x0000000080000000,0x00000000885466f0,0x0000000089f80000)
 Metaspace       used 69037K, committed 70464K, reserved 1114112K
  class space    used 7346K, committed 8000K, reserved 1048576K

Card table byte_map: [0x000001e4b2660000,0x000001e4b2a70000] _byte_map_base: 0x000001e4b2260000

Marking Bits: (ParMarkBitMap*) 0x00007ffd85ff3450
 Begin Bits: [0x000001e4c5170000, 0x000001e4c7170000)
 End Bits:   [0x000001e4c7170000, 0x000001e4c9170000)

Polling page: 0x000001e4b0b10000

Metaspace:

Usage:
  Non-class:     60.24 MB used.
      Class:      7.17 MB used.
       Both:     67.42 MB used.

Virtual space:
  Non-class space:       64.00 MB reserved,      61.00 MB ( 95%) committed,  1 nodes.
      Class space:        1.00 GB reserved,       7.81 MB ( <1%) committed,  1 nodes.
             Both:        1.06 GB reserved,      68.81 MB (  6%) committed. 

Chunk freelists:
   Non-Class:  2.88 MB
       Class:  8.08 MB
        Both:  10.96 MB

MaxMetaspaceSize: unlimited
CompressedClassSpaceSize: 1.00 GB
Initial GC threshold: 21.00 MB
Current GC threshold: 97.31 MB
CDS: on
 - commit_granule_bytes: 65536.
 - commit_granule_words: 8192.
 - virtual_space_node_default_size: 8388608.
 - enlarge_chunks_in_place: 1.
 - use_allocation_guard: 0.


Internal statistics:

num_allocs_failed_limit: 9.
num_arena_births: 1240.
num_arena_deaths: 14.
num_vsnodes_births: 2.
num_vsnodes_deaths: 0.
num_space_committed: 1101.
num_space_uncommitted: 0.
num_chunks_returned_to_freelist: 23.
num_chunks_taken_from_freelist: 4381.
num_chunk_merges: 12.
num_chunk_splits: 2782.
num_chunks_enlarged: 1646.
num_inconsistent_stats: 0.

CodeHeap 'non-profiled nmethods': size=120000Kb used=7933Kb max_used=7933Kb free=112066Kb
 bounds [0x000001e4bd990000, 0x000001e4be150000, 0x000001e4c4ec0000]
CodeHeap 'profiled nmethods': size=120000Kb used=23125Kb max_used=23125Kb free=96875Kb
 bounds [0x000001e4b5ec0000, 0x000001e4b7560000, 0x000001e4bd3f0000]
CodeHeap 'non-nmethods': size=5760Kb used=1465Kb max_used=1510Kb free=4294Kb
 bounds [0x000001e4bd3f0000, 0x000001e4bd660000, 0x000001e4bd990000]
CodeCache: size=245760Kb, used=32523Kb, max_used=32568Kb, free=213235Kb
 total_blobs=11136, nmethods=10357, adapters=685, full_count=0
Compilation: enabled, stopped_count=0, restarted_count=0

Compilation events (20 events):
Event: 300.069 Thread 0x000001e4b2be9730 11160       3       java.util.concurrent.ScheduledThreadPoolExecutor::reExecutePeriodic (49 bytes)
Event: 300.070 Thread 0x000001e4b2be9730 nmethod 11160 0x000001e4b7551810 code [0x000001e4b7551a40, 0x000001e4b75521c0]
Event: 308.065 Thread 0x000001e4b2be9730 11161       3       java.util.concurrent.ConcurrentHashMap::keySet (5 bytes)
Event: 308.065 Thread 0x000001e4b2be9730 nmethod 11161 0x000001e4b7552410 code [0x000001e4b75525c0, 0x000001e4b7552780]
Event: 317.065 Thread 0x000001e4b2be9730 11162       3       java.util.concurrent.ConcurrentHashMap$CollectionView::toArray (145 bytes)
Event: 317.066 Thread 0x000001e4b2be9730 nmethod 11162 0x000001e4b7552810 code [0x000001e4b7552a80, 0x000001e4b7553608]
Event: 320.064 Thread 0x000001e4b2be9730 11163       3       io.reactivex.internal.schedulers.SchedulerPoolFactory$ScheduledTask::run (66 bytes)
Event: 320.066 Thread 0x000001e4b2be9730 nmethod 11163 0x000001e4b7553a10 code [0x000001e4b7553c80, 0x000001e4b7554970]
Event: 325.064 Thread 0x000001e4b2be9730 11164       3       java.util.concurrent.locks.AbstractQueuedSynchronizer$Node::setStatusRelaxed (12 bytes)
Event: 325.065 Thread 0x000001e4b2be9730 nmethod 11164 0x000001e4b7554d10 code [0x000001e4b7554ea0, 0x000001e4b7554fb8]
Event: 334.067 Thread 0x000001e4b2be9730 11165       3       java.util.concurrent.ConcurrentHashMap$KeyIterator::<init> (12 bytes)
Event: 334.068 Thread 0x000001e4b2be9730 nmethod 11165 0x000001e4b7555090 code [0x000001e4b7555240, 0x000001e4b7555378]
Event: 429.077 Thread 0x000001e4b2be8a30 11166       4       jdk.internal.misc.Unsafe::putIntOpaque (9 bytes)
Event: 429.077 Thread 0x000001e4b2be8a30 nmethod 11166 0x000001e4be14e190 code [0x000001e4be14e320, 0x000001e4be14e3b8]
Event: 573.954 Thread 0x000001e4b2be9730 11167       1       org.eclipse.core.internal.jobs.JobManager::isActive (5 bytes)
Event: 573.954 Thread 0x000001e4b2be9730 nmethod 11167 0x000001e4be14e490 code [0x000001e4be14e620, 0x000001e4be14e6f0]
Event: 584.076 Thread 0x000001e4b2be8a30 11168       4       java.util.concurrent.TimeUnit::toNanos (45 bytes)
Event: 584.077 Thread 0x000001e4b2be8a30 nmethod 11168 0x000001e4be14e790 code [0x000001e4be14e920, 0x000001e4be14ea18]
Event: 743.079 Thread 0x000001e4b2be8a30 11170       4       java.util.concurrent.ConcurrentHashMap$KeyIterator::next (34 bytes)
Event: 743.086 Thread 0x000001e4b2be8a30 nmethod 11170 0x000001e4be14ef10 code [0x000001e4be14f0a0, 0x000001e4be14f2d8]

GC Heap History (20 events):
Event: 64.005 GC heap before
{Heap before GC invocations=329 (full 3):
 PSYoungGen      total 2560K, used 2085K [0x00000000d5580000, 0x00000000d5b00000, 0x0000000100000000)
  eden space 2048K, 94% used [0x00000000d5580000,0x00000000d5761548,0x00000000d5780000)
  from space 512K, 31% used [0x00000000d5780000,0x00000000d57a8020,0x00000000d5800000)
  to   space 512K, 0% used [0x00000000d5a80000,0x00000000d5a80000,0x00000000d5b00000)
 ParOldGen       total 163328K, used 135889K [0x0000000080000000, 0x0000000089f80000, 0x00000000d5580000)
  object space 163328K, 83% used [0x0000000080000000,0x00000000884b4690,0x0000000089f80000)
 Metaspace       used 66903K, committed 68352K, reserved 1114112K
  class space    used 7026K, committed 7680K, reserved 1048576K
}
Event: 64.006 GC heap after
{Heap after GC invocations=329 (full 3):
 PSYoungGen      total 2560K, used 128K [0x00000000d5580000, 0x00000000d5b00000, 0x0000000100000000)
  eden space 2048K, 0% used [0x00000000d5580000,0x00000000d5580000,0x00000000d5780000)
  from space 512K, 25% used [0x00000000d5a80000,0x00000000d5aa0000,0x00000000d5b00000)
  to   space 512K, 0% used [0x00000000d5780000,0x00000000d5780000,0x00000000d5800000)
 ParOldGen       total 163328K, used 135993K [0x0000000080000000, 0x0000000089f80000, 0x00000000d5580000)
  object space 163328K, 83% used [0x0000000080000000,0x00000000884ce6b0,0x0000000089f80000)
 Metaspace       used 66903K, committed 68352K, reserved 1114112K
  class space    used 7026K, committed 7680K, reserved 1048576K
}
Event: 64.025 GC heap before
{Heap before GC invocations=330 (full 3):
 PSYoungGen      total 2560K, used 2176K [0x00000000d5580000, 0x00000000d5b00000, 0x0000000100000000)
  eden space 2048K, 100% used [0x00000000d5580000,0x00000000d5780000,0x00000000d5780000)
  from space 512K, 25% used [0x00000000d5a80000,0x00000000d5aa0000,0x00000000d5b00000)
  to   space 512K, 0% used [0x00000000d5780000,0x00000000d5780000,0x00000000d5800000)
 ParOldGen       total 163328K, used 135993K [0x0000000080000000, 0x0000000089f80000, 0x00000000d5580000)
  object space 163328K, 83% used [0x0000000080000000,0x00000000884ce6b0,0x0000000089f80000)
 Metaspace       used 67177K, committed 68608K, reserved 1114112K
  class space    used 7052K, committed 7744K, reserved 1048576K
}
Event: 64.025 GC heap after
{Heap after GC invocations=330 (full 3):
 PSYoungGen      total 2560K, used 128K [0x00000000d5580000, 0x00000000d5b00000, 0x0000000100000000)
  eden space 2048K, 0% used [0x00000000d5580000,0x00000000d5580000,0x00000000d5780000)
  from space 512K, 25% used [0x00000000d5780000,0x00000000d57a0000,0x00000000d5800000)
  to   space 512K, 0% used [0x00000000d5a80000,0x00000000d5a80000,0x00000000d5b00000)
 ParOldGen       total 163328K, used 136025K [0x0000000080000000, 0x0000000089f80000, 0x00000000d5580000)
  object space 163328K, 83% used [0x0000000080000000,0x00000000884d66b0,0x0000000089f80000)
 Metaspace       used 67177K, committed 68608K, reserved 1114112K
  class space    used 7052K, committed 7744K, reserved 1048576K
}
Event: 64.053 GC heap before
{Heap before GC invocations=331 (full 3):
 PSYoungGen      total 2560K, used 2155K [0x00000000d5580000, 0x00000000d5b00000, 0x0000000100000000)
  eden space 2048K, 98% used [0x00000000d5580000,0x00000000d577adf8,0x00000000d5780000)
  from space 512K, 25% used [0x00000000d5780000,0x00000000d57a0000,0x00000000d5800000)
  to   space 512K, 0% used [0x00000000d5a80000,0x00000000d5a80000,0x00000000d5b00000)
 ParOldGen       total 163328K, used 136025K [0x0000000080000000, 0x0000000089f80000, 0x00000000d5580000)
  object space 163328K, 83% used [0x0000000080000000,0x00000000884d66b0,0x0000000089f80000)
 Metaspace       used 67462K, committed 68864K, reserved 1114112K
  class space    used 7088K, committed 7744K, reserved 1048576K
}
Event: 64.054 GC heap after
{Heap after GC invocations=331 (full 3):
 PSYoungGen      total 2560K, used 203K [0x00000000d5580000, 0x00000000d5b00000, 0x0000000100000000)
  eden space 2048K, 0% used [0x00000000d5580000,0x00000000d5580000,0x00000000d5780000)
  from space 512K, 39% used [0x00000000d5a80000,0x00000000d5ab2e50,0x00000000d5b00000)
  to   space 512K, 0% used [0x00000000d5780000,0x00000000d5780000,0x00000000d5800000)
 ParOldGen       total 163328K, used 136065K [0x0000000080000000, 0x0000000089f80000, 0x00000000d5580000)
  object space 163328K, 83% used [0x0000000080000000,0x00000000884e06b0,0x0000000089f80000)
 Metaspace       used 67462K, committed 68864K, reserved 1114112K
  class space    used 7088K, committed 7744K, reserved 1048576K
}
Event: 64.083 GC heap before
{Heap before GC invocations=332 (full 3):
 PSYoungGen      total 2560K, used 2251K [0x00000000d5580000, 0x00000000d5b00000, 0x0000000100000000)
  eden space 2048K, 100% used [0x00000000d5580000,0x00000000d5780000,0x00000000d5780000)
  from space 512K, 39% used [0x00000000d5a80000,0x00000000d5ab2e50,0x00000000d5b00000)
  to   space 512K, 0% used [0x00000000d5780000,0x00000000d5780000,0x00000000d5800000)
 ParOldGen       total 163328K, used 136065K [0x0000000080000000, 0x0000000089f80000, 0x00000000d5580000)
  object space 163328K, 83% used [0x0000000080000000,0x00000000884e06b0,0x0000000089f80000)
 Metaspace       used 67660K, committed 69120K, reserved 1114112K
  class space    used 7127K, committed 7808K, reserved 1048576K
}
Event: 64.086 GC heap after
{Heap after GC invocations=332 (full 3):
 PSYoungGen      total 2560K, used 128K [0x00000000d5580000, 0x00000000d5b00000, 0x0000000100000000)
  eden space 2048K, 0% used [0x00000000d5580000,0x00000000d5580000,0x00000000d5780000)
  from space 512K, 25% used [0x00000000d5780000,0x00000000d57a0000,0x00000000d5800000)
  to   space 512K, 0% used [0x00000000d5a80000,0x00000000d5a80000,0x00000000d5b00000)
 ParOldGen       total 163328K, used 136145K [0x0000000080000000, 0x0000000089f80000, 0x00000000d5580000)
  object space 163328K, 83% used [0x0000000080000000,0x00000000884f46e0,0x0000000089f80000)
 Metaspace       used 67660K, committed 69120K, reserved 1114112K
  class space    used 7127K, committed 7808K, reserved 1048576K
}
Event: 64.112 GC heap before
{Heap before GC invocations=333 (full 3):
 PSYoungGen      total 2560K, used 2176K [0x00000000d5580000, 0x00000000d5b00000, 0x0000000100000000)
  eden space 2048K, 100% used [0x00000000d5580000,0x00000000d5780000,0x00000000d5780000)
  from space 512K, 25% used [0x00000000d5780000,0x00000000d57a0000,0x00000000d5800000)
  to   space 512K, 0% used [0x00000000d5a80000,0x00000000d5a80000,0x00000000d5b00000)
 ParOldGen       total 163328K, used 136145K [0x0000000080000000, 0x0000000089f80000, 0x00000000d5580000)
  object space 163328K, 83% used [0x0000000080000000,0x00000000884f46e0,0x0000000089f80000)
 Metaspace       used 67798K, committed 69184K, reserved 1114112K
  class space    used 7166K, committed 7808K, reserved 1048576K
}
Event: 64.113 GC heap after
{Heap after GC invocations=333 (full 3):
 PSYoungGen      total 2560K, used 128K [0x00000000d5580000, 0x00000000d5b00000, 0x0000000100000000)
  eden space 2048K, 0% used [0x00000000d5580000,0x00000000d5580000,0x00000000d5780000)
  from space 512K, 25% used [0x00000000d5a80000,0x00000000d5aa0000,0x00000000d5b00000)
  to   space 512K, 0% used [0x00000000d5780000,0x00000000d5780000,0x00000000d5800000)
 ParOldGen       total 163328K, used 136193K [0x0000000080000000, 0x0000000089f80000, 0x00000000d5580000)
  object space 163328K, 83% used [0x0000000080000000,0x00000000885006e0,0x0000000089f80000)
 Metaspace       used 67798K, committed 69184K, reserved 1114112K
  class space    used 7166K, committed 7808K, reserved 1048576K
}
Event: 64.140 GC heap before
{Heap before GC invocations=334 (full 3):
 PSYoungGen      total 2560K, used 2166K [0x00000000d5580000, 0x00000000d5b00000, 0x0000000100000000)
  eden space 2048K, 99% used [0x00000000d5580000,0x00000000d577db78,0x00000000d5780000)
  from space 512K, 25% used [0x00000000d5a80000,0x00000000d5aa0000,0x00000000d5b00000)
  to   space 512K, 0% used [0x00000000d5780000,0x00000000d5780000,0x00000000d5800000)
 ParOldGen       total 163328K, used 136193K [0x0000000080000000, 0x0000000089f80000, 0x00000000d5580000)
  object space 163328K, 83% used [0x0000000080000000,0x00000000885006e0,0x0000000089f80000)
 Metaspace       used 67973K, committed 69440K, reserved 1114112K
  class space    used 7207K, committed 7872K, reserved 1048576K
}
Event: 64.140 GC heap after
{Heap after GC invocations=334 (full 3):
 PSYoungGen      total 2560K, used 128K [0x00000000d5580000, 0x00000000d5b00000, 0x0000000100000000)
  eden space 2048K, 0% used [0x00000000d5580000,0x00000000d5580000,0x00000000d5780000)
  from space 512K, 25% used [0x00000000d5780000,0x00000000d57a0000,0x00000000d5800000)
  to   space 512K, 0% used [0x00000000d5a80000,0x00000000d5a80000,0x00000000d5b00000)
 ParOldGen       total 163328K, used 136217K [0x0000000080000000, 0x0000000089f80000, 0x00000000d5580000)
  object space 163328K, 83% used [0x0000000080000000,0x00000000885066e0,0x0000000089f80000)
 Metaspace       used 67973K, committed 69440K, reserved 1114112K
  class space    used 7207K, committed 7872K, reserved 1048576K
}
Event: 64.156 GC heap before
{Heap before GC invocations=335 (full 3):
 PSYoungGen      total 2560K, used 2176K [0x00000000d5580000, 0x00000000d5b00000, 0x0000000100000000)
  eden space 2048K, 100% used [0x00000000d5580000,0x00000000d5780000,0x00000000d5780000)
  from space 512K, 25% used [0x00000000d5780000,0x00000000d57a0000,0x00000000d5800000)
  to   space 512K, 0% used [0x00000000d5a80000,0x00000000d5a80000,0x00000000d5b00000)
 ParOldGen       total 163328K, used 136217K [0x0000000080000000, 0x0000000089f80000, 0x00000000d5580000)
  object space 163328K, 83% used [0x0000000080000000,0x00000000885066e0,0x0000000089f80000)
 Metaspace       used 68194K, committed 69632K, reserved 1114112K
  class space    used 7248K, committed 7936K, reserved 1048576K
}
Event: 64.157 GC heap after
{Heap after GC invocations=335 (full 3):
 PSYoungGen      total 2560K, used 96K [0x00000000d5580000, 0x00000000d5b00000, 0x0000000100000000)
  eden space 2048K, 0% used [0x00000000d5580000,0x00000000d5580000,0x00000000d5780000)
  from space 512K, 18% used [0x00000000d5a80000,0x00000000d5a98000,0x00000000d5b00000)
  to   space 512K, 0% used [0x00000000d5780000,0x00000000d5780000,0x00000000d5800000)
 ParOldGen       total 163328K, used 136257K [0x0000000080000000, 0x0000000089f80000, 0x00000000d5580000)
  object space 163328K, 83% used [0x0000000080000000,0x00000000885106e0,0x0000000089f80000)
 Metaspace       used 68194K, committed 69632K, reserved 1114112K
  class space    used 7248K, committed 7936K, reserved 1048576K
}
Event: 64.176 GC heap before
{Heap before GC invocations=336 (full 3):
 PSYoungGen      total 2560K, used 2144K [0x00000000d5580000, 0x00000000d5b00000, 0x0000000100000000)
  eden space 2048K, 100% used [0x00000000d5580000,0x00000000d5780000,0x00000000d5780000)
  from space 512K, 18% used [0x00000000d5a80000,0x00000000d5a98000,0x00000000d5b00000)
  to   space 512K, 0% used [0x00000000d5780000,0x00000000d5780000,0x00000000d5800000)
 ParOldGen       total 163328K, used 136257K [0x0000000080000000, 0x0000000089f80000, 0x00000000d5580000)
  object space 163328K, 83% used [0x0000000080000000,0x00000000885106e0,0x0000000089f80000)
 Metaspace       used 68456K, committed 69888K, reserved 1114112K
  class space    used 7276K, committed 7936K, reserved 1048576K
}
Event: 64.177 GC heap after
{Heap after GC invocations=336 (full 3):
 PSYoungGen      total 2560K, used 128K [0x00000000d5580000, 0x00000000d5b00000, 0x0000000100000000)
  eden space 2048K, 0% used [0x00000000d5580000,0x00000000d5580000,0x00000000d5780000)
  from space 512K, 25% used [0x00000000d5780000,0x00000000d57a0000,0x00000000d5800000)
  to   space 512K, 0% used [0x00000000d5a80000,0x00000000d5a80000,0x00000000d5b00000)
 ParOldGen       total 163328K, used 136305K [0x0000000080000000, 0x0000000089f80000, 0x00000000d5580000)
  object space 163328K, 83% used [0x0000000080000000,0x000000008851c6e0,0x0000000089f80000)
 Metaspace       used 68456K, committed 69888K, reserved 1114112K
  class space    used 7276K, committed 7936K, reserved 1048576K
}
Event: 64.230 GC heap before
{Heap before GC invocations=337 (full 3):
 PSYoungGen      total 2560K, used 2176K [0x00000000d5580000, 0x00000000d5b00000, 0x0000000100000000)
  eden space 2048K, 100% used [0x00000000d5580000,0x00000000d5780000,0x00000000d5780000)
  from space 512K, 25% used [0x00000000d5780000,0x00000000d57a0000,0x00000000d5800000)
  to   space 512K, 0% used [0x00000000d5a80000,0x00000000d5a80000,0x00000000d5b00000)
 ParOldGen       total 163328K, used 136305K [0x0000000080000000, 0x0000000089f80000, 0x00000000d5580000)
  object space 163328K, 83% used [0x0000000080000000,0x000000008851c6e0,0x0000000089f80000)
 Metaspace       used 68693K, committed 70144K, reserved 1114112K
  class space    used 7301K, committed 8000K, reserved 1048576K
}
Event: 64.231 GC heap after
{Heap after GC invocations=337 (full 3):
 PSYoungGen      total 2560K, used 160K [0x00000000d5580000, 0x00000000d5b00000, 0x0000000100000000)
  eden space 2048K, 0% used [0x00000000d5580000,0x00000000d5580000,0x00000000d5780000)
  from space 512K, 31% used [0x00000000d5a80000,0x00000000d5aa8000,0x00000000d5b00000)
  to   space 512K, 0% used [0x00000000d5780000,0x00000000d5780000,0x00000000d5800000)
 ParOldGen       total 163328K, used 136353K [0x0000000080000000, 0x0000000089f80000, 0x00000000d5580000)
  object space 163328K, 83% used [0x0000000080000000,0x00000000885286e0,0x0000000089f80000)
 Metaspace       used 68693K, committed 70144K, reserved 1114112K
  class space    used 7301K, committed 8000K, reserved 1048576K
}
Event: 72.961 GC heap before
{Heap before GC invocations=338 (full 3):
 PSYoungGen      total 2560K, used 2208K [0x00000000d5580000, 0x00000000d5b00000, 0x0000000100000000)
  eden space 2048K, 100% used [0x00000000d5580000,0x00000000d5780000,0x00000000d5780000)
  from space 512K, 31% used [0x00000000d5a80000,0x00000000d5aa8000,0x00000000d5b00000)
  to   space 512K, 0% used [0x00000000d5780000,0x00000000d5780000,0x00000000d5800000)
 ParOldGen       total 163328K, used 136353K [0x0000000080000000, 0x0000000089f80000, 0x00000000d5580000)
  object space 163328K, 83% used [0x0000000080000000,0x00000000885286e0,0x0000000089f80000)
 Metaspace       used 68954K, committed 70464K, reserved 1114112K
  class space    used 7335K, committed 8000K, reserved 1048576K
}
Event: 72.962 GC heap after
{Heap after GC invocations=338 (full 3):
 PSYoungGen      total 2560K, used 160K [0x00000000d5580000, 0x00000000d5b00000, 0x0000000100000000)
  eden space 2048K, 0% used [0x00000000d5580000,0x00000000d5580000,0x00000000d5780000)
  from space 512K, 31% used [0x00000000d5780000,0x00000000d57a8000,0x00000000d5800000)
  to   space 512K, 0% used [0x00000000d5a80000,0x00000000d5a80000,0x00000000d5b00000)
 ParOldGen       total 163328K, used 136473K [0x0000000080000000, 0x0000000089f80000, 0x00000000d5580000)
  object space 163328K, 83% used [0x0000000080000000,0x00000000885466f0,0x0000000089f80000)
 Metaspace       used 68954K, committed 70464K, reserved 1114112K
  class space    used 7335K, committed 8000K, reserved 1048576K
}

Dll operation events (12 events):
Event: 0.316 Loaded shared library c:\Users\haria\.vscode\extensions\redhat.java-1.54.0-win32-x64\jre\21.0.10-win32-x86_64\bin\java.dll
Event: 0.629 Loaded shared library c:\Users\haria\.vscode\extensions\redhat.java-1.54.0-win32-x64\jre\21.0.10-win32-x86_64\bin\zip.dll
Event: 0.678 Loaded shared library C:\Users\haria\.vscode\extensions\redhat.java-1.54.0-win32-x64\jre\21.0.10-win32-x86_64\bin\instrument.dll
Event: 0.740 Loaded shared library C:\Users\haria\.vscode\extensions\redhat.java-1.54.0-win32-x64\jre\21.0.10-win32-x86_64\bin\net.dll
Event: 0.786 Loaded shared library C:\Users\haria\.vscode\extensions\redhat.java-1.54.0-win32-x64\jre\21.0.10-win32-x86_64\bin\nio.dll
Event: 0.790 Loaded shared library C:\Users\haria\.vscode\extensions\redhat.java-1.54.0-win32-x64\jre\21.0.10-win32-x86_64\bin\zip.dll
Event: 0.822 Loaded shared library C:\Users\haria\.vscode\extensions\redhat.java-1.54.0-win32-x64\jre\21.0.10-win32-x86_64\bin\jimage.dll
Event: 0.958 Loaded shared library c:\Users\haria\.vscode\extensions\redhat.java-1.54.0-win32-x64\jre\21.0.10-win32-x86_64\bin\verify.dll
Event: 17.182 Loaded shared library C:\Users\haria\AppData\Roaming\Code\User\globalStorage\redhat.java\1.54.0\config_win\org.eclipse.equinox.launcher\org.eclipse.equinox.launcher.win32.win32.x86_64_1.3.0.v20260203-2149\eclipse_11919.dll
Event: 33.864 Loaded shared library C:\Users\haria\AppData\Local\Temp\jna-99048817\jna9390587407084807782.dll
Event: 40.802 Loaded shared library C:\Users\haria\.vscode\extensions\redhat.java-1.54.0-win32-x64\jre\21.0.10-win32-x86_64\bin\sunmscapi.dll
Event: 63.842 Loaded shared library C:\Users\haria\.vscode\extensions\redhat.java-1.54.0-win32-x64\jre\21.0.10-win32-x86_64\bin\extnet.dll

Deoptimization events (20 events):
Event: 64.240 Thread 0x000001e51309bf50 Uncommon trap: trap_request=0xffffffde fr.pc=0x000001e4be0bf0f0 relative=0x0000000000002490
Event: 64.240 Thread 0x000001e51309bf50 Uncommon trap: reason=class_check action=maybe_recompile pc=0x000001e4be0bf0f0 method=com.google.gson.stream.JsonWriter.string(Ljava/lang/String;)V @ 119 c2
Event: 64.240 Thread 0x000001e51309bf50 DEOPT PACKING pc=0x000001e4be0bf0f0 sp=0x00000012baffe070
Event: 64.240 Thread 0x000001e51309bf50 DEOPT UNPACKING pc=0x000001e4bd446da2 sp=0x00000012baffe078 mode 2
Event: 64.240 Thread 0x000001e51309bf50 Uncommon trap: trap_request=0xffffffde fr.pc=0x000001e4be0bf0f0 relative=0x0000000000002490
Event: 64.240 Thread 0x000001e51309bf50 Uncommon trap: reason=class_check action=maybe_recompile pc=0x000001e4be0bf0f0 method=com.google.gson.stream.JsonWriter.string(Ljava/lang/String;)V @ 119 c2
Event: 64.240 Thread 0x000001e51309bf50 DEOPT PACKING pc=0x000001e4be0bf0f0 sp=0x00000012baffdff0
Event: 64.240 Thread 0x000001e51309bf50 DEOPT UNPACKING pc=0x000001e4bd446da2 sp=0x00000012baffdff8 mode 2
Event: 64.240 Thread 0x000001e51309bf50 Uncommon trap: trap_request=0xffffffde fr.pc=0x000001e4be0bf0f0 relative=0x0000000000002490
Event: 64.240 Thread 0x000001e51309bf50 Uncommon trap: reason=class_check action=maybe_recompile pc=0x000001e4be0bf0f0 method=com.google.gson.stream.JsonWriter.string(Ljava/lang/String;)V @ 119 c2
Event: 64.240 Thread 0x000001e51309bf50 DEOPT PACKING pc=0x000001e4be0bf0f0 sp=0x00000012baffdff0
Event: 64.240 Thread 0x000001e51309bf50 DEOPT UNPACKING pc=0x000001e4bd446da2 sp=0x00000012baffdff8 mode 2
Event: 65.073 Thread 0x000001e513097090 DEOPT PACKING pc=0x000001e4b604291c sp=0x00000012badff5e0
Event: 65.073 Thread 0x000001e513097090 DEOPT UNPACKING pc=0x000001e4bd4478e2 sp=0x00000012badfeaa0 mode 0
Event: 65.693 Thread 0x000001e510b13f00 DEOPT PACKING pc=0x000001e4b604291c sp=0x00000012ba3fef50
Event: 65.693 Thread 0x000001e510b13f00 DEOPT UNPACKING pc=0x000001e4bd4478e2 sp=0x00000012ba3fe410 mode 0
Event: 93.353 Thread 0x000001e51018b630 DEOPT PACKING pc=0x000001e4b604291c sp=0x00000012b91ff4e0
Event: 93.353 Thread 0x000001e51018b630 DEOPT UNPACKING pc=0x000001e4bd4478e2 sp=0x00000012b91fe9a0 mode 0
Event: 124.071 Thread 0x000001e513095ce0 DEOPT PACKING pc=0x000001e4b604291c sp=0x00000012baeff190
Event: 124.071 Thread 0x000001e513095ce0 DEOPT UNPACKING pc=0x000001e4bd4478e2 sp=0x00000012baefe650 mode 0

Classes loaded (20 events):
Event: 64.238 Loading class java/util/TaskQueue
Event: 64.238 Loading class java/util/TaskQueue done
Event: 64.238 Loading class java/util/TimerThread
Event: 64.238 Loading class java/util/TimerThread done
Event: 64.239 Loading class java/util/Timer$ThreadReaper
Event: 64.239 Loading class java/util/Timer$ThreadReaper done
Event: 64.241 Loading class java/util/concurrent/CompletableFuture$UniWhenComplete
Event: 64.241 Loading class java/util/concurrent/CompletableFuture$UniWhenComplete done
Event: 64.242 Loading class java/util/concurrent/CompletableFuture$UniCompose
Event: 64.242 Loading class java/util/concurrent/CompletableFuture$UniCompose done
Event: 64.242 Loading class java/util/concurrent/CompletableFuture$UniRelay
Event: 64.242 Loading class java/util/concurrent/CompletableFuture$UniRelay done
Event: 65.073 Loading class java/util/concurrent/ScheduledThreadPoolExecutor$DelayedWorkQueue$Itr
Event: 65.074 Loading class java/util/concurrent/ScheduledThreadPoolExecutor$DelayedWorkQueue$Itr done
Event: 74.292 Loading class java/lang/ProcessHandleImpl$ExitCompletion
Event: 74.292 Loading class java/lang/ProcessHandleImpl$ExitCompletion done
Event: 74.292 Loading class java/lang/ProcessHandleImpl$1
Event: 74.292 Loading class java/lang/ProcessHandleImpl$1 done
Event: 74.293 Loading class java/util/concurrent/CompletableFuture$UniHandle
Event: 74.293 Loading class java/util/concurrent/CompletableFuture$UniHandle done

Classes unloaded (7 events):
Event: 34.398 Thread 0x000001e4b2bcfe70 Unloading class 0x000001e4cb1a9400 'java/lang/invoke/LambdaForm$MH+0x000001e4cb1a9400'
Event: 34.398 Thread 0x000001e4b2bcfe70 Unloading class 0x000001e4cb1a9000 'java/lang/invoke/LambdaForm$MH+0x000001e4cb1a9000'
Event: 34.398 Thread 0x000001e4b2bcfe70 Unloading class 0x000001e4cb1a8c00 'java/lang/invoke/LambdaForm$MH+0x000001e4cb1a8c00'
Event: 34.398 Thread 0x000001e4b2bcfe70 Unloading class 0x000001e4cb1a8800 'java/lang/invoke/LambdaForm$MH+0x000001e4cb1a8800'
Event: 34.398 Thread 0x000001e4b2bcfe70 Unloading class 0x000001e4cb1a8400 'java/lang/invoke/LambdaForm$BMH+0x000001e4cb1a8400'
Event: 34.398 Thread 0x000001e4b2bcfe70 Unloading class 0x000001e4cb1a8000 'java/lang/invoke/LambdaForm$DMH+0x000001e4cb1a8000'
Event: 34.398 Thread 0x000001e4b2bcfe70 Unloading class 0x000001e4cb1a6c00 'java/lang/invoke/LambdaForm$DMH+0x000001e4cb1a6c00'

Classes redefined (0 events):
No events

Internal exceptions (20 events):
Event: 61.379 Thread 0x000001e510b16660 Exception <a 'java/lang/NoSuchMethodError'{0x00000000d5a45af0}: 'int java.lang.invoke.DirectMethodHandle$Holder.invokeSpecialIFC(java.lang.Object, java.lang.Object, java.lang.Object)'> (0x00000000d5a45af0) 
thrown [s\src\hotspot\share\interpreter\linkResolver.cpp, line 773]
Event: 61.416 Thread 0x000001e510b17a10 Exception <a 'java/lang/LinkageError'{0x00000000d56251d0}: loader lombok.launch.ShadowClassLoader @5a62a0ab attempted duplicate class definition for lombok.launch.PatchFixesHider$Delegate. (lombok.launch.PatchFixesHider$Delegate is in unnamed module of loader lombok.launch.ShadowClassLoader @5a62a0ab, parent loader org.eclipse.osgi.internal.loader.EquinoxClassLoader @31fa869b)> (0x00000000d56251d0) 
thrown [s\src\hotspot\share\classfile\systemDictionary.cpp, line 1672]
Event: 61.618 Thread 0x000001e510b16660 Exception <a 'java/lang/NoSuchMethodError'{0x00000000d564fb00}: 'void java.lang.invoke.DirectMethodHandle$Holder.invokeStatic(java.lang.Object, int, java.lang.Object)'> (0x00000000d564fb00) 
thrown [s\src\hotspot\share\interpreter\linkResolver.cpp, line 773]
Event: 63.338 Thread 0x000001e510b131e0 Exception <a 'java/lang/NoSuchMethodError'{0x00000000d56d3f90}: 'java.lang.Object java.lang.invoke.DirectMethodHandle$Holder.newInvokeSpecial(java.lang.Object, java.lang.Object, int)'> (0x00000000d56d3f90) 
thrown [s\src\hotspot\share\interpreter\linkResolver.cpp, line 773]
Event: 63.406 Thread 0x000001e510b131e0 Exception <a 'sun/nio/fs/WindowsException'{0x00000000d5957390}> (0x00000000d5957390) 
thrown [s\src\hotspot\share\prims\jni.cpp, line 520]
Event: 63.406 Thread 0x000001e510b131e0 Exception <a 'sun/nio/fs/WindowsException'{0x00000000d5957c70}> (0x00000000d5957c70) 
thrown [s\src\hotspot\share\prims\jni.cpp, line 520]
Event: 63.410 Thread 0x000001e510b131e0 Exception <a 'sun/nio/fs/WindowsException'{0x00000000d59589b8}> (0x00000000d59589b8) 
thrown [s\src\hotspot\share\prims\jni.cpp, line 520]
Event: 63.410 Thread 0x000001e510b131e0 Exception <a 'sun/nio/fs/WindowsException'{0x00000000d5959298}> (0x00000000d5959298) 
thrown [s\src\hotspot\share\prims\jni.cpp, line 520]
Event: 63.411 Thread 0x000001e510b131e0 Exception <a 'sun/nio/fs/WindowsException'{0x00000000d595aa70}> (0x00000000d595aa70) 
thrown [s\src\hotspot\share\prims\jni.cpp, line 520]
Event: 63.411 Thread 0x000001e510b131e0 Exception <a 'sun/nio/fs/WindowsException'{0x00000000d595b0a0}> (0x00000000d595b0a0) 
thrown [s\src\hotspot\share\prims\jni.cpp, line 520]
Event: 63.416 Thread 0x000001e510b131e0 Exception <a 'sun/nio/fs/WindowsException'{0x00000000d597ace8}> (0x00000000d597ace8) 
thrown [s\src\hotspot\share\prims\jni.cpp, line 520]
Event: 63.416 Thread 0x000001e510b131e0 Exception <a 'sun/nio/fs/WindowsException'{0x00000000d597b5c8}> (0x00000000d597b5c8) 
thrown [s\src\hotspot\share\prims\jni.cpp, line 520]
Event: 63.953 Thread 0x000001e513099160 Exception <a 'java/io/FileNotFoundException'{0x00000000d57767b8}> (0x00000000d57767b8) 
thrown [s\src\hotspot\share\prims\jni.cpp, line 520]
Event: 64.150 Thread 0x000001e513099160 Exception <a 'java/lang/NoSuchMethodError'{0x00000000d565ae10}: 'java.lang.Object java.lang.invoke.DirectMethodHandle$Holder.invokeVirtual(java.lang.Object, java.lang.Object, java.lang.Object, java.lang.Object)'> (0x00000000d565ae10) 
thrown [s\src\hotspot\share\interpreter\linkResolver.cpp, line 773]
Event: 64.200 Thread 0x000001e51309bf50 Exception <a 'java/lang/NoSuchMethodError'{0x00000000d5673c30}: 'java.lang.Object java.lang.invoke.DirectMethodHandle$Holder.invokeStatic(java.lang.Object, long, java.lang.Object, java.lang.Object)'> (0x00000000d5673c30) 
thrown [s\src\hotspot\share\interpreter\linkResolver.cpp, line 773]
Event: 64.221 Thread 0x000001e51309bf50 Exception <a 'sun/nio/fs/WindowsException'{0x00000000d572ebd8}> (0x00000000d572ebd8) 
thrown [s\src\hotspot\share\prims\jni.cpp, line 520]
Event: 64.222 Thread 0x000001e51309bf50 Exception <a 'sun/nio/fs/WindowsException'{0x00000000d572fbd8}> (0x00000000d572fbd8) 
thrown [s\src\hotspot\share\prims\jni.cpp, line 520]
Event: 69.558 Thread 0x000001e513097db0 Exception <a 'java/lang/NoSuchMethodError'{0x00000000d5636098}: 'long java.lang.invoke.DelegatingMethodHandle$Holder.reinvoke_L(java.lang.Object, java.lang.Object)'> (0x00000000d5636098) 
thrown [s\src\hotspot\share\interpreter\linkResolver.cpp, line 773]
Event: 69.559 Thread 0x000001e513097db0 Exception <a 'java/lang/NoSuchMethodError'{0x00000000d5640218}: 'void java.lang.invoke.DelegatingMethodHandle$Holder.reinvoke_L(java.lang.Object, java.lang.Object, long)'> (0x00000000d5640218) 
thrown [s\src\hotspot\share\interpreter\linkResolver.cpp, line 773]
Event: 74.294 Thread 0x000001e513097db0 Exception <a 'java/lang/NoSuchMethodError'{0x00000000d55fe8c0}: 'long java.lang.invoke.Invokers$Holder.invokeExact_MT(java.lang.Object, java.lang.Object, java.lang.Object)'> (0x00000000d55fe8c0) 
thrown [s\src\hotspot\share\interpreter\linkResolver.cpp, line 773]

ZGC Phase Switch (0 events):
No events

VM Operations (20 events):
Event: 360.928 Executing non-safepoint VM operation: RendezvousGCThreads
Event: 360.928 Executing non-safepoint VM operation: RendezvousGCThreads done
Event: 421.147 Executing non-safepoint VM operation: HandshakeAllThreads (HandshakeForDeflation)
Event: 421.147 Executing non-safepoint VM operation: HandshakeAllThreads (HandshakeForDeflation) done
Event: 421.147 Executing non-safepoint VM operation: RendezvousGCThreads
Event: 421.147 Executing non-safepoint VM operation: RendezvousGCThreads done
Event: 541.410 Executing non-safepoint VM operation: HandshakeAllThreads (HandshakeForDeflation)
Event: 541.410 Executing non-safepoint VM operation: HandshakeAllThreads (HandshakeForDeflation) done
Event: 541.410 Executing non-safepoint VM operation: RendezvousGCThreads
Event: 541.410 Executing non-safepoint VM operation: RendezvousGCThreads done
Event: 601.651 Executing non-safepoint VM operation: HandshakeAllThreads (HandshakeForDeflation)
Event: 601.651 Executing non-safepoint VM operation: HandshakeAllThreads (HandshakeForDeflation) done
Event: 601.651 Executing non-safepoint VM operation: RendezvousGCThreads
Event: 601.651 Executing non-safepoint VM operation: RendezvousGCThreads done
Event: 721.813 Executing non-safepoint VM operation: HandshakeAllThreads (HandshakeForDeflation)
Event: 721.814 Executing non-safepoint VM operation: HandshakeAllThreads (HandshakeForDeflation) done
Event: 721.814 Executing non-safepoint VM operation: RendezvousGCThreads
Event: 721.814 Executing non-safepoint VM operation: RendezvousGCThreads done
Event: 745.053 Executing safepoint VM operation: Cleanup
Event: 745.053 Executing safepoint VM operation: Cleanup done

Memory protections (0 events):
No events

Nmethod flushes (20 events):
Event: 53.583 Thread 0x000001e4b2bcfe70 flushing osr nmethod 0x000001e4b678a510
Event: 53.583 Thread 0x000001e4b2bcfe70 flushing  nmethod 0x000001e4b67b2810
Event: 53.583 Thread 0x000001e4b2bcfe70 flushing  nmethod 0x000001e4b67bcb90
Event: 53.583 Thread 0x000001e4b2bcfe70 flushing  nmethod 0x000001e4b67d2690
Event: 53.583 Thread 0x000001e4b2bcfe70 flushing  nmethod 0x000001e4b67d8010
Event: 53.583 Thread 0x000001e4b2bcfe70 flushing  nmethod 0x000001e4b67d8f10
Event: 53.583 Thread 0x000001e4b2bcfe70 flushing  nmethod 0x000001e4b67da110
Event: 53.583 Thread 0x000001e4b2bcfe70 flushing  nmethod 0x000001e4b67e1910
Event: 53.583 Thread 0x000001e4b2bcfe70 flushing  nmethod 0x000001e4b67f2c10
Event: 53.583 Thread 0x000001e4b2bcfe70 flushing  nmethod 0x000001e4b67f3210
Event: 53.583 Thread 0x000001e4b2bcfe70 flushing  nmethod 0x000001e4b67f4790
Event: 53.583 Thread 0x000001e4b2bcfe70 flushing  nmethod 0x000001e4b67f7990
Event: 53.583 Thread 0x000001e4b2bcfe70 flushing  nmethod 0x000001e4b6810490
Event: 53.583 Thread 0x000001e4b2bcfe70 flushing  nmethod 0x000001e4b6825610
Event: 53.583 Thread 0x000001e4b2bcfe70 flushing  nmethod 0x000001e4b6839510
Event: 53.583 Thread 0x000001e4b2bcfe70 flushing  nmethod 0x000001e4b6883a10
Event: 53.583 Thread 0x000001e4b2bcfe70 flushing  nmethod 0x000001e4b6896a10
Event: 53.583 Thread 0x000001e4b2bcfe70 flushing  nmethod 0x000001e4b689fe90
Event: 53.583 Thread 0x000001e4b2bcfe70 flushing  nmethod 0x000001e4b68a8490
Event: 53.583 Thread 0x000001e4b2bcfe70 flushing  nmethod 0x000001e4b68aca90

Events (20 events):
Event: 62.299 Thread 0x000001e510b131e0 Thread added: 0x000001e513094fc0
Event: 63.181 Thread 0x000001e5125c5ee0 Thread exited: 0x000001e5125c5ee0
Event: 63.214 Thread 0x000001e4b2be9730 Thread added: 0x000001e5125c6c80
Event: 63.846 Thread 0x000001e510b131e0 Thread added: 0x000001e513096370
Event: 63.850 Thread 0x000001e513096370 Thread added: 0x000001e513099160
Event: 64.064 Thread 0x000001e513099160 Thread added: 0x000001e513097090
Event: 64.068 Thread 0x000001e513099160 Thread added: 0x000001e513095ce0
Event: 64.196 Thread 0x000001e513099160 Thread added: 0x000001e51309bf50
Event: 64.239 Thread 0x000001e51309bf50 Thread added: 0x000001e513097720
Event: 68.071 Thread 0x000001e5125c6c80 Thread exited: 0x000001e5125c6c80
Event: 69.556 Thread 0x000001e513099160 Thread added: 0x000001e513097db0
Event: 69.557 Thread 0x000001e513097720 Thread exited: 0x000001e513097720
Event: 74.293 Thread 0x000001e513097db0 Thread added: 0x000001e51309a510
Event: 74.295 Thread 0x000001e513097db0 Thread exited: 0x000001e513097db0
Event: 121.844 Thread 0x000001e510188ed0 Thread exited: 0x000001e510188ed0
Event: 121.844 Thread 0x000001e510b14590 Thread exited: 0x000001e510b14590
Event: 123.850 Thread 0x000001e510b131e0 Thread exited: 0x000001e510b131e0
Event: 182.158 Thread 0x000001e510b17a10 Thread exited: 0x000001e510b17a10
Event: 183.851 Thread 0x000001e510b16660 Thread exited: 0x000001e510b16660
Event: 243.857 Thread 0x000001e510b16cf0 Thread exited: 0x000001e510b16cf0


Dynamic libraries:
0x00007ff6976f0000 - 0x00007ff6976fe000 	c:\Users\haria\.vscode\extensions\redhat.java-1.54.0-win32-x64\jre\21.0.10-win32-x86_64\bin\java.exe
0x00007ffde75b0000 - 0x00007ffde77c7000 	C:\Windows\SYSTEM32\ntdll.dll
0x00007ffde6860000 - 0x00007ffde6924000 	C:\Windows\System32\KERNEL32.DLL
0x00007ffde4a40000 - 0x00007ffde4e13000 	C:\Windows\System32\KERNELBASE.dll
0x00007ffde5120000 - 0x00007ffde5231000 	C:\Windows\System32\ucrtbase.dll
0x00007ffdb4d30000 - 0x00007ffdb4d48000 	c:\Users\haria\.vscode\extensions\redhat.java-1.54.0-win32-x64\jre\21.0.10-win32-x86_64\bin\jli.dll
0x00007ffde6300000 - 0x00007ffde64b1000 	C:\Windows\System32\USER32.dll
0x00007ffde4ec0000 - 0x00007ffde4ee6000 	C:\Windows\System32\win32u.dll
0x00007ffde6f90000 - 0x00007ffde6fb9000 	C:\Windows\System32\GDI32.dll
0x00007ffde4910000 - 0x00007ffde4a32000 	C:\Windows\System32\gdi32full.dll
0x00007ffde4e20000 - 0x00007ffde4eba000 	C:\Windows\System32\msvcp_win.dll
0x00007ffdb4d50000 - 0x00007ffdb4d6e000 	c:\Users\haria\.vscode\extensions\redhat.java-1.54.0-win32-x64\jre\21.0.10-win32-x86_64\bin\VCRUNTIME140.dll
0x00007ffdccad0000 - 0x00007ffdccd6b000 	C:\Windows\WinSxS\amd64_microsoft.windows.common-controls_6595b64144ccf1df_6.0.22621.5262_none_2712bde373830908\COMCTL32.dll
0x00007ffde70e0000 - 0x00007ffde7187000 	C:\Windows\System32\msvcrt.dll
0x00007ffde62c0000 - 0x00007ffde62f1000 	C:\Windows\System32\IMM32.DLL
0x00000000659b0000 - 0x00000000659bc000 	C:\Program Files (x86)\360\Total Security\safemon\SafeWrapper.dll
0x00007ffde72f0000 - 0x00007ffde73a1000 	C:\Windows\System32\ADVAPI32.dll
0x00007ffde74c0000 - 0x00007ffde7567000 	C:\Windows\System32\sechost.dll
0x00007ffde50f0000 - 0x00007ffde5118000 	C:\Windows\System32\bcrypt.dll
0x00007ffde6fc0000 - 0x00007ffde70d4000 	C:\Windows\System32\RPCRT4.dll
0x00007ffd86380000 - 0x00007ffd8642c000 	C:\Program Files (x86)\360\Total Security\safemon\libzdtp64.dll
0x00007ffde5850000 - 0x00007ffde60ed000 	C:\Windows\System32\SHELL32.dll
0x00007ffde4ef0000 - 0x00007ffde502f000 	C:\Windows\System32\wintypes.dll
0x00007ffde64c0000 - 0x00007ffde6853000 	C:\Windows\System32\combase.dll
0x00007ffde5510000 - 0x00007ffde5576000 	C:\Windows\System32\SHLWAPI.dll
0x00007ffde40a0000 - 0x00007ffde40aa000 	C:\Windows\SYSTEM32\VERSION.dll
0x00007ffdc62e0000 - 0x00007ffdc62ec000 	c:\Users\haria\.vscode\extensions\redhat.java-1.54.0-win32-x64\jre\21.0.10-win32-x86_64\bin\vcruntime140_1.dll
0x00007ffd861d0000 - 0x00007ffd8625d000 	c:\Users\haria\.vscode\extensions\redhat.java-1.54.0-win32-x64\jre\21.0.10-win32-x86_64\bin\msvcp140.dll
0x00007ffd85330000 - 0x00007ffd860d1000 	c:\Users\haria\.vscode\extensions\redhat.java-1.54.0-win32-x64\jre\21.0.10-win32-x86_64\bin\server\jvm.dll
0x00007ffde69e0000 - 0x00007ffde6a51000 	C:\Windows\System32\WS2_32.dll
0x00007ffde4370000 - 0x00007ffde43bd000 	C:\Windows\SYSTEM32\POWRPROF.dll
0x00007ffddb480000 - 0x00007ffddb4b4000 	C:\Windows\SYSTEM32\WINMM.dll
0x00007ffde4350000 - 0x00007ffde4363000 	C:\Windows\SYSTEM32\UMPDC.dll
0x00007ffde3670000 - 0x00007ffde3688000 	C:\Windows\SYSTEM32\kernel.appcore.dll
0x00007ffdc5b00000 - 0x00007ffdc5b0a000 	c:\Users\haria\.vscode\extensions\redhat.java-1.54.0-win32-x64\jre\21.0.10-win32-x86_64\bin\jimage.dll
0x00007ffde1f80000 - 0x00007ffde21b2000 	C:\Windows\SYSTEM32\DBGHELP.DLL
0x00007ffde5310000 - 0x00007ffde53e7000 	C:\Windows\System32\OLEAUT32.dll
0x00007ffdca8a0000 - 0x00007ffdca8d2000 	C:\Windows\SYSTEM32\dbgcore.DLL
0x00007ffde4890000 - 0x00007ffde490b000 	C:\Windows\System32\bcryptPrimitives.dll
0x00007ffdbd820000 - 0x00007ffdbd82f000 	c:\Users\haria\.vscode\extensions\redhat.java-1.54.0-win32-x64\jre\21.0.10-win32-x86_64\bin\instrument.dll
0x00007ffda9210000 - 0x00007ffda9230000 	c:\Users\haria\.vscode\extensions\redhat.java-1.54.0-win32-x64\jre\21.0.10-win32-x86_64\bin\java.dll
0x00007ffde2570000 - 0x00007ffde2e8d000 	C:\Windows\SYSTEM32\windows.storage.dll
0x00007ffde73b0000 - 0x00007ffde74bb000 	C:\Windows\System32\SHCORE.dll
0x00007ffde45d0000 - 0x00007ffde45fb000 	C:\Windows\SYSTEM32\profapi.dll
0x00007ffda85c0000 - 0x00007ffda85d8000 	c:\Users\haria\.vscode\extensions\redhat.java-1.54.0-win32-x64\jre\21.0.10-win32-x86_64\bin\zip.dll
0x00007ffda85b0000 - 0x00007ffda85c0000 	C:\Users\haria\.vscode\extensions\redhat.java-1.54.0-win32-x64\jre\21.0.10-win32-x86_64\bin\net.dll
0x00007ffde0e50000 - 0x00007ffde0f7c000 	C:\Windows\SYSTEM32\WINHTTP.dll
0x00007ffde3af0000 - 0x00007ffde3b5a000 	C:\Windows\system32\mswsock.dll
0x00007ffda8590000 - 0x00007ffda85a6000 	C:\Users\haria\.vscode\extensions\redhat.java-1.54.0-win32-x64\jre\21.0.10-win32-x86_64\bin\nio.dll
0x00007ffda8580000 - 0x00007ffda8590000 	c:\Users\haria\.vscode\extensions\redhat.java-1.54.0-win32-x64\jre\21.0.10-win32-x86_64\bin\verify.dll
0x00007ffdb4cc0000 - 0x00007ffdb4d05000 	C:\Users\haria\AppData\Roaming\Code\User\globalStorage\redhat.java\1.54.0\config_win\org.eclipse.equinox.launcher\org.eclipse.equinox.launcher.win32.win32.x86_64_1.3.0.v20260203-2149\eclipse_11919.dll
0x00007ffde5690000 - 0x00007ffde5831000 	C:\Windows\System32\ole32.dll
0x00007ffde3d50000 - 0x00007ffde3d6b000 	C:\Windows\SYSTEM32\CRYPTSP.dll
0x00007ffde35d0000 - 0x00007ffde3607000 	C:\Windows\system32\rsaenh.dll
0x00007ffde3be0000 - 0x00007ffde3c08000 	C:\Windows\SYSTEM32\USERENV.dll
0x00007ffde3d40000 - 0x00007ffde3d4c000 	C:\Windows\SYSTEM32\CRYPTBASE.dll
0x00007ffde3130000 - 0x00007ffde315d000 	C:\Windows\SYSTEM32\IPHLPAPI.DLL
0x00007ffde53f0000 - 0x00007ffde53f9000 	C:\Windows\System32\NSI.dll
0x00007ffdce110000 - 0x00007ffdce159000 	C:\Users\haria\AppData\Local\Temp\jna-99048817\jna9390587407084807782.dll
0x00007ffde5840000 - 0x00007ffde5848000 	C:\Windows\System32\PSAPI.DLL
0x00007ffddbb20000 - 0x00007ffddbb39000 	C:\Windows\SYSTEM32\dhcpcsvc6.DLL
0x00007ffddbb00000 - 0x00007ffddbb1f000 	C:\Windows\SYSTEM32\dhcpcsvc.DLL
0x00007ffde0e40000 - 0x00007ffde0e4e000 	C:\Users\haria\.vscode\extensions\redhat.java-1.54.0-win32-x64\jre\21.0.10-win32-x86_64\bin\sunmscapi.dll
0x00007ffde46a0000 - 0x00007ffde4807000 	C:\Windows\System32\CRYPT32.dll
0x00007ffde3f70000 - 0x00007ffde3f9d000 	C:\Windows\SYSTEM32\ncrypt.dll
0x00007ffde3f30000 - 0x00007ffde3f67000 	C:\Windows\SYSTEM32\NTASN1.dll
0x00007ffde0e30000 - 0x00007ffde0e39000 	C:\Users\haria\.vscode\extensions\redhat.java-1.54.0-win32-x64\jre\21.0.10-win32-x86_64\bin\extnet.dll

JVMTI agents:
c:\Users\haria\.vscode\extensions\redhat.java-1.54.0-win32-x64\lombok\lombok-1.18.39-4050.jar path:c:\Users\haria\.vscode\extensions\redhat.java-1.54.0-win32-x64\jre\21.0.10-win32-x86_64\bin\instrument.dll, loaded, initialized, instrumentlib options:none

dbghelp: loaded successfully - version: 4.0.5 - missing functions: none
symbol engine: initialized successfully - sym options: 0x614 - pdb path: .;c:\Users\haria\.vscode\extensions\redhat.java-1.54.0-win32-x64\jre\21.0.10-win32-x86_64\bin;C:\Windows\SYSTEM32;C:\Windows\WinSxS\amd64_microsoft.windows.common-controls_6595b64144ccf1df_6.0.22621.5262_none_2712bde373830908;C:\Program Files (x86)\360\Total Security\safemon;c:\Users\haria\.vscode\extensions\redhat.java-1.54.0-win32-x64\jre\21.0.10-win32-x86_64\bin\server;C:\Users\haria\AppData\Roaming\Code\User\globalStorage\redhat.java\1.54.0\config_win\org.eclipse.equinox.launcher\org.eclipse.equinox.launcher.win32.win32.x86_64_1.3.0.v20260203-2149;C:\Users\haria\AppData\Local\Temp\jna-99048817

VM Arguments:
jvm_args: --add-modules=ALL-SYSTEM --add-opens=java.base/java.util=ALL-UNNAMED --add-opens=java.base/java.lang=ALL-UNNAMED --add-opens=java.base/sun.nio.fs=ALL-UNNAMED -Declipse.application=org.eclipse.jdt.ls.core.id1 -Dosgi.bundles.defaultStartLevel=4 -Declipse.product=org.eclipse.jdt.ls.core.product -Djava.import.generatesMetadataFilesAtProjectRoot=false -DDetectVMInstallationsJob.disabled=true -Dfile.encoding=utf8 -XX:+UseParallelGC -XX:GCTimeRatio=4 -XX:AdaptiveSizePolicyWeight=90 -Dsun.zip.disableMemoryMapping=true -Xmx2G -Xms100m -Xlog:disable -javaagent:c:\Users\haria\.vscode\extensions\redhat.java-1.54.0-win32-x64\lombok\lombok-1.18.39-4050.jar -XX:+HeapDumpOnOutOfMemoryError -XX:HeapDumpPath=c:\Users\haria\AppData\Roaming\Code\User\workspaceStorage\b368a157e7aa87000e8219b57c792138\redhat.java -Daether.dependencyCollector.impl=bf 
java_command: c:\Users\haria\.vscode\extensions\redhat.java-1.54.0-win32-x64\server\plugins\org.eclipse.equinox.launcher_1.7.100.v20251111-0406.jar -configuration c:\Users\haria\AppData\Roaming\Code\User\globalStorage\redhat.java\1.54.0\config_win -data c:\Users\haria\AppData\Roaming\Code\User\workspaceStorage\b368a157e7aa87000e8219b57c792138\redhat.java\jdt_ws --pipe=\\.\pipe\lsp-4ab8cc5d129918798547ad82bcdf757e-sock
java_class_path (initial): c:\Users\haria\.vscode\extensions\redhat.java-1.54.0-win32-x64\server\plugins\org.eclipse.equinox.launcher_1.7.100.v20251111-0406.jar
Launcher Type: SUN_STANDARD

[Global flags]
    uintx AdaptiveSizePolicyWeight                 = 90                                        {product} {command line}
     intx CICompilerCount                          = 3                                         {product} {ergonomic}
    uintx GCTimeRatio                              = 4                                         {product} {command line}
     bool HeapDumpOnOutOfMemoryError               = true                                   {manageable} {command line}
    ccstr HeapDumpPath                             = c:\Users\haria\AppData\Roaming\Code\User\workspaceStorage\b368a157e7aa87000e8219b57c792138\redhat.java         {manageable} {command line}
   size_t InitialHeapSize                          = 104857600                                 {product} {command line}
   size_t MaxHeapSize                              = 2147483648                                {product} {command line}
   size_t MaxNewSize                               = 715653120                                 {product} {ergonomic}
   size_t MinHeapDeltaBytes                        = 524288                                    {product} {ergonomic}
   size_t MinHeapSize                              = 104857600                                 {product} {command line}
   size_t NewSize                                  = 34603008                                  {product} {ergonomic}
    uintx NonNMethodCodeHeapSize                   = 5832780                                {pd product} {ergonomic}
    uintx NonProfiledCodeHeapSize                  = 122912730                              {pd product} {ergonomic}
   size_t OldSize                                  = 70254592                                  {product} {ergonomic}
    uintx ProfiledCodeHeapSize                     = 122912730                              {pd product} {ergonomic}
    uintx ReservedCodeCacheSize                    = 251658240                              {pd product} {ergonomic}
     bool SegmentedCodeCache                       = true                                      {product} {ergonomic}
   size_t SoftMaxHeapSize                          = 2147483648                             {manageable} {ergonomic}
     bool UseCompressedOops                        = true                           {product lp64_product} {ergonomic}
     bool UseLargePagesIndividualAllocation        = false                                  {pd product} {ergonomic}
     bool UseParallelGC                            = true                                      {product} {command line}

Logging:
Log output configuration:
 #0: stdout all=off uptime,level,tags foldmultilines=false
 #1: stderr all=off uptime,level,tags foldmultilines=false

Release file:
JAVA_VERSION="21.0.10" 
MODULES="java.base java.compiler java.datatransfer java.xml java.prefs java.desktop java.instrument java.logging java.management java.security.sasl java.naming java.rmi java.management.rmi java.net.http java.scripting java.security.jgss java.transaction.xa java.sql java.sql.rowset java.xml.crypto java.se java.smartcardio jdk.accessibility jdk.internal.jvmstat jdk.attach jdk.charsets jdk.internal.opt jdk.zipfs jdk.compiler jdk.crypto.ec jdk.crypto.cryptoki jdk.crypto.mscapi jdk.dynalink jdk.internal.ed jdk.editpad jdk.hotspot.agent jdk.httpserver jdk.internal.le jdk.internal.vm.ci jdk.internal.vm.compiler jdk.internal.vm.compiler.management jdk.jartool jdk.javadoc jdk.jcmd jdk.management jdk.management.agent jdk.jconsole jdk.jdeps jdk.jdwp.agent jdk.jdi jdk.jfr jdk.jshell jdk.jsobject jdk.jstatd jdk.localedata jdk.management.jfr jdk.naming.dns jdk.naming.rmi jdk.net jdk.nio.mapmode jdk.random jdk.sctp jdk.security.auth jdk.security.jgss jdk.unsupported jdk.unsupported.desktop jdk.xml.dom" 

Environment Variables:
JAVA_HOME=C:\Program Files\Java\jdk-17
PATH=C:\Program Files (x86)\Common Files\Intel\Shared Libraries\redist\intel64\compiler;C:\Program Files\Java\jdk-23\bin;C:\Program Files\Java\jdk-17\bin;C:\Windows\system32;C:\Windows;C:\Windows\System32\Wbem;C:\Windows\System32\WindowsPowerShell\v1.0\;C:\Windows\System32\OpenSSH\;C:\Program Files\Java\jdk-17\bin;C:\Program Files\Common Files\Oracle\Java\javapath;C:\Program Files\Java\jdk-20;C:\Program Files\MySQL\MySQL Server 8.0\bin;C:\Program Files\dotnet\;C:\Program Files\MySQL\MySQL Server 8.0\bin;C:\Program Files\nodejs\;C:\Program Files\apache-maven-3.9.11\bin;C:\Program Files\apache-maven-3.9.11\bin;C:\Program Files\Java\jdk-17\bin;C:\Program Files\Git\cmd;C:\Program Files\MySQL\MySQL Shell 8.0\bin\;C:\Users\haria\AppData\Local\Programs\Python\Launcher\;C:\Users\haria\AppData\Local\Microsoft\WindowsApps;C:\Users\haria\AppData\Local\Programs\Microsoft VS Code\bin;C:\Users\haria\AppData\Roaming\npm;C:\Program Files\Apache\Maven\apache-maven-3.9.9;
USERNAME=haria
OS=Windows_NT
PROCESSOR_IDENTIFIER=Intel64 Family 6 Model 140 Stepping 1, GenuineIntel
TMP=C:\Users\haria\AppData\Local\Temp
TEMP=C:\Users\haria\AppData\Local\Temp




Periodic native trim disabled

---------------  S Y S T E M  ---------------

OS:
 Windows 11 , 64 bit Build 22621 (10.0.22621.5262)
OS uptime: 0 days 0:16 hours

CPU: total 4 (initial active 4) (2 cores per cpu, 2 threads per core) family 6 model 140 stepping 1 microcode 0xa4, cx8, cmov, fxsr, ht, mmx, 3dnowpref, sse, sse2, sse3, ssse3, sse4.1, sse4.2, popcnt, lzcnt, tsc, tscinvbit, avx, avx2, aes, erms, clmul, bmi1, bmi2, adx, avx512f, avx512dq, avx512cd, avx512bw, avx512vl, sha, fma, vzeroupper, avx512_vpopcntdq, avx512_vpclmulqdq, avx512_vaes, avx512_vnni, clflush, clflushopt, clwb, avx512_vbmi2, avx512_vbmi, rdtscp, rdpid, fsrm, gfni, avx512_bitalg, f16c, pku, cet_ibt, cet_ss, avx512_ifma
Processor Information for processor 0
  Max Mhz: 2995, Current Mhz: 2995, Mhz Limit: 2995
Processor Information for processor 1
  Max Mhz: 2995, Current Mhz: 2995, Mhz Limit: 2995
Processor Information for processor 2
  Max Mhz: 2995, Current Mhz: 2995, Mhz Limit: 2995
Processor Information for processor 3
  Max Mhz: 2995, Current Mhz: 998, Mhz Limit: 2995

Memory: 4k page, system-wide physical 7886M (190M free)
TotalPageFile size 10886M (AvailPageFile size 0M)
current process WorkingSet (physical memory assigned to process): 361M, peak: 400M
current process commit charge ("private bytes"): 424M, peak: 459M

vm_info: OpenJDK 64-Bit Server VM (21.0.10+7-LTS) for windows-amd64 JRE (21.0.10+7-LTS), built on 2026-01-20T00:00:00Z by "admin" with MS VC++ 17.12 (VS2022)

END.
