#
# There is insufficient memory for the Java Runtime Environment to continue.
# Native memory allocation (malloc) failed to allocate 498096 bytes. Error detail: Chunk::new
# Possible reasons:
#   The system is out of physical RAM or swap space
#   This process is running with CompressedOops enabled, and the Java Heap may be blocking the growth of the native heap
# Possible solutions:
#   Reduce memory load on the system
#   Increase physical memory or swap space
#   Check if swap backing store is full
#   Decrease Java heap size (-Xmx/-Xms)
#   Decrease number of Java threads
#   Decrease Java thread stack sizes (-Xss)
#   Set larger code cache with -XX:ReservedCodeCacheSize=
#   JVM is running with Unscaled Compressed Oops mode in which the Java heap is
#     placed in the first 4GB address space. The Java Heap base address is the
#     maximum limit for the native heap growth. Please use -XX:HeapBaseMinAddress
#     to set the Java Heap base and to place the Java Heap above 4GB virtual address.
# This output file may be truncated or incomplete.
#
#  Out of Memory Error (arena.cpp:168), pid=9244, tid=10484
#
# JRE version: OpenJDK Runtime Environment Temurin-21.0.10+7 (21.0.10+7) (build 21.0.10+7-LTS)
# Java VM: OpenJDK 64-Bit Server VM Temurin-21.0.10+7 (21.0.10+7-LTS, mixed mode, sharing, tiered, compressed oops, compressed class ptrs, parallel gc, windows-amd64)
# No core dump will be written. Minidumps are not enabled by default on client versions of Windows
#

---------------  S U M M A R Y ------------

Command Line: --add-modules=ALL-SYSTEM --add-opens=java.base/java.util=ALL-UNNAMED --add-opens=java.base/java.lang=ALL-UNNAMED --add-opens=java.base/sun.nio.fs=ALL-UNNAMED -Declipse.application=org.eclipse.jdt.ls.core.id1 -Dosgi.bundles.defaultStartLevel=4 -Declipse.product=org.eclipse.jdt.ls.core.product -Djava.import.generatesMetadataFilesAtProjectRoot=false -DDetectVMInstallationsJob.disabled=true -Dfile.encoding=utf8 -XX:+UseParallelGC -XX:GCTimeRatio=4 -XX:AdaptiveSizePolicyWeight=90 -Dsun.zip.disableMemoryMapping=true -Xmx2G -Xms100m -Xlog:disable -javaagent:c:\Users\haria\.vscode\extensions\redhat.java-1.54.0-win32-x64\lombok\lombok-1.18.39-4050.jar -XX:+HeapDumpOnOutOfMemoryError -XX:HeapDumpPath=c:\Users\haria\AppData\Roaming\Code\User\workspaceStorage\b368a157e7aa87000e8219b57c792138\redhat.java -Daether.dependencyCollector.impl=bf c:\Users\haria\.vscode\extensions\redhat.java-1.54.0-win32-x64\server\plugins\org.eclipse.equinox.launcher_1.7.100.v20251111-0406.jar -configuration c:\Users\haria\AppData\Roaming\Code\User\globalStorage\redhat.java\1.54.0\config_win -data c:\Users\haria\AppData\Roaming\Code\User\workspaceStorage\b368a157e7aa87000e8219b57c792138\redhat.java\jdt_ws --pipe=\\.\pipe\lsp-d7ad60faac63c33deaa42ac9035283c0-sock

Host: 11th Gen Intel(R) Core(TM) i3-1115G4 @ 3.00GHz, 4 cores, 7G,  Windows 11 , 64 bit Build 22621 (10.0.22621.5262)
Time: Mon Jun  1 16:12:58 2026 India Standard Time elapsed time: 6.873078 seconds (0d 0h 0m 6s)

---------------  T H R E A D  ---------------

Current thread (0x000001ca77c5bf30):  JavaThread "C2 CompilerThread0" daemon [_thread_in_native, id=10484, stack(0x00000052ce900000,0x00000052cea00000) (1024K)]


Current CompileTask:
C2:6873 3017       4       jdk.internal.org.objectweb.asm.Frame::execute (2305 bytes)

Stack: [0x00000052ce900000,0x00000052cea00000]
Native frames: (J=compiled Java code, j=interpreted, Vv=VM code, C=native code)
V  [jvm.dll+0x6d7a39]
V  [jvm.dll+0x8b4b26]
V  [jvm.dll+0x8b70de]
V  [jvm.dll+0x8b77c3]
V  [jvm.dll+0x284346]
V  [jvm.dll+0xc66ed]
V  [jvm.dll+0xc6c31]
V  [jvm.dll+0x3bec3b]
V  [jvm.dll+0x38b162]
V  [jvm.dll+0x38a5aa]
V  [jvm.dll+0x24c560]
V  [jvm.dll+0x24bb40]
V  [jvm.dll+0x1cb34e]
V  [jvm.dll+0x25b85d]
V  [jvm.dll+0x259dea]
V  [jvm.dll+0x3f857e]
V  [jvm.dll+0x85f59d]
V  [jvm.dll+0x6d626d]
C  [ucrtbase.dll+0x29333]
C  [KERNEL32.DLL+0x1259d]
C  [ntdll.dll+0x5af58]


---------------  P R O C E S S  ---------------

Threads class SMR info:
_java_thread_list=0x000001ca7d2ebea0, length=18, elements={
0x000001ca70265aa0, 0x000001ca702fbfa0, 0x000001ca702fdae0, 0x000001ca77c50fd0,
0x000001ca77c53f00, 0x000001ca77c55490, 0x000001ca77c579b0, 0x000001ca77c5bf30,
0x000001ca77c86730, 0x000001ca789df1d0, 0x000001ca78b60340, 0x000001ca7d8b0cc0,
0x000001ca7d7bee40, 0x000001ca7d89d800, 0x000001ca7d8a8910, 0x000001ca7dad52c0,
0x000001ca7d02ed00, 0x000001ca77cd6e20
}

Java Threads: ( => current thread )
  0x000001ca70265aa0 JavaThread "main"                              [_thread_blocked, id=4004, stack(0x00000052cdf00000,0x00000052ce000000) (1024K)]
  0x000001ca702fbfa0 JavaThread "Reference Handler"          daemon [_thread_blocked, id=12588, stack(0x00000052ce300000,0x00000052ce400000) (1024K)]
  0x000001ca702fdae0 JavaThread "Finalizer"                  daemon [_thread_blocked, id=16268, stack(0x00000052ce400000,0x00000052ce500000) (1024K)]
  0x000001ca77c50fd0 JavaThread "Signal Dispatcher"          daemon [_thread_blocked, id=15920, stack(0x00000052ce500000,0x00000052ce600000) (1024K)]
  0x000001ca77c53f00 JavaThread "Attach Listener"            daemon [_thread_blocked, id=14424, stack(0x00000052ce600000,0x00000052ce700000) (1024K)]
  0x000001ca77c55490 JavaThread "Service Thread"             daemon [_thread_blocked, id=15240, stack(0x00000052ce700000,0x00000052ce800000) (1024K)]
  0x000001ca77c579b0 JavaThread "Monitor Deflation Thread"   daemon [_thread_blocked, id=11472, stack(0x00000052ce800000,0x00000052ce900000) (1024K)]
=>0x000001ca77c5bf30 JavaThread "C2 CompilerThread0"         daemon [_thread_in_native, id=10484, stack(0x00000052ce900000,0x00000052cea00000) (1024K)]
  0x000001ca77c86730 JavaThread "C1 CompilerThread0"         daemon [_thread_blocked, id=14684, stack(0x00000052cea00000,0x00000052ceb00000) (1024K)]
  0x000001ca789df1d0 JavaThread "Common-Cleaner"             daemon [_thread_blocked, id=14004, stack(0x00000052ceb00000,0x00000052cec00000) (1024K)]
  0x000001ca78b60340 JavaThread "Notification Thread"        daemon [_thread_blocked, id=10544, stack(0x00000052cec00000,0x00000052ced00000) (1024K)]
  0x000001ca7d8b0cc0 JavaThread "Active Thread: Equinox Container: fb3d8acf-40a9-4c56-af1e-9907f7b27621"        [_thread_blocked, id=12768, stack(0x00000052cf100000,0x00000052cf200000) (1024K)]
  0x000001ca7d7bee40 JavaThread "Refresh Thread: Equinox Container: fb3d8acf-40a9-4c56-af1e-9907f7b27621" daemon [_thread_blocked, id=5684, stack(0x00000052cf200000,0x00000052cf300000) (1024K)]
  0x000001ca7d89d800 JavaThread "Framework Event Dispatcher: Equinox Container: fb3d8acf-40a9-4c56-af1e-9907f7b27621" daemon [_thread_blocked, id=10456, stack(0x00000052ced00000,0x00000052cee00000) (1024K)]
  0x000001ca7d8a8910 JavaThread "Start Level: Equinox Container: fb3d8acf-40a9-4c56-af1e-9907f7b27621" daemon [_thread_in_vm, id=8232, stack(0x00000052cf300000,0x00000052cf400000) (1024K)]
  0x000001ca7dad52c0 JavaThread "Bundle File Closer"         daemon [_thread_blocked, id=6828, stack(0x00000052cf400000,0x00000052cf500000) (1024K)]
  0x000001ca7d02ed00 JavaThread "SCR Component Actor"        daemon [_thread_blocked, id=15808, stack(0x00000052cf500000,0x00000052cf600000) (1024K)]
  0x000001ca77cd6e20 JavaThread "Worker-JM"                         [_thread_blocked, id=7028, stack(0x00000052cf600000,0x00000052cf700000) (1024K)]
Total: 18

Other Threads:
  0x000001ca702e5b50 VMThread "VM Thread"                           [id=5352, stack(0x00000052ce200000,0x00000052ce300000) (1024K)]
  0x000001ca77bcc950 WatcherThread "VM Periodic Task Thread"        [id=2488, stack(0x00000052ce100000,0x00000052ce200000) (1024K)]
  0x000001ca70284fc0 WorkerThread "GC Thread#0"                     [id=13912, stack(0x00000052ce000000,0x00000052ce100000) (1024K)]
  0x000001ca7d1c7550 WorkerThread "GC Thread#1"                     [id=2016, stack(0x00000052cee00000,0x00000052cef00000) (1024K)]
  0x000001ca7d1c8e80 WorkerThread "GC Thread#2"                     [id=12136, stack(0x00000052cef00000,0x00000052cf000000) (1024K)]
  0x000001ca7d236460 WorkerThread "GC Thread#3"                     [id=15936, stack(0x00000052cf000000,0x00000052cf100000) (1024K)]
Total: 6

Threads with active compile tasks:
C2 CompilerThread0  6910 3017       4       jdk.internal.org.objectweb.asm.Frame::execute (2305 bytes)
Total: 1

VM state: not at safepoint (normal execution)

VM Mutex/Monitor currently owned by a thread: None

Heap address: 0x0000000080000000, size: 2048 MB, Compressed Oops mode: 32-bit

CDS archive(s) mapped at: [0x000001ca0f000000-0x000001ca0fba0000-0x000001ca0fba0000), size 12189696, SharedBaseAddress: 0x000001ca0f000000, ArchiveRelocationMode: 1.
Compressed class space mapped at: 0x000001ca10000000-0x000001ca50000000, reserved size: 1073741824
Narrow klass base: 0x000001ca0f000000, Narrow klass shift: 0, Narrow klass range: 0x100000000

GC Precious Log:
 CardTable entry size: 512
 CPUs: 4 total, 4 available
 Memory: 7886M
 Large Page Support: Disabled
 NUMA Support: Disabled
 Compressed Oops: Enabled (32-bit)
 Alignments: Space 512K, Generation 512K, Heap 2M
 Heap Min Capacity: 100M
 Heap Initial Capacity: 100M
 Heap Max Capacity: 2G
 Pre-touch: Disabled
 Parallel Workers: 4

Heap:
 PSYoungGen      total 29696K, used 4572K [0x00000000d5580000, 0x00000000d7680000, 0x0000000100000000)
  eden space 25600K, 1% used [0x00000000d5580000,0x00000000d55fd218,0x00000000d6e80000)
  from space 4096K, 99% used [0x00000000d6e80000,0x00000000d7279fe0,0x00000000d7280000)
  to   space 4096K, 0% used [0x00000000d7280000,0x00000000d7280000,0x00000000d7680000)
 ParOldGen       total 68608K, used 7915K [0x0000000080000000, 0x0000000084300000, 0x00000000d5580000)
  object space 68608K, 11% used [0x0000000080000000,0x00000000807bae98,0x0000000084300000)
 Metaspace       used 15604K, committed 16256K, reserved 1114112K
  class space    used 1624K, committed 1920K, reserved 1048576K

Card table byte_map: [0x000001ca6fbf0000,0x000001ca70000000] _byte_map_base: 0x000001ca6f7f0000

Marking Bits: (ParMarkBitMap*) 0x00007ff8c34c3450
 Begin Bits: [0x000001ca736f0000, 0x000001ca756f0000)
 End Bits:   [0x000001ca756f0000, 0x000001ca776f0000)

Polling page: 0x000001ca6e110000

Metaspace:

Usage:
  Non-class:     13.65 MB used.
      Class:      1.59 MB used.
       Both:     15.24 MB used.

Virtual space:
  Non-class space:       64.00 MB reserved,      14.00 MB ( 22%) committed,  1 nodes.
      Class space:        1.00 GB reserved,       1.88 MB ( <1%) committed,  1 nodes.
             Both:        1.06 GB reserved,      15.88 MB (  1%) committed. 

Chunk freelists:
   Non-Class:  1.98 MB
       Class:  13.95 MB
        Both:  15.93 MB

MaxMetaspaceSize: unlimited
CompressedClassSpaceSize: 1.00 GB
Initial GC threshold: 21.00 MB
Current GC threshold: 21.00 MB
CDS: on
 - commit_granule_bytes: 65536.
 - commit_granule_words: 8192.
 - virtual_space_node_default_size: 8388608.
 - enlarge_chunks_in_place: 1.
 - use_allocation_guard: 0.


Internal statistics:

num_allocs_failed_limit: 0.
num_arena_births: 436.
num_arena_deaths: 0.
num_vsnodes_births: 2.
num_vsnodes_deaths: 0.
num_space_committed: 254.
num_space_uncommitted: 0.
num_chunks_returned_to_freelist: 0.
num_chunks_taken_from_freelist: 983.
num_chunk_merges: 0.
num_chunk_splits: 621.
num_chunks_enlarged: 397.
num_inconsistent_stats: 0.

CodeHeap 'non-profiled nmethods': size=120000Kb used=1356Kb max_used=1356Kb free=118643Kb
 bounds [0x000001ca07ad0000, 0x000001ca07d40000, 0x000001ca0f000000]
CodeHeap 'profiled nmethods': size=120000Kb used=6143Kb max_used=6143Kb free=113856Kb
 bounds [0x000001ca00000000, 0x000001ca00600000, 0x000001ca07530000]
CodeHeap 'non-nmethods': size=5760Kb used=1267Kb max_used=1283Kb free=4492Kb
 bounds [0x000001ca07530000, 0x000001ca077a0000, 0x000001ca07ad0000]
CodeCache: size=245760Kb, used=8766Kb, max_used=8782Kb, free=236991Kb
 total_blobs=3553, nmethods=3021, adapters=438, full_count=0
Compilation: enabled, stopped_count=0, restarted_count=0

Compilation events (20 events):
Event: 6.838 Thread 0x000001ca77c86730 nmethod 3007 0x000001ca005fa490 code [0x000001ca005fa640, 0x000001ca005fa8a8]
Event: 6.838 Thread 0x000001ca77c86730 3008       3       org.eclipse.core.internal.localstore.SafeChunkyInputStream::read (71 bytes)
Event: 6.838 Thread 0x000001ca77c86730 nmethod 3008 0x000001ca005faa10 code [0x000001ca005fac20, 0x000001ca005fb0d0]
Event: 6.838 Thread 0x000001ca77c86730 3009       3       java.lang.invoke.MethodHandleNatives::linkCallSite (65 bytes)
Event: 6.838 Thread 0x000001ca77c86730 nmethod 3009 0x000001ca005fb290 code [0x000001ca005fb480, 0x000001ca005fb9c8]
Event: 6.838 Thread 0x000001ca77c86730 3010       3       java.lang.invoke.MethodHandleNatives::linkCallSiteImpl (119 bytes)
Event: 6.839 Thread 0x000001ca77c86730 nmethod 3010 0x000001ca005fbb90 code [0x000001ca005fbdc0, 0x000001ca005fc650]
Event: 6.839 Thread 0x000001ca77c86730 3011       3       java.lang.invoke.ConstantCallSite::<init> (17 bytes)
Event: 6.839 Thread 0x000001ca77c86730 nmethod 3011 0x000001ca005fca10 code [0x000001ca005fcbc0, 0x000001ca005fce60]
Event: 6.841 Thread 0x000001ca77c86730 3012       3       java.util.ArrayDeque::contains (80 bytes)
Event: 6.842 Thread 0x000001ca77c86730 nmethod 3012 0x000001ca005fcf90 code [0x000001ca005fd180, 0x000001ca005fd5f0]
Event: 6.855 Thread 0x000001ca77c86730 3013       3       java.lang.invoke.LambdaFormEditor$TransformKey::of (51 bytes)
Event: 6.855 Thread 0x000001ca77c86730 nmethod 3013 0x000001ca005fd790 code [0x000001ca005fd980, 0x000001ca005fde30]
Event: 6.856 Thread 0x000001ca77c86730 3016       3       jdk.internal.org.objectweb.asm.MethodWriter::visitLdcInsn (215 bytes)
Event: 6.857 Thread 0x000001ca77c5bf30 3017       4       jdk.internal.org.objectweb.asm.Frame::execute (2305 bytes)
Event: 6.857 Thread 0x000001ca77c86730 nmethod 3016 0x000001ca005fe010 code [0x000001ca005fe2a0, 0x000001ca005fed28]
Event: 6.860 Thread 0x000001ca77c86730 3020       3       java.lang.invoke.LambdaFormEditor::filterArgumentForm (121 bytes)
Event: 6.860 Thread 0x000001ca77c86730 nmethod 3020 0x000001ca005ff190 code [0x000001ca005ff3a0, 0x000001ca005ff798]
Event: 6.868 Thread 0x000001ca77c86730 3021       3       java.io.FilterInputStream::read (8 bytes)
Event: 6.868 Thread 0x000001ca77c86730 nmethod 3021 0x000001ca005ffa10 code [0x000001ca005ffbc0, 0x000001ca005ffd98]

GC Heap History (8 events):
Event: 1.584 GC heap before
{Heap before GC invocations=1 (full 0):
 PSYoungGen      total 29696K, used 25600K [0x00000000d5580000, 0x00000000d7680000, 0x0000000100000000)
  eden space 25600K, 100% used [0x00000000d5580000,0x00000000d6e80000,0x00000000d6e80000)
  from space 4096K, 0% used [0x00000000d7280000,0x00000000d7280000,0x00000000d7680000)
  to   space 4096K, 0% used [0x00000000d6e80000,0x00000000d6e80000,0x00000000d7280000)
 ParOldGen       total 68608K, used 0K [0x0000000080000000, 0x0000000084300000, 0x00000000d5580000)
  object space 68608K, 0% used [0x0000000080000000,0x0000000080000000,0x0000000084300000)
 Metaspace       used 4357K, committed 4608K, reserved 1114112K
  class space    used 474K, committed 576K, reserved 1048576K
}
Event: 1.633 GC heap after
{Heap after GC invocations=1 (full 0):
 PSYoungGen      total 29696K, used 3303K [0x00000000d5580000, 0x00000000d7680000, 0x0000000100000000)
  eden space 25600K, 0% used [0x00000000d5580000,0x00000000d5580000,0x00000000d6e80000)
  from space 4096K, 80% used [0x00000000d6e80000,0x00000000d71b9e98,0x00000000d7280000)
  to   space 4096K, 0% used [0x00000000d7280000,0x00000000d7280000,0x00000000d7680000)
 ParOldGen       total 68608K, used 0K [0x0000000080000000, 0x0000000084300000, 0x00000000d5580000)
  object space 68608K, 0% used [0x0000000080000000,0x0000000080000000,0x0000000084300000)
 Metaspace       used 4357K, committed 4608K, reserved 1114112K
  class space    used 474K, committed 576K, reserved 1048576K
}
Event: 2.630 GC heap before
{Heap before GC invocations=2 (full 0):
 PSYoungGen      total 29696K, used 28903K [0x00000000d5580000, 0x00000000d7680000, 0x0000000100000000)
  eden space 25600K, 100% used [0x00000000d5580000,0x00000000d6e80000,0x00000000d6e80000)
  from space 4096K, 80% used [0x00000000d6e80000,0x00000000d71b9e98,0x00000000d7280000)
  to   space 4096K, 0% used [0x00000000d7280000,0x00000000d7280000,0x00000000d7680000)
 ParOldGen       total 68608K, used 0K [0x0000000080000000, 0x0000000084300000, 0x00000000d5580000)
  object space 68608K, 0% used [0x0000000080000000,0x0000000080000000,0x0000000084300000)
 Metaspace       used 7998K, committed 8320K, reserved 1114112K
  class space    used 829K, committed 960K, reserved 1048576K
}
Event: 2.638 GC heap after
{Heap after GC invocations=2 (full 0):
 PSYoungGen      total 29696K, used 4086K [0x00000000d5580000, 0x00000000d7680000, 0x0000000100000000)
  eden space 25600K, 0% used [0x00000000d5580000,0x00000000d5580000,0x00000000d6e80000)
  from space 4096K, 99% used [0x00000000d7280000,0x00000000d767d810,0x00000000d7680000)
  to   space 4096K, 0% used [0x00000000d6e80000,0x00000000d6e80000,0x00000000d7280000)
 ParOldGen       total 68608K, used 2045K [0x0000000080000000, 0x0000000084300000, 0x00000000d5580000)
  object space 68608K, 2% used [0x0000000080000000,0x00000000801ff658,0x0000000084300000)
 Metaspace       used 7998K, committed 8320K, reserved 1114112K
  class space    used 829K, committed 960K, reserved 1048576K
}
Event: 3.295 GC heap before
{Heap before GC invocations=3 (full 0):
 PSYoungGen      total 29696K, used 29686K [0x00000000d5580000, 0x00000000d7680000, 0x0000000100000000)
  eden space 25600K, 100% used [0x00000000d5580000,0x00000000d6e80000,0x00000000d6e80000)
  from space 4096K, 99% used [0x00000000d7280000,0x00000000d767d810,0x00000000d7680000)
  to   space 4096K, 0% used [0x00000000d6e80000,0x00000000d6e80000,0x00000000d7280000)
 ParOldGen       total 68608K, used 2045K [0x0000000080000000, 0x0000000084300000, 0x00000000d5580000)
  object space 68608K, 2% used [0x0000000080000000,0x00000000801ff658,0x0000000084300000)
 Metaspace       used 9457K, committed 9792K, reserved 1114112K
  class space    used 1008K, committed 1152K, reserved 1048576K
}
Event: 3.305 GC heap after
{Heap after GC invocations=3 (full 0):
 PSYoungGen      total 29696K, used 4071K [0x00000000d5580000, 0x00000000d7680000, 0x0000000100000000)
  eden space 25600K, 0% used [0x00000000d5580000,0x00000000d5580000,0x00000000d6e80000)
  from space 4096K, 99% used [0x00000000d6e80000,0x00000000d7279d50,0x00000000d7280000)
  to   space 4096K, 0% used [0x00000000d7280000,0x00000000d7280000,0x00000000d7680000)
 ParOldGen       total 68608K, used 5206K [0x0000000080000000, 0x0000000084300000, 0x00000000d5580000)
  object space 68608K, 7% used [0x0000000080000000,0x0000000080515a60,0x0000000084300000)
 Metaspace       used 9457K, committed 9792K, reserved 1114112K
  class space    used 1008K, committed 1152K, reserved 1048576K
}
Event: 5.819 GC heap before
{Heap before GC invocations=4 (full 0):
 PSYoungGen      total 29696K, used 29671K [0x00000000d5580000, 0x00000000d7680000, 0x0000000100000000)
  eden space 25600K, 100% used [0x00000000d5580000,0x00000000d6e80000,0x00000000d6e80000)
  from space 4096K, 99% used [0x00000000d6e80000,0x00000000d7279d50,0x00000000d7280000)
  to   space 4096K, 0% used [0x00000000d7280000,0x00000000d7280000,0x00000000d7680000)
 ParOldGen       total 68608K, used 5206K [0x0000000080000000, 0x0000000084300000, 0x00000000d5580000)
  object space 68608K, 7% used [0x0000000080000000,0x0000000080515a60,0x0000000084300000)
 Metaspace       used 11653K, committed 12032K, reserved 1114112K
  class space    used 1232K, committed 1408K, reserved 1048576K
}
Event: 5.824 GC heap after
{Heap after GC invocations=4 (full 0):
 PSYoungGen      total 29696K, used 4086K [0x00000000d5580000, 0x00000000d7680000, 0x0000000100000000)
  eden space 25600K, 0% used [0x00000000d5580000,0x00000000d5580000,0x00000000d6e80000)
  from space 4096K, 99% used [0x00000000d7280000,0x00000000d767db30,0x00000000d7680000)
  to   space 4096K, 0% used [0x00000000d6e80000,0x00000000d6e80000,0x00000000d7280000)
 ParOldGen       total 68608K, used 6831K [0x0000000080000000, 0x0000000084300000, 0x00000000d5580000)
  object space 68608K, 9% used [0x0000000080000000,0x00000000806abe78,0x0000000084300000)
 Metaspace       used 11653K, committed 12032K, reserved 1114112K
  class space    used 1232K, committed 1408K, reserved 1048576K
}

Dll operation events (9 events):
Event: 0.033 Loaded shared library c:\Users\haria\.vscode\extensions\redhat.java-1.54.0-win32-x64\jre\21.0.10-win32-x86_64\bin\java.dll
Event: 0.213 Loaded shared library c:\Users\haria\.vscode\extensions\redhat.java-1.54.0-win32-x64\jre\21.0.10-win32-x86_64\bin\zip.dll
Event: 0.309 Loaded shared library C:\Users\haria\.vscode\extensions\redhat.java-1.54.0-win32-x64\jre\21.0.10-win32-x86_64\bin\instrument.dll
Event: 0.327 Loaded shared library C:\Users\haria\.vscode\extensions\redhat.java-1.54.0-win32-x64\jre\21.0.10-win32-x86_64\bin\net.dll
Event: 0.331 Loaded shared library C:\Users\haria\.vscode\extensions\redhat.java-1.54.0-win32-x64\jre\21.0.10-win32-x86_64\bin\nio.dll
Event: 0.340 Loaded shared library C:\Users\haria\.vscode\extensions\redhat.java-1.54.0-win32-x64\jre\21.0.10-win32-x86_64\bin\zip.dll
Event: 0.361 Loaded shared library C:\Users\haria\.vscode\extensions\redhat.java-1.54.0-win32-x64\jre\21.0.10-win32-x86_64\bin\jimage.dll
Event: 0.495 Loaded shared library c:\Users\haria\.vscode\extensions\redhat.java-1.54.0-win32-x64\jre\21.0.10-win32-x86_64\bin\verify.dll
Event: 2.659 Loaded shared library C:\Users\haria\AppData\Roaming\Code\User\globalStorage\redhat.java\1.54.0\config_win\org.eclipse.equinox.launcher\org.eclipse.equinox.launcher.win32.win32.x86_64_1.3.0.v20260203-2149\eclipse_11919.dll

Deoptimization events (20 events):
Event: 6.403 Thread 0x000001ca7d8a8910 Uncommon trap: trap_request=0xffffffcc fr.pc=0x000001ca07c11928 relative=0x0000000000000368
Event: 6.403 Thread 0x000001ca7d8a8910 Uncommon trap: reason=intrinsic_or_type_checked_inlining action=make_not_entrant pc=0x000001ca07c11928 method=java.util.Arrays.copyOf([Ljava/lang/Object;ILjava/lang/Class;)[Ljava/lang/Object; @ 35 c2
Event: 6.403 Thread 0x000001ca7d8a8910 DEOPT PACKING pc=0x000001ca07c11928 sp=0x00000052cf3f8c80
Event: 6.403 Thread 0x000001ca7d8a8910 DEOPT UNPACKING pc=0x000001ca07586da2 sp=0x00000052cf3f8c10 mode 2
Event: 6.503 Thread 0x000001ca7d8a8910 Uncommon trap: trap_request=0xffffff45 fr.pc=0x000001ca07b1f194 relative=0x0000000000000f54
Event: 6.503 Thread 0x000001ca7d8a8910 Uncommon trap: reason=unstable_if action=reinterpret pc=0x000001ca07b1f194 method=lombok.patcher.PatchScript.classMatches(Ljava/lang/String;Ljava/util/Collection;)Z @ 25 c2
Event: 6.503 Thread 0x000001ca7d8a8910 DEOPT PACKING pc=0x000001ca07b1f194 sp=0x00000052cf3f6a00
Event: 6.503 Thread 0x000001ca7d8a8910 DEOPT UNPACKING pc=0x000001ca07586da2 sp=0x00000052cf3f69c0 mode 2
Event: 6.506 Thread 0x000001ca7d8a8910 Uncommon trap: trap_request=0xffffff45 fr.pc=0x000001ca07bf3be4 relative=0x00000000000003e4
Event: 6.506 Thread 0x000001ca7d8a8910 Uncommon trap: reason=unstable_if action=reinterpret pc=0x000001ca07bf3be4 method=java.util.regex.Pattern$BmpCharPropertyGreedy.match(Ljava/util/regex/Matcher;ILjava/lang/CharSequence;)Z @ 73 c2
Event: 6.506 Thread 0x000001ca7d8a8910 DEOPT PACKING pc=0x000001ca07bf3be4 sp=0x00000052cf3f5a40
Event: 6.506 Thread 0x000001ca7d8a8910 DEOPT UNPACKING pc=0x000001ca07586da2 sp=0x00000052cf3f5a00 mode 2
Event: 6.685 Thread 0x000001ca7d8a8910 Uncommon trap: trap_request=0xffffff45 fr.pc=0x000001ca07bd1fbc relative=0x0000000000000ebc
Event: 6.685 Thread 0x000001ca7d8a8910 Uncommon trap: reason=unstable_if action=reinterpret pc=0x000001ca07bd1fbc method=java.util.Properties.loadConvert([CIILjava/lang/StringBuilder;)Ljava/lang/String; @ 491 c2
Event: 6.685 Thread 0x000001ca7d8a8910 DEOPT PACKING pc=0x000001ca07bd1fbc sp=0x00000052cf3f77a0
Event: 6.685 Thread 0x000001ca7d8a8910 DEOPT UNPACKING pc=0x000001ca07586da2 sp=0x00000052cf3f7780 mode 2
Event: 6.776 Thread 0x000001ca7d8a8910 Uncommon trap: trap_request=0xffffff45 fr.pc=0x000001ca07b76354 relative=0x00000000000000b4
Event: 6.776 Thread 0x000001ca7d8a8910 Uncommon trap: reason=unstable_if action=reinterpret pc=0x000001ca07b76354 method=org.eclipse.osgi.container.ModuleRevisionBuilder.unmodifiableMap(Ljava/util/Map;)Ljava/util/Map; @ 27 c2
Event: 6.776 Thread 0x000001ca7d8a8910 DEOPT PACKING pc=0x000001ca07b76354 sp=0x00000052cf3f9580
Event: 6.776 Thread 0x000001ca7d8a8910 DEOPT UNPACKING pc=0x000001ca07586da2 sp=0x00000052cf3f9500 mode 2

Classes loaded (20 events):
Event: 6.736 Loading class java/text/MessageFormat
Event: 6.737 Loading class java/text/MessageFormat done
Event: 6.740 Loading class java/text/FieldPosition$Delegate
Event: 6.741 Loading class java/text/FieldPosition$Delegate done
Event: 6.744 Loading class java/text/MessageFormat$Field
Event: 6.744 Loading class java/text/MessageFormat$Field done
Event: 6.776 Loading class java/util/stream/SortedOps
Event: 6.777 Loading class java/util/stream/SortedOps done
Event: 6.777 Loading class java/util/stream/SortedOps$OfRef
Event: 6.777 Loading class java/util/stream/ReferencePipeline$StatefulOp
Event: 6.777 Loading class java/util/stream/ReferencePipeline$StatefulOp done
Event: 6.777 Loading class java/util/stream/SortedOps$OfRef done
Event: 6.779 Loading class java/util/stream/SortedOps$RefSortingSink
Event: 6.780 Loading class java/util/stream/SortedOps$AbstractRefSortingSink
Event: 6.781 Loading class java/util/stream/SortedOps$AbstractRefSortingSink done
Event: 6.781 Loading class java/util/stream/SortedOps$RefSortingSink done
Event: 6.801 Loading class java/util/zip/ZipOutputStream
Event: 6.801 Loading class java/util/zip/DeflaterOutputStream
Event: 6.801 Loading class java/util/zip/DeflaterOutputStream done
Event: 6.801 Loading class java/util/zip/ZipOutputStream done

Classes unloaded (0 events):
No events

Classes redefined (0 events):
No events

Internal exceptions (20 events):
Event: 2.404 Thread 0x000001ca70265aa0 Exception <a 'java/lang/ClassNotFoundException'{0x00000000d6a343c0}: sun/net/www/protocol/plurl/Handler> (0x00000000d6a343c0) 
thrown [s\src\hotspot\share\classfile\systemDictionary.cpp, line 312]
Event: 2.404 Thread 0x000001ca70265aa0 Exception <a 'java/lang/ClassNotFoundException'{0x00000000d6a35240}: sun/net/www/protocol/plurl/Handler> (0x00000000d6a35240) 
thrown [s\src\hotspot\share\classfile\systemDictionary.cpp, line 312]
Event: 2.655 Thread 0x000001ca70265aa0 Exception <a 'java/lang/UnsatisfiedLinkError'{0x00000000d55d2d28}: 'void org.eclipse.equinox.launcher.JNIBridge._update_splash()'> (0x00000000d55d2d28) 
thrown [s\src\hotspot\share\prims\nativeLookup.cpp, line 415]
Event: 2.763 Thread 0x000001ca7d7bee40 Exception <a 'java/lang/NoSuchMethodError'{0x00000000d586b1c0}: 'void java.lang.invoke.DirectMethodHandle$Holder.invokeInterface(java.lang.Object, java.lang.Object, java.lang.Object)'> (0x00000000d586b1c0) 
thrown [s\src\hotspot\share\interpreter\linkResolver.cpp, line 773]
Event: 2.896 Thread 0x000001ca7d8a8910 Exception <a 'java/lang/NoSuchMethodError'{0x00000000d5c52980}: 'java.lang.Object java.lang.invoke.DirectMethodHandle$Holder.newInvokeSpecial(java.lang.Object, java.lang.Object, int, java.lang.Object)'> (0x00000000d5c52980) 
thrown [s\src\hotspot\share\interpreter\linkResolver.cpp, line 773]
Event: 2.896 Thread 0x000001ca7d8a8910 Exception <a 'java/lang/NoSuchMethodError'{0x00000000d5c567b0}: 'java.lang.Object java.lang.invoke.DirectMethodHandle$Holder.invokeSpecial(java.lang.Object, java.lang.Object, java.lang.Object, int, java.lang.Object)'> (0x00000000d5c567b0) 
thrown [s\src\hotspot\share\interpreter\linkResolver.cpp, line 773]
Event: 2.919 Thread 0x000001ca7d8a8910 Exception <a 'java/lang/NoClassDefFoundError'{0x00000000d5cfd810}: jakarta/servlet/ServletContainerInitializer> (0x00000000d5cfd810) 
thrown [s\src\hotspot\share\classfile\systemDictionary.cpp, line 301]
Event: 2.947 Thread 0x000001ca7d8a8910 Exception <a 'java/lang/ClassNotFoundException'{0x00000000d5e523c0}: sun/util/logging/resources/spi/loggingProvider> (0x00000000d5e523c0) 
thrown [s\src\hotspot\share\classfile\systemDictionary.cpp, line 312]
Event: 5.628 Thread 0x000001ca7d8a8910 Exception <a 'java/lang/NullPointerException'{0x00000000d673bc30}> (0x00000000d673bc30) 
thrown [s\src\hotspot\share\interpreter\linkResolver.cpp, line 1372]
Event: 5.628 Thread 0x000001ca7d8a8910 Exception <a 'java/lang/NullPointerException'{0x00000000d673bf10}> (0x00000000d673bf10) 
thrown [s\src\hotspot\share\interpreter\linkResolver.cpp, line 1372]
Event: 5.909 Thread 0x000001ca7d8a8910 Exception <a 'java/lang/NoSuchMethodError'{0x00000000d581c968}: 'long java.lang.invoke.DirectMethodHandle$Holder.invokeSpecial(java.lang.Object, java.lang.Object)'> (0x00000000d581c968) 
thrown [s\src\hotspot\share\interpreter\linkResolver.cpp, line 773]
Event: 5.957 Thread 0x000001ca7d8a8910 Exception <a 'java/io/FileNotFoundException'{0x00000000d5a24168}> (0x00000000d5a24168) 
thrown [s\src\hotspot\share\prims\jni.cpp, line 520]
Event: 6.169 Thread 0x000001ca7d8a8910 Exception <a 'java/lang/NoSuchMethodError'{0x00000000d5f5c488}: 'java.lang.Object java.lang.invoke.Invokers$Holder.linkToTargetMethod(java.lang.Object, long, java.lang.Object)'> (0x00000000d5f5c488) 
thrown [s\src\hotspot\share\interpreter\linkResolver.cpp, line 773]
Event: 6.373 Thread 0x000001ca7d8a8910 Exception <a 'java/lang/NoSuchMethodError'{0x00000000d649f820}: 'void java.lang.invoke.Invokers$Holder.invokeExact_MT(java.lang.Object, java.lang.Object, java.lang.Object)'> (0x00000000d649f820) 
thrown [s\src\hotspot\share\interpreter\linkResolver.cpp, line 773]
Event: 6.533 Thread 0x000001ca7d8a8910 Exception <a 'java/lang/NoSuchMethodError'{0x00000000d67a4ac8}: 'java.lang.Object java.lang.invoke.DirectMethodHandle$Holder.invokeVirtual(java.lang.Object, java.lang.Object, java.lang.Object)'> (0x00000000d67a4ac8) 
thrown [s\src\hotspot\share\interpreter\linkResolver.cpp, line 773]
Event: 6.535 Thread 0x000001ca7d8a8910 Exception <a 'java/lang/NoSuchMethodError'{0x00000000d67bd0a8}: 'java.lang.Object java.lang.invoke.DelegatingMethodHandle$Holder.reinvoke_L(java.lang.Object, java.lang.Object, java.lang.Object, java.lang.Object, int, int)'> (0x00000000d67bd0a8) 
thrown [s\src\hotspot\share\interpreter\linkResolver.cpp, line 773]
Event: 6.538 Thread 0x000001ca7d8a8910 Exception <a 'java/lang/NoSuchMethodError'{0x00000000d67d9b78}: 'java.lang.Object java.lang.invoke.DirectMethodHandle$Holder.newInvokeSpecial(java.lang.Object, java.lang.Object, java.lang.Object, java.lang.Object, java.lang.Object, java.lang.Object)'> (0x00000000d67d9b78) 
thrown [s\src\hotspot\share\interpreter\linkResolver.cpp, line 773]
Event: 6.541 Thread 0x000001ca7d8a8910 Exception <a 'java/lang/NoSuchMethodError'{0x00000000d6805fd8}: 'void java.lang.invoke.Invokers$Holder.invokeExact_MT(java.lang.Object, java.lang.Object, java.lang.Object, java.lang.Object)'> (0x00000000d6805fd8) 
thrown [s\src\hotspot\share\interpreter\linkResolver.cpp, line 773]
Event: 6.755 Thread 0x000001ca7d8a8910 Exception <a 'java/io/FileNotFoundException'{0x00000000d6aef438}> (0x00000000d6aef438) 
thrown [s\src\hotspot\share\prims\jni.cpp, line 520]
Event: 6.755 Thread 0x000001ca7d8a8910 Exception <a 'java/io/FileNotFoundException'{0x00000000d6af6ef0}> (0x00000000d6af6ef0) 
thrown [s\src\hotspot\share\prims\jni.cpp, line 520]

ZGC Phase Switch (0 events):
No events

VM Operations (20 events):
Event: 2.998 Executing non-safepoint VM operation: HandshakeAllThreads (Deoptimize)
Event: 2.998 Executing non-safepoint VM operation: HandshakeAllThreads (Deoptimize) done
Event: 3.017 Executing non-safepoint VM operation: HandshakeAllThreads (Deoptimize)
Event: 3.017 Executing non-safepoint VM operation: HandshakeAllThreads (Deoptimize) done
Event: 3.295 Executing safepoint VM operation: ParallelGCFailedAllocation (Allocation Failure)
Event: 3.305 Executing safepoint VM operation: ParallelGCFailedAllocation (Allocation Failure) done
Event: 3.744 Executing non-safepoint VM operation: HandshakeAllThreads (Deoptimize)
Event: 3.744 Executing non-safepoint VM operation: HandshakeAllThreads (Deoptimize) done
Event: 4.757 Executing safepoint VM operation: Cleanup
Event: 4.757 Executing safepoint VM operation: Cleanup done
Event: 5.761 Executing safepoint VM operation: Cleanup
Event: 5.762 Executing safepoint VM operation: Cleanup done
Event: 5.801 Executing non-safepoint VM operation: HandshakeAllThreads (Deoptimize)
Event: 5.801 Executing non-safepoint VM operation: HandshakeAllThreads (Deoptimize) done
Event: 5.819 Executing safepoint VM operation: ParallelGCFailedAllocation (Allocation Failure)
Event: 5.824 Executing safepoint VM operation: ParallelGCFailedAllocation (Allocation Failure) done
Event: 6.756 Executing safepoint VM operation: ICBufferFull
Event: 6.757 Executing safepoint VM operation: ICBufferFull done
Event: 6.779 Executing non-safepoint VM operation: HandshakeAllThreads (Deoptimize)
Event: 6.779 Executing non-safepoint VM operation: HandshakeAllThreads (Deoptimize) done

Memory protections (0 events):
No events

Nmethod flushes (0 events):
No events

Events (20 events):
Event: 0.132 Thread 0x000001ca70265aa0 Thread added: 0x000001ca702fdae0
Event: 0.132 Thread 0x000001ca70265aa0 Thread added: 0x000001ca77c50fd0
Event: 0.132 Thread 0x000001ca70265aa0 Thread added: 0x000001ca77c53f00
Event: 0.132 Thread 0x000001ca70265aa0 Thread added: 0x000001ca77c55490
Event: 0.132 Thread 0x000001ca70265aa0 Thread added: 0x000001ca77c579b0
Event: 0.133 Thread 0x000001ca70265aa0 Thread added: 0x000001ca77c5bf30
Event: 0.133 Thread 0x000001ca70265aa0 Thread added: 0x000001ca77c86730
Event: 0.316 Thread 0x000001ca70265aa0 Thread added: 0x000001ca789df1d0
Event: 0.686 Thread 0x000001ca70265aa0 Thread added: 0x000001ca78b60340
Event: 0.753 Thread 0x000001ca77c86730 Thread added: 0x000001ca78c192f0
Event: 1.649 Thread 0x000001ca78c192f0 Thread exited: 0x000001ca78c192f0
Event: 1.924 Thread 0x000001ca77c86730 Thread added: 0x000001ca7d4bafc0
Event: 2.270 Thread 0x000001ca70265aa0 Thread added: 0x000001ca7d8b0cc0
Event: 2.654 Thread 0x000001ca70265aa0 Thread added: 0x000001ca7d7bee40
Event: 2.760 Thread 0x000001ca7d4bafc0 Thread exited: 0x000001ca7d4bafc0
Event: 2.768 Thread 0x000001ca7d7bee40 Thread added: 0x000001ca7d89d800
Event: 2.772 Thread 0x000001ca70265aa0 Thread added: 0x000001ca7d8a8910
Event: 3.377 Thread 0x000001ca7d8a8910 Thread added: 0x000001ca7dad52c0
Event: 5.773 Thread 0x000001ca7d8a8910 Thread added: 0x000001ca7d02ed00
Event: 6.258 Thread 0x000001ca7d8a8910 Thread added: 0x000001ca77cd6e20


Dynamic libraries:
0x00007ff665e90000 - 0x00007ff665e9e000 	c:\Users\haria\.vscode\extensions\redhat.java-1.54.0-win32-x64\jre\21.0.10-win32-x86_64\bin\java.exe
0x00007ff96d0d0000 - 0x00007ff96d2e7000 	C:\Windows\SYSTEM32\ntdll.dll
0x00007ff96bfc0000 - 0x00007ff96c084000 	C:\Windows\System32\KERNEL32.DLL
0x00007ff96a8a0000 - 0x00007ff96ac73000 	C:\Windows\System32\KERNELBASE.dll
0x00007ff96a1c0000 - 0x00007ff96a2d1000 	C:\Windows\System32\ucrtbase.dll
0x00007ff9211c0000 - 0x00007ff9211d8000 	c:\Users\haria\.vscode\extensions\redhat.java-1.54.0-win32-x64\jre\21.0.10-win32-x86_64\bin\jli.dll
0x00007ff96c2b0000 - 0x00007ff96c461000 	C:\Windows\System32\USER32.dll
0x00007ff96ac80000 - 0x00007ff96aca6000 	C:\Windows\System32\win32u.dll
0x00007ff96c480000 - 0x00007ff96c4a9000 	C:\Windows\System32\GDI32.dll
0x00007ff96a600000 - 0x00007ff96a722000 	C:\Windows\System32\gdi32full.dll
0x00007ff96a4e0000 - 0x00007ff96a57a000 	C:\Windows\System32\msvcp_win.dll
0x00007ff91ef20000 - 0x00007ff91ef3e000 	c:\Users\haria\.vscode\extensions\redhat.java-1.54.0-win32-x64\jre\21.0.10-win32-x86_64\bin\VCRUNTIME140.dll
0x00007ff953fc0000 - 0x00007ff95425b000 	C:\Windows\WinSxS\amd64_microsoft.windows.common-controls_6595b64144ccf1df_6.0.22621.5262_none_2712bde373830908\COMCTL32.dll
0x00007ff96c4d0000 - 0x00007ff96c577000 	C:\Windows\System32\msvcrt.dll
0x00007ff96b010000 - 0x00007ff96b041000 	C:\Windows\System32\IMM32.DLL
0x000000006d5f0000 - 0x000000006d5fc000 	C:\Program Files (x86)\360\Total Security\safemon\SafeWrapper.dll
0x00007ff96ad60000 - 0x00007ff96ae11000 	C:\Windows\System32\ADVAPI32.dll
0x00007ff96ca00000 - 0x00007ff96caa7000 	C:\Windows\System32\sechost.dll
0x00007ff96acb0000 - 0x00007ff96acd8000 	C:\Windows\System32\bcrypt.dll
0x00007ff96bd80000 - 0x00007ff96be94000 	C:\Windows\System32\RPCRT4.dll
0x00007ff913c40000 - 0x00007ff913cec000 	C:\Program Files (x86)\360\Total Security\safemon\libzdtp64.dll
0x00007ff96b470000 - 0x00007ff96bd0d000 	C:\Windows\System32\SHELL32.dll
0x00007ff96a3a0000 - 0x00007ff96a4df000 	C:\Windows\System32\wintypes.dll
0x00007ff96cce0000 - 0x00007ff96d073000 	C:\Windows\System32\combase.dll
0x00007ff96bd10000 - 0x00007ff96bd76000 	C:\Windows\System32\SHLWAPI.dll
0x00007ff969bc0000 - 0x00007ff969bca000 	C:\Windows\SYSTEM32\VERSION.dll
0x00007ff94dab0000 - 0x00007ff94dabc000 	c:\Users\haria\.vscode\extensions\redhat.java-1.54.0-win32-x64\jre\21.0.10-win32-x86_64\bin\vcruntime140_1.dll
0x00007ff914290000 - 0x00007ff91431d000 	c:\Users\haria\.vscode\extensions\redhat.java-1.54.0-win32-x64\jre\21.0.10-win32-x86_64\bin\msvcp140.dll
0x00007ff8c2800000 - 0x00007ff8c35a1000 	c:\Users\haria\.vscode\extensions\redhat.java-1.54.0-win32-x64\jre\21.0.10-win32-x86_64\bin\server\jvm.dll
0x00007ff96cc60000 - 0x00007ff96ccd1000 	C:\Windows\System32\WS2_32.dll
0x00007ff969e90000 - 0x00007ff969edd000 	C:\Windows\SYSTEM32\POWRPROF.dll
0x00007ff960de0000 - 0x00007ff960e14000 	C:\Windows\SYSTEM32\WINMM.dll
0x00007ff969e70000 - 0x00007ff969e83000 	C:\Windows\SYSTEM32\UMPDC.dll
0x00007ff969190000 - 0x00007ff9691a8000 	C:\Windows\SYSTEM32\kernel.appcore.dll
0x00007ff92def0000 - 0x00007ff92defa000 	c:\Users\haria\.vscode\extensions\redhat.java-1.54.0-win32-x64\jre\21.0.10-win32-x86_64\bin\jimage.dll
0x00007ff967aa0000 - 0x00007ff967cd2000 	C:\Windows\SYSTEM32\DBGHELP.DLL
0x00007ff96b050000 - 0x00007ff96b127000 	C:\Windows\System32\OLEAUT32.dll
0x00007ff94d230000 - 0x00007ff94d262000 	C:\Windows\SYSTEM32\dbgcore.DLL
0x00007ff96ace0000 - 0x00007ff96ad5b000 	C:\Windows\System32\bcryptPrimitives.dll
0x00007ff92d400000 - 0x00007ff92d40f000 	c:\Users\haria\.vscode\extensions\redhat.java-1.54.0-win32-x64\jre\21.0.10-win32-x86_64\bin\instrument.dll
0x00007ff9160c0000 - 0x00007ff9160e0000 	c:\Users\haria\.vscode\extensions\redhat.java-1.54.0-win32-x64\jre\21.0.10-win32-x86_64\bin\java.dll
0x00007ff968090000 - 0x00007ff9689ad000 	C:\Windows\SYSTEM32\windows.storage.dll
0x00007ff96c110000 - 0x00007ff96c21b000 	C:\Windows\System32\SHCORE.dll
0x00007ff96a0f0000 - 0x00007ff96a11b000 	C:\Windows\SYSTEM32\profapi.dll
0x00007ff9141e0000 - 0x00007ff9141f8000 	c:\Users\haria\.vscode\extensions\redhat.java-1.54.0-win32-x64\jre\21.0.10-win32-x86_64\bin\zip.dll
0x00007ff921de0000 - 0x00007ff921df0000 	C:\Users\haria\.vscode\extensions\redhat.java-1.54.0-win32-x64\jre\21.0.10-win32-x86_64\bin\net.dll
0x00007ff962aa0000 - 0x00007ff962bcc000 	C:\Windows\SYSTEM32\WINHTTP.dll
0x00007ff969610000 - 0x00007ff96967a000 	C:\Windows\system32\mswsock.dll
0x00007ff913c20000 - 0x00007ff913c36000 	C:\Users\haria\.vscode\extensions\redhat.java-1.54.0-win32-x64\jre\21.0.10-win32-x86_64\bin\nio.dll
0x00007ff920e40000 - 0x00007ff920e50000 	c:\Users\haria\.vscode\extensions\redhat.java-1.54.0-win32-x64\jre\21.0.10-win32-x86_64\bin\verify.dll
0x00007ff95e480000 - 0x00007ff95e4c5000 	C:\Users\haria\AppData\Roaming\Code\User\globalStorage\redhat.java\1.54.0\config_win\org.eclipse.equinox.launcher\org.eclipse.equinox.launcher.win32.win32.x86_64_1.3.0.v20260203-2149\eclipse_11919.dll
0x00007ff96cab0000 - 0x00007ff96cc51000 	C:\Windows\System32\ole32.dll

JVMTI agents:
c:\Users\haria\.vscode\extensions\redhat.java-1.54.0-win32-x64\lombok\lombok-1.18.39-4050.jar path:c:\Users\haria\.vscode\extensions\redhat.java-1.54.0-win32-x64\jre\21.0.10-win32-x86_64\bin\instrument.dll, loaded, initialized, instrumentlib options:none

dbghelp: loaded successfully - version: 4.0.5 - missing functions: none
symbol engine: initialized successfully - sym options: 0x614 - pdb path: .;c:\Users\haria\.vscode\extensions\redhat.java-1.54.0-win32-x64\jre\21.0.10-win32-x86_64\bin;C:\Windows\SYSTEM32;C:\Windows\WinSxS\amd64_microsoft.windows.common-controls_6595b64144ccf1df_6.0.22621.5262_none_2712bde373830908;C:\Program Files (x86)\360\Total Security\safemon;c:\Users\haria\.vscode\extensions\redhat.java-1.54.0-win32-x64\jre\21.0.10-win32-x86_64\bin\server;C:\Users\haria\AppData\Roaming\Code\User\globalStorage\redhat.java\1.54.0\config_win\org.eclipse.equinox.launcher\org.eclipse.equinox.launcher.win32.win32.x86_64_1.3.0.v20260203-2149

VM Arguments:
jvm_args: --add-modules=ALL-SYSTEM --add-opens=java.base/java.util=ALL-UNNAMED --add-opens=java.base/java.lang=ALL-UNNAMED --add-opens=java.base/sun.nio.fs=ALL-UNNAMED -Declipse.application=org.eclipse.jdt.ls.core.id1 -Dosgi.bundles.defaultStartLevel=4 -Declipse.product=org.eclipse.jdt.ls.core.product -Djava.import.generatesMetadataFilesAtProjectRoot=false -DDetectVMInstallationsJob.disabled=true -Dfile.encoding=utf8 -XX:+UseParallelGC -XX:GCTimeRatio=4 -XX:AdaptiveSizePolicyWeight=90 -Dsun.zip.disableMemoryMapping=true -Xmx2G -Xms100m -Xlog:disable -javaagent:c:\Users\haria\.vscode\extensions\redhat.java-1.54.0-win32-x64\lombok\lombok-1.18.39-4050.jar -XX:+HeapDumpOnOutOfMemoryError -XX:HeapDumpPath=c:\Users\haria\AppData\Roaming\Code\User\workspaceStorage\b368a157e7aa87000e8219b57c792138\redhat.java -Daether.dependencyCollector.impl=bf 
java_command: c:\Users\haria\.vscode\extensions\redhat.java-1.54.0-win32-x64\server\plugins\org.eclipse.equinox.launcher_1.7.100.v20251111-0406.jar -configuration c:\Users\haria\AppData\Roaming\Code\User\globalStorage\redhat.java\1.54.0\config_win -data c:\Users\haria\AppData\Roaming\Code\User\workspaceStorage\b368a157e7aa87000e8219b57c792138\redhat.java\jdt_ws --pipe=\\.\pipe\lsp-d7ad60faac63c33deaa42ac9035283c0-sock
java_class_path (initial): c:\Users\haria\.vscode\extensions\redhat.java-1.54.0-win32-x64\server\plugins\org.eclipse.equinox.launcher_1.7.100.v20251111-0406.jar
Launcher Type: SUN_STANDARD

[Global flags]
    uintx AdaptiveSizePolicyWeight                 = 90                                        {product} {command line}
     intx CICompilerCount                          = 3                                         {product} {ergonomic}
    uintx GCTimeRatio                              = 4                                         {product} {command line}
     bool HeapDumpOnOutOfMemoryError               = true                                   {manageable} {command line}
    ccstr HeapDumpPath                             = c:\Users\haria\AppData\Roaming\Code\User\workspaceStorage\b368a157e7aa87000e8219b57c792138\redhat.java         {manageable} {command line}
   size_t InitialHeapSize                          = 104857600                                 {product} {command line}
   size_t MaxHeapSize                              = 2147483648                                {product} {command line}
   size_t MaxNewSize                               = 715653120                                 {product} {ergonomic}
   size_t MinHeapDeltaBytes                        = 524288                                    {product} {ergonomic}
   size_t MinHeapSize                              = 104857600                                 {product} {command line}
   size_t NewSize                                  = 34603008                                  {product} {ergonomic}
    uintx NonNMethodCodeHeapSize                   = 5832780                                {pd product} {ergonomic}
    uintx NonProfiledCodeHeapSize                  = 122912730                              {pd product} {ergonomic}
   size_t OldSize                                  = 70254592                                  {product} {ergonomic}
    uintx ProfiledCodeHeapSize                     = 122912730                              {pd product} {ergonomic}
    uintx ReservedCodeCacheSize                    = 251658240                              {pd product} {ergonomic}
     bool SegmentedCodeCache                       = true                                      {product} {ergonomic}
   size_t SoftMaxHeapSize                          = 2147483648                             {manageable} {ergonomic}
     bool UseCompressedOops                        = true                           {product lp64_product} {ergonomic}
     bool UseLargePagesIndividualAllocation        = false                                  {pd product} {ergonomic}
     bool UseParallelGC                            = true                                      {product} {command line}

Logging:
Log output configuration:
 #0: stdout all=off uptime,level,tags foldmultilines=false
 #1: stderr all=off uptime,level,tags foldmultilines=false

Release file:
JAVA_VERSION="21.0.10" 
MODULES="java.base java.compiler java.datatransfer java.xml java.prefs java.desktop java.instrument java.logging java.management java.security.sasl java.naming java.rmi java.management.rmi java.net.http java.scripting java.security.jgss java.transaction.xa java.sql java.sql.rowset java.xml.crypto java.se java.smartcardio jdk.accessibility jdk.internal.jvmstat jdk.attach jdk.charsets jdk.internal.opt jdk.zipfs jdk.compiler jdk.crypto.ec jdk.crypto.cryptoki jdk.crypto.mscapi jdk.dynalink jdk.internal.ed jdk.editpad jdk.hotspot.agent jdk.httpserver jdk.internal.le jdk.internal.vm.ci jdk.internal.vm.compiler jdk.internal.vm.compiler.management jdk.jartool jdk.javadoc jdk.jcmd jdk.management jdk.management.agent jdk.jconsole jdk.jdeps jdk.jdwp.agent jdk.jdi jdk.jfr jdk.jshell jdk.jsobject jdk.jstatd jdk.localedata jdk.management.jfr jdk.naming.dns jdk.naming.rmi jdk.net jdk.nio.mapmode jdk.random jdk.sctp jdk.security.auth jdk.security.jgss jdk.unsupported jdk.unsupported.desktop jdk.xml.dom" 

Environment Variables:
JAVA_HOME=C:\Program Files\Java\jdk-17
PATH=C:\Program Files (x86)\Common Files\Intel\Shared Libraries\redist\intel64\compiler;C:\Program Files\Java\jdk-23\bin;C:\Program Files\Java\jdk-17\bin;C:\Windows\system32;C:\Windows;C:\Windows\System32\Wbem;C:\Windows\System32\WindowsPowerShell\v1.0\;C:\Windows\System32\OpenSSH\;C:\Program Files\Java\jdk-17\bin;C:\Program Files\Common Files\Oracle\Java\javapath;C:\Program Files\Java\jdk-20;C:\Program Files\MySQL\MySQL Server 8.0\bin;C:\Program Files\dotnet\;C:\Program Files\MySQL\MySQL Server 8.0\bin;C:\Program Files\nodejs\;C:\Program Files\apache-maven-3.9.11\bin;C:\Program Files\apache-maven-3.9.11\bin;C:\Program Files\Java\jdk-17\bin;C:\Program Files\Git\cmd;C:\Program Files\MySQL\MySQL Shell 8.0\bin\;C:\Users\haria\AppData\Local\Programs\Python\Launcher\;C:\Users\haria\AppData\Local\Microsoft\WindowsApps;C:\Users\haria\AppData\Local\Programs\Microsoft VS Code\bin;C:\Users\haria\AppData\Roaming\npm;C:\Program Files\Apache\Maven\apache-maven-3.9.9;
USERNAME=haria
OS=Windows_NT
PROCESSOR_IDENTIFIER=Intel64 Family 6 Model 140 Stepping 1, GenuineIntel
TMP=C:\Users\haria\AppData\Local\Temp
TEMP=C:\Users\haria\AppData\Local\Temp




Periodic native trim disabled

---------------  S Y S T E M  ---------------

OS:
 Windows 11 , 64 bit Build 22621 (10.0.22621.5262)
OS uptime: 0 days 0:44 hours

CPU: total 4 (initial active 4) (2 cores per cpu, 2 threads per core) family 6 model 140 stepping 1 microcode 0xa4, cx8, cmov, fxsr, ht, mmx, 3dnowpref, sse, sse2, sse3, ssse3, sse4.1, sse4.2, popcnt, lzcnt, tsc, tscinvbit, avx, avx2, aes, erms, clmul, bmi1, bmi2, adx, avx512f, avx512dq, avx512cd, avx512bw, avx512vl, sha, fma, vzeroupper, avx512_vpopcntdq, avx512_vpclmulqdq, avx512_vaes, avx512_vnni, clflush, clflushopt, clwb, avx512_vbmi2, avx512_vbmi, rdtscp, rdpid, fsrm, gfni, avx512_bitalg, f16c, pku, cet_ibt, cet_ss, avx512_ifma
Processor Information for the first 4 processors :
  Max Mhz: 2995, Current Mhz: 2995, Mhz Limit: 2995

Memory: 4k page, system-wide physical 7886M (317M free)
TotalPageFile size 10886M (AvailPageFile size 5M)
current process WorkingSet (physical memory assigned to process): 119M, peak: 119M
current process commit charge ("private bytes"): 244M, peak: 247M

vm_info: OpenJDK 64-Bit Server VM (21.0.10+7-LTS) for windows-amd64 JRE (21.0.10+7-LTS), built on 2026-01-20T00:00:00Z by "admin" with MS VC++ 17.12 (VS2022)

END.
