#
# There is insufficient memory for the Java Runtime Environment to continue.
# Native memory allocation (malloc) failed to allocate 276336 bytes. Error detail: Chunk::new
# Possible reasons:
#   The system is out of physical RAM or swap space
#   This process is running with CompressedOops enabled, and the Java Heap may be blocking the growth of the native heap
# Possible solutions:
#   Reduce memory load on the system
#   Increase physical memory or swap space
#   Check if swap backing store is full
#   Decrease Java heap size (-Xmx/-Xms)
#   Decrease number of Java threads
#   Decrease Java thread stack sizes (-Xss)
#   Set larger code cache with -XX:ReservedCodeCacheSize=
#   JVM is running with Unscaled Compressed Oops mode in which the Java heap is
#     placed in the first 4GB address space. The Java Heap base address is the
#     maximum limit for the native heap growth. Please use -XX:HeapBaseMinAddress
#     to set the Java Heap base and to place the Java Heap above 4GB virtual address.
# This output file may be truncated or incomplete.
#
#  Out of Memory Error (arena.cpp:168), pid=1516, tid=14796
#
# JRE version: OpenJDK Runtime Environment Temurin-21.0.10+7 (21.0.10+7) (build 21.0.10+7-LTS)
# Java VM: OpenJDK 64-Bit Server VM Temurin-21.0.10+7 (21.0.10+7-LTS, mixed mode, sharing, tiered, compressed oops, compressed class ptrs, parallel gc, windows-amd64)
# No core dump will be written. Minidumps are not enabled by default on client versions of Windows
#

---------------  S U M M A R Y ------------

Command Line: --add-modules=ALL-SYSTEM --add-opens=java.base/java.util=ALL-UNNAMED --add-opens=java.base/java.lang=ALL-UNNAMED --add-opens=java.base/sun.nio.fs=ALL-UNNAMED -Declipse.application=org.eclipse.jdt.ls.core.id1 -Dosgi.bundles.defaultStartLevel=4 -Declipse.product=org.eclipse.jdt.ls.core.product -Djava.import.generatesMetadataFilesAtProjectRoot=false -DDetectVMInstallationsJob.disabled=true -Dfile.encoding=utf8 -XX:+UseParallelGC -XX:GCTimeRatio=4 -XX:AdaptiveSizePolicyWeight=90 -Dsun.zip.disableMemoryMapping=true -Xmx2G -Xms100m -Xlog:disable -javaagent:c:\Users\haria\.vscode\extensions\redhat.java-1.54.0-win32-x64\lombok\lombok-1.18.39-4050.jar -XX:+HeapDumpOnOutOfMemoryError -XX:HeapDumpPath=c:\Users\haria\AppData\Roaming\Code\User\workspaceStorage\b368a157e7aa87000e8219b57c792138\redhat.java -Daether.dependencyCollector.impl=bf c:\Users\haria\.vscode\extensions\redhat.java-1.54.0-win32-x64\server\plugins\org.eclipse.equinox.launcher_1.7.100.v20251111-0406.jar -configuration c:\Users\haria\AppData\Roaming\Code\User\globalStorage\redhat.java\1.54.0\config_win -data c:\Users\haria\AppData\Roaming\Code\User\workspaceStorage\b368a157e7aa87000e8219b57c792138\redhat.java\jdt_ws --pipe=\\.\pipe\lsp-27450b363bee39e063682f96cde64a9b-sock

Host: 11th Gen Intel(R) Core(TM) i3-1115G4 @ 3.00GHz, 4 cores, 7G,  Windows 11 , 64 bit Build 22621 (10.0.22621.5262)
Time: Mon Jun  1 13:58:45 2026 India Standard Time elapsed time: 2.937549 seconds (0d 0h 0m 2s)

---------------  T H R E A D  ---------------

Current thread (0x000002d34e44c0e0):  JavaThread "C2 CompilerThread0" daemon [_thread_in_native, id=14796, stack(0x000000fd46000000,0x000000fd46100000) (1024K)]


Current CompileTask:
C2:2937 2193 %     4       java.util.Properties::loadConvert @ 8 (540 bytes)

Stack: [0x000000fd46000000,0x000000fd46100000]
Native frames: (J=compiled Java code, j=interpreted, Vv=VM code, C=native code)
V  [jvm.dll+0x6d7a39]
V  [jvm.dll+0x8b4b26]
V  [jvm.dll+0x8b70de]
V  [jvm.dll+0x8b77c3]
V  [jvm.dll+0x284346]
V  [jvm.dll+0xc66ed]
V  [jvm.dll+0xc6c31]
V  [jvm.dll+0x3bec01]
V  [jvm.dll+0x38b162]
V  [jvm.dll+0x38a5aa]
V  [jvm.dll+0x24c560]
V  [jvm.dll+0x24bb40]
V  [jvm.dll+0x1cb34e]
V  [jvm.dll+0x25b85d]
V  [jvm.dll+0x259dea]
V  [jvm.dll+0x3f857e]
V  [jvm.dll+0x85f59d]
V  [jvm.dll+0x6d626d]
C  [ucrtbase.dll+0x29333]
C  [KERNEL32.DLL+0x1259d]
C  [ntdll.dll+0x5af58]


---------------  P R O C E S S  ---------------

Threads class SMR info:
_java_thread_list=0x000002d3951509e0, length=16, elements={
0x000002d3357642a0, 0x000002d337aedbe0, 0x000002d34e440f40, 0x000002d34e4441b0,
0x000002d34e445600, 0x000002d34e4495c0, 0x000002d34e448450, 0x000002d34e44c0e0,
0x000002d34e480560, 0x000002d3902a05d0, 0x000002d390460e20, 0x000002d3907c6c20,
0x000002d3903ee800, 0x000002d39098b030, 0x000002d39098f7f0, 0x000002d390ae7f20
}

Java Threads: ( => current thread )
  0x000002d3357642a0 JavaThread "main"                              [_thread_blocked, id=14436, stack(0x000000fd45600000,0x000000fd45700000) (1024K)]
  0x000002d337aedbe0 JavaThread "Reference Handler"          daemon [_thread_blocked, id=2012, stack(0x000000fd45a00000,0x000000fd45b00000) (1024K)]
  0x000002d34e440f40 JavaThread "Finalizer"                  daemon [_thread_blocked, id=13444, stack(0x000000fd45b00000,0x000000fd45c00000) (1024K)]
  0x000002d34e4441b0 JavaThread "Signal Dispatcher"          daemon [_thread_blocked, id=14644, stack(0x000000fd45c00000,0x000000fd45d00000) (1024K)]
  0x000002d34e445600 JavaThread "Attach Listener"            daemon [_thread_blocked, id=9532, stack(0x000000fd45d00000,0x000000fd45e00000) (1024K)]
  0x000002d34e4495c0 JavaThread "Service Thread"             daemon [_thread_blocked, id=15336, stack(0x000000fd45e00000,0x000000fd45f00000) (1024K)]
  0x000002d34e448450 JavaThread "Monitor Deflation Thread"   daemon [_thread_blocked, id=3944, stack(0x000000fd45f00000,0x000000fd46000000) (1024K)]
=>0x000002d34e44c0e0 JavaThread "C2 CompilerThread0"         daemon [_thread_in_native, id=14796, stack(0x000000fd46000000,0x000000fd46100000) (1024K)]
  0x000002d34e480560 JavaThread "C1 CompilerThread0"         daemon [_thread_blocked, id=15604, stack(0x000000fd46100000,0x000000fd46200000) (1024K)]
  0x000002d3902a05d0 JavaThread "Common-Cleaner"             daemon [_thread_blocked, id=15080, stack(0x000000fd46200000,0x000000fd46300000) (1024K)]
  0x000002d390460e20 JavaThread "Notification Thread"        daemon [_thread_blocked, id=16076, stack(0x000000fd46300000,0x000000fd46400000) (1024K)]
  0x000002d3907c6c20 JavaThread "Active Thread: Equinox Container: fc57d7d4-c869-4641-8080-5a167acb8caf"        [_thread_blocked, id=4892, stack(0x000000fd46700000,0x000000fd46800000) (1024K)]
  0x000002d3903ee800 JavaThread "Refresh Thread: Equinox Container: fc57d7d4-c869-4641-8080-5a167acb8caf" daemon [_thread_blocked, id=15316, stack(0x000000fd46800000,0x000000fd46900000) (1024K)]
  0x000002d39098b030 JavaThread "Framework Event Dispatcher: Equinox Container: fc57d7d4-c869-4641-8080-5a167acb8caf" daemon [_thread_blocked, id=15568, stack(0x000000fd46900000,0x000000fd46a00000) (1024K)]
  0x000002d39098f7f0 JavaThread "Start Level: Equinox Container: fc57d7d4-c869-4641-8080-5a167acb8caf" daemon [_thread_in_native, id=14668, stack(0x000000fd46a00000,0x000000fd46b00000) (1024K)]
  0x000002d390ae7f20 JavaThread "Bundle File Closer"         daemon [_thread_blocked, id=1880, stack(0x000000fd46b00000,0x000000fd46c00000) (1024K)]
Total: 16

Other Threads:
  0x000002d337ad2d40 VMThread "VM Thread"                           [id=10544, stack(0x000000fd45900000,0x000000fd45a00000) (1024K)]
  0x000002d34e3bc950 WatcherThread "VM Periodic Task Thread"        [id=16220, stack(0x000000fd45800000,0x000000fd45900000) (1024K)]
  0x000002d337a736f0 WorkerThread "GC Thread#0"                     [id=10504, stack(0x000000fd45700000,0x000000fd45800000) (1024K)]
  0x000002d390a4fe60 WorkerThread "GC Thread#1"                     [id=11900, stack(0x000000fd46400000,0x000000fd46500000) (1024K)]
  0x000002d39090f840 WorkerThread "GC Thread#2"                     [id=3212, stack(0x000000fd46500000,0x000000fd46600000) (1024K)]
  0x000002d390a50210 WorkerThread "GC Thread#3"                     [id=11676, stack(0x000000fd46600000,0x000000fd46700000) (1024K)]
Total: 6

Threads with active compile tasks:
C2 CompilerThread0  2965 2193 %     4       java.util.Properties::loadConvert @ 8 (540 bytes)
Total: 1

VM state: not at safepoint (normal execution)

VM Mutex/Monitor currently owned by a thread: None

Heap address: 0x0000000080000000, size: 2048 MB, Compressed Oops mode: 32-bit

CDS archive(s) mapped at: [0x000002d34f000000-0x000002d34fba0000-0x000002d34fba0000), size 12189696, SharedBaseAddress: 0x000002d34f000000, ArchiveRelocationMode: 1.
Compressed class space mapped at: 0x000002d350000000-0x000002d390000000, reserved size: 1073741824
Narrow klass base: 0x000002d34f000000, Narrow klass shift: 0, Narrow klass range: 0x100000000

GC Precious Log:
 CardTable entry size: 512
 CPUs: 4 total, 4 available
 Memory: 7886M
 Large Page Support: Disabled
 NUMA Support: Disabled
 Compressed Oops: Enabled (32-bit)
 Alignments: Space 512K, Generation 512K, Heap 2M
 Heap Min Capacity: 100M
 Heap Initial Capacity: 100M
 Heap Max Capacity: 2G
 Pre-touch: Disabled
 Parallel Workers: 4

Heap:
 PSYoungGen      total 29696K, used 10326K [0x00000000d5580000, 0x00000000d7680000, 0x0000000100000000)
  eden space 25600K, 24% used [0x00000000d5580000,0x00000000d5b98b10,0x00000000d6e80000)
  from space 4096K, 99% used [0x00000000d6e80000,0x00000000d727d080,0x00000000d7280000)
  to   space 4096K, 0% used [0x00000000d7280000,0x00000000d7280000,0x00000000d7680000)
 ParOldGen       total 68608K, used 4728K [0x0000000080000000, 0x0000000084300000, 0x00000000d5580000)
  object space 68608K, 6% used [0x0000000080000000,0x000000008049e150,0x0000000084300000)
 Metaspace       used 9510K, committed 9856K, reserved 1114112K
  class space    used 1009K, committed 1152K, reserved 1048576K

Card table byte_map: [0x000002d337400000,0x000002d337810000] _byte_map_base: 0x000002d337000000

Marking Bits: (ParMarkBitMap*) 0x00007ffee4b23450
 Begin Bits: [0x000002d349ee0000, 0x000002d34bee0000)
 End Bits:   [0x000002d34bee0000, 0x000002d34dee0000)

Polling page: 0x000002d3371f0000

Metaspace:

Usage:
  Non-class:      8.30 MB used.
      Class:   1009.80 KB used.
       Both:      9.29 MB used.

Virtual space:
  Non-class space:       64.00 MB reserved,       8.50 MB ( 13%) committed,  1 nodes.
      Class space:        1.00 GB reserved,       1.12 MB ( <1%) committed,  1 nodes.
             Both:        1.06 GB reserved,       9.62 MB ( <1%) committed. 

Chunk freelists:
   Non-Class:  6.78 MB
       Class:  14.79 MB
        Both:  21.57 MB

MaxMetaspaceSize: unlimited
CompressedClassSpaceSize: 1.00 GB
Initial GC threshold: 21.00 MB
Current GC threshold: 21.00 MB
CDS: on
 - commit_granule_bytes: 65536.
 - commit_granule_words: 8192.
 - virtual_space_node_default_size: 8388608.
 - enlarge_chunks_in_place: 1.
 - use_allocation_guard: 0.


Internal statistics:

num_allocs_failed_limit: 0.
num_arena_births: 256.
num_arena_deaths: 0.
num_vsnodes_births: 2.
num_vsnodes_deaths: 0.
num_space_committed: 154.
num_space_uncommitted: 0.
num_chunks_returned_to_freelist: 0.
num_chunks_taken_from_freelist: 510.
num_chunk_merges: 0.
num_chunk_splits: 323.
num_chunks_enlarged: 213.
num_inconsistent_stats: 0.

CodeHeap 'non-profiled nmethods': size=120000Kb used=1018Kb max_used=1018Kb free=118981Kb
 bounds [0x000002d342700000, 0x000002d342970000, 0x000002d349c30000]
CodeHeap 'profiled nmethods': size=120000Kb used=4138Kb max_used=4138Kb free=115861Kb
 bounds [0x000002d33ac30000, 0x000002d33b040000, 0x000002d342160000]
CodeHeap 'non-nmethods': size=5760Kb used=1238Kb max_used=1263Kb free=4521Kb
 bounds [0x000002d342160000, 0x000002d3423d0000, 0x000002d342700000]
CodeCache: size=245760Kb, used=6394Kb, max_used=6419Kb, free=239363Kb
 total_blobs=2719, nmethods=2227, adapters=398, full_count=0
Compilation: enabled, stopped_count=0, restarted_count=0

Compilation events (20 events):
Event: 2.910 Thread 0x000002d34e480560 2187       3       java.util.ArrayList$ArrayListSpliterator::tryAdvance (79 bytes)
Event: 2.910 Thread 0x000002d34e480560 nmethod 2187 0x000002d33b016f90 code [0x000002d33b0171a0, 0x000002d33b0176e8]
Event: 2.910 Thread 0x000002d34e480560 2188       3       java.util.ResourceBundle::getObject (82 bytes)
Event: 2.911 Thread 0x000002d34e480560 nmethod 2188 0x000002d33b017910 code [0x000002d33b017be0, 0x000002d33b0186f8]
Event: 2.913 Thread 0x000002d34e480560 2189       1       java.util.Collections$EmptyList::size (2 bytes)
Event: 2.914 Thread 0x000002d34e480560 nmethod 2189 0x000002d3427fca10 code [0x000002d3427fcba0, 0x000002d3427fcc68]
Event: 2.915 Thread 0x000002d34e480560 2190       3       java.util.stream.StreamSpliterators$WrappingSpliterator$$Lambda/0x000002d350027a90::getAsBoolean (8 bytes)
Event: 2.916 Thread 0x000002d34e480560 nmethod 2190 0x000002d33b018b10 code [0x000002d33b018cc0, 0x000002d33b018f08]
Event: 2.917 Thread 0x000002d34e480560 2191       3       java.util.zip.ZipFile$Source::initCEN (612 bytes)
Event: 2.919 Thread 0x000002d34e480560 nmethod 2191 0x000002d33b019010 code [0x000002d33b019560, 0x000002d33b01c478]
Event: 2.920 Thread 0x000002d34e480560 2192       3       java.lang.Integer::toHexString (6 bytes)
Event: 2.920 Thread 0x000002d34e480560 nmethod 2192 0x000002d33b01d810 code [0x000002d33b01d9c0, 0x000002d33b01dae0]
Event: 2.922 Thread 0x000002d34e44c0e0 2193 %     4       java.util.Properties::loadConvert @ 8 (540 bytes)
Event: 2.926 Thread 0x000002d34e480560 2194       3       java.lang.String::indexOf (7 bytes)
Event: 2.926 Thread 0x000002d34e480560 nmethod 2194 0x000002d33b01db90 code [0x000002d33b01dd40, 0x000002d33b01de80]
Event: 2.929 Thread 0x000002d34e480560 2195   !   3       org.eclipse.osgi.storage.bundlefile.CloseableBundleFile$BundleEntryInputStream::read (17 bytes)
Event: 2.929 Thread 0x000002d34e480560 nmethod 2195 0x000002d33b01df10 code [0x000002d33b01e0e0, 0x000002d33b01e388]
Event: 2.931 Thread 0x000002d34e480560 2197   !   3       java.util.jar.Attributes::read (494 bytes)
Event: 2.933 Thread 0x000002d34e480560 nmethod 2197 0x000002d33b01e510 code [0x000002d33b01eca0, 0x000002d33b022930]
Event: 2.933 Thread 0x000002d34e480560 2201   !   3       java.lang.String::<init> (880 bytes)

GC Heap History (6 events):
Event: 0.954 GC heap before
{Heap before GC invocations=1 (full 0):
 PSYoungGen      total 29696K, used 25600K [0x00000000d5580000, 0x00000000d7680000, 0x0000000100000000)
  eden space 25600K, 100% used [0x00000000d5580000,0x00000000d6e80000,0x00000000d6e80000)
  from space 4096K, 0% used [0x00000000d7280000,0x00000000d7280000,0x00000000d7680000)
  to   space 4096K, 0% used [0x00000000d6e80000,0x00000000d6e80000,0x00000000d7280000)
 ParOldGen       total 68608K, used 0K [0x0000000080000000, 0x0000000084300000, 0x00000000d5580000)
  object space 68608K, 0% used [0x0000000080000000,0x0000000080000000,0x0000000084300000)
 Metaspace       used 4341K, committed 4608K, reserved 1114112K
  class space    used 473K, committed 576K, reserved 1048576K
}
Event: 0.966 GC heap after
{Heap after GC invocations=1 (full 0):
 PSYoungGen      total 29696K, used 3303K [0x00000000d5580000, 0x00000000d7680000, 0x0000000100000000)
  eden space 25600K, 0% used [0x00000000d5580000,0x00000000d5580000,0x00000000d6e80000)
  from space 4096K, 80% used [0x00000000d6e80000,0x00000000d71b9e98,0x00000000d7280000)
  to   space 4096K, 0% used [0x00000000d7280000,0x00000000d7280000,0x00000000d7680000)
 ParOldGen       total 68608K, used 0K [0x0000000080000000, 0x0000000084300000, 0x00000000d5580000)
  object space 68608K, 0% used [0x0000000080000000,0x0000000080000000,0x0000000084300000)
 Metaspace       used 4341K, committed 4608K, reserved 1114112K
  class space    used 473K, committed 576K, reserved 1048576K
}
Event: 2.125 GC heap before
{Heap before GC invocations=2 (full 0):
 PSYoungGen      total 29696K, used 28903K [0x00000000d5580000, 0x00000000d7680000, 0x0000000100000000)
  eden space 25600K, 100% used [0x00000000d5580000,0x00000000d6e80000,0x00000000d6e80000)
  from space 4096K, 80% used [0x00000000d6e80000,0x00000000d71b9e98,0x00000000d7280000)
  to   space 4096K, 0% used [0x00000000d7280000,0x00000000d7280000,0x00000000d7680000)
 ParOldGen       total 68608K, used 0K [0x0000000080000000, 0x0000000084300000, 0x00000000d5580000)
  object space 68608K, 0% used [0x0000000080000000,0x0000000080000000,0x0000000084300000)
 Metaspace       used 7990K, committed 8256K, reserved 1114112K
  class space    used 831K, committed 960K, reserved 1048576K
}
Event: 2.131 GC heap after
{Heap after GC invocations=2 (full 0):
 PSYoungGen      total 29696K, used 4087K [0x00000000d5580000, 0x00000000d7680000, 0x0000000100000000)
  eden space 25600K, 0% used [0x00000000d5580000,0x00000000d5580000,0x00000000d6e80000)
  from space 4096K, 99% used [0x00000000d7280000,0x00000000d767dea8,0x00000000d7680000)
  to   space 4096K, 0% used [0x00000000d6e80000,0x00000000d6e80000,0x00000000d7280000)
 ParOldGen       total 68608K, used 2022K [0x0000000080000000, 0x0000000084300000, 0x00000000d5580000)
  object space 68608K, 2% used [0x0000000080000000,0x00000000801f9830,0x0000000084300000)
 Metaspace       used 7990K, committed 8256K, reserved 1114112K
  class space    used 831K, committed 960K, reserved 1048576K
}
Event: 2.821 GC heap before
{Heap before GC invocations=3 (full 0):
 PSYoungGen      total 29696K, used 29555K [0x00000000d5580000, 0x00000000d7680000, 0x0000000100000000)
  eden space 25600K, 99% used [0x00000000d5580000,0x00000000d6e5edb0,0x00000000d6e80000)
  from space 4096K, 99% used [0x00000000d7280000,0x00000000d767dea8,0x00000000d7680000)
  to   space 4096K, 0% used [0x00000000d6e80000,0x00000000d6e80000,0x00000000d7280000)
 ParOldGen       total 68608K, used 2022K [0x0000000080000000, 0x0000000084300000, 0x00000000d5580000)
  object space 68608K, 2% used [0x0000000080000000,0x00000000801f9830,0x0000000084300000)
 Metaspace       used 9455K, committed 9792K, reserved 1114112K
  class space    used 1009K, committed 1152K, reserved 1048576K
}
Event: 2.830 GC heap after
{Heap after GC invocations=3 (full 0):
 PSYoungGen      total 29696K, used 4084K [0x00000000d5580000, 0x00000000d7680000, 0x0000000100000000)
  eden space 25600K, 0% used [0x00000000d5580000,0x00000000d5580000,0x00000000d6e80000)
  from space 4096K, 99% used [0x00000000d6e80000,0x00000000d727d080,0x00000000d7280000)
  to   space 4096K, 0% used [0x00000000d7280000,0x00000000d7280000,0x00000000d7680000)
 ParOldGen       total 68608K, used 4728K [0x0000000080000000, 0x0000000084300000, 0x00000000d5580000)
  object space 68608K, 6% used [0x0000000080000000,0x000000008049e150,0x0000000084300000)
 Metaspace       used 9455K, committed 9792K, reserved 1114112K
  class space    used 1009K, committed 1152K, reserved 1048576K
}

Dll operation events (9 events):
Event: 0.032 Loaded shared library c:\Users\haria\.vscode\extensions\redhat.java-1.54.0-win32-x64\jre\21.0.10-win32-x86_64\bin\java.dll
Event: 0.128 Loaded shared library c:\Users\haria\.vscode\extensions\redhat.java-1.54.0-win32-x64\jre\21.0.10-win32-x86_64\bin\zip.dll
Event: 0.159 Loaded shared library C:\Users\haria\.vscode\extensions\redhat.java-1.54.0-win32-x64\jre\21.0.10-win32-x86_64\bin\instrument.dll
Event: 0.166 Loaded shared library C:\Users\haria\.vscode\extensions\redhat.java-1.54.0-win32-x64\jre\21.0.10-win32-x86_64\bin\net.dll
Event: 0.168 Loaded shared library C:\Users\haria\.vscode\extensions\redhat.java-1.54.0-win32-x64\jre\21.0.10-win32-x86_64\bin\nio.dll
Event: 0.171 Loaded shared library C:\Users\haria\.vscode\extensions\redhat.java-1.54.0-win32-x64\jre\21.0.10-win32-x86_64\bin\zip.dll
Event: 0.196 Loaded shared library C:\Users\haria\.vscode\extensions\redhat.java-1.54.0-win32-x64\jre\21.0.10-win32-x86_64\bin\jimage.dll
Event: 0.277 Loaded shared library c:\Users\haria\.vscode\extensions\redhat.java-1.54.0-win32-x64\jre\21.0.10-win32-x86_64\bin\verify.dll
Event: 2.199 Loaded shared library C:\Users\haria\AppData\Roaming\Code\User\globalStorage\redhat.java\1.54.0\config_win\org.eclipse.equinox.launcher\org.eclipse.equinox.launcher.win32.win32.x86_64_1.3.0.v20260203-2149\eclipse_11919.dll

Deoptimization events (20 events):
Event: 2.906 Thread 0x000002d39098f7f0 Uncommon trap: trap_request=0xffffff45 fr.pc=0x000002d342768b04 relative=0x0000000000002444
Event: 2.906 Thread 0x000002d39098f7f0 Uncommon trap: reason=unstable_if action=reinterpret pc=0x000002d342768b04 method=java.util.jar.Manifest$FastInputStream.peek()B @ 23 c2
Event: 2.906 Thread 0x000002d39098f7f0 DEOPT PACKING pc=0x000002d342768b04 sp=0x000000fd46afd710
Event: 2.906 Thread 0x000002d39098f7f0 DEOPT UNPACKING pc=0x000002d3421b6da2 sp=0x000000fd46afd6a8 mode 2
Event: 2.925 Thread 0x000002d39098f7f0 Uncommon trap: trap_request=0xffffff45 fr.pc=0x000002d3427f84c4 relative=0x0000000000001004
Event: 2.925 Thread 0x000002d39098f7f0 Uncommon trap: reason=unstable_if action=reinterpret pc=0x000002d3427f84c4 method=java.lang.String.<init>(Ljava/nio/charset/Charset;[BII)V @ 56 c2
Event: 2.926 Thread 0x000002d39098f7f0 DEOPT PACKING pc=0x000002d3427f84c4 sp=0x000000fd46afde90
Event: 2.926 Thread 0x000002d39098f7f0 DEOPT UNPACKING pc=0x000002d3421b6da2 sp=0x000000fd46afde30 mode 2
Event: 2.926 Thread 0x000002d39098f7f0 Uncommon trap: trap_request=0xffffff45 fr.pc=0x000002d3427230dc relative=0x00000000000001bc
Event: 2.926 Thread 0x000002d39098f7f0 Uncommon trap: reason=unstable_if action=reinterpret pc=0x000002d3427230dc method=java.lang.String.isLatin1()Z @ 10 c2
Event: 2.926 Thread 0x000002d39098f7f0 DEOPT PACKING pc=0x000002d3427230dc sp=0x000000fd46afdf90
Event: 2.926 Thread 0x000002d39098f7f0 DEOPT UNPACKING pc=0x000002d3421b6da2 sp=0x000000fd46afde60 mode 2
Event: 2.926 Thread 0x000002d39098f7f0 Uncommon trap: trap_request=0xffffff45 fr.pc=0x000002d342758350 relative=0x0000000000000570
Event: 2.926 Thread 0x000002d39098f7f0 Uncommon trap: reason=unstable_if action=reinterpret pc=0x000002d342758350 method=java.lang.String.substring(II)Ljava/lang/String; @ 31 c2
Event: 2.926 Thread 0x000002d39098f7f0 DEOPT PACKING pc=0x000002d342758350 sp=0x000000fd46afdf40
Event: 2.926 Thread 0x000002d39098f7f0 DEOPT UNPACKING pc=0x000002d3421b6da2 sp=0x000000fd46afdf10 mode 2
Event: 2.926 Thread 0x000002d39098f7f0 Uncommon trap: trap_request=0xffffff45 fr.pc=0x000002d34270a70c relative=0x000000000000006c
Event: 2.926 Thread 0x000002d39098f7f0 Uncommon trap: reason=unstable_if action=reinterpret pc=0x000002d34270a70c method=java.lang.String.isLatin1()Z @ 10 c2
Event: 2.926 Thread 0x000002d39098f7f0 DEOPT PACKING pc=0x000002d34270a70c sp=0x000000fd46afdeb0
Event: 2.926 Thread 0x000002d39098f7f0 DEOPT UNPACKING pc=0x000002d3421b6da2 sp=0x000000fd46afde40 mode 2

Classes loaded (20 events):
Event: 2.390 Loading class sun/util/logging/resources/logging_en_IN
Event: 2.390 Loading class sun/util/logging/resources/logging_en_IN done
Event: 2.392 Loading class java/util/Formatter$DateTime
Event: 2.392 Loading class java/util/Formatter$DateTime done
Event: 2.392 Loading class java/util/Formatter$FixedString
Event: 2.392 Loading class java/util/Formatter$FixedString done
Event: 2.392 Loading class java/time/ZonedDateTime$1
Event: 2.392 Loading class java/time/ZonedDateTime$1 done
Event: 2.417 Loading class jdk/internal/module/ModulePatcher$PatchedModuleReader
Event: 2.419 Loading class jdk/internal/module/ModulePatcher$PatchedModuleReader done
Event: 2.425 Loading class sun/util/resources/LocaleData$CommonResourceBundleProvider
Event: 2.426 Loading class sun/util/resources/LocaleData$LocaleDataResourceBundleProvider
Event: 2.426 Loading class java/util/spi/ResourceBundleProvider
Event: 2.426 Loading class java/util/spi/ResourceBundleProvider done
Event: 2.426 Loading class sun/util/resources/LocaleData$LocaleDataResourceBundleProvider done
Event: 2.426 Loading class sun/util/resources/LocaleData$CommonResourceBundleProvider done
Event: 2.428 Loading class sun/text/resources/cldr/FormatData_en
Event: 2.429 Loading class sun/text/resources/cldr/FormatData_en done
Event: 2.430 Loading class sun/util/resources/Bundles$2
Event: 2.430 Loading class sun/util/resources/Bundles$2 done

Classes unloaded (0 events):
No events

Classes redefined (0 events):
No events

Internal exceptions (20 events):
Event: 1.019 Thread 0x000002d3357642a0 Implicit null exception at 0x000002d34276e349 to 0x000002d34276ee44
Event: 1.020 Thread 0x000002d3357642a0 Implicit null exception at 0x000002d34276171a to 0x000002d342761920
Event: 1.021 Thread 0x000002d3357642a0 Exception <a 'java/lang/NoSuchMethodError'{0x00000000d5733f48}: 'void java.lang.invoke.DirectMethodHandle$Holder.invokeStatic(java.lang.Object, java.lang.Object, java.lang.Object, java.lang.Object)'> (0x00000000d5733f48) 
thrown [s\src\hotspot\share\interpreter\linkResolver.cpp, line 773]
Event: 1.023 Thread 0x000002d3357642a0 Implicit null exception at 0x000002d342764c1a to 0x000002d342764e24
Event: 1.023 Thread 0x000002d3357642a0 Implicit null exception at 0x000002d34275d33d to 0x000002d34275d3c1
Event: 1.207 Thread 0x000002d3357642a0 Exception <a 'java/lang/NoSuchMethodError'{0x00000000d59dc310}: 'void java.lang.invoke.DirectMethodHandle$Holder.invokeSpecial(java.lang.Object, java.lang.Object, java.lang.Object)'> (0x00000000d59dc310) 
thrown [s\src\hotspot\share\interpreter\linkResolver.cpp, line 773]
Event: 1.649 Thread 0x000002d3357642a0 Exception <a 'java/lang/NoSuchMethodError'{0x00000000d6465d10}: 'int java.lang.invoke.DirectMethodHandle$Holder.invokeVirtual(java.lang.Object, java.lang.Object)'> (0x00000000d6465d10) 
thrown [s\src\hotspot\share\interpreter\linkResolver.cpp, line 773]
Event: 1.707 Thread 0x000002d3357642a0 Exception <a 'java/lang/NoSuchMethodError'{0x00000000d65ee2b0}: 'int java.lang.invoke.DirectMethodHandle$Holder.invokeStaticInit(java.lang.Object, java.lang.Object, java.lang.Object, java.lang.Object)'> (0x00000000d65ee2b0) 
thrown [s\src\hotspot\share\interpreter\linkResolver.cpp, line 773]
Event: 1.709 Thread 0x000002d3357642a0 Exception <a 'java/lang/IncompatibleClassChangeError'{0x00000000d65f66b8}: Found class java.lang.Object, but interface was expected> (0x00000000d65f66b8) 
thrown [s\src\hotspot\share\interpreter\linkResolver.cpp, line 840]
Event: 1.710 Thread 0x000002d3357642a0 Exception <a 'java/lang/NoSuchMethodError'{0x00000000d65fd568}: 'void java.lang.invoke.DirectMethodHandle$Holder.invokeStaticInit(java.lang.Object, java.lang.Object)'> (0x00000000d65fd568) 
thrown [s\src\hotspot\share\interpreter\linkResolver.cpp, line 773]
Event: 1.710 Thread 0x000002d3357642a0 Exception <a 'java/lang/NoSuchMethodError'{0x00000000d6607020}: 'int java.lang.invoke.DirectMethodHandle$Holder.invokeStaticInit(java.lang.Object, java.lang.Object)'> (0x00000000d6607020) 
thrown [s\src\hotspot\share\interpreter\linkResolver.cpp, line 773]
Event: 1.871 Thread 0x000002d3357642a0 Exception <a 'java/lang/NoSuchMethodError'{0x00000000d6869748}: 'java.lang.Object java.lang.invoke.DirectMethodHandle$Holder.newInvokeSpecial(java.lang.Object, int, java.lang.Object)'> (0x00000000d6869748) 
thrown [s\src\hotspot\share\interpreter\linkResolver.cpp, line 773]
Event: 1.919 Thread 0x000002d3357642a0 Exception <a 'java/lang/ClassNotFoundException'{0x00000000d6a852a8}: sun/net/www/protocol/plurl/Handler> (0x00000000d6a852a8) 
thrown [s\src\hotspot\share\classfile\systemDictionary.cpp, line 312]
Event: 1.919 Thread 0x000002d3357642a0 Exception <a 'java/lang/ClassNotFoundException'{0x00000000d6a86128}: sun/net/www/protocol/plurl/Handler> (0x00000000d6a86128) 
thrown [s\src\hotspot\share\classfile\systemDictionary.cpp, line 312]
Event: 2.194 Thread 0x000002d3357642a0 Exception <a 'java/lang/UnsatisfiedLinkError'{0x00000000d564b4d8}: 'void org.eclipse.equinox.launcher.JNIBridge._update_splash()'> (0x00000000d564b4d8) 
thrown [s\src\hotspot\share\prims\nativeLookup.cpp, line 415]
Event: 2.239 Thread 0x000002d3903ee800 Exception <a 'java/lang/NoSuchMethodError'{0x00000000d58e3850}: 'void java.lang.invoke.DirectMethodHandle$Holder.invokeInterface(java.lang.Object, java.lang.Object, java.lang.Object)'> (0x00000000d58e3850) 
thrown [s\src\hotspot\share\interpreter\linkResolver.cpp, line 773]
Event: 2.343 Thread 0x000002d39098f7f0 Exception <a 'java/lang/NoSuchMethodError'{0x00000000d5cc9cd8}: 'java.lang.Object java.lang.invoke.DirectMethodHandle$Holder.newInvokeSpecial(java.lang.Object, java.lang.Object, int, java.lang.Object)'> (0x00000000d5cc9cd8) 
thrown [s\src\hotspot\share\interpreter\linkResolver.cpp, line 773]
Event: 2.346 Thread 0x000002d39098f7f0 Exception <a 'java/lang/NoSuchMethodError'{0x00000000d5ccdb08}: 'java.lang.Object java.lang.invoke.DirectMethodHandle$Holder.invokeSpecial(java.lang.Object, java.lang.Object, java.lang.Object, int, java.lang.Object)'> (0x00000000d5ccdb08) 
thrown [s\src\hotspot\share\interpreter\linkResolver.cpp, line 773]
Event: 2.366 Thread 0x000002d39098f7f0 Exception <a 'java/lang/NoClassDefFoundError'{0x00000000d5d74a48}: jakarta/servlet/ServletContainerInitializer> (0x00000000d5d74a48) 
thrown [s\src\hotspot\share\classfile\systemDictionary.cpp, line 301]
Event: 2.389 Thread 0x000002d39098f7f0 Exception <a 'java/lang/ClassNotFoundException'{0x00000000d5ec86a0}: sun/util/logging/resources/spi/loggingProvider> (0x00000000d5ec86a0) 
thrown [s\src\hotspot\share\classfile\systemDictionary.cpp, line 312]

ZGC Phase Switch (0 events):
No events

VM Operations (20 events):
Event: 1.744 Executing non-safepoint VM operation: HandshakeAllThreads (Deoptimize)
Event: 1.759 Executing non-safepoint VM operation: HandshakeAllThreads (Deoptimize) done
Event: 1.857 Executing non-safepoint VM operation: HandshakeAllThreads (Deoptimize)
Event: 1.857 Executing non-safepoint VM operation: HandshakeAllThreads (Deoptimize) done
Event: 1.902 Executing non-safepoint VM operation: HandshakeAllThreads (Deoptimize)
Event: 1.902 Executing non-safepoint VM operation: HandshakeAllThreads (Deoptimize) done
Event: 1.916 Executing non-safepoint VM operation: HandshakeAllThreads (Deoptimize)
Event: 1.916 Executing non-safepoint VM operation: HandshakeAllThreads (Deoptimize) done
Event: 2.125 Executing safepoint VM operation: ParallelGCFailedAllocation (Allocation Failure)
Event: 2.131 Executing safepoint VM operation: ParallelGCFailedAllocation (Allocation Failure) done
Event: 2.380 Executing non-safepoint VM operation: HandshakeAllThreads (Deoptimize)
Event: 2.380 Executing non-safepoint VM operation: HandshakeAllThreads (Deoptimize) done
Event: 2.420 Executing non-safepoint VM operation: HandshakeAllThreads (Deoptimize)
Event: 2.420 Executing non-safepoint VM operation: HandshakeAllThreads (Deoptimize) done
Event: 2.436 Executing non-safepoint VM operation: HandshakeAllThreads (Deoptimize)
Event: 2.436 Executing non-safepoint VM operation: HandshakeAllThreads (Deoptimize) done
Event: 2.444 Executing non-safepoint VM operation: HandshakeAllThreads (Deoptimize)
Event: 2.444 Executing non-safepoint VM operation: HandshakeAllThreads (Deoptimize) done
Event: 2.821 Executing safepoint VM operation: ParallelGCFailedAllocation (Allocation Failure)
Event: 2.830 Executing safepoint VM operation: ParallelGCFailedAllocation (Allocation Failure) done

Memory protections (0 events):
No events

Nmethod flushes (0 events):
No events

Events (16 events):
Event: 0.049 Thread 0x000002d3357642a0 Thread added: 0x000002d3357642a0
Event: 0.071 Thread 0x000002d3357642a0 Thread added: 0x000002d337aedbe0
Event: 0.071 Thread 0x000002d3357642a0 Thread added: 0x000002d34e440f40
Event: 0.072 Thread 0x000002d3357642a0 Thread added: 0x000002d34e4441b0
Event: 0.072 Thread 0x000002d3357642a0 Thread added: 0x000002d34e445600
Event: 0.072 Thread 0x000002d3357642a0 Thread added: 0x000002d34e4495c0
Event: 0.072 Thread 0x000002d3357642a0 Thread added: 0x000002d34e448450
Event: 0.072 Thread 0x000002d3357642a0 Thread added: 0x000002d34e44c0e0
Event: 0.073 Thread 0x000002d3357642a0 Thread added: 0x000002d34e480560
Event: 0.161 Thread 0x000002d3357642a0 Thread added: 0x000002d3902a05d0
Event: 0.403 Thread 0x000002d3357642a0 Thread added: 0x000002d390460e20
Event: 1.726 Thread 0x000002d3357642a0 Thread added: 0x000002d3907c6c20
Event: 2.192 Thread 0x000002d3357642a0 Thread added: 0x000002d3903ee800
Event: 2.242 Thread 0x000002d3903ee800 Thread added: 0x000002d39098b030
Event: 2.248 Thread 0x000002d3357642a0 Thread added: 0x000002d39098f7f0
Event: 2.931 Thread 0x000002d39098f7f0 Thread added: 0x000002d390ae7f20


Dynamic libraries:
0x00007ff6476e0000 - 0x00007ff6476ee000 	c:\Users\haria\.vscode\extensions\redhat.java-1.54.0-win32-x64\jre\21.0.10-win32-x86_64\bin\java.exe
0x00007fff614b0000 - 0x00007fff616c7000 	C:\Windows\SYSTEM32\ntdll.dll
0x00007fff5fac0000 - 0x00007fff5fb84000 	C:\Windows\System32\KERNEL32.DLL
0x00007fff5e810000 - 0x00007fff5ebe3000 	C:\Windows\System32\KERNELBASE.dll
0x00007fff5eef0000 - 0x00007fff5f001000 	C:\Windows\System32\ucrtbase.dll
0x00007fff05700000 - 0x00007fff05718000 	c:\Users\haria\.vscode\extensions\redhat.java-1.54.0-win32-x64\jre\21.0.10-win32-x86_64\bin\jli.dll
0x00007fff5f140000 - 0x00007fff5f2f1000 	C:\Windows\System32\USER32.dll
0x00007fff5ec90000 - 0x00007fff5ecb6000 	C:\Windows\System32\win32u.dll
0x00007fff5f890000 - 0x00007fff5f8b9000 	C:\Windows\System32\GDI32.dll
0x00007fff5f010000 - 0x00007fff5f132000 	C:\Windows\System32\gdi32full.dll
0x00007fff5ebf0000 - 0x00007fff5ec8a000 	C:\Windows\System32\msvcp_win.dll
0x00007fff056e0000 - 0x00007fff056fe000 	c:\Users\haria\.vscode\extensions\redhat.java-1.54.0-win32-x64\jre\21.0.10-win32-x86_64\bin\VCRUNTIME140.dll
0x00007fff46ab0000 - 0x00007fff46d4b000 	C:\Windows\WinSxS\amd64_microsoft.windows.common-controls_6595b64144ccf1df_6.0.22621.5262_none_2712bde373830908\COMCTL32.dll
0x00007fff5f8d0000 - 0x00007fff5f977000 	C:\Windows\System32\msvcrt.dll
0x00007fff5fa30000 - 0x00007fff5fa61000 	C:\Windows\System32\IMM32.DLL
0x000000006a710000 - 0x000000006a71c000 	C:\Program Files (x86)\360\Total Security\safemon\SafeWrapper.dll
0x00007fff604f0000 - 0x00007fff605a1000 	C:\Windows\System32\ADVAPI32.dll
0x00007fff61030000 - 0x00007fff610d7000 	C:\Windows\System32\sechost.dll
0x00007fff5e6a0000 - 0x00007fff5e6c8000 	C:\Windows\System32\bcrypt.dll
0x00007fff610e0000 - 0x00007fff611f4000 	C:\Windows\System32\RPCRT4.dll
0x00007ffee4ca0000 - 0x00007ffee4d4c000 	C:\Program Files (x86)\360\Total Security\safemon\libzdtp64.dll
0x00007fff60790000 - 0x00007fff6102d000 	C:\Windows\System32\SHELL32.dll
0x00007fff5e6d0000 - 0x00007fff5e80f000 	C:\Windows\System32\wintypes.dll
0x00007fff60070000 - 0x00007fff60403000 	C:\Windows\System32\combase.dll
0x00007fff5ffe0000 - 0x00007fff60046000 	C:\Windows\System32\SHLWAPI.dll
0x00007fff5dfa0000 - 0x00007fff5dfaa000 	C:\Windows\SYSTEM32\VERSION.dll
0x00007fff21910000 - 0x00007fff2191c000 	c:\Users\haria\.vscode\extensions\redhat.java-1.54.0-win32-x64\jre\21.0.10-win32-x86_64\bin\vcruntime140_1.dll
0x00007ffee4c10000 - 0x00007ffee4c9d000 	c:\Users\haria\.vscode\extensions\redhat.java-1.54.0-win32-x64\jre\21.0.10-win32-x86_64\bin\msvcp140.dll
0x00007ffee3e60000 - 0x00007ffee4c01000 	c:\Users\haria\.vscode\extensions\redhat.java-1.54.0-win32-x64\jre\21.0.10-win32-x86_64\bin\server\jvm.dll
0x00007fff5ff40000 - 0x00007fff5ffb1000 	C:\Windows\System32\WS2_32.dll
0x00007fff5e270000 - 0x00007fff5e2bd000 	C:\Windows\SYSTEM32\POWRPROF.dll
0x00007fff57cf0000 - 0x00007fff57d24000 	C:\Windows\SYSTEM32\WINMM.dll
0x00007fff5e250000 - 0x00007fff5e263000 	C:\Windows\SYSTEM32\UMPDC.dll
0x00007fff5d570000 - 0x00007fff5d588000 	C:\Windows\SYSTEM32\kernel.appcore.dll
0x00007fff1f120000 - 0x00007fff1f12a000 	c:\Users\haria\.vscode\extensions\redhat.java-1.54.0-win32-x64\jre\21.0.10-win32-x86_64\bin\jimage.dll
0x00007fff5be50000 - 0x00007fff5c082000 	C:\Windows\SYSTEM32\DBGHELP.DLL
0x00007fff60410000 - 0x00007fff604e7000 	C:\Windows\System32\OLEAUT32.dll
0x00007fff44c20000 - 0x00007fff44c52000 	C:\Windows\SYSTEM32\dbgcore.DLL
0x00007fff5e5a0000 - 0x00007fff5e61b000 	C:\Windows\System32\bcryptPrimitives.dll
0x00007fff04760000 - 0x00007fff0476f000 	c:\Users\haria\.vscode\extensions\redhat.java-1.54.0-win32-x64\jre\21.0.10-win32-x86_64\bin\instrument.dll
0x00007ffef0840000 - 0x00007ffef0860000 	c:\Users\haria\.vscode\extensions\redhat.java-1.54.0-win32-x64\jre\21.0.10-win32-x86_64\bin\java.dll
0x00007fff5c470000 - 0x00007fff5cd8d000 	C:\Windows\SYSTEM32\windows.storage.dll
0x00007fff5f780000 - 0x00007fff5f88b000 	C:\Windows\System32\SHCORE.dll
0x00007fff5e4d0000 - 0x00007fff5e4fb000 	C:\Windows\SYSTEM32\profapi.dll
0x00007ffeed0c0000 - 0x00007ffeed0d8000 	c:\Users\haria\.vscode\extensions\redhat.java-1.54.0-win32-x64\jre\21.0.10-win32-x86_64\bin\zip.dll
0x00007fff04360000 - 0x00007fff04370000 	C:\Users\haria\.vscode\extensions\redhat.java-1.54.0-win32-x64\jre\21.0.10-win32-x86_64\bin\net.dll
0x00007fff5ad50000 - 0x00007fff5ae7c000 	C:\Windows\SYSTEM32\WINHTTP.dll
0x00007fff5d9f0000 - 0x00007fff5da5a000 	C:\Windows\system32\mswsock.dll
0x00007ffee4d60000 - 0x00007ffee4d76000 	C:\Users\haria\.vscode\extensions\redhat.java-1.54.0-win32-x64\jre\21.0.10-win32-x86_64\bin\nio.dll
0x00007ffef3080000 - 0x00007ffef3090000 	c:\Users\haria\.vscode\extensions\redhat.java-1.54.0-win32-x64\jre\21.0.10-win32-x86_64\bin\verify.dll
0x00007fff219f0000 - 0x00007fff21a35000 	C:\Users\haria\AppData\Roaming\Code\User\globalStorage\redhat.java\1.54.0\config_win\org.eclipse.equinox.launcher\org.eclipse.equinox.launcher.win32.win32.x86_64_1.3.0.v20260203-2149\eclipse_11919.dll
0x00007fff5fcb0000 - 0x00007fff5fe51000 	C:\Windows\System32\ole32.dll

JVMTI agents:
c:\Users\haria\.vscode\extensions\redhat.java-1.54.0-win32-x64\lombok\lombok-1.18.39-4050.jar path:c:\Users\haria\.vscode\extensions\redhat.java-1.54.0-win32-x64\jre\21.0.10-win32-x86_64\bin\instrument.dll, loaded, initialized, instrumentlib options:none

dbghelp: loaded successfully - version: 4.0.5 - missing functions: none
symbol engine: initialized successfully - sym options: 0x614 - pdb path: .;c:\Users\haria\.vscode\extensions\redhat.java-1.54.0-win32-x64\jre\21.0.10-win32-x86_64\bin;C:\Windows\SYSTEM32;C:\Windows\WinSxS\amd64_microsoft.windows.common-controls_6595b64144ccf1df_6.0.22621.5262_none_2712bde373830908;C:\Program Files (x86)\360\Total Security\safemon;c:\Users\haria\.vscode\extensions\redhat.java-1.54.0-win32-x64\jre\21.0.10-win32-x86_64\bin\server;C:\Users\haria\AppData\Roaming\Code\User\globalStorage\redhat.java\1.54.0\config_win\org.eclipse.equinox.launcher\org.eclipse.equinox.launcher.win32.win32.x86_64_1.3.0.v20260203-2149

VM Arguments:
jvm_args: --add-modules=ALL-SYSTEM --add-opens=java.base/java.util=ALL-UNNAMED --add-opens=java.base/java.lang=ALL-UNNAMED --add-opens=java.base/sun.nio.fs=ALL-UNNAMED -Declipse.application=org.eclipse.jdt.ls.core.id1 -Dosgi.bundles.defaultStartLevel=4 -Declipse.product=org.eclipse.jdt.ls.core.product -Djava.import.generatesMetadataFilesAtProjectRoot=false -DDetectVMInstallationsJob.disabled=true -Dfile.encoding=utf8 -XX:+UseParallelGC -XX:GCTimeRatio=4 -XX:AdaptiveSizePolicyWeight=90 -Dsun.zip.disableMemoryMapping=true -Xmx2G -Xms100m -Xlog:disable -javaagent:c:\Users\haria\.vscode\extensions\redhat.java-1.54.0-win32-x64\lombok\lombok-1.18.39-4050.jar -XX:+HeapDumpOnOutOfMemoryError -XX:HeapDumpPath=c:\Users\haria\AppData\Roaming\Code\User\workspaceStorage\b368a157e7aa87000e8219b57c792138\redhat.java -Daether.dependencyCollector.impl=bf 
java_command: c:\Users\haria\.vscode\extensions\redhat.java-1.54.0-win32-x64\server\plugins\org.eclipse.equinox.launcher_1.7.100.v20251111-0406.jar -configuration c:\Users\haria\AppData\Roaming\Code\User\globalStorage\redhat.java\1.54.0\config_win -data c:\Users\haria\AppData\Roaming\Code\User\workspaceStorage\b368a157e7aa87000e8219b57c792138\redhat.java\jdt_ws --pipe=\\.\pipe\lsp-27450b363bee39e063682f96cde64a9b-sock
java_class_path (initial): c:\Users\haria\.vscode\extensions\redhat.java-1.54.0-win32-x64\server\plugins\org.eclipse.equinox.launcher_1.7.100.v20251111-0406.jar
Launcher Type: SUN_STANDARD

[Global flags]
    uintx AdaptiveSizePolicyWeight                 = 90                                        {product} {command line}
     intx CICompilerCount                          = 3                                         {product} {ergonomic}
    uintx GCTimeRatio                              = 4                                         {product} {command line}
     bool HeapDumpOnOutOfMemoryError               = true                                   {manageable} {command line}
    ccstr HeapDumpPath                             = c:\Users\haria\AppData\Roaming\Code\User\workspaceStorage\b368a157e7aa87000e8219b57c792138\redhat.java         {manageable} {command line}
   size_t InitialHeapSize                          = 104857600                                 {product} {command line}
   size_t MaxHeapSize                              = 2147483648                                {product} {command line}
   size_t MaxNewSize                               = 715653120                                 {product} {ergonomic}
   size_t MinHeapDeltaBytes                        = 524288                                    {product} {ergonomic}
   size_t MinHeapSize                              = 104857600                                 {product} {command line}
   size_t NewSize                                  = 34603008                                  {product} {ergonomic}
    uintx NonNMethodCodeHeapSize                   = 5832780                                {pd product} {ergonomic}
    uintx NonProfiledCodeHeapSize                  = 122912730                              {pd product} {ergonomic}
   size_t OldSize                                  = 70254592                                  {product} {ergonomic}
    uintx ProfiledCodeHeapSize                     = 122912730                              {pd product} {ergonomic}
    uintx ReservedCodeCacheSize                    = 251658240                              {pd product} {ergonomic}
     bool SegmentedCodeCache                       = true                                      {product} {ergonomic}
   size_t SoftMaxHeapSize                          = 2147483648                             {manageable} {ergonomic}
     bool UseCompressedOops                        = true                           {product lp64_product} {ergonomic}
     bool UseLargePagesIndividualAllocation        = false                                  {pd product} {ergonomic}
     bool UseParallelGC                            = true                                      {product} {command line}

Logging:
Log output configuration:
 #0: stdout all=off uptime,level,tags foldmultilines=false
 #1: stderr all=off uptime,level,tags foldmultilines=false

Release file:
JAVA_VERSION="21.0.10" 
MODULES="java.base java.compiler java.datatransfer java.xml java.prefs java.desktop java.instrument java.logging java.management java.security.sasl java.naming java.rmi java.management.rmi java.net.http java.scripting java.security.jgss java.transaction.xa java.sql java.sql.rowset java.xml.crypto java.se java.smartcardio jdk.accessibility jdk.internal.jvmstat jdk.attach jdk.charsets jdk.internal.opt jdk.zipfs jdk.compiler jdk.crypto.ec jdk.crypto.cryptoki jdk.crypto.mscapi jdk.dynalink jdk.internal.ed jdk.editpad jdk.hotspot.agent jdk.httpserver jdk.internal.le jdk.internal.vm.ci jdk.internal.vm.compiler jdk.internal.vm.compiler.management jdk.jartool jdk.javadoc jdk.jcmd jdk.management jdk.management.agent jdk.jconsole jdk.jdeps jdk.jdwp.agent jdk.jdi jdk.jfr jdk.jshell jdk.jsobject jdk.jstatd jdk.localedata jdk.management.jfr jdk.naming.dns jdk.naming.rmi jdk.net jdk.nio.mapmode jdk.random jdk.sctp jdk.security.auth jdk.security.jgss jdk.unsupported jdk.unsupported.desktop jdk.xml.dom" 

Environment Variables:
JAVA_HOME=C:\Program Files\Java\jdk-17
PATH=C:\Program Files (x86)\Common Files\Intel\Shared Libraries\redist\intel64\compiler;C:\Program Files\Java\jdk-23\bin;C:\Program Files\Java\jdk-17\bin;C:\Windows\system32;C:\Windows;C:\Windows\System32\Wbem;C:\Windows\System32\WindowsPowerShell\v1.0\;C:\Windows\System32\OpenSSH\;C:\Program Files\Java\jdk-17\bin;C:\Program Files\Common Files\Oracle\Java\javapath;C:\Program Files\Java\jdk-20;C:\Program Files\MySQL\MySQL Server 8.0\bin;C:\Program Files\dotnet\;C:\Program Files\MySQL\MySQL Server 8.0\bin;C:\Program Files\nodejs\;C:\Program Files\apache-maven-3.9.11\bin;C:\Program Files\apache-maven-3.9.11\bin;C:\Program Files\Java\jdk-17\bin;C:\Program Files\Git\cmd;C:\Program Files\MySQL\MySQL Shell 8.0\bin\;C:\Users\haria\AppData\Local\Programs\Python\Launcher\;C:\Users\haria\AppData\Local\Microsoft\WindowsApps;C:\Users\haria\AppData\Local\Programs\Microsoft VS Code\bin;C:\Users\haria\AppData\Roaming\npm;C:\Program Files\Apache\Maven\apache-maven-3.9.9;
USERNAME=haria
OS=Windows_NT
PROCESSOR_IDENTIFIER=Intel64 Family 6 Model 140 Stepping 1, GenuineIntel
TMP=C:\Users\haria\AppData\Local\Temp
TEMP=C:\Users\haria\AppData\Local\Temp




Periodic native trim disabled

---------------  S Y S T E M  ---------------

OS:
 Windows 11 , 64 bit Build 22621 (10.0.22621.5262)
OS uptime: 0 days 0:05 hours

CPU: total 4 (initial active 4) (2 cores per cpu, 2 threads per core) family 6 model 140 stepping 1 microcode 0xa4, cx8, cmov, fxsr, ht, mmx, 3dnowpref, sse, sse2, sse3, ssse3, sse4.1, sse4.2, popcnt, lzcnt, tsc, tscinvbit, avx, avx2, aes, erms, clmul, bmi1, bmi2, adx, avx512f, avx512dq, avx512cd, avx512bw, avx512vl, sha, fma, vzeroupper, avx512_vpopcntdq, avx512_vpclmulqdq, avx512_vaes, avx512_vnni, clflush, clflushopt, clwb, avx512_vbmi2, avx512_vbmi, rdtscp, rdpid, fsrm, gfni, avx512_bitalg, f16c, pku, cet_ibt, cet_ss, avx512_ifma
Processor Information for the first 4 processors :
  Max Mhz: 2995, Current Mhz: 2995, Mhz Limit: 2995

Memory: 4k page, system-wide physical 7886M (287M free)
TotalPageFile size 10886M (AvailPageFile size 1M)
current process WorkingSet (physical memory assigned to process): 105M, peak: 105M
current process commit charge ("private bytes"): 235M, peak: 235M

vm_info: OpenJDK 64-Bit Server VM (21.0.10+7-LTS) for windows-amd64 JRE (21.0.10+7-LTS), built on 2026-01-20T00:00:00Z by "admin" with MS VC++ 17.12 (VS2022)

END.
