#
# There is insufficient memory for the Java Runtime Environment to continue.
# Native memory allocation (malloc) failed to allocate 32744 bytes. Error detail: Chunk::new
# Possible reasons:
#   The system is out of physical RAM or swap space
#   This process is running with CompressedOops enabled, and the Java Heap may be blocking the growth of the native heap
# Possible solutions:
#   Reduce memory load on the system
#   Increase physical memory or swap space
#   Check if swap backing store is full
#   Decrease Java heap size (-Xmx/-Xms)
#   Decrease number of Java threads
#   Decrease Java thread stack sizes (-Xss)
#   Set larger code cache with -XX:ReservedCodeCacheSize=
#   JVM is running with Unscaled Compressed Oops mode in which the Java heap is
#     placed in the first 4GB address space. The Java Heap base address is the
#     maximum limit for the native heap growth. Please use -XX:HeapBaseMinAddress
#     to set the Java Heap base and to place the Java Heap above 4GB virtual address.
# This output file may be truncated or incomplete.
#
#  Out of Memory Error (arena.cpp:168), pid=1036, tid=16208
#
# JRE version: OpenJDK Runtime Environment Temurin-21.0.10+7 (21.0.10+7) (build 21.0.10+7-LTS)
# Java VM: OpenJDK 64-Bit Server VM Temurin-21.0.10+7 (21.0.10+7-LTS, mixed mode, sharing, tiered, compressed oops, compressed class ptrs, parallel gc, windows-amd64)
# No core dump will be written. Minidumps are not enabled by default on client versions of Windows
#

---------------  S U M M A R Y ------------

Command Line: --add-modules=ALL-SYSTEM --add-opens=java.base/java.util=ALL-UNNAMED --add-opens=java.base/java.lang=ALL-UNNAMED --add-opens=java.base/sun.nio.fs=ALL-UNNAMED -Declipse.application=org.eclipse.jdt.ls.core.id1 -Dosgi.bundles.defaultStartLevel=4 -Declipse.product=org.eclipse.jdt.ls.core.product -Djava.import.generatesMetadataFilesAtProjectRoot=false -DDetectVMInstallationsJob.disabled=true -Dfile.encoding=utf8 -XX:+UseParallelGC -XX:GCTimeRatio=4 -XX:AdaptiveSizePolicyWeight=90 -Dsun.zip.disableMemoryMapping=true -Xmx2G -Xms100m -Xlog:disable -javaagent:c:\Users\haria\.vscode\extensions\redhat.java-1.54.0-win32-x64\lombok\lombok-1.18.39-4050.jar c:\Users\haria\.vscode\extensions\redhat.java-1.54.0-win32-x64\server\plugins\org.eclipse.equinox.launcher_1.7.100.v20251111-0406.jar -configuration c:\Users\haria\AppData\Roaming\Code\User\globalStorage\redhat.java\1.54.0\config_ss_win -data c:\Users\haria\AppData\Roaming\Code\User\workspaceStorage\b368a157e7aa87000e8219b57c792138\redhat.java\ss_ws --pipe=\\.\pipe\lsp-ee1ecc4f2ea49f9abc242bffec70fee6-sock

Host: 11th Gen Intel(R) Core(TM) i3-1115G4 @ 3.00GHz, 4 cores, 7G,  Windows 11 , 64 bit Build 22621 (10.0.22621.5262)
Time: Mon Jun  1 16:11:09 2026 India Standard Time elapsed time: 18.055747 seconds (0d 0h 0m 18s)

---------------  T H R E A D  ---------------

Current thread (0x000002a00faa20a0):  JavaThread "C1 CompilerThread0" daemon [_thread_in_native, id=16208, stack(0x000000c4e6b00000,0x000000c4e6c00000) (1024K)]


Current CompileTask:
C1:18055 5668       3       sun.util.calendar.BaseCalendar::getFixedDate (324 bytes)

Stack: [0x000000c4e6b00000,0x000000c4e6c00000]
Native frames: (J=compiled Java code, j=interpreted, Vv=VM code, C=native code)
V  [jvm.dll+0x6d7a39]
V  [jvm.dll+0x8b4b26]
V  [jvm.dll+0x8b70de]
V  [jvm.dll+0x8b77c3]
V  [jvm.dll+0x284346]
V  [jvm.dll+0xc66ed]
V  [jvm.dll+0xc6c31]
V  [jvm.dll+0x1417ee]
V  [jvm.dll+0x140aa7]
V  [jvm.dll+0x19bcad]
V  [jvm.dll+0x19c746]
V  [jvm.dll+0x1573b5]
V  [jvm.dll+0x156c57]
V  [jvm.dll+0x156e84]
V  [jvm.dll+0x15629c]
V  [jvm.dll+0x15802d]
V  [jvm.dll+0x25b85d]
V  [jvm.dll+0x259dea]
V  [jvm.dll+0x3f857e]
V  [jvm.dll+0x85f59d]
V  [jvm.dll+0x6d626d]
C  [ucrtbase.dll+0x29333]
C  [KERNEL32.DLL+0x1259d]
C  [ntdll.dll+0x5af58]


---------------  P R O C E S S  ---------------

Threads class SMR info:
_java_thread_list=0x000002a06e71dad0, length=39, elements={
0x000002a00d8e46c0, 0x000002a00fa40f70, 0x000002a00fa42480, 0x000002a00fa457c0,
0x000002a00fa46220, 0x000002a00fa46c80, 0x000002a00fa476e0, 0x000002a00fa48470,
0x000002a00faa20a0, 0x000002a0682ad470, 0x000002a0683bdf60, 0x000002a0688595b0,
0x000002a068b92230, 0x000002a068b8ff50, 0x000002a0682bf6d0, 0x000002a06d1c7f90,
0x000002a06d341530, 0x000002a06d202dc0, 0x000002a06d278730, 0x000002a06d27a170,
0x000002a06d279450, 0x000002a06d279ae0, 0x000002a06d277a10, 0x000002a06d27a800,
0x000002a06d278dc0, 0x000002a06d27ae90, 0x000002a06d2780a0, 0x000002a06e8b0f30,
0x000002a06e8b22e0, 0x000002a06e8b2970, 0x000002a06e8b08a0, 0x000002a06e8b3690,
0x000002a06e8b71a0, 0x000002a06e8b5760, 0x000002a06e8b5df0, 0x000002a06e8b3000,
0x000002a06e8b3d20, 0x000002a06e8b43b0, 0x000002a06e8b0210
}

Java Threads: ( => current thread )
  0x000002a00d8e46c0 JavaThread "main"                              [_thread_blocked, id=2648, stack(0x000000c4e6000000,0x000000c4e6100000) (1024K)]
  0x000002a00fa40f70 JavaThread "Reference Handler"          daemon [_thread_blocked, id=1592, stack(0x000000c4e6400000,0x000000c4e6500000) (1024K)]
  0x000002a00fa42480 JavaThread "Finalizer"                  daemon [_thread_blocked, id=16024, stack(0x000000c4e6500000,0x000000c4e6600000) (1024K)]
  0x000002a00fa457c0 JavaThread "Signal Dispatcher"          daemon [_thread_blocked, id=9388, stack(0x000000c4e6600000,0x000000c4e6700000) (1024K)]
  0x000002a00fa46220 JavaThread "Attach Listener"            daemon [_thread_blocked, id=3872, stack(0x000000c4e6700000,0x000000c4e6800000) (1024K)]
  0x000002a00fa46c80 JavaThread "Service Thread"             daemon [_thread_blocked, id=992, stack(0x000000c4e6800000,0x000000c4e6900000) (1024K)]
  0x000002a00fa476e0 JavaThread "Monitor Deflation Thread"   daemon [_thread_blocked, id=16340, stack(0x000000c4e6900000,0x000000c4e6a00000) (1024K)]
  0x000002a00fa48470 JavaThread "C2 CompilerThread0"         daemon [_thread_blocked, id=3560, stack(0x000000c4e6a00000,0x000000c4e6b00000) (1024K)]
=>0x000002a00faa20a0 JavaThread "C1 CompilerThread0"         daemon [_thread_in_native, id=16208, stack(0x000000c4e6b00000,0x000000c4e6c00000) (1024K)]
  0x000002a0682ad470 JavaThread "Common-Cleaner"             daemon [_thread_blocked, id=11404, stack(0x000000c4e6c00000,0x000000c4e6d00000) (1024K)]
  0x000002a0683bdf60 JavaThread "Notification Thread"        daemon [_thread_blocked, id=11724, stack(0x000000c4e6d00000,0x000000c4e6e00000) (1024K)]
  0x000002a0688595b0 JavaThread "Active Thread: Equinox Container: 5d391b6f-86b7-4a09-b4cc-72e751ab2486"        [_thread_blocked, id=12232, stack(0x000000c4e7200000,0x000000c4e7300000) (1024K)]
  0x000002a068b92230 JavaThread "Framework Event Dispatcher: Equinox Container: 5d391b6f-86b7-4a09-b4cc-72e751ab2486" daemon [_thread_blocked, id=12932, stack(0x000000c4e7300000,0x000000c4e7400000) (1024K)]
  0x000002a068b8ff50 JavaThread "Start Level: Equinox Container: 5d391b6f-86b7-4a09-b4cc-72e751ab2486" daemon [_thread_blocked, id=14840, stack(0x000000c4e7400000,0x000000c4e7500000) (1024K)]
  0x000002a0682bf6d0 JavaThread "SCR Component Actor"        daemon [_thread_blocked, id=6912, stack(0x000000c4e6e00000,0x000000c4e6f00000) (1024K)]
  0x000002a06d1c7f90 JavaThread "Worker-JM"                         [_thread_blocked, id=5448, stack(0x000000c4e7600000,0x000000c4e7700000) (1024K)]
  0x000002a06d341530 JavaThread "JNA Cleaner"                daemon [_thread_blocked, id=5520, stack(0x000000c4e7700000,0x000000c4e7800000) (1024K)]
  0x000002a06d202dc0 JavaThread "Worker-0"                          [_thread_blocked, id=3688, stack(0x000000c4e7800000,0x000000c4e7900000) (1024K)]
  0x000002a06d278730 JavaThread "Worker-1: Shutdown..."             [_thread_in_vm, id=14700, stack(0x000000c4e7900000,0x000000c4e7a00000) (1024K)]
  0x000002a06d27a170 JavaThread "Thread-1"                   daemon [_thread_in_native, id=8016, stack(0x000000c4e7a00000,0x000000c4e7b00000) (1024K)]
  0x000002a06d279450 JavaThread "Thread-2"                   daemon [_thread_in_native, id=16132, stack(0x000000c4e7b00000,0x000000c4e7c00000) (1024K)]
  0x000002a06d279ae0 JavaThread "Thread-3"                   daemon [_thread_in_native, id=13944, stack(0x000000c4e7c00000,0x000000c4e7d00000) (1024K)]
  0x000002a06d277a10 JavaThread "Thread-4"                   daemon [_thread_in_native, id=15612, stack(0x000000c4e7d00000,0x000000c4e7e00000) (1024K)]
  0x000002a06d27a800 JavaThread "Thread-5"                   daemon [_thread_in_native, id=15796, stack(0x000000c4e7e00000,0x000000c4e7f00000) (1024K)]
  0x000002a06d278dc0 JavaThread "pool-2-thread-1"                   [_thread_blocked, id=11160, stack(0x000000c4e7f00000,0x000000c4e8000000) (1024K)]
  0x000002a06d27ae90 JavaThread "Worker-2"                          [_thread_blocked, id=2412, stack(0x000000c4e8000000,0x000000c4e8100000) (1024K)]
  0x000002a06d2780a0 JavaThread "WorkspaceEventsHandler"            [_thread_blocked, id=16176, stack(0x000000c4e8100000,0x000000c4e8200000) (1024K)]
  0x000002a06e8b0f30 JavaThread "pool-1-thread-1"                   [_thread_blocked, id=3424, stack(0x000000c4e8200000,0x000000c4e8300000) (1024K)]
  0x000002a06e8b22e0 JavaThread "ForkJoinPool.commonPool-worker-1" daemon [_thread_blocked, id=4724, stack(0x000000c4e8300000,0x000000c4e8400000) (1024K)]
  0x000002a06e8b2970 JavaThread "ForkJoinPool.commonPool-worker-2" daemon [_thread_blocked, id=2328, stack(0x000000c4e8400000,0x000000c4e8500000) (1024K)]
  0x000002a06e8b08a0 JavaThread "LocalFile Deleter"          daemon [_thread_blocked, id=15480, stack(0x000000c4e8500000,0x000000c4e8600000) (1024K)]
  0x000002a06e8b3690 JavaThread "LocalFile Deleter"          daemon [_thread_blocked, id=8288, stack(0x000000c4e8600000,0x000000c4e8700000) (1024K)]
  0x000002a06e8b71a0 JavaThread "LocalFile Deleter"          daemon [_thread_blocked, id=15896, stack(0x000000c4e8700000,0x000000c4e8800000) (1024K)]
  0x000002a06e8b5760 JavaThread "LocalFile Deleter"          daemon [_thread_blocked, id=2208, stack(0x000000c4e8800000,0x000000c4e8900000) (1024K)]
  0x000002a06e8b5df0 JavaThread "Compiler Source File Reader" daemon [_thread_blocked, id=11912, stack(0x000000c4e8900000,0x000000c4e8a00000) (1024K)]
  0x000002a06e8b3000 JavaThread "Compiler Source File Reader" daemon [_thread_blocked, id=10760, stack(0x000000c4e8a00000,0x000000c4e8b00000) (1024K)]
  0x000002a06e8b3d20 JavaThread "Compiler Processing Task"   daemon [_thread_blocked, id=15576, stack(0x000000c4e7500000,0x000000c4e7600000) (1024K)]
  0x000002a06e8b43b0 JavaThread "Compiler Class File Writer" daemon [_thread_blocked, id=884, stack(0x000000c4e8b00000,0x000000c4e8c00000) (1024K)]
  0x000002a06e8b0210 JavaThread "Compiler Class File Writer" daemon [_thread_blocked, id=4764, stack(0x000000c4e8c00000,0x000000c4e8d00000) (1024K)]
Total: 39

Other Threads:
  0x000002a00fbd5ae0 VMThread "VM Thread"                           [id=10444, stack(0x000000c4e6300000,0x000000c4e6400000) (1024K)] _threads_hazard_ptr=0x000002a06e71dad0
  0x000002a00fbc33c0 WatcherThread "VM Periodic Task Thread"        [id=16292, stack(0x000000c4e6200000,0x000000c4e6300000) (1024K)]
  0x000002a00fb748f0 WorkerThread "GC Thread#0"                     [id=11776, stack(0x000000c4e6100000,0x000000c4e6200000) (1024K)]
  0x000002a068a12160 WorkerThread "GC Thread#1"                     [id=12604, stack(0x000000c4e6f00000,0x000000c4e7000000) (1024K)]
  0x000002a068a12510 WorkerThread "GC Thread#2"                     [id=2836, stack(0x000000c4e7000000,0x000000c4e7100000) (1024K)]
  0x000002a068a128c0 WorkerThread "GC Thread#3"                     [id=9400, stack(0x000000c4e7100000,0x000000c4e7200000) (1024K)]
Total: 6

Threads with active compile tasks:
C1 CompilerThread0  18095 5668       3       sun.util.calendar.BaseCalendar::getFixedDate (324 bytes)
Total: 1

VM state: synchronizing (normal execution)

VM Mutex/Monitor currently owned by a thread:  ([mutex/lock_event])
[0x00007ff8c34be560] Threads_lock - owner thread: 0x000002a00fbd5ae0

OutOfMemory and StackOverflow Exception counts:
OutOfMemoryError java_heap_errors=2
LinkageErrors=116

Heap address: 0x0000000080000000, size: 2048 MB, Compressed Oops mode: 32-bit

CDS archive(s) mapped at: [0x000002a027000000-0x000002a027ba0000-0x000002a027ba0000), size 12189696, SharedBaseAddress: 0x000002a027000000, ArchiveRelocationMode: 1.
Compressed class space mapped at: 0x000002a028000000-0x000002a068000000, reserved size: 1073741824
Narrow klass base: 0x000002a027000000, Narrow klass shift: 0, Narrow klass range: 0x100000000

GC Precious Log:
 CardTable entry size: 512
 CPUs: 4 total, 4 available
 Memory: 7886M
 Large Page Support: Disabled
 NUMA Support: Disabled
 Compressed Oops: Enabled (32-bit)
 Alignments: Space 512K, Generation 512K, Heap 2M
 Heap Min Capacity: 100M
 Heap Initial Capacity: 100M
 Heap Max Capacity: 2G
 Pre-touch: Disabled
 Parallel Workers: 4

Heap:
 PSYoungGen      total 19968K, used 7506K [0x00000000d5580000, 0x00000000d6b80000, 0x0000000100000000)
  eden space 18944K, 36% used [0x00000000d5580000,0x00000000d5c50b80,0x00000000d6800000)
  from space 1024K, 51% used [0x00000000d6a80000,0x00000000d6b04010,0x00000000d6b80000)
  to   space 1024K, 0% used [0x00000000d6980000,0x00000000d6980000,0x00000000d6a80000)
 ParOldGen       total 68608K, used 31846K [0x0000000080000000, 0x0000000084300000, 0x00000000d5580000)
  object space 68608K, 46% used [0x0000000080000000,0x0000000081f19bd0,0x0000000084300000)
 Metaspace       used 42733K, committed 43776K, reserved 1114112K
  class space    used 4317K, committed 4800K, reserved 1048576K

Card table byte_map: [0x000002a00f4d0000,0x000002a00f8e0000] _byte_map_base: 0x000002a00f0d0000

Marking Bits: (ParMarkBitMap*) 0x00007ff8c34c3450
 Begin Bits: [0x000002a021fe0000, 0x000002a023fe0000)
 End Bits:   [0x000002a023fe0000, 0x000002a025fe0000)

Polling page: 0x000002a00d9a0000

Metaspace:

Usage:
  Non-class:     37.52 MB used.
      Class:      4.22 MB used.
       Both:     41.73 MB used.

Virtual space:
  Non-class space:       64.00 MB reserved,      38.06 MB ( 59%) committed,  1 nodes.
      Class space:        1.00 GB reserved,       4.69 MB ( <1%) committed,  1 nodes.
             Both:        1.06 GB reserved,      42.75 MB (  4%) committed. 

Chunk freelists:
   Non-Class:  9.52 MB
       Class:  11.33 MB
        Both:  20.84 MB

MaxMetaspaceSize: unlimited
CompressedClassSpaceSize: 1.00 GB
Initial GC threshold: 21.00 MB
Current GC threshold: 58.38 MB
CDS: on
 - commit_granule_bytes: 65536.
 - commit_granule_words: 8192.
 - virtual_space_node_default_size: 8388608.
 - enlarge_chunks_in_place: 1.
 - use_allocation_guard: 0.


Internal statistics:

num_allocs_failed_limit: 6.
num_arena_births: 884.
num_arena_deaths: 124.
num_vsnodes_births: 2.
num_vsnodes_deaths: 0.
num_space_committed: 684.
num_space_uncommitted: 0.
num_chunks_returned_to_freelist: 173.
num_chunks_taken_from_freelist: 2780.
num_chunk_merges: 56.
num_chunk_splits: 1697.
num_chunks_enlarged: 1027.
num_inconsistent_stats: 0.

CodeHeap 'non-profiled nmethods': size=120000Kb used=3125Kb max_used=3125Kb free=116874Kb
 bounds [0x000002a01a800000, 0x000002a01ab10000, 0x000002a021d30000]
CodeHeap 'profiled nmethods': size=120000Kb used=11153Kb max_used=11153Kb free=108846Kb
 bounds [0x000002a012d30000, 0x000002a013820000, 0x000002a01a260000]
CodeHeap 'non-nmethods': size=5760Kb used=1418Kb max_used=1463Kb free=4341Kb
 bounds [0x000002a01a260000, 0x000002a01a4d0000, 0x000002a01a800000]
CodeCache: size=245760Kb, used=15696Kb, max_used=15741Kb, free=230061Kb
 total_blobs=5995, nmethods=5275, adapters=626, full_count=0
Compilation: enabled, stopped_count=0, restarted_count=0

Compilation events (20 events):
Event: 17.648 Thread 0x000002a00faa20a0 nmethod 5658 0x000002a013810290 code [0x000002a0138104e0, 0x000002a013810cc0]
Event: 17.648 Thread 0x000002a00faa20a0 5659       3       com.google.gson.internal.bind.TypeAdapters$7::write (23 bytes)
Event: 17.648 Thread 0x000002a00faa20a0 nmethod 5659 0x000002a013810f90 code [0x000002a0138111c0, 0x000002a013811840]
Event: 17.648 Thread 0x000002a00faa20a0 5660       3       com.google.gson.stream.JsonWriter::value (21 bytes)
Event: 17.648 Thread 0x000002a00faa20a0 nmethod 5660 0x000002a013811a90 code [0x000002a013811c80, 0x000002a013812028]
Event: 17.966 Thread 0x000002a00faa20a0 5661       3       java.nio.charset.Charset::forName (20 bytes)
Event: 17.966 Thread 0x000002a00faa20a0 nmethod 5661 0x000002a013812190 code [0x000002a013812340, 0x000002a013812540]
Event: 17.966 Thread 0x000002a00faa20a0 5662       1       com.google.gson.stream.JsonReader::getStrictness (5 bytes)
Event: 17.966 Thread 0x000002a00faa20a0 nmethod 5662 0x000002a01ab0d490 code [0x000002a01ab0d620, 0x000002a01ab0d6e8]
Event: 17.994 Thread 0x000002a00faa20a0 5663       3       org.eclipse.core.internal.jobs.JobListeners::getJobListenerTimeout (4 bytes)
Event: 17.995 Thread 0x000002a00faa20a0 nmethod 5663 0x000002a013812610 code [0x000002a0138127a0, 0x000002a013812898]
Event: 17.997 Thread 0x000002a00faa20a0 5664       3       com.sun.org.apache.xerces.internal.util.AugmentationsImpl::<init> (17 bytes)
Event: 17.997 Thread 0x000002a00faa20a0 nmethod 5664 0x000002a013812910 code [0x000002a013812ae0, 0x000002a013812ea0]
Event: 17.997 Thread 0x000002a00faa20a0 5665       3       com.sun.org.apache.xerces.internal.util.AugmentationsImpl$SmallContainer::<init> (25 bytes)
Event: 17.997 Thread 0x000002a00faa20a0 nmethod 5665 0x000002a013813010 code [0x000002a0138131c0, 0x000002a013813458]
Event: 17.997 Thread 0x000002a00faa20a0 5666       3       com.sun.org.apache.xerces.internal.util.AugmentationsImpl$AugmentationsItemsContainer::<init> (5 bytes)
Event: 17.997 Thread 0x000002a00faa20a0 nmethod 5666 0x000002a013813590 code [0x000002a013813740, 0x000002a0138138a8]
Event: 17.998 Thread 0x000002a00faa20a0 5667       3       com.sun.org.apache.xml.internal.serializer.WriterToUTF8Buffered::write (296 bytes)
Event: 17.999 Thread 0x000002a00faa20a0 nmethod 5667 0x000002a013813990 code [0x000002a013813ba0, 0x000002a0138141d8]
Event: 18.052 Thread 0x000002a00faa20a0 5668       3       sun.util.calendar.BaseCalendar::getFixedDate (324 bytes)

GC Heap History (20 events):
Event: 6.156 GC heap before
{Heap before GC invocations=15 (full 1):
 PSYoungGen      total 23552K, used 23267K [0x00000000d5580000, 0x00000000d7100000, 0x0000000100000000)
  eden space 20992K, 99% used [0x00000000d5580000,0x00000000d69fffe8,0x00000000d6a00000)
  from space 2560K, 88% used [0x00000000d6a00000,0x00000000d6c39000,0x00000000d6c80000)
  to   space 3584K, 0% used [0x00000000d6d80000,0x00000000d6d80000,0x00000000d7100000)
 ParOldGen       total 68608K, used 21399K [0x0000000080000000, 0x0000000084300000, 0x00000000d5580000)
  object space 68608K, 31% used [0x0000000080000000,0x00000000814e5ee0,0x0000000084300000)
 Metaspace       used 32711K, committed 33728K, reserved 1114112K
  class space    used 3322K, committed 3776K, reserved 1048576K
}
Event: 6.161 GC heap after
{Heap after GC invocations=15 (full 1):
 PSYoungGen      total 23552K, used 2336K [0x00000000d5580000, 0x00000000d7000000, 0x0000000100000000)
  eden space 20992K, 0% used [0x00000000d5580000,0x00000000d5580000,0x00000000d6a00000)
  from space 2560K, 91% used [0x00000000d6d80000,0x00000000d6fc8010,0x00000000d7000000)
  to   space 2560K, 0% used [0x00000000d6a00000,0x00000000d6a00000,0x00000000d6c80000)
 ParOldGen       total 68608K, used 23565K [0x0000000080000000, 0x0000000084300000, 0x00000000d5580000)
  object space 68608K, 34% used [0x0000000080000000,0x0000000081703508,0x0000000084300000)
 Metaspace       used 32711K, committed 33728K, reserved 1114112K
  class space    used 3322K, committed 3776K, reserved 1048576K
}
Event: 6.377 GC heap before
{Heap before GC invocations=16 (full 1):
 PSYoungGen      total 23552K, used 23328K [0x00000000d5580000, 0x00000000d7000000, 0x0000000100000000)
  eden space 20992K, 100% used [0x00000000d5580000,0x00000000d6a00000,0x00000000d6a00000)
  from space 2560K, 91% used [0x00000000d6d80000,0x00000000d6fc8010,0x00000000d7000000)
  to   space 2560K, 0% used [0x00000000d6a00000,0x00000000d6a00000,0x00000000d6c80000)
 ParOldGen       total 68608K, used 23565K [0x0000000080000000, 0x0000000084300000, 0x00000000d5580000)
  object space 68608K, 34% used [0x0000000080000000,0x0000000081703508,0x0000000084300000)
 Metaspace       used 32803K, committed 33792K, reserved 1114112K
  class space    used 3322K, committed 3776K, reserved 1048576K
}
Event: 6.383 GC heap after
{Heap after GC invocations=16 (full 1):
 PSYoungGen      total 23552K, used 2104K [0x00000000d5580000, 0x00000000d6f00000, 0x0000000100000000)
  eden space 20992K, 0% used [0x00000000d5580000,0x00000000d5580000,0x00000000d6a00000)
  from space 2560K, 82% used [0x00000000d6a00000,0x00000000d6c0e200,0x00000000d6c80000)
  to   space 2560K, 0% used [0x00000000d6c80000,0x00000000d6c80000,0x00000000d6f00000)
 ParOldGen       total 68608K, used 25885K [0x0000000080000000, 0x0000000084300000, 0x00000000d5580000)
  object space 68608K, 37% used [0x0000000080000000,0x0000000081947518,0x0000000084300000)
 Metaspace       used 32803K, committed 33792K, reserved 1114112K
  class space    used 3322K, committed 3776K, reserved 1048576K
}
Event: 6.657 GC heap before
{Heap before GC invocations=17 (full 1):
 PSYoungGen      total 23552K, used 23096K [0x00000000d5580000, 0x00000000d6f00000, 0x0000000100000000)
  eden space 20992K, 100% used [0x00000000d5580000,0x00000000d6a00000,0x00000000d6a00000)
  from space 2560K, 82% used [0x00000000d6a00000,0x00000000d6c0e200,0x00000000d6c80000)
  to   space 2560K, 0% used [0x00000000d6c80000,0x00000000d6c80000,0x00000000d6f00000)
 ParOldGen       total 68608K, used 25885K [0x0000000080000000, 0x0000000084300000, 0x00000000d5580000)
  object space 68608K, 37% used [0x0000000080000000,0x0000000081947518,0x0000000084300000)
 Metaspace       used 34838K, committed 35840K, reserved 1114112K
  class space    used 3528K, committed 3968K, reserved 1048576K
}
Event: 6.660 GC heap after
{Heap after GC invocations=17 (full 1):
 PSYoungGen      total 22528K, used 1452K [0x00000000d5580000, 0x00000000d6e00000, 0x0000000100000000)
  eden space 20992K, 0% used [0x00000000d5580000,0x00000000d5580000,0x00000000d6a00000)
  from space 1536K, 94% used [0x00000000d6c80000,0x00000000d6deb290,0x00000000d6e00000)
  to   space 2048K, 0% used [0x00000000d6a00000,0x00000000d6a00000,0x00000000d6c00000)
 ParOldGen       total 68608K, used 27957K [0x0000000080000000, 0x0000000084300000, 0x00000000d5580000)
  object space 68608K, 40% used [0x0000000080000000,0x0000000081b4d718,0x0000000084300000)
 Metaspace       used 34838K, committed 35840K, reserved 1114112K
  class space    used 3528K, committed 3968K, reserved 1048576K
}
Event: 6.684 GC heap before
{Heap before GC invocations=18 (full 1):
 PSYoungGen      total 22528K, used 2206K [0x00000000d5580000, 0x00000000d6e00000, 0x0000000100000000)
  eden space 20992K, 3% used [0x00000000d5580000,0x00000000d563c7f8,0x00000000d6a00000)
  from space 1536K, 94% used [0x00000000d6c80000,0x00000000d6deb290,0x00000000d6e00000)
  to   space 2048K, 0% used [0x00000000d6a00000,0x00000000d6a00000,0x00000000d6c00000)
 ParOldGen       total 68608K, used 27957K [0x0000000080000000, 0x0000000084300000, 0x00000000d5580000)
  object space 68608K, 40% used [0x0000000080000000,0x0000000081b4d718,0x0000000084300000)
 Metaspace       used 34891K, committed 35840K, reserved 1114112K
  class space    used 3537K, committed 3968K, reserved 1048576K
}
Event: 6.687 GC heap after
{Heap after GC invocations=18 (full 1):
 PSYoungGen      total 23040K, used 160K [0x00000000d5580000, 0x00000000d6d00000, 0x0000000100000000)
  eden space 20992K, 0% used [0x00000000d5580000,0x00000000d5580000,0x00000000d6a00000)
  from space 2048K, 7% used [0x00000000d6a00000,0x00000000d6a28000,0x00000000d6c00000)
  to   space 1024K, 0% used [0x00000000d6c00000,0x00000000d6c00000,0x00000000d6d00000)
 ParOldGen       total 68608K, used 29328K [0x0000000080000000, 0x0000000084300000, 0x00000000d5580000)
  object space 68608K, 42% used [0x0000000080000000,0x0000000081ca4120,0x0000000084300000)
 Metaspace       used 34891K, committed 35840K, reserved 1114112K
  class space    used 3537K, committed 3968K, reserved 1048576K
}
Event: 6.687 GC heap before
{Heap before GC invocations=19 (full 2):
 PSYoungGen      total 23040K, used 160K [0x00000000d5580000, 0x00000000d6d00000, 0x0000000100000000)
  eden space 20992K, 0% used [0x00000000d5580000,0x00000000d5580000,0x00000000d6a00000)
  from space 2048K, 7% used [0x00000000d6a00000,0x00000000d6a28000,0x00000000d6c00000)
  to   space 1024K, 0% used [0x00000000d6c00000,0x00000000d6c00000,0x00000000d6d00000)
 ParOldGen       total 68608K, used 29328K [0x0000000080000000, 0x0000000084300000, 0x00000000d5580000)
  object space 68608K, 42% used [0x0000000080000000,0x0000000081ca4120,0x0000000084300000)
 Metaspace       used 34891K, committed 35840K, reserved 1114112K
  class space    used 3537K, committed 3968K, reserved 1048576K
}
Event: 6.770 GC heap after
{Heap after GC invocations=19 (full 2):
 PSYoungGen      total 23040K, used 0K [0x00000000d5580000, 0x00000000d6d00000, 0x0000000100000000)
  eden space 20992K, 0% used [0x00000000d5580000,0x00000000d5580000,0x00000000d6a00000)
  from space 2048K, 0% used [0x00000000d6a00000,0x00000000d6a00000,0x00000000d6c00000)
  to   space 1024K, 0% used [0x00000000d6c00000,0x00000000d6c00000,0x00000000d6d00000)
 ParOldGen       total 68608K, used 27949K [0x0000000080000000, 0x0000000084300000, 0x00000000d5580000)
  object space 68608K, 40% used [0x0000000080000000,0x0000000081b4b730,0x0000000084300000)
 Metaspace       used 34793K, committed 35840K, reserved 1114112K
  class space    used 3509K, committed 3968K, reserved 1048576K
}
Event: 7.304 GC heap before
{Heap before GC invocations=20 (full 2):
 PSYoungGen      total 23040K, used 20992K [0x00000000d5580000, 0x00000000d6d00000, 0x0000000100000000)
  eden space 20992K, 100% used [0x00000000d5580000,0x00000000d6a00000,0x00000000d6a00000)
  from space 2048K, 0% used [0x00000000d6a00000,0x00000000d6a00000,0x00000000d6c00000)
  to   space 1024K, 0% used [0x00000000d6c00000,0x00000000d6c00000,0x00000000d6d00000)
 ParOldGen       total 68608K, used 27949K [0x0000000080000000, 0x0000000084300000, 0x00000000d5580000)
  object space 68608K, 40% used [0x0000000080000000,0x0000000081b4b730,0x0000000084300000)
 Metaspace       used 36146K, committed 37184K, reserved 1114112K
  class space    used 3706K, committed 4160K, reserved 1048576K
}
Event: 7.306 GC heap after
{Heap after GC invocations=20 (full 2):
 PSYoungGen      total 22016K, used 544K [0x00000000d5580000, 0x00000000d6d00000, 0x0000000100000000)
  eden space 20992K, 0% used [0x00000000d5580000,0x00000000d5580000,0x00000000d6a00000)
  from space 1024K, 53% used [0x00000000d6c00000,0x00000000d6c88010,0x00000000d6d00000)
  to   space 1024K, 0% used [0x00000000d6b00000,0x00000000d6b00000,0x00000000d6c00000)
 ParOldGen       total 68608K, used 27957K [0x0000000080000000, 0x0000000084300000, 0x00000000d5580000)
  object space 68608K, 40% used [0x0000000080000000,0x0000000081b4d730,0x0000000084300000)
 Metaspace       used 36146K, committed 37184K, reserved 1114112K
  class space    used 3706K, committed 4160K, reserved 1048576K
}
Event: 7.936 GC heap before
{Heap before GC invocations=21 (full 2):
 PSYoungGen      total 22016K, used 21536K [0x00000000d5580000, 0x00000000d6d00000, 0x0000000100000000)
  eden space 20992K, 100% used [0x00000000d5580000,0x00000000d6a00000,0x00000000d6a00000)
  from space 1024K, 53% used [0x00000000d6c00000,0x00000000d6c88010,0x00000000d6d00000)
  to   space 1024K, 0% used [0x00000000d6b00000,0x00000000d6b00000,0x00000000d6c00000)
 ParOldGen       total 68608K, used 27957K [0x0000000080000000, 0x0000000084300000, 0x00000000d5580000)
  object space 68608K, 40% used [0x0000000080000000,0x0000000081b4d730,0x0000000084300000)
 Metaspace       used 38221K, committed 39296K, reserved 1114112K
  class space    used 3888K, committed 4352K, reserved 1048576K
}
Event: 7.937 GC heap after
{Heap after GC invocations=21 (full 2):
 PSYoungGen      total 22016K, used 416K [0x00000000d5580000, 0x00000000d6c80000, 0x0000000100000000)
  eden space 20992K, 0% used [0x00000000d5580000,0x00000000d5580000,0x00000000d6a00000)
  from space 1024K, 40% used [0x00000000d6b00000,0x00000000d6b68000,0x00000000d6c00000)
  to   space 512K, 0% used [0x00000000d6c00000,0x00000000d6c00000,0x00000000d6c80000)
 ParOldGen       total 68608K, used 28317K [0x0000000080000000, 0x0000000084300000, 0x00000000d5580000)
  object space 68608K, 41% used [0x0000000080000000,0x0000000081ba7730,0x0000000084300000)
 Metaspace       used 38221K, committed 39296K, reserved 1114112K
  class space    used 3888K, committed 4352K, reserved 1048576K
}
Event: 8.625 GC heap before
{Heap before GC invocations=22 (full 2):
 PSYoungGen      total 22016K, used 21408K [0x00000000d5580000, 0x00000000d6c80000, 0x0000000100000000)
  eden space 20992K, 100% used [0x00000000d5580000,0x00000000d6a00000,0x00000000d6a00000)
  from space 1024K, 40% used [0x00000000d6b00000,0x00000000d6b68000,0x00000000d6c00000)
  to   space 512K, 0% used [0x00000000d6c00000,0x00000000d6c00000,0x00000000d6c80000)
 ParOldGen       total 68608K, used 28317K [0x0000000080000000, 0x0000000084300000, 0x00000000d5580000)
  object space 68608K, 41% used [0x0000000080000000,0x0000000081ba7730,0x0000000084300000)
 Metaspace       used 40476K, committed 41472K, reserved 1114112K
  class space    used 4105K, committed 4544K, reserved 1048576K
}
Event: 8.628 GC heap after
{Heap after GC invocations=22 (full 2):
 PSYoungGen      total 19456K, used 480K [0x00000000d5580000, 0x00000000d7200000, 0x0000000100000000)
  eden space 18944K, 0% used [0x00000000d5580000,0x00000000d5580000,0x00000000d6800000)
  from space 512K, 93% used [0x00000000d6c00000,0x00000000d6c78010,0x00000000d6c80000)
  to   space 4096K, 0% used [0x00000000d6800000,0x00000000d6800000,0x00000000d6c00000)
 ParOldGen       total 68608K, used 31135K [0x0000000080000000, 0x0000000084300000, 0x00000000d5580000)
  object space 68608K, 45% used [0x0000000080000000,0x0000000081e67eb0,0x0000000084300000)
 Metaspace       used 40476K, committed 41472K, reserved 1114112K
  class space    used 4105K, committed 4544K, reserved 1048576K
}
Event: 8.774 GC heap before
{Heap before GC invocations=23 (full 2):
 PSYoungGen      total 19456K, used 19424K [0x00000000d5580000, 0x00000000d7200000, 0x0000000100000000)
  eden space 18944K, 100% used [0x00000000d5580000,0x00000000d6800000,0x00000000d6800000)
  from space 512K, 93% used [0x00000000d6c00000,0x00000000d6c78010,0x00000000d6c80000)
  to   space 4096K, 0% used [0x00000000d6800000,0x00000000d6800000,0x00000000d6c00000)
 ParOldGen       total 68608K, used 31135K [0x0000000080000000, 0x0000000084300000, 0x00000000d5580000)
  object space 68608K, 45% used [0x0000000080000000,0x0000000081e67eb0,0x0000000084300000)
 Metaspace       used 40498K, committed 41472K, reserved 1114112K
  class space    used 4105K, committed 4544K, reserved 1048576K
}
Event: 8.776 GC heap after
{Heap after GC invocations=23 (full 2):
 PSYoungGen      total 20480K, used 1119K [0x00000000d5580000, 0x00000000d6c80000, 0x0000000100000000)
  eden space 18944K, 0% used [0x00000000d5580000,0x00000000d5580000,0x00000000d6800000)
  from space 1536K, 72% used [0x00000000d6800000,0x00000000d6917fd0,0x00000000d6980000)
  to   space 2048K, 0% used [0x00000000d6a80000,0x00000000d6a80000,0x00000000d6c80000)
 ParOldGen       total 68608K, used 31629K [0x0000000080000000, 0x0000000084300000, 0x00000000d5580000)
  object space 68608K, 46% used [0x0000000080000000,0x0000000081ee34e8,0x0000000084300000)
 Metaspace       used 40498K, committed 41472K, reserved 1114112K
  class space    used 4105K, committed 4544K, reserved 1048576K
}
Event: 9.042 GC heap before
{Heap before GC invocations=24 (full 2):
 PSYoungGen      total 20480K, used 20063K [0x00000000d5580000, 0x00000000d6c80000, 0x0000000100000000)
  eden space 18944K, 100% used [0x00000000d5580000,0x00000000d6800000,0x00000000d6800000)
  from space 1536K, 72% used [0x00000000d6800000,0x00000000d6917fd0,0x00000000d6980000)
  to   space 2048K, 0% used [0x00000000d6a80000,0x00000000d6a80000,0x00000000d6c80000)
 ParOldGen       total 68608K, used 31629K [0x0000000080000000, 0x0000000084300000, 0x00000000d5580000)
  object space 68608K, 46% used [0x0000000080000000,0x0000000081ee34e8,0x0000000084300000)
 Metaspace       used 41431K, committed 42496K, reserved 1114112K
  class space    used 4186K, committed 4672K, reserved 1048576K
}
Event: 9.048 GC heap after
{Heap after GC invocations=24 (full 2):
 PSYoungGen      total 19968K, used 528K [0x00000000d5580000, 0x00000000d6b80000, 0x0000000100000000)
  eden space 18944K, 0% used [0x00000000d5580000,0x00000000d5580000,0x00000000d6800000)
  from space 1024K, 51% used [0x00000000d6a80000,0x00000000d6b04010,0x00000000d6b80000)
  to   space 1024K, 0% used [0x00000000d6980000,0x00000000d6980000,0x00000000d6a80000)
 ParOldGen       total 68608K, used 31846K [0x0000000080000000, 0x0000000084300000, 0x00000000d5580000)
  object space 68608K, 46% used [0x0000000080000000,0x0000000081f19bd0,0x0000000084300000)
 Metaspace       used 41431K, committed 42496K, reserved 1114112K
  class space    used 4186K, committed 4672K, reserved 1048576K
}

Dll operation events (10 events):
Event: 0.018 Loaded shared library c:\Users\haria\.vscode\extensions\redhat.java-1.54.0-win32-x64\jre\21.0.10-win32-x86_64\bin\java.dll
Event: 0.118 Loaded shared library c:\Users\haria\.vscode\extensions\redhat.java-1.54.0-win32-x64\jre\21.0.10-win32-x86_64\bin\zip.dll
Event: 0.149 Loaded shared library C:\Users\haria\.vscode\extensions\redhat.java-1.54.0-win32-x64\jre\21.0.10-win32-x86_64\bin\instrument.dll
Event: 0.179 Loaded shared library C:\Users\haria\.vscode\extensions\redhat.java-1.54.0-win32-x64\jre\21.0.10-win32-x86_64\bin\net.dll
Event: 0.181 Loaded shared library C:\Users\haria\.vscode\extensions\redhat.java-1.54.0-win32-x64\jre\21.0.10-win32-x86_64\bin\nio.dll
Event: 0.185 Loaded shared library C:\Users\haria\.vscode\extensions\redhat.java-1.54.0-win32-x64\jre\21.0.10-win32-x86_64\bin\zip.dll
Event: 0.211 Loaded shared library C:\Users\haria\.vscode\extensions\redhat.java-1.54.0-win32-x64\jre\21.0.10-win32-x86_64\bin\jimage.dll
Event: 0.365 Loaded shared library c:\Users\haria\.vscode\extensions\redhat.java-1.54.0-win32-x64\jre\21.0.10-win32-x86_64\bin\verify.dll
Event: 2.283 Loaded shared library C:\Users\haria\AppData\Roaming\Code\User\globalStorage\redhat.java\1.54.0\config_ss_win\org.eclipse.equinox.launcher\org.eclipse.equinox.launcher.win32.win32.x86_64_1.3.0.v20260203-2149\eclipse_11919.dll
Event: 3.314 Loaded shared library C:\Users\haria\AppData\Local\Temp\jna-99048817\jna13949022147096345620.dll

Deoptimization events (20 events):
Event: 9.228 Thread 0x000002a06e8b2970 Uncommon trap: trap_request=0xffffff45 fr.pc=0x000002a01a8bc03c relative=0x000000000000017c
Event: 9.228 Thread 0x000002a06e8b2970 Uncommon trap: reason=unstable_if action=reinterpret pc=0x000002a01a8bc03c method=java.util.concurrent.ConcurrentHashMap.get(Ljava/lang/Object;)Ljava/lang/Object; @ 152 c2
Event: 9.228 Thread 0x000002a06e8b2970 DEOPT PACKING pc=0x000002a01a8bc03c sp=0x000000c4e84fe800
Event: 9.228 Thread 0x000002a06e8b2970 DEOPT UNPACKING pc=0x000002a01a2b6da2 sp=0x000000c4e84fe778 mode 2
Event: 15.429 Thread 0x000002a06e8b0f30 Uncommon trap: trap_request=0xffffffc6 fr.pc=0x000002a01a9d5cf8 relative=0x00000000000000b8
Event: 15.429 Thread 0x000002a06e8b0f30 Uncommon trap: reason=bimorphic_or_optimized_type_check action=maybe_recompile pc=0x000002a01a9d5cf8 method=java.util.stream.Sink$ChainedReference.cancellationRequested()Z @ 4 c2
Event: 15.429 Thread 0x000002a06e8b0f30 DEOPT PACKING pc=0x000002a01a9d5cf8 sp=0x000000c4e82fdaf0
Event: 15.429 Thread 0x000002a06e8b0f30 DEOPT UNPACKING pc=0x000002a01a2b6da2 sp=0x000000c4e82fda80 mode 2
Event: 17.997 Thread 0x000002a06d278730 Uncommon trap: trap_request=0xffffffde fr.pc=0x000002a01aa0df8c relative=0x000000000000068c
Event: 17.997 Thread 0x000002a06d278730 Uncommon trap: reason=class_check action=maybe_recompile pc=0x000002a01aa0df8c method=java.util.Spliterators$1Adapter.hasNext()Z @ 12 c2
Event: 17.997 Thread 0x000002a06d278730 DEOPT PACKING pc=0x000002a01aa0df8c sp=0x000000c4e79fe4a0
Event: 17.997 Thread 0x000002a06d278730 DEOPT UNPACKING pc=0x000002a01a2b6da2 sp=0x000000c4e79fe458 mode 2
Event: 17.997 Thread 0x000002a06d278730 Uncommon trap: trap_request=0xffffffde fr.pc=0x000002a01aa0df8c relative=0x000000000000068c
Event: 17.997 Thread 0x000002a06d278730 Uncommon trap: reason=class_check action=maybe_recompile pc=0x000002a01aa0df8c method=java.util.Spliterators$1Adapter.hasNext()Z @ 12 c2
Event: 17.997 Thread 0x000002a06d278730 DEOPT PACKING pc=0x000002a01aa0df8c sp=0x000000c4e79fe4b0
Event: 17.997 Thread 0x000002a06d278730 DEOPT UNPACKING pc=0x000002a01a2b6da2 sp=0x000000c4e79fe468 mode 2
Event: 17.997 Thread 0x000002a06d278730 Uncommon trap: trap_request=0xffffffde fr.pc=0x000002a01aa0df8c relative=0x000000000000068c
Event: 17.997 Thread 0x000002a06d278730 Uncommon trap: reason=class_check action=maybe_recompile pc=0x000002a01aa0df8c method=java.util.Spliterators$1Adapter.hasNext()Z @ 12 c2
Event: 17.998 Thread 0x000002a06d278730 DEOPT PACKING pc=0x000002a01aa0df8c sp=0x000000c4e79fe4b0
Event: 17.998 Thread 0x000002a06d278730 DEOPT UNPACKING pc=0x000002a01a2b6da2 sp=0x000000c4e79fe468 mode 2

Classes loaded (20 events):
Event: 18.018 Loading class java/util/stream/Nodes$CollectorTask done
Event: 18.018 Loading class java/util/stream/Nodes$CollectorTask$OfRef done
Event: 18.019 Loading class java/util/function/LongFunction
Event: 18.019 Loading class java/util/function/LongFunction done
Event: 18.022 Loading class java/util/stream/Nodes$ConcNode
Event: 18.025 Loading class java/util/stream/Nodes$AbstractConcNode
Event: 18.027 Loading class java/util/stream/Nodes$AbstractConcNode done
Event: 18.027 Loading class java/util/stream/Nodes$ConcNode done
Event: 18.046 Loading class java/util/zip/Deflater
Event: 18.049 Loading class java/util/zip/Deflater done
Event: 18.049 Loading class java/util/zip/Deflater$DeflaterZStreamRef
Event: 18.049 Loading class java/util/zip/Deflater$DeflaterZStreamRef done
Event: 18.050 Loading class java/lang/StackStreamFactory$CallerClassFinder
Event: 18.050 Loading class java/lang/StackStreamFactory$CallerClassFinder done
Event: 18.050 Loading class java/lang/StackStreamFactory$CallerClassFinder$ClassBuffer
Event: 18.051 Loading class java/lang/StackStreamFactory$CallerClassFinder$ClassBuffer done
Event: 18.052 Loading class java/lang/Throwable$WrappedPrintWriter
Event: 18.052 Loading class java/lang/Throwable$PrintStreamOrWriter
Event: 18.053 Loading class java/lang/Throwable$PrintStreamOrWriter done
Event: 18.053 Loading class java/lang/Throwable$WrappedPrintWriter done

Classes unloaded (20 events):
Event: 6.704 Thread 0x000002a00fbd5ae0 Unloading class 0x000002a028396800 'java/lang/invoke/LambdaForm$MH+0x000002a028396800'
Event: 6.704 Thread 0x000002a00fbd5ae0 Unloading class 0x000002a028396000 'java/lang/invoke/LambdaForm$MH+0x000002a028396000'
Event: 6.704 Thread 0x000002a00fbd5ae0 Unloading class 0x000002a028395800 'java/lang/invoke/LambdaForm$MH+0x000002a028395800'
Event: 6.704 Thread 0x000002a00fbd5ae0 Unloading class 0x000002a028395c00 'java/lang/invoke/LambdaForm$MH+0x000002a028395c00'
Event: 6.704 Thread 0x000002a00fbd5ae0 Unloading class 0x000002a028394c00 'java/lang/invoke/LambdaForm$MH+0x000002a028394c00'
Event: 6.704 Thread 0x000002a00fbd5ae0 Unloading class 0x000002a028395000 'java/lang/invoke/LambdaForm$MH+0x000002a028395000'
Event: 6.704 Thread 0x000002a00fbd5ae0 Unloading class 0x000002a028394800 'java/lang/invoke/LambdaForm$MH+0x000002a028394800'
Event: 6.704 Thread 0x000002a00fbd5ae0 Unloading class 0x000002a028394000 'java/lang/invoke/LambdaForm$MH+0x000002a028394000'
Event: 6.704 Thread 0x000002a00fbd5ae0 Unloading class 0x000002a028393c00 'java/lang/invoke/LambdaForm$MH+0x000002a028393c00'
Event: 6.704 Thread 0x000002a00fbd5ae0 Unloading class 0x000002a028393800 'java/lang/invoke/LambdaForm$MH+0x000002a028393800'
Event: 6.704 Thread 0x000002a00fbd5ae0 Unloading class 0x000002a028393000 'java/lang/invoke/LambdaForm$MH+0x000002a028393000'
Event: 6.704 Thread 0x000002a00fbd5ae0 Unloading class 0x000002a028392c00 'java/lang/invoke/LambdaForm$MH+0x000002a028392c00'
Event: 6.704 Thread 0x000002a00fbd5ae0 Unloading class 0x000002a028392800 'java/lang/invoke/LambdaForm$MH+0x000002a028392800'
Event: 6.704 Thread 0x000002a00fbd5ae0 Unloading class 0x000002a028392000 'java/lang/invoke/LambdaForm$MH+0x000002a028392000'
Event: 6.704 Thread 0x000002a00fbd5ae0 Unloading class 0x000002a028391800 'java/lang/invoke/LambdaForm$MH+0x000002a028391800'
Event: 6.704 Thread 0x000002a00fbd5ae0 Unloading class 0x000002a028391c00 'java/lang/invoke/LambdaForm$MH+0x000002a028391c00'
Event: 6.704 Thread 0x000002a00fbd5ae0 Unloading class 0x000002a028391400 'java/lang/invoke/LambdaForm$MH+0x000002a028391400'
Event: 6.704 Thread 0x000002a00fbd5ae0 Unloading class 0x000002a028390c00 'java/lang/invoke/LambdaForm$DMH+0x000002a028390c00'
Event: 6.704 Thread 0x000002a00fbd5ae0 Unloading class 0x000002a028390000 'java/lang/invoke/LambdaForm$DMH+0x000002a028390000'
Event: 6.704 Thread 0x000002a00fbd5ae0 Unloading class 0x000002a028390400 'java/lang/invoke/LambdaForm$DMH+0x000002a028390400'

Classes redefined (0 events):
No events

Internal exceptions (20 events):
Event: 7.534 Thread 0x000002a06e8b2970 Implicit null exception at 0x000002a01a8ad59d to 0x000002a01a8ae098
Event: 7.689 Thread 0x000002a06e8b22e0 Exception <a 'java/lang/NoSuchMethodError'{0x00000000d650df20}: 'java.lang.Object java.lang.invoke.DirectMethodHandle$Holder.invokeSpecial(java.lang.Object, java.lang.Object, java.lang.Object, java.lang.Object, int, java.lang.Object, java.lang.Object)'> (0x00000000d650df20) 
thrown [s\src\hotspot\share\interpreter\linkResolver.cpp, line 773]
Event: 7.952 Thread 0x000002a06e8b0f30 Exception <a 'java/lang/IncompatibleClassChangeError'{0x00000000d563e1c8}: Found class java.lang.Object, but interface was expected> (0x00000000d563e1c8) 
thrown [s\src\hotspot\share\interpreter\linkResolver.cpp, line 840]
Event: 7.956 Thread 0x000002a06e8b0f30 Exception <a 'java/lang/IncompatibleClassChangeError'{0x00000000d564dcb8}: Found class java.lang.Object, but interface was expected> (0x00000000d564dcb8) 
thrown [s\src\hotspot\share\interpreter\linkResolver.cpp, line 840]
Event: 8.037 Thread 0x000002a06d202dc0 Exception <a 'sun/nio/fs/WindowsException'{0x00000000d5763348}> (0x00000000d5763348) 
thrown [s\src\hotspot\share\prims\jni.cpp, line 520]
Event: 8.038 Thread 0x000002a06e8b08a0 Exception <a 'sun/nio/fs/WindowsException'{0x00000000d57658c8}> (0x00000000d57658c8) 
thrown [s\src\hotspot\share\prims\jni.cpp, line 520]
Event: 8.104 Thread 0x000002a06d202dc0 Exception <a 'java/lang/NoSuchMethodError'{0x00000000d59424a0}: 'int java.lang.invoke.DirectMethodHandle$Holder.invokeSpecialIFC(java.lang.Object, java.lang.Object, java.lang.Object)'> (0x00000000d59424a0) 
thrown [s\src\hotspot\share\interpreter\linkResolver.cpp, line 773]
Event: 8.299 Thread 0x000002a06d278730 Exception <a 'java/lang/NoSuchMethodError'{0x00000000d5e49ba0}: 'java.lang.Object java.lang.invoke.DirectMethodHandle$Holder.invokeSpecial(java.lang.Object, java.lang.Object, int, long)'> (0x00000000d5e49ba0) 
thrown [s\src\hotspot\share\interpreter\linkResolver.cpp, line 773]
Event: 8.320 Thread 0x000002a06e8b22e0 Exception <a 'java/lang/ArrayIndexOutOfBoundsException'{0x00000000d5fa4318}: Index 496 out of bounds for length 495> (0x00000000d5fa4318) 
thrown [s\src\hotspot\share\interpreter\interpreterRuntime.cpp, line 439]
Event: 8.352 Thread 0x000002a06d202dc0 Exception <a 'java/lang/NoSuchMethodError'{0x00000000d60f2030}: 'java.lang.Object java.lang.invoke.DirectMethodHandle$Holder.newInvokeSpecial(java.lang.Object, java.lang.Object, int, int, java.lang.Object)'> (0x00000000d60f2030) 
thrown [s\src\hotspot\share\interpreter\linkResolver.cpp, line 773]
Event: 8.406 Thread 0x000002a06e8b2970 Exception <a 'java/lang/NoSuchMethodError'{0x00000000d61aa908}: 'int java.lang.invoke.Invokers$Holder.invokeExact_MT(java.lang.Object, java.lang.Object)'> (0x00000000d61aa908) 
thrown [s\src\hotspot\share\interpreter\linkResolver.cpp, line 773]
Event: 8.438 Thread 0x000002a06d202dc0 Exception <a 'sun/nio/fs/WindowsException'{0x00000000d622ea58}> (0x00000000d622ea58) 
thrown [s\src\hotspot\share\prims\jni.cpp, line 520]
Event: 8.438 Thread 0x000002a06d202dc0 Exception <a 'sun/nio/fs/WindowsException'{0x00000000d622f088}> (0x00000000d622f088) 
thrown [s\src\hotspot\share\prims\jni.cpp, line 520]
Event: 8.504 Thread 0x000002a06e8b2970 Exception <a 'java/lang/NoSuchMethodError'{0x00000000d6368290}: 'int java.lang.invoke.DirectMethodHandle$Holder.invokeInterface(java.lang.Object, java.lang.Object)'> (0x00000000d6368290) 
thrown [s\src\hotspot\share\interpreter\linkResolver.cpp, line 773]
Event: 8.504 Thread 0x000002a06e8b2970 Exception <a 'java/lang/IncompatibleClassChangeError'{0x00000000d636b550}: Found class java.lang.Object, but interface was expected> (0x00000000d636b550) 
thrown [s\src\hotspot\share\interpreter\linkResolver.cpp, line 840]
Event: 15.207 Thread 0x000002a06e8b0f30 Exception <a 'java/lang/IncompatibleClassChangeError'{0x00000000d5a2bf28}: Found class java.lang.Object, but interface was expected> (0x00000000d5a2bf28) 
thrown [s\src\hotspot\share\interpreter\linkResolver.cpp, line 840]
Event: 15.438 Thread 0x000002a06e8b0f30 Exception <a 'java/lang/ClassNotFoundException'{0x00000000d5a9d0f0}: sun/util/logging/resources/spi/loggingProvider> (0x00000000d5a9d0f0) 
thrown [s\src\hotspot\share\classfile\systemDictionary.cpp, line 312]
Event: 15.647 Thread 0x000002a06e8b2970 Exception <a 'java/lang/ArrayIndexOutOfBoundsException'{0x00000000d5aca4b0}: Index 496 out of bounds for length 495> (0x00000000d5aca4b0) 
thrown [s\src\hotspot\share\interpreter\interpreterRuntime.cpp, line 439]
Event: 18.050 Thread 0x000002a06e8b4a40 Exception <a 'java/lang/OutOfMemoryError'{0x00000000d5c0aaf8}> (0x00000000d5c0aaf8) 
thrown [s\src\hotspot\share\prims\jni.cpp, line 539]
Event: 18.051 Thread 0x000002a06e8b4a40 Exception <a 'java/lang/OutOfMemoryError'{0x00000000d5c0b720}> (0x00000000d5c0b720) 
thrown [s\src\hotspot\share\prims\jni.cpp, line 539]

ZGC Phase Switch (0 events):
No events

VM Operations (20 events):
Event: 8.207 Executing non-safepoint VM operation: HandshakeAllThreads (Deoptimize)
Event: 8.208 Executing non-safepoint VM operation: HandshakeAllThreads (Deoptimize) done
Event: 8.240 Executing non-safepoint VM operation: HandshakeAllThreads (Deoptimize)
Event: 8.240 Executing non-safepoint VM operation: HandshakeAllThreads (Deoptimize) done
Event: 8.403 Executing non-safepoint VM operation: HandshakeAllThreads (Deoptimize)
Event: 8.403 Executing non-safepoint VM operation: HandshakeAllThreads (Deoptimize) done
Event: 8.485 Executing non-safepoint VM operation: HandshakeAllThreads (Deoptimize)
Event: 8.485 Executing non-safepoint VM operation: HandshakeAllThreads (Deoptimize) done
Event: 8.539 Executing non-safepoint VM operation: HandshakeAllThreads (Deoptimize)
Event: 8.539 Executing non-safepoint VM operation: HandshakeAllThreads (Deoptimize) done
Event: 8.625 Executing safepoint VM operation: ParallelGCFailedAllocation (Allocation Failure)
Event: 8.629 Executing safepoint VM operation: ParallelGCFailedAllocation (Allocation Failure) done
Event: 8.774 Executing safepoint VM operation: ParallelGCFailedAllocation (Allocation Failure)
Event: 8.776 Executing safepoint VM operation: ParallelGCFailedAllocation (Allocation Failure) done
Event: 9.042 Executing safepoint VM operation: ParallelGCFailedAllocation (Allocation Failure)
Event: 9.048 Executing safepoint VM operation: ParallelGCFailedAllocation (Allocation Failure) done
Event: 11.055 Executing safepoint VM operation: Cleanup
Event: 11.055 Executing safepoint VM operation: Cleanup done
Event: 16.067 Executing safepoint VM operation: Cleanup
Event: 16.067 Executing safepoint VM operation: Cleanup done

Memory protections (0 events):
No events

Nmethod flushes (20 events):
Event: 6.719 Thread 0x000002a00fbd5ae0 flushing  nmethod 0x000002a013060a90
Event: 6.719 Thread 0x000002a00fbd5ae0 flushing  nmethod 0x000002a013061690
Event: 6.719 Thread 0x000002a00fbd5ae0 flushing  nmethod 0x000002a01306ba10
Event: 6.719 Thread 0x000002a00fbd5ae0 flushing  nmethod 0x000002a01307b710
Event: 6.719 Thread 0x000002a00fbd5ae0 flushing  nmethod 0x000002a01307db10
Event: 6.719 Thread 0x000002a00fbd5ae0 flushing  nmethod 0x000002a013090490
Event: 6.719 Thread 0x000002a00fbd5ae0 flushing  nmethod 0x000002a013090790
Event: 6.719 Thread 0x000002a00fbd5ae0 flushing  nmethod 0x000002a0130c7d10
Event: 6.719 Thread 0x000002a00fbd5ae0 flushing  nmethod 0x000002a01315a510
Event: 6.719 Thread 0x000002a00fbd5ae0 flushing  nmethod 0x000002a013160090
Event: 6.719 Thread 0x000002a00fbd5ae0 flushing  nmethod 0x000002a013183410
Event: 6.719 Thread 0x000002a00fbd5ae0 flushing  nmethod 0x000002a013183e10
Event: 6.719 Thread 0x000002a00fbd5ae0 flushing  nmethod 0x000002a01318a210
Event: 6.719 Thread 0x000002a00fbd5ae0 flushing  nmethod 0x000002a0131c7090
Event: 6.719 Thread 0x000002a00fbd5ae0 flushing  nmethod 0x000002a0131ca790
Event: 6.719 Thread 0x000002a00fbd5ae0 flushing  nmethod 0x000002a0131cb790
Event: 6.719 Thread 0x000002a00fbd5ae0 flushing  nmethod 0x000002a0131ff610
Event: 6.719 Thread 0x000002a00fbd5ae0 flushing  nmethod 0x000002a0131ffe90
Event: 6.719 Thread 0x000002a00fbd5ae0 flushing  nmethod 0x000002a013200290
Event: 6.719 Thread 0x000002a00fbd5ae0 flushing  nmethod 0x000002a013200c10

Events (20 events):
Event: 4.702 Thread 0x000002a00d8e46c0 Thread added: 0x000002a06d278dc0
Event: 4.856 Thread 0x000002a06d202dc0 Thread added: 0x000002a06d27ae90
Event: 4.923 Thread 0x000002a00d8e46c0 Thread added: 0x000002a06d2780a0
Event: 4.923 Thread 0x000002a00d8e46c0 Thread added: 0x000002a06e8b0f30
Event: 5.246 Thread 0x000002a06e8b0f30 Thread added: 0x000002a06e8b22e0
Event: 5.258 Thread 0x000002a06e8b0f30 Thread added: 0x000002a06e8b2970
Event: 6.805 Thread 0x000002a06d27ae90 Thread added: 0x000002a06e8b08a0
Event: 6.839 Thread 0x000002a06e8b08a0 Thread added: 0x000002a06e8b3690
Event: 6.840 Thread 0x000002a06e8b08a0 Thread added: 0x000002a06e8b71a0
Event: 6.842 Thread 0x000002a06e8b3690 Thread added: 0x000002a06e8b5760
Event: 6.870 Thread 0x000002a06d27ae90 Thread added: 0x000002a06e8b5df0
Event: 6.870 Thread 0x000002a06d27ae90 Thread added: 0x000002a06e8b3000
Event: 8.203 Thread 0x000002a06d4da2c0 Thread exited: 0x000002a06d4da2c0
Event: 8.220 Thread 0x000002a06d202dc0 Thread added: 0x000002a06e8b3d20
Event: 8.353 Thread 0x000002a06d202dc0 Thread added: 0x000002a06e8b43b0
Event: 8.420 Thread 0x000002a06d202dc0 Thread added: 0x000002a06e8b0210
Event: 8.617 Thread 0x000002a00faa20a0 Thread added: 0x000002a0685c73f0
Event: 14.280 Thread 0x000002a0685c73f0 Thread exited: 0x000002a0685c73f0
Event: 18.010 Thread 0x000002a06d278730 Thread added: 0x000002a06e8b4a40
Event: 18.032 Thread 0x000002a06e8b4a40 Thread added: 0x000002a06e8b15c0


Dynamic libraries:
0x00007ff665e90000 - 0x00007ff665e9e000 	c:\Users\haria\.vscode\extensions\redhat.java-1.54.0-win32-x64\jre\21.0.10-win32-x86_64\bin\java.exe
0x00007ff96d0d0000 - 0x00007ff96d2e7000 	C:\Windows\SYSTEM32\ntdll.dll
0x00007ff96bfc0000 - 0x00007ff96c084000 	C:\Windows\System32\KERNEL32.DLL
0x00007ff96a8a0000 - 0x00007ff96ac73000 	C:\Windows\System32\KERNELBASE.dll
0x00007ff96a1c0000 - 0x00007ff96a2d1000 	C:\Windows\System32\ucrtbase.dll
0x00007ff9211c0000 - 0x00007ff9211d8000 	c:\Users\haria\.vscode\extensions\redhat.java-1.54.0-win32-x64\jre\21.0.10-win32-x86_64\bin\jli.dll
0x00007ff96c2b0000 - 0x00007ff96c461000 	C:\Windows\System32\USER32.dll
0x00007ff96ac80000 - 0x00007ff96aca6000 	C:\Windows\System32\win32u.dll
0x00007ff96c480000 - 0x00007ff96c4a9000 	C:\Windows\System32\GDI32.dll
0x00007ff96a600000 - 0x00007ff96a722000 	C:\Windows\System32\gdi32full.dll
0x00007ff96a4e0000 - 0x00007ff96a57a000 	C:\Windows\System32\msvcp_win.dll
0x00007ff953fc0000 - 0x00007ff95425b000 	C:\Windows\WinSxS\amd64_microsoft.windows.common-controls_6595b64144ccf1df_6.0.22621.5262_none_2712bde373830908\COMCTL32.dll
0x00007ff96c4d0000 - 0x00007ff96c577000 	C:\Windows\System32\msvcrt.dll
0x00007ff91ef20000 - 0x00007ff91ef3e000 	c:\Users\haria\.vscode\extensions\redhat.java-1.54.0-win32-x64\jre\21.0.10-win32-x86_64\bin\VCRUNTIME140.dll
0x00007ff96b010000 - 0x00007ff96b041000 	C:\Windows\System32\IMM32.DLL
0x000000006d5f0000 - 0x000000006d5fc000 	C:\Program Files (x86)\360\Total Security\safemon\SafeWrapper.dll
0x00007ff96ad60000 - 0x00007ff96ae11000 	C:\Windows\System32\ADVAPI32.dll
0x00007ff96ca00000 - 0x00007ff96caa7000 	C:\Windows\System32\sechost.dll
0x00007ff96acb0000 - 0x00007ff96acd8000 	C:\Windows\System32\bcrypt.dll
0x00007ff96bd80000 - 0x00007ff96be94000 	C:\Windows\System32\RPCRT4.dll
0x00007ff913c40000 - 0x00007ff913cec000 	C:\Program Files (x86)\360\Total Security\safemon\libzdtp64.dll
0x00007ff96b470000 - 0x00007ff96bd0d000 	C:\Windows\System32\SHELL32.dll
0x00007ff96a3a0000 - 0x00007ff96a4df000 	C:\Windows\System32\wintypes.dll
0x00007ff96cce0000 - 0x00007ff96d073000 	C:\Windows\System32\combase.dll
0x00007ff96bd10000 - 0x00007ff96bd76000 	C:\Windows\System32\SHLWAPI.dll
0x00007ff969bc0000 - 0x00007ff969bca000 	C:\Windows\SYSTEM32\VERSION.dll
0x00007ff94dab0000 - 0x00007ff94dabc000 	c:\Users\haria\.vscode\extensions\redhat.java-1.54.0-win32-x64\jre\21.0.10-win32-x86_64\bin\vcruntime140_1.dll
0x00007ff914290000 - 0x00007ff91431d000 	c:\Users\haria\.vscode\extensions\redhat.java-1.54.0-win32-x64\jre\21.0.10-win32-x86_64\bin\msvcp140.dll
0x00007ff8c2800000 - 0x00007ff8c35a1000 	c:\Users\haria\.vscode\extensions\redhat.java-1.54.0-win32-x64\jre\21.0.10-win32-x86_64\bin\server\jvm.dll
0x00007ff96cc60000 - 0x00007ff96ccd1000 	C:\Windows\System32\WS2_32.dll
0x00007ff969e90000 - 0x00007ff969edd000 	C:\Windows\SYSTEM32\POWRPROF.dll
0x00007ff960de0000 - 0x00007ff960e14000 	C:\Windows\SYSTEM32\WINMM.dll
0x00007ff969e70000 - 0x00007ff969e83000 	C:\Windows\SYSTEM32\UMPDC.dll
0x00007ff969190000 - 0x00007ff9691a8000 	C:\Windows\SYSTEM32\kernel.appcore.dll
0x00007ff92def0000 - 0x00007ff92defa000 	c:\Users\haria\.vscode\extensions\redhat.java-1.54.0-win32-x64\jre\21.0.10-win32-x86_64\bin\jimage.dll
0x00007ff967aa0000 - 0x00007ff967cd2000 	C:\Windows\SYSTEM32\DBGHELP.DLL
0x00007ff96b050000 - 0x00007ff96b127000 	C:\Windows\System32\OLEAUT32.dll
0x00007ff94d230000 - 0x00007ff94d262000 	C:\Windows\SYSTEM32\dbgcore.DLL
0x00007ff96ace0000 - 0x00007ff96ad5b000 	C:\Windows\System32\bcryptPrimitives.dll
0x00007ff92d400000 - 0x00007ff92d40f000 	c:\Users\haria\.vscode\extensions\redhat.java-1.54.0-win32-x64\jre\21.0.10-win32-x86_64\bin\instrument.dll
0x00007ff9160c0000 - 0x00007ff9160e0000 	c:\Users\haria\.vscode\extensions\redhat.java-1.54.0-win32-x64\jre\21.0.10-win32-x86_64\bin\java.dll
0x00007ff968090000 - 0x00007ff9689ad000 	C:\Windows\SYSTEM32\windows.storage.dll
0x00007ff96c110000 - 0x00007ff96c21b000 	C:\Windows\System32\SHCORE.dll
0x00007ff96a0f0000 - 0x00007ff96a11b000 	C:\Windows\SYSTEM32\profapi.dll
0x00007ff9141e0000 - 0x00007ff9141f8000 	c:\Users\haria\.vscode\extensions\redhat.java-1.54.0-win32-x64\jre\21.0.10-win32-x86_64\bin\zip.dll
0x00007ff921de0000 - 0x00007ff921df0000 	C:\Users\haria\.vscode\extensions\redhat.java-1.54.0-win32-x64\jre\21.0.10-win32-x86_64\bin\net.dll
0x00007ff962aa0000 - 0x00007ff962bcc000 	C:\Windows\SYSTEM32\WINHTTP.dll
0x00007ff969610000 - 0x00007ff96967a000 	C:\Windows\system32\mswsock.dll
0x00007ff913c20000 - 0x00007ff913c36000 	C:\Users\haria\.vscode\extensions\redhat.java-1.54.0-win32-x64\jre\21.0.10-win32-x86_64\bin\nio.dll
0x00007ff920e40000 - 0x00007ff920e50000 	c:\Users\haria\.vscode\extensions\redhat.java-1.54.0-win32-x64\jre\21.0.10-win32-x86_64\bin\verify.dll
0x00007ff95e4d0000 - 0x00007ff95e515000 	C:\Users\haria\AppData\Roaming\Code\User\globalStorage\redhat.java\1.54.0\config_ss_win\org.eclipse.equinox.launcher\org.eclipse.equinox.launcher.win32.win32.x86_64_1.3.0.v20260203-2149\eclipse_11919.dll
0x00007ff96cab0000 - 0x00007ff96cc51000 	C:\Windows\System32\ole32.dll
0x00007ff969870000 - 0x00007ff96988b000 	C:\Windows\SYSTEM32\CRYPTSP.dll
0x00007ff9690f0000 - 0x00007ff969127000 	C:\Windows\system32\rsaenh.dll
0x00007ff969700000 - 0x00007ff969728000 	C:\Windows\SYSTEM32\USERENV.dll
0x00007ff969860000 - 0x00007ff96986c000 	C:\Windows\SYSTEM32\CRYPTBASE.dll
0x00007ff968c50000 - 0x00007ff968c7d000 	C:\Windows\SYSTEM32\IPHLPAPI.DLL
0x00007ff96bfb0000 - 0x00007ff96bfb9000 	C:\Windows\System32\NSI.dll
0x00007ff9382d0000 - 0x00007ff938319000 	C:\Users\haria\AppData\Local\Temp\jna-99048817\jna13949022147096345620.dll
0x00007ff96b350000 - 0x00007ff96b358000 	C:\Windows\System32\PSAPI.DLL
0x00007ff961150000 - 0x00007ff961169000 	C:\Windows\SYSTEM32\dhcpcsvc6.DLL
0x00007ff961130000 - 0x00007ff96114f000 	C:\Windows\SYSTEM32\dhcpcsvc.DLL

JVMTI agents:
c:\Users\haria\.vscode\extensions\redhat.java-1.54.0-win32-x64\lombok\lombok-1.18.39-4050.jar path:c:\Users\haria\.vscode\extensions\redhat.java-1.54.0-win32-x64\jre\21.0.10-win32-x86_64\bin\instrument.dll, loaded, initialized, instrumentlib options:none

dbghelp: loaded successfully - version: 4.0.5 - missing functions: none
symbol engine: initialized successfully - sym options: 0x614 - pdb path: .;c:\Users\haria\.vscode\extensions\redhat.java-1.54.0-win32-x64\jre\21.0.10-win32-x86_64\bin;C:\Windows\SYSTEM32;C:\Windows\WinSxS\amd64_microsoft.windows.common-controls_6595b64144ccf1df_6.0.22621.5262_none_2712bde373830908;C:\Program Files (x86)\360\Total Security\safemon;c:\Users\haria\.vscode\extensions\redhat.java-1.54.0-win32-x64\jre\21.0.10-win32-x86_64\bin\server;C:\Users\haria\AppData\Roaming\Code\User\globalStorage\redhat.java\1.54.0\config_ss_win\org.eclipse.equinox.launcher\org.eclipse.equinox.launcher.win32.win32.x86_64_1.3.0.v20260203-2149;C:\Users\haria\AppData\Local\Temp\jna-99048817

VM Arguments:
jvm_args: --add-modules=ALL-SYSTEM --add-opens=java.base/java.util=ALL-UNNAMED --add-opens=java.base/java.lang=ALL-UNNAMED --add-opens=java.base/sun.nio.fs=ALL-UNNAMED -Declipse.application=org.eclipse.jdt.ls.core.id1 -Dosgi.bundles.defaultStartLevel=4 -Declipse.product=org.eclipse.jdt.ls.core.product -Djava.import.generatesMetadataFilesAtProjectRoot=false -DDetectVMInstallationsJob.disabled=true -Dfile.encoding=utf8 -XX:+UseParallelGC -XX:GCTimeRatio=4 -XX:AdaptiveSizePolicyWeight=90 -Dsun.zip.disableMemoryMapping=true -Xmx2G -Xms100m -Xlog:disable -javaagent:c:\Users\haria\.vscode\extensions\redhat.java-1.54.0-win32-x64\lombok\lombok-1.18.39-4050.jar 
java_command: c:\Users\haria\.vscode\extensions\redhat.java-1.54.0-win32-x64\server\plugins\org.eclipse.equinox.launcher_1.7.100.v20251111-0406.jar -configuration c:\Users\haria\AppData\Roaming\Code\User\globalStorage\redhat.java\1.54.0\config_ss_win -data c:\Users\haria\AppData\Roaming\Code\User\workspaceStorage\b368a157e7aa87000e8219b57c792138\redhat.java\ss_ws --pipe=\\.\pipe\lsp-ee1ecc4f2ea49f9abc242bffec70fee6-sock
java_class_path (initial): c:\Users\haria\.vscode\extensions\redhat.java-1.54.0-win32-x64\server\plugins\org.eclipse.equinox.launcher_1.7.100.v20251111-0406.jar
Launcher Type: SUN_STANDARD

[Global flags]
    uintx AdaptiveSizePolicyWeight                 = 90                                        {product} {command line}
     intx CICompilerCount                          = 3                                         {product} {ergonomic}
    uintx GCTimeRatio                              = 4                                         {product} {command line}
   size_t InitialHeapSize                          = 104857600                                 {product} {command line}
   size_t MaxHeapSize                              = 2147483648                                {product} {command line}
   size_t MaxNewSize                               = 715653120                                 {product} {ergonomic}
   size_t MinHeapDeltaBytes                        = 524288                                    {product} {ergonomic}
   size_t MinHeapSize                              = 104857600                                 {product} {command line}
   size_t NewSize                                  = 34603008                                  {product} {ergonomic}
    uintx NonNMethodCodeHeapSize                   = 5832780                                {pd product} {ergonomic}
    uintx NonProfiledCodeHeapSize                  = 122912730                              {pd product} {ergonomic}
   size_t OldSize                                  = 70254592                                  {product} {ergonomic}
    uintx ProfiledCodeHeapSize                     = 122912730                              {pd product} {ergonomic}
    uintx ReservedCodeCacheSize                    = 251658240                              {pd product} {ergonomic}
     bool SegmentedCodeCache                       = true                                      {product} {ergonomic}
   size_t SoftMaxHeapSize                          = 2147483648                             {manageable} {ergonomic}
     bool UseCompressedOops                        = true                           {product lp64_product} {ergonomic}
     bool UseLargePagesIndividualAllocation        = false                                  {pd product} {ergonomic}
     bool UseParallelGC                            = true                                      {product} {command line}

Logging:
Log output configuration:
 #0: stdout all=off uptime,level,tags foldmultilines=false
 #1: stderr all=off uptime,level,tags foldmultilines=false

Release file:
JAVA_VERSION="21.0.10" 
MODULES="java.base java.compiler java.datatransfer java.xml java.prefs java.desktop java.instrument java.logging java.management java.security.sasl java.naming java.rmi java.management.rmi java.net.http java.scripting java.security.jgss java.transaction.xa java.sql java.sql.rowset java.xml.crypto java.se java.smartcardio jdk.accessibility jdk.internal.jvmstat jdk.attach jdk.charsets jdk.internal.opt jdk.zipfs jdk.compiler jdk.crypto.ec jdk.crypto.cryptoki jdk.crypto.mscapi jdk.dynalink jdk.internal.ed jdk.editpad jdk.hotspot.agent jdk.httpserver jdk.internal.le jdk.internal.vm.ci jdk.internal.vm.compiler jdk.internal.vm.compiler.management jdk.jartool jdk.javadoc jdk.jcmd jdk.management jdk.management.agent jdk.jconsole jdk.jdeps jdk.jdwp.agent jdk.jdi jdk.jfr jdk.jshell jdk.jsobject jdk.jstatd jdk.localedata jdk.management.jfr jdk.naming.dns jdk.naming.rmi jdk.net jdk.nio.mapmode jdk.random jdk.sctp jdk.security.auth jdk.security.jgss jdk.unsupported jdk.unsupported.desktop jdk.xml.dom" 

Environment Variables:
JAVA_HOME=C:\Program Files\Java\jdk-17
PATH=C:\Program Files (x86)\Common Files\Intel\Shared Libraries\redist\intel64\compiler;C:\Program Files\Java\jdk-23\bin;C:\Program Files\Java\jdk-17\bin;C:\Windows\system32;C:\Windows;C:\Windows\System32\Wbem;C:\Windows\System32\WindowsPowerShell\v1.0\;C:\Windows\System32\OpenSSH\;C:\Program Files\Java\jdk-17\bin;C:\Program Files\Common Files\Oracle\Java\javapath;C:\Program Files\Java\jdk-20;C:\Program Files\MySQL\MySQL Server 8.0\bin;C:\Program Files\dotnet\;C:\Program Files\MySQL\MySQL Server 8.0\bin;C:\Program Files\nodejs\;C:\Program Files\apache-maven-3.9.11\bin;C:\Program Files\apache-maven-3.9.11\bin;C:\Program Files\Java\jdk-17\bin;C:\Program Files\Git\cmd;C:\Program Files\MySQL\MySQL Shell 8.0\bin\;C:\Users\haria\AppData\Local\Programs\Python\Launcher\;C:\Users\haria\AppData\Local\Microsoft\WindowsApps;C:\Users\haria\AppData\Local\Programs\Microsoft VS Code\bin;C:\Users\haria\AppData\Roaming\npm;C:\Program Files\Apache\Maven\apache-maven-3.9.9;
USERNAME=haria
OS=Windows_NT
PROCESSOR_IDENTIFIER=Intel64 Family 6 Model 140 Stepping 1, GenuineIntel
TMP=C:\Users\haria\AppData\Local\Temp
TEMP=C:\Users\haria\AppData\Local\Temp




Periodic native trim disabled

---------------  S Y S T E M  ---------------

OS:
 Windows 11 , 64 bit Build 22621 (10.0.22621.5262)
OS uptime: 0 days 0:42 hours

CPU: total 4 (initial active 4) (2 cores per cpu, 2 threads per core) family 6 model 140 stepping 1 microcode 0xa4, cx8, cmov, fxsr, ht, mmx, 3dnowpref, sse, sse2, sse3, ssse3, sse4.1, sse4.2, popcnt, lzcnt, tsc, tscinvbit, avx, avx2, aes, erms, clmul, bmi1, bmi2, adx, avx512f, avx512dq, avx512cd, avx512bw, avx512vl, sha, fma, vzeroupper, avx512_vpopcntdq, avx512_vpclmulqdq, avx512_vaes, avx512_vnni, clflush, clflushopt, clwb, avx512_vbmi2, avx512_vbmi, rdtscp, rdpid, fsrm, gfni, avx512_bitalg, f16c, pku, cet_ibt, cet_ss, avx512_ifma
Processor Information for the first 4 processors :
  Max Mhz: 2995, Current Mhz: 2995, Mhz Limit: 2995

Memory: 4k page, system-wide physical 7886M (339M free)
TotalPageFile size 10886M (AvailPageFile size 0M)
current process WorkingSet (physical memory assigned to process): 180M, peak: 212M
current process commit charge ("private bytes"): 275M, peak: 308M

vm_info: OpenJDK 64-Bit Server VM (21.0.10+7-LTS) for windows-amd64 JRE (21.0.10+7-LTS), built on 2026-01-20T00:00:00Z by "admin" with MS VC++ 17.12 (VS2022)

END.
